/home/killeen/.local/lib/python3.6/site-packages/h5py/__init__.py:36: FutureWarning: Conversion of the second argument of issubdtype from `float` to `np.floating` is deprecated. In future, it will be treated as `np.float64 == np.dtype(float).type`.
  from ._conv import register_converters as _register_converters
INFO:loading train 'data/pets/train_s-0.6_aug-fliph.tfrecord' and test 'data/pets/test.tfrecord'
INFO:Creating unet graph...
INFO:tensorflow:Using config: {'_model_dir': 'models/pets_s-0.6_aug-fliph', '_tf_random_seed': None, '_save_summary_steps': 100, '_save_checkpoints_steps': 50, '_save_checkpoints_secs': None, '_session_config': None, '_keep_checkpoint_max': 5, '_keep_checkpoint_every_n_hours': 10000, '_log_step_count_steps': 5, '_train_distribute': None, '_device_fn': None, '_service': None, '_cluster_spec': <tensorflow.python.training.server_lib.ClusterSpec object at 0x7fe3aea21eb8>, '_task_type': 'worker', '_task_id': 0, '_global_id_in_cluster': 0, '_master': '', '_evaluation_master': '', '_is_chief': True, '_num_ps_replicas': 0, '_num_worker_replicas': 1}
INFO:Using config: {'_model_dir': 'models/pets_s-0.6_aug-fliph', '_tf_random_seed': None, '_save_summary_steps': 100, '_save_checkpoints_steps': 50, '_save_checkpoints_secs': None, '_session_config': None, '_keep_checkpoint_max': 5, '_keep_checkpoint_every_n_hours': 10000, '_log_step_count_steps': 5, '_train_distribute': None, '_device_fn': None, '_service': None, '_cluster_spec': <tensorflow.python.training.server_lib.ClusterSpec object at 0x7fe3aea21eb8>, '_task_type': 'worker', '_task_id': 0, '_global_id_in_cluster': 0, '_master': '', '_evaluation_master': '', '_is_chief': True, '_num_ps_replicas': 0, '_num_worker_replicas': 1}
INFO:tensorflow:Calling model_fn.
INFO:Calling model_fn.
INFO:tensorflow:Done calling model_fn.
INFO:Done calling model_fn.
INFO:tensorflow:Create CheckpointSaverHook.
INFO:Create CheckpointSaverHook.
INFO:tensorflow:Graph was finalized.
INFO:Graph was finalized.
2018-12-14 18:18:13.887488: I tensorflow/core/platform/cpu_feature_guard.cc:141] Your CPU supports instructions that this TensorFlow binary was not compiled to use: AVX2 FMA
2018-12-14 18:18:14.355787: I tensorflow/core/common_runtime/gpu/gpu_device.cc:1392] Found device 0 with properties: 
name: Tesla K80 major: 3 minor: 7 memoryClockRate(GHz): 0.8235
pciBusID: 0000:88:00.0
totalMemory: 11.17GiB freeMemory: 11.10GiB
2018-12-14 18:18:14.355900: I tensorflow/core/common_runtime/gpu/gpu_device.cc:1471] Adding visible gpu devices: 0
2018-12-14 18:18:40.046699: I tensorflow/core/common_runtime/gpu/gpu_device.cc:952] Device interconnect StreamExecutor with strength 1 edge matrix:
2018-12-14 18:18:40.046796: I tensorflow/core/common_runtime/gpu/gpu_device.cc:958]      0 
2018-12-14 18:18:40.046825: I tensorflow/core/common_runtime/gpu/gpu_device.cc:971] 0:   N 
2018-12-14 18:18:40.047680: I tensorflow/core/common_runtime/gpu/gpu_device.cc:1084] Created TensorFlow device (/job:localhost/replica:0/task:0/device:GPU:0 with 10763 MB memory) -> physical GPU (device: 0, name: Tesla K80, pci bus id: 0000:88:00.0, compute capability: 3.7)
INFO:tensorflow:Running local_init_op.
INFO:Running local_init_op.
INFO:tensorflow:Done running local_init_op.
INFO:Done running local_init_op.
INFO:tensorflow:Saving checkpoints for 0 into models/pets_s-0.6_aug-fliph/model.ckpt.
INFO:Saving checkpoints for 0 into models/pets_s-0.6_aug-fliph/model.ckpt.
INFO:tensorflow:loss = 1.4934028, step = 0
INFO:loss = 1.4934028, step = 0
INFO:tensorflow:global_step/sec: 0.408892
INFO:global_step/sec: 0.408892
INFO:tensorflow:loss = 1.1245, step = 5 (12.228 sec)
INFO:loss = 1.1245, step = 5 (12.228 sec)
INFO:tensorflow:global_step/sec: 0.441174
INFO:global_step/sec: 0.441174
INFO:tensorflow:loss = 1.1284345, step = 10 (11.333 sec)
INFO:loss = 1.1284345, step = 10 (11.333 sec)
INFO:tensorflow:global_step/sec: 0.440383
INFO:global_step/sec: 0.440383
INFO:tensorflow:loss = 1.0368737, step = 15 (11.354 sec)
INFO:loss = 1.0368737, step = 15 (11.354 sec)
INFO:tensorflow:global_step/sec: 0.440305
INFO:global_step/sec: 0.440305
INFO:tensorflow:loss = 1.0652232, step = 20 (11.356 sec)
INFO:loss = 1.0652232, step = 20 (11.356 sec)
INFO:tensorflow:global_step/sec: 0.439702
INFO:global_step/sec: 0.439702
INFO:tensorflow:loss = 1.0501769, step = 25 (11.371 sec)
INFO:loss = 1.0501769, step = 25 (11.371 sec)
INFO:tensorflow:global_step/sec: 0.439845
INFO:global_step/sec: 0.439845
INFO:tensorflow:loss = 1.1243623, step = 30 (11.368 sec)
INFO:loss = 1.1243623, step = 30 (11.368 sec)
INFO:tensorflow:global_step/sec: 0.439304
INFO:global_step/sec: 0.439304
INFO:tensorflow:loss = 1.0066696, step = 35 (11.382 sec)
INFO:loss = 1.0066696, step = 35 (11.382 sec)
INFO:tensorflow:global_step/sec: 0.427672
INFO:global_step/sec: 0.427672
INFO:tensorflow:loss = 1.0571089, step = 40 (11.691 sec)
INFO:loss = 1.0571089, step = 40 (11.691 sec)
INFO:tensorflow:global_step/sec: 0.416002
INFO:global_step/sec: 0.416002
INFO:tensorflow:loss = 0.96752304, step = 45 (12.019 sec)
INFO:loss = 0.96752304, step = 45 (12.019 sec)
INFO:tensorflow:Saving checkpoints for 50 into models/pets_s-0.6_aug-fliph/model.ckpt.
INFO:Saving checkpoints for 50 into models/pets_s-0.6_aug-fliph/model.ckpt.
INFO:tensorflow:global_step/sec: 0.384317
INFO:global_step/sec: 0.384317
INFO:tensorflow:loss = 1.0530387, step = 50 (13.010 sec)
INFO:loss = 1.0530387, step = 50 (13.010 sec)
INFO:tensorflow:global_step/sec: 0.408756
INFO:global_step/sec: 0.408756
INFO:tensorflow:loss = 1.0459458, step = 55 (12.232 sec)
INFO:loss = 1.0459458, step = 55 (12.232 sec)
INFO:tensorflow:global_step/sec: 0.411079
INFO:global_step/sec: 0.411079
INFO:tensorflow:loss = 0.9890977, step = 60 (12.163 sec)
INFO:loss = 0.9890977, step = 60 (12.163 sec)
INFO:tensorflow:global_step/sec: 0.413383
INFO:global_step/sec: 0.413383
INFO:tensorflow:loss = 1.0513653, step = 65 (12.095 sec)
INFO:loss = 1.0513653, step = 65 (12.095 sec)
INFO:tensorflow:global_step/sec: 0.417428
INFO:global_step/sec: 0.417428
INFO:tensorflow:loss = 1.1472439, step = 70 (11.978 sec)
INFO:loss = 1.1472439, step = 70 (11.978 sec)
INFO:tensorflow:global_step/sec: 0.414544
INFO:global_step/sec: 0.414544
INFO:tensorflow:loss = 0.9912547, step = 75 (12.062 sec)
INFO:loss = 0.9912547, step = 75 (12.062 sec)
INFO:tensorflow:global_step/sec: 0.416151
INFO:global_step/sec: 0.416151
INFO:tensorflow:loss = 1.0113027, step = 80 (12.015 sec)
INFO:loss = 1.0113027, step = 80 (12.015 sec)
INFO:tensorflow:global_step/sec: 0.416564
INFO:global_step/sec: 0.416564
INFO:tensorflow:loss = 1.0192933, step = 85 (12.003 sec)
INFO:loss = 1.0192933, step = 85 (12.003 sec)
INFO:tensorflow:global_step/sec: 0.408934
INFO:global_step/sec: 0.408934
INFO:tensorflow:loss = 1.0099801, step = 90 (12.227 sec)
INFO:loss = 1.0099801, step = 90 (12.227 sec)
INFO:tensorflow:global_step/sec: 0.409251
INFO:global_step/sec: 0.409251
INFO:tensorflow:loss = 1.0359249, step = 95 (12.217 sec)
INFO:loss = 1.0359249, step = 95 (12.217 sec)
INFO:tensorflow:Saving checkpoints for 100 into models/pets_s-0.6_aug-fliph/model.ckpt.
INFO:Saving checkpoints for 100 into models/pets_s-0.6_aug-fliph/model.ckpt.
INFO:tensorflow:global_step/sec: 0.386858
INFO:global_step/sec: 0.386858
INFO:tensorflow:loss = 1.0652668, step = 100 (12.925 sec)
INFO:loss = 1.0652668, step = 100 (12.925 sec)
INFO:tensorflow:global_step/sec: 0.412454
INFO:global_step/sec: 0.412454
INFO:tensorflow:loss = 1.0351422, step = 105 (12.122 sec)
INFO:loss = 1.0351422, step = 105 (12.122 sec)
INFO:tensorflow:global_step/sec: 0.411581
INFO:global_step/sec: 0.411581
INFO:tensorflow:loss = 0.9607359, step = 110 (12.148 sec)
INFO:loss = 0.9607359, step = 110 (12.148 sec)
INFO:tensorflow:global_step/sec: 0.415315
INFO:global_step/sec: 0.415315
INFO:tensorflow:loss = 1.0063956, step = 115 (12.039 sec)
INFO:loss = 1.0063956, step = 115 (12.039 sec)
INFO:tensorflow:global_step/sec: 0.402526
INFO:global_step/sec: 0.402526
INFO:tensorflow:loss = 0.98081064, step = 120 (12.422 sec)
INFO:loss = 0.98081064, step = 120 (12.422 sec)
INFO:tensorflow:global_step/sec: 0.412422
INFO:global_step/sec: 0.412422
INFO:tensorflow:loss = 0.9825954, step = 125 (12.124 sec)
INFO:loss = 0.9825954, step = 125 (12.124 sec)
INFO:tensorflow:global_step/sec: 0.413155
INFO:global_step/sec: 0.413155
INFO:tensorflow:loss = 1.0332601, step = 130 (12.102 sec)
INFO:loss = 1.0332601, step = 130 (12.102 sec)
INFO:tensorflow:global_step/sec: 0.415974
INFO:global_step/sec: 0.415974
INFO:tensorflow:loss = 1.0381824, step = 135 (12.020 sec)
INFO:loss = 1.0381824, step = 135 (12.020 sec)
INFO:tensorflow:global_step/sec: 0.414476
INFO:global_step/sec: 0.414476
INFO:tensorflow:loss = 0.9987279, step = 140 (12.063 sec)
INFO:loss = 0.9987279, step = 140 (12.063 sec)
INFO:tensorflow:global_step/sec: 0.417779
INFO:global_step/sec: 0.417779
INFO:tensorflow:loss = 0.9429033, step = 145 (11.968 sec)
INFO:loss = 0.9429033, step = 145 (11.968 sec)
INFO:tensorflow:Saving checkpoints for 150 into models/pets_s-0.6_aug-fliph/model.ckpt.
INFO:Saving checkpoints for 150 into models/pets_s-0.6_aug-fliph/model.ckpt.
INFO:tensorflow:global_step/sec: 0.385409
INFO:global_step/sec: 0.385409
INFO:tensorflow:loss = 0.95907235, step = 150 (12.973 sec)
INFO:loss = 0.95907235, step = 150 (12.973 sec)
INFO:tensorflow:global_step/sec: 0.417735
INFO:global_step/sec: 0.417735
INFO:tensorflow:loss = 0.9301759, step = 155 (11.970 sec)
INFO:loss = 0.9301759, step = 155 (11.970 sec)
INFO:tensorflow:global_step/sec: 0.411288
INFO:global_step/sec: 0.411288
INFO:tensorflow:loss = 1.0083541, step = 160 (12.157 sec)
INFO:loss = 1.0083541, step = 160 (12.157 sec)
INFO:tensorflow:global_step/sec: 0.41695
INFO:global_step/sec: 0.41695
INFO:tensorflow:loss = 1.0213196, step = 165 (11.992 sec)
INFO:loss = 1.0213196, step = 165 (11.992 sec)
INFO:tensorflow:global_step/sec: 0.413083
INFO:global_step/sec: 0.413083
INFO:tensorflow:loss = 0.9734413, step = 170 (12.104 sec)
INFO:loss = 0.9734413, step = 170 (12.104 sec)
INFO:tensorflow:global_step/sec: 0.41461
INFO:global_step/sec: 0.41461
INFO:tensorflow:loss = 0.9383779, step = 175 (12.060 sec)
INFO:loss = 0.9383779, step = 175 (12.060 sec)
INFO:tensorflow:global_step/sec: 0.414921
INFO:global_step/sec: 0.414921
INFO:tensorflow:loss = 0.98668474, step = 180 (12.050 sec)
INFO:loss = 0.98668474, step = 180 (12.050 sec)
INFO:tensorflow:global_step/sec: 0.405719
INFO:global_step/sec: 0.405719
INFO:tensorflow:loss = 0.91601956, step = 185 (12.324 sec)
INFO:loss = 0.91601956, step = 185 (12.324 sec)
INFO:tensorflow:global_step/sec: 0.413106
INFO:global_step/sec: 0.413106
INFO:tensorflow:loss = 0.90891474, step = 190 (12.103 sec)
INFO:loss = 0.90891474, step = 190 (12.103 sec)
INFO:tensorflow:global_step/sec: 0.411646
INFO:global_step/sec: 0.411646
INFO:tensorflow:loss = 0.90529764, step = 195 (12.146 sec)
INFO:loss = 0.90529764, step = 195 (12.146 sec)
INFO:tensorflow:Saving checkpoints for 200 into models/pets_s-0.6_aug-fliph/model.ckpt.
INFO:Saving checkpoints for 200 into models/pets_s-0.6_aug-fliph/model.ckpt.
INFO:tensorflow:global_step/sec: 0.382372
INFO:global_step/sec: 0.382372
INFO:tensorflow:loss = 0.9612236, step = 200 (13.077 sec)
INFO:loss = 0.9612236, step = 200 (13.077 sec)
INFO:tensorflow:global_step/sec: 0.411791
INFO:global_step/sec: 0.411791
INFO:tensorflow:loss = 0.8918785, step = 205 (12.142 sec)
INFO:loss = 0.8918785, step = 205 (12.142 sec)
INFO:tensorflow:global_step/sec: 0.410096
INFO:global_step/sec: 0.410096
INFO:tensorflow:loss = 0.9172276, step = 210 (12.192 sec)
INFO:loss = 0.9172276, step = 210 (12.192 sec)
INFO:tensorflow:global_step/sec: 0.410977
INFO:global_step/sec: 0.410977
INFO:tensorflow:loss = 0.96094114, step = 215 (12.166 sec)
INFO:loss = 0.96094114, step = 215 (12.166 sec)
INFO:tensorflow:global_step/sec: 0.4111
INFO:global_step/sec: 0.4111
INFO:tensorflow:loss = 1.0711495, step = 220 (12.162 sec)
INFO:loss = 1.0711495, step = 220 (12.162 sec)
INFO:tensorflow:global_step/sec: 0.411428
INFO:global_step/sec: 0.411428
INFO:tensorflow:loss = 0.94601494, step = 225 (12.153 sec)
INFO:loss = 0.94601494, step = 225 (12.153 sec)
INFO:tensorflow:global_step/sec: 0.413592
INFO:global_step/sec: 0.413592
INFO:tensorflow:loss = 0.9627547, step = 230 (12.089 sec)
INFO:loss = 0.9627547, step = 230 (12.089 sec)
INFO:tensorflow:global_step/sec: 0.41061
INFO:global_step/sec: 0.41061
INFO:tensorflow:loss = 0.8792242, step = 235 (12.177 sec)
INFO:loss = 0.8792242, step = 235 (12.177 sec)
INFO:tensorflow:global_step/sec: 0.409246
INFO:global_step/sec: 0.409246
INFO:tensorflow:loss = 0.929897, step = 240 (12.218 sec)
INFO:loss = 0.929897, step = 240 (12.218 sec)
INFO:tensorflow:global_step/sec: 0.405579
INFO:global_step/sec: 0.405579
INFO:tensorflow:loss = 0.92911416, step = 245 (12.328 sec)
INFO:loss = 0.92911416, step = 245 (12.328 sec)
INFO:tensorflow:Saving checkpoints for 250 into models/pets_s-0.6_aug-fliph/model.ckpt.
INFO:Saving checkpoints for 250 into models/pets_s-0.6_aug-fliph/model.ckpt.
INFO:tensorflow:global_step/sec: 0.386791
INFO:global_step/sec: 0.386791
INFO:tensorflow:loss = 0.933045, step = 250 (12.927 sec)
INFO:loss = 0.933045, step = 250 (12.927 sec)
INFO:tensorflow:global_step/sec: 0.402013
INFO:global_step/sec: 0.402013
INFO:tensorflow:loss = 0.92056125, step = 255 (12.437 sec)
INFO:loss = 0.92056125, step = 255 (12.437 sec)
INFO:tensorflow:global_step/sec: 0.410921
INFO:global_step/sec: 0.410921
INFO:tensorflow:loss = 0.9453432, step = 260 (12.168 sec)
INFO:loss = 0.9453432, step = 260 (12.168 sec)
INFO:tensorflow:global_step/sec: 0.40977
INFO:global_step/sec: 0.40977
INFO:tensorflow:loss = 0.8715246, step = 265 (12.202 sec)
INFO:loss = 0.8715246, step = 265 (12.202 sec)
INFO:tensorflow:global_step/sec: 0.411762
INFO:global_step/sec: 0.411762
INFO:tensorflow:loss = 0.8510471, step = 270 (12.143 sec)
INFO:loss = 0.8510471, step = 270 (12.143 sec)
INFO:tensorflow:global_step/sec: 0.408154
INFO:global_step/sec: 0.408154
INFO:tensorflow:loss = 0.9149817, step = 275 (12.250 sec)
INFO:loss = 0.9149817, step = 275 (12.250 sec)
INFO:tensorflow:global_step/sec: 0.407583
INFO:global_step/sec: 0.407583
INFO:tensorflow:loss = 0.88917494, step = 280 (12.267 sec)
INFO:loss = 0.88917494, step = 280 (12.267 sec)
INFO:tensorflow:global_step/sec: 0.411887
INFO:global_step/sec: 0.411887
INFO:tensorflow:loss = 0.83736277, step = 285 (12.139 sec)
INFO:loss = 0.83736277, step = 285 (12.139 sec)
INFO:tensorflow:global_step/sec: 0.406611
INFO:global_step/sec: 0.406611
INFO:tensorflow:loss = 0.88251245, step = 290 (12.297 sec)
INFO:loss = 0.88251245, step = 290 (12.297 sec)
INFO:tensorflow:global_step/sec: 0.409765
INFO:global_step/sec: 0.409765
INFO:tensorflow:loss = 0.839888, step = 295 (12.202 sec)
INFO:loss = 0.839888, step = 295 (12.202 sec)
INFO:tensorflow:Saving checkpoints for 300 into models/pets_s-0.6_aug-fliph/model.ckpt.
INFO:Saving checkpoints for 300 into models/pets_s-0.6_aug-fliph/model.ckpt.
INFO:tensorflow:global_step/sec: 0.37996
INFO:global_step/sec: 0.37996
INFO:tensorflow:loss = 0.8411341, step = 300 (13.159 sec)
INFO:loss = 0.8411341, step = 300 (13.159 sec)
INFO:tensorflow:global_step/sec: 0.404436
INFO:global_step/sec: 0.404436
INFO:tensorflow:loss = 0.8975492, step = 305 (12.362 sec)
INFO:loss = 0.8975492, step = 305 (12.362 sec)
INFO:tensorflow:global_step/sec: 0.408773
INFO:global_step/sec: 0.408773
INFO:tensorflow:loss = 0.84117687, step = 310 (12.232 sec)
INFO:loss = 0.84117687, step = 310 (12.232 sec)
INFO:tensorflow:global_step/sec: 0.409374
INFO:global_step/sec: 0.409374
INFO:tensorflow:loss = 0.8320299, step = 315 (12.214 sec)
INFO:loss = 0.8320299, step = 315 (12.214 sec)
INFO:tensorflow:global_step/sec: 0.401299
INFO:global_step/sec: 0.401299
INFO:tensorflow:loss = 0.8848204, step = 320 (12.460 sec)
INFO:loss = 0.8848204, step = 320 (12.460 sec)
INFO:tensorflow:global_step/sec: 0.407272
INFO:global_step/sec: 0.407272
INFO:tensorflow:loss = 0.9118784, step = 325 (12.277 sec)
INFO:loss = 0.9118784, step = 325 (12.277 sec)
INFO:tensorflow:global_step/sec: 0.401215
INFO:global_step/sec: 0.401215
INFO:tensorflow:loss = 0.8697452, step = 330 (12.462 sec)
INFO:loss = 0.8697452, step = 330 (12.462 sec)
INFO:tensorflow:global_step/sec: 0.403133
INFO:global_step/sec: 0.403133
INFO:tensorflow:loss = 0.8116779, step = 335 (12.403 sec)
INFO:loss = 0.8116779, step = 335 (12.403 sec)
INFO:tensorflow:global_step/sec: 0.405862
INFO:global_step/sec: 0.405862
INFO:tensorflow:loss = 0.8193331, step = 340 (12.319 sec)
INFO:loss = 0.8193331, step = 340 (12.319 sec)
INFO:tensorflow:global_step/sec: 0.410076
INFO:global_step/sec: 0.410076
INFO:tensorflow:loss = 0.9142818, step = 345 (12.193 sec)
INFO:loss = 0.9142818, step = 345 (12.193 sec)
INFO:tensorflow:Saving checkpoints for 350 into models/pets_s-0.6_aug-fliph/model.ckpt.
INFO:Saving checkpoints for 350 into models/pets_s-0.6_aug-fliph/model.ckpt.
INFO:tensorflow:global_step/sec: 0.372972
INFO:global_step/sec: 0.372972
INFO:tensorflow:loss = 0.78047097, step = 350 (13.406 sec)
INFO:loss = 0.78047097, step = 350 (13.406 sec)
INFO:tensorflow:global_step/sec: 0.406744
INFO:global_step/sec: 0.406744
INFO:tensorflow:loss = 0.83766335, step = 355 (12.293 sec)
INFO:loss = 0.83766335, step = 355 (12.293 sec)
INFO:tensorflow:global_step/sec: 0.40991
INFO:global_step/sec: 0.40991
INFO:tensorflow:loss = 0.9117956, step = 360 (12.198 sec)
INFO:loss = 0.9117956, step = 360 (12.198 sec)
INFO:tensorflow:global_step/sec: 0.401916
INFO:global_step/sec: 0.401916
INFO:tensorflow:loss = 0.8624268, step = 365 (12.440 sec)
INFO:loss = 0.8624268, step = 365 (12.440 sec)
INFO:tensorflow:global_step/sec: 0.388221
INFO:global_step/sec: 0.388221
INFO:tensorflow:loss = 0.85555506, step = 370 (12.879 sec)
INFO:loss = 0.85555506, step = 370 (12.879 sec)
INFO:tensorflow:global_step/sec: 0.402726
INFO:global_step/sec: 0.402726
INFO:tensorflow:loss = 0.84844744, step = 375 (12.416 sec)
INFO:loss = 0.84844744, step = 375 (12.416 sec)
INFO:tensorflow:global_step/sec: 0.403023
INFO:global_step/sec: 0.403023
INFO:tensorflow:loss = 0.8552816, step = 380 (12.406 sec)
INFO:loss = 0.8552816, step = 380 (12.406 sec)
INFO:tensorflow:global_step/sec: 0.402123
INFO:global_step/sec: 0.402123
INFO:tensorflow:loss = 0.8622581, step = 385 (12.434 sec)
INFO:loss = 0.8622581, step = 385 (12.434 sec)
INFO:tensorflow:global_step/sec: 0.406942
INFO:global_step/sec: 0.406942
INFO:tensorflow:loss = 0.91509885, step = 390 (12.287 sec)
INFO:loss = 0.91509885, step = 390 (12.287 sec)
INFO:tensorflow:global_step/sec: 0.404181
INFO:global_step/sec: 0.404181
INFO:tensorflow:loss = 1.0054443, step = 395 (12.371 sec)
INFO:loss = 1.0054443, step = 395 (12.371 sec)
INFO:tensorflow:Saving checkpoints for 400 into models/pets_s-0.6_aug-fliph/model.ckpt.
INFO:Saving checkpoints for 400 into models/pets_s-0.6_aug-fliph/model.ckpt.
INFO:tensorflow:global_step/sec: 0.364071
INFO:global_step/sec: 0.364071
INFO:tensorflow:loss = 0.8340122, step = 400 (13.734 sec)
INFO:loss = 0.8340122, step = 400 (13.734 sec)
INFO:tensorflow:global_step/sec: 0.407203
INFO:global_step/sec: 0.407203
INFO:tensorflow:loss = 0.80209976, step = 405 (12.279 sec)
INFO:loss = 0.80209976, step = 405 (12.279 sec)
INFO:tensorflow:global_step/sec: 0.407279
INFO:global_step/sec: 0.407279
INFO:tensorflow:loss = 0.7736137, step = 410 (12.276 sec)
INFO:loss = 0.7736137, step = 410 (12.276 sec)
INFO:tensorflow:global_step/sec: 0.403675
INFO:global_step/sec: 0.403675
INFO:tensorflow:loss = 0.7900668, step = 415 (12.386 sec)
INFO:loss = 0.7900668, step = 415 (12.386 sec)
INFO:tensorflow:global_step/sec: 0.410644
INFO:global_step/sec: 0.410644
INFO:tensorflow:loss = 0.9315914, step = 420 (12.176 sec)
INFO:loss = 0.9315914, step = 420 (12.176 sec)
INFO:tensorflow:global_step/sec: 0.416572
INFO:global_step/sec: 0.416572
INFO:tensorflow:loss = 0.8569888, step = 425 (12.003 sec)
INFO:loss = 0.8569888, step = 425 (12.003 sec)
INFO:tensorflow:global_step/sec: 0.414078
INFO:global_step/sec: 0.414078
INFO:tensorflow:loss = 0.753805, step = 430 (12.075 sec)
INFO:loss = 0.753805, step = 430 (12.075 sec)
INFO:tensorflow:global_step/sec: 0.406062
INFO:global_step/sec: 0.406062
INFO:tensorflow:loss = 0.7233493, step = 435 (12.314 sec)
INFO:loss = 0.7233493, step = 435 (12.314 sec)
INFO:tensorflow:global_step/sec: 0.411886
INFO:global_step/sec: 0.411886
INFO:tensorflow:loss = 0.8916278, step = 440 (12.139 sec)
INFO:loss = 0.8916278, step = 440 (12.139 sec)
INFO:tensorflow:global_step/sec: 0.413149
INFO:global_step/sec: 0.413149
INFO:tensorflow:loss = 0.77449065, step = 445 (12.102 sec)
INFO:loss = 0.77449065, step = 445 (12.102 sec)
INFO:tensorflow:Saving checkpoints for 450 into models/pets_s-0.6_aug-fliph/model.ckpt.
INFO:Saving checkpoints for 450 into models/pets_s-0.6_aug-fliph/model.ckpt.
INFO:tensorflow:global_step/sec: 0.383047
INFO:global_step/sec: 0.383047
INFO:tensorflow:loss = 0.8159346, step = 450 (13.053 sec)
INFO:loss = 0.8159346, step = 450 (13.053 sec)
INFO:tensorflow:global_step/sec: 0.412715
INFO:global_step/sec: 0.412715
INFO:tensorflow:loss = 0.7423677, step = 455 (12.115 sec)
INFO:loss = 0.7423677, step = 455 (12.115 sec)
INFO:tensorflow:global_step/sec: 0.408483
INFO:global_step/sec: 0.408483
INFO:tensorflow:loss = 0.8770359, step = 460 (12.241 sec)
INFO:loss = 0.8770359, step = 460 (12.241 sec)
INFO:tensorflow:global_step/sec: 0.404259
INFO:global_step/sec: 0.404259
INFO:tensorflow:loss = 0.77589256, step = 465 (12.368 sec)
INFO:loss = 0.77589256, step = 465 (12.368 sec)
INFO:tensorflow:global_step/sec: 0.413261
INFO:global_step/sec: 0.413261
INFO:tensorflow:loss = 0.76948416, step = 470 (12.099 sec)
INFO:loss = 0.76948416, step = 470 (12.099 sec)
INFO:tensorflow:global_step/sec: 0.413887
INFO:global_step/sec: 0.413887
INFO:tensorflow:loss = 0.7731478, step = 475 (12.081 sec)
INFO:loss = 0.7731478, step = 475 (12.081 sec)
INFO:tensorflow:global_step/sec: 0.414459
INFO:global_step/sec: 0.414459
INFO:tensorflow:loss = 0.7120027, step = 480 (12.064 sec)
INFO:loss = 0.7120027, step = 480 (12.064 sec)
INFO:tensorflow:global_step/sec: 0.413646
INFO:global_step/sec: 0.413646
INFO:tensorflow:loss = 0.82735115, step = 485 (12.088 sec)
INFO:loss = 0.82735115, step = 485 (12.088 sec)
INFO:tensorflow:global_step/sec: 0.414781
INFO:global_step/sec: 0.414781
INFO:tensorflow:loss = 0.8546745, step = 490 (12.055 sec)
INFO:loss = 0.8546745, step = 490 (12.055 sec)
INFO:tensorflow:global_step/sec: 0.412392
INFO:global_step/sec: 0.412392
INFO:tensorflow:loss = 0.7685348, step = 495 (12.124 sec)
INFO:loss = 0.7685348, step = 495 (12.124 sec)
INFO:tensorflow:Saving checkpoints for 500 into models/pets_s-0.6_aug-fliph/model.ckpt.
INFO:Saving checkpoints for 500 into models/pets_s-0.6_aug-fliph/model.ckpt.
INFO:tensorflow:global_step/sec: 0.383425
INFO:global_step/sec: 0.383425
INFO:tensorflow:loss = 0.85745806, step = 500 (13.041 sec)
INFO:loss = 0.85745806, step = 500 (13.041 sec)
INFO:tensorflow:global_step/sec: 0.415124
INFO:global_step/sec: 0.415124
INFO:tensorflow:loss = 0.74946135, step = 505 (12.044 sec)
INFO:loss = 0.74946135, step = 505 (12.044 sec)
INFO:tensorflow:global_step/sec: 0.414057
INFO:global_step/sec: 0.414057
INFO:tensorflow:loss = 0.7027675, step = 510 (12.076 sec)
INFO:loss = 0.7027675, step = 510 (12.076 sec)
INFO:tensorflow:global_step/sec: 0.414052
INFO:global_step/sec: 0.414052
INFO:tensorflow:loss = 0.8439098, step = 515 (12.076 sec)
INFO:loss = 0.8439098, step = 515 (12.076 sec)
INFO:tensorflow:global_step/sec: 0.413072
INFO:global_step/sec: 0.413072
INFO:tensorflow:loss = 0.6744745, step = 520 (12.105 sec)
INFO:loss = 0.6744745, step = 520 (12.105 sec)
INFO:tensorflow:global_step/sec: 0.413648
INFO:global_step/sec: 0.413648
INFO:tensorflow:loss = 1.0449098, step = 525 (12.087 sec)
INFO:loss = 1.0449098, step = 525 (12.087 sec)
INFO:tensorflow:global_step/sec: 0.410502
INFO:global_step/sec: 0.410502
INFO:tensorflow:loss = 0.70474833, step = 530 (12.180 sec)
INFO:loss = 0.70474833, step = 530 (12.180 sec)
INFO:tensorflow:global_step/sec: 0.407705
INFO:global_step/sec: 0.407705
INFO:tensorflow:loss = 0.7500503, step = 535 (12.264 sec)
INFO:loss = 0.7500503, step = 535 (12.264 sec)
INFO:tensorflow:global_step/sec: 0.416501
INFO:global_step/sec: 0.416501
INFO:tensorflow:loss = 0.94619375, step = 540 (12.005 sec)
INFO:loss = 0.94619375, step = 540 (12.005 sec)
INFO:tensorflow:global_step/sec: 0.396682
INFO:global_step/sec: 0.396682
INFO:tensorflow:loss = 0.7679982, step = 545 (12.605 sec)
INFO:loss = 0.7679982, step = 545 (12.605 sec)
INFO:tensorflow:Saving checkpoints for 550 into models/pets_s-0.6_aug-fliph/model.ckpt.
INFO:Saving checkpoints for 550 into models/pets_s-0.6_aug-fliph/model.ckpt.
INFO:tensorflow:global_step/sec: 0.380591
INFO:global_step/sec: 0.380591
INFO:tensorflow:loss = 0.9334446, step = 550 (13.137 sec)
INFO:loss = 0.9334446, step = 550 (13.137 sec)
INFO:tensorflow:global_step/sec: 0.413601
INFO:global_step/sec: 0.413601
INFO:tensorflow:loss = 0.8267527, step = 555 (12.089 sec)
INFO:loss = 0.8267527, step = 555 (12.089 sec)
INFO:tensorflow:global_step/sec: 0.41517
INFO:global_step/sec: 0.41517
INFO:tensorflow:loss = 0.8618572, step = 560 (12.043 sec)
INFO:loss = 0.8618572, step = 560 (12.043 sec)
INFO:tensorflow:global_step/sec: 0.416565
INFO:global_step/sec: 0.416565
INFO:tensorflow:loss = 0.76808244, step = 565 (12.003 sec)
INFO:loss = 0.76808244, step = 565 (12.003 sec)
INFO:tensorflow:global_step/sec: 0.413485
INFO:global_step/sec: 0.413485
INFO:tensorflow:loss = 0.82231575, step = 570 (12.092 sec)
INFO:loss = 0.82231575, step = 570 (12.092 sec)
INFO:tensorflow:global_step/sec: 0.417342
INFO:global_step/sec: 0.417342
INFO:tensorflow:loss = 0.67410374, step = 575 (11.981 sec)
INFO:loss = 0.67410374, step = 575 (11.981 sec)
INFO:tensorflow:global_step/sec: 0.415028
INFO:global_step/sec: 0.415028
INFO:tensorflow:loss = 0.76540405, step = 580 (12.047 sec)
INFO:loss = 0.76540405, step = 580 (12.047 sec)
INFO:tensorflow:global_step/sec: 0.41681
INFO:global_step/sec: 0.41681
INFO:tensorflow:loss = 0.7121555, step = 585 (11.996 sec)
INFO:loss = 0.7121555, step = 585 (11.996 sec)
INFO:tensorflow:global_step/sec: 0.411677
INFO:global_step/sec: 0.411677
INFO:tensorflow:loss = 0.8970125, step = 590 (12.145 sec)
INFO:loss = 0.8970125, step = 590 (12.145 sec)
INFO:tensorflow:global_step/sec: 0.410285
INFO:global_step/sec: 0.410285
INFO:tensorflow:loss = 0.6840234, step = 595 (12.187 sec)
INFO:loss = 0.6840234, step = 595 (12.187 sec)
INFO:tensorflow:Saving checkpoints for 600 into models/pets_s-0.6_aug-fliph/model.ckpt.
INFO:Saving checkpoints for 600 into models/pets_s-0.6_aug-fliph/model.ckpt.
INFO:tensorflow:global_step/sec: 0.386743
INFO:global_step/sec: 0.386743
INFO:tensorflow:loss = 0.6982572, step = 600 (12.929 sec)
INFO:loss = 0.6982572, step = 600 (12.929 sec)
INFO:tensorflow:global_step/sec: 0.412492
INFO:global_step/sec: 0.412492
INFO:tensorflow:loss = 0.6429226, step = 605 (12.121 sec)
INFO:loss = 0.6429226, step = 605 (12.121 sec)
INFO:tensorflow:global_step/sec: 0.410533
INFO:global_step/sec: 0.410533
INFO:tensorflow:loss = 0.7736109, step = 610 (12.179 sec)
INFO:loss = 0.7736109, step = 610 (12.179 sec)
INFO:tensorflow:global_step/sec: 0.415118
INFO:global_step/sec: 0.415118
INFO:tensorflow:loss = 0.67094576, step = 615 (12.045 sec)
INFO:loss = 0.67094576, step = 615 (12.045 sec)
INFO:tensorflow:global_step/sec: 0.415976
INFO:global_step/sec: 0.415976
INFO:tensorflow:loss = 0.75783145, step = 620 (12.020 sec)
INFO:loss = 0.75783145, step = 620 (12.020 sec)
INFO:tensorflow:global_step/sec: 0.41264
INFO:global_step/sec: 0.41264
INFO:tensorflow:loss = 0.66057616, step = 625 (12.117 sec)
INFO:loss = 0.66057616, step = 625 (12.117 sec)
INFO:tensorflow:global_step/sec: 0.417179
INFO:global_step/sec: 0.417179
INFO:tensorflow:loss = 0.7077739, step = 630 (11.986 sec)
INFO:loss = 0.7077739, step = 630 (11.986 sec)
INFO:tensorflow:global_step/sec: 0.418069
INFO:global_step/sec: 0.418069
INFO:tensorflow:loss = 0.7038601, step = 635 (11.959 sec)
INFO:loss = 0.7038601, step = 635 (11.959 sec)
INFO:tensorflow:global_step/sec: 0.416791
INFO:global_step/sec: 0.416791
INFO:tensorflow:loss = 0.8245986, step = 640 (11.996 sec)
INFO:loss = 0.8245986, step = 640 (11.996 sec)
INFO:tensorflow:global_step/sec: 0.418036
INFO:global_step/sec: 0.418036
INFO:tensorflow:loss = 0.82699525, step = 645 (11.961 sec)
INFO:loss = 0.82699525, step = 645 (11.961 sec)
INFO:tensorflow:Saving checkpoints for 650 into models/pets_s-0.6_aug-fliph/model.ckpt.
INFO:Saving checkpoints for 650 into models/pets_s-0.6_aug-fliph/model.ckpt.
INFO:tensorflow:global_step/sec: 0.389429
INFO:global_step/sec: 0.389429
INFO:tensorflow:loss = 0.7128607, step = 650 (12.839 sec)
INFO:loss = 0.7128607, step = 650 (12.839 sec)
INFO:tensorflow:global_step/sec: 0.414828
INFO:global_step/sec: 0.414828
INFO:tensorflow:loss = 0.73479253, step = 655 (12.053 sec)
INFO:loss = 0.73479253, step = 655 (12.053 sec)
INFO:tensorflow:global_step/sec: 0.414661
INFO:global_step/sec: 0.414661
INFO:tensorflow:loss = 0.84057367, step = 660 (12.058 sec)
INFO:loss = 0.84057367, step = 660 (12.058 sec)
INFO:tensorflow:global_step/sec: 0.413338
INFO:global_step/sec: 0.413338
INFO:tensorflow:loss = 0.87266755, step = 665 (12.097 sec)
INFO:loss = 0.87266755, step = 665 (12.097 sec)
INFO:tensorflow:global_step/sec: 0.414961
INFO:global_step/sec: 0.414961
INFO:tensorflow:loss = 0.7068086, step = 670 (12.049 sec)
INFO:loss = 0.7068086, step = 670 (12.049 sec)
INFO:tensorflow:global_step/sec: 0.41502
INFO:global_step/sec: 0.41502
INFO:tensorflow:loss = 0.6681976, step = 675 (12.048 sec)
INFO:loss = 0.6681976, step = 675 (12.048 sec)
INFO:tensorflow:global_step/sec: 0.411359
INFO:global_step/sec: 0.411359
INFO:tensorflow:loss = 0.72822076, step = 680 (12.155 sec)
INFO:loss = 0.72822076, step = 680 (12.155 sec)
INFO:tensorflow:global_step/sec: 0.412753
INFO:global_step/sec: 0.412753
INFO:tensorflow:loss = 0.6680598, step = 685 (12.114 sec)
INFO:loss = 0.6680598, step = 685 (12.114 sec)
INFO:tensorflow:global_step/sec: 0.408378
INFO:global_step/sec: 0.408378
INFO:tensorflow:loss = 0.7347919, step = 690 (12.243 sec)
INFO:loss = 0.7347919, step = 690 (12.243 sec)
INFO:tensorflow:global_step/sec: 0.399065
INFO:global_step/sec: 0.399065
INFO:tensorflow:loss = 0.6073515, step = 695 (12.529 sec)
INFO:loss = 0.6073515, step = 695 (12.529 sec)
INFO:tensorflow:Saving checkpoints for 700 into models/pets_s-0.6_aug-fliph/model.ckpt.
INFO:Saving checkpoints for 700 into models/pets_s-0.6_aug-fliph/model.ckpt.
INFO:tensorflow:global_step/sec: 0.384996
INFO:global_step/sec: 0.384996
INFO:tensorflow:loss = 0.6921706, step = 700 (12.988 sec)
INFO:loss = 0.6921706, step = 700 (12.988 sec)
INFO:tensorflow:global_step/sec: 0.415285
INFO:global_step/sec: 0.415285
INFO:tensorflow:loss = 0.72112507, step = 705 (12.040 sec)
INFO:loss = 0.72112507, step = 705 (12.040 sec)
INFO:tensorflow:global_step/sec: 0.415285
INFO:global_step/sec: 0.415285
INFO:tensorflow:loss = 0.778665, step = 710 (12.040 sec)
INFO:loss = 0.778665, step = 710 (12.040 sec)
INFO:tensorflow:global_step/sec: 0.414133
INFO:global_step/sec: 0.414133
INFO:tensorflow:loss = 0.7253958, step = 715 (12.074 sec)
INFO:loss = 0.7253958, step = 715 (12.074 sec)
INFO:tensorflow:global_step/sec: 0.411645
INFO:global_step/sec: 0.411645
INFO:tensorflow:loss = 0.6307165, step = 720 (12.146 sec)
INFO:loss = 0.6307165, step = 720 (12.146 sec)
INFO:tensorflow:global_step/sec: 0.414265
INFO:global_step/sec: 0.414265
INFO:tensorflow:loss = 0.7165623, step = 725 (12.070 sec)
INFO:loss = 0.7165623, step = 725 (12.070 sec)
INFO:tensorflow:global_step/sec: 0.413467
INFO:global_step/sec: 0.413467
INFO:tensorflow:loss = 0.76596993, step = 730 (12.093 sec)
INFO:loss = 0.76596993, step = 730 (12.093 sec)
INFO:tensorflow:global_step/sec: 0.409359
INFO:global_step/sec: 0.409359
INFO:tensorflow:loss = 0.7774977, step = 735 (12.214 sec)
INFO:loss = 0.7774977, step = 735 (12.214 sec)
INFO:tensorflow:global_step/sec: 0.412601
INFO:global_step/sec: 0.412601
INFO:tensorflow:loss = 0.6304891, step = 740 (12.118 sec)
INFO:loss = 0.6304891, step = 740 (12.118 sec)
INFO:tensorflow:global_step/sec: 0.412859
INFO:global_step/sec: 0.412859
INFO:tensorflow:loss = 0.70317775, step = 745 (12.111 sec)
INFO:loss = 0.70317775, step = 745 (12.111 sec)
INFO:tensorflow:Saving checkpoints for 750 into models/pets_s-0.6_aug-fliph/model.ckpt.
INFO:Saving checkpoints for 750 into models/pets_s-0.6_aug-fliph/model.ckpt.
INFO:tensorflow:global_step/sec: 0.382827
INFO:global_step/sec: 0.382827
INFO:tensorflow:loss = 0.92778224, step = 750 (13.061 sec)
INFO:loss = 0.92778224, step = 750 (13.061 sec)
INFO:tensorflow:global_step/sec: 0.409928
INFO:global_step/sec: 0.409928
INFO:tensorflow:loss = 0.7023488, step = 755 (12.197 sec)
INFO:loss = 0.7023488, step = 755 (12.197 sec)
INFO:tensorflow:global_step/sec: 0.406415
INFO:global_step/sec: 0.406415
INFO:tensorflow:loss = 0.5831481, step = 760 (12.303 sec)
INFO:loss = 0.5831481, step = 760 (12.303 sec)
INFO:tensorflow:global_step/sec: 0.415792
INFO:global_step/sec: 0.415792
INFO:tensorflow:loss = 0.89942735, step = 765 (12.025 sec)
INFO:loss = 0.89942735, step = 765 (12.025 sec)
INFO:tensorflow:global_step/sec: 0.410705
INFO:global_step/sec: 0.410705
INFO:tensorflow:loss = 0.6515696, step = 770 (12.174 sec)
INFO:loss = 0.6515696, step = 770 (12.174 sec)
INFO:tensorflow:global_step/sec: 0.415678
INFO:global_step/sec: 0.415678
INFO:tensorflow:loss = 0.76826894, step = 775 (12.028 sec)
INFO:loss = 0.76826894, step = 775 (12.028 sec)
INFO:tensorflow:global_step/sec: 0.415836
INFO:global_step/sec: 0.415836
INFO:tensorflow:loss = 0.65315807, step = 780 (12.024 sec)
INFO:loss = 0.65315807, step = 780 (12.024 sec)
INFO:tensorflow:global_step/sec: 0.413894
INFO:global_step/sec: 0.413894
INFO:tensorflow:loss = 0.65592605, step = 785 (12.080 sec)
INFO:loss = 0.65592605, step = 785 (12.080 sec)
INFO:tensorflow:global_step/sec: 0.412797
INFO:global_step/sec: 0.412797
INFO:tensorflow:loss = 0.5793756, step = 790 (12.112 sec)
INFO:loss = 0.5793756, step = 790 (12.112 sec)
INFO:tensorflow:global_step/sec: 0.412124
INFO:global_step/sec: 0.412124
INFO:tensorflow:loss = 0.65201694, step = 795 (12.133 sec)
INFO:loss = 0.65201694, step = 795 (12.133 sec)
INFO:tensorflow:Saving checkpoints for 800 into models/pets_s-0.6_aug-fliph/model.ckpt.
INFO:Saving checkpoints for 800 into models/pets_s-0.6_aug-fliph/model.ckpt.
INFO:tensorflow:global_step/sec: 0.38382
INFO:global_step/sec: 0.38382
INFO:tensorflow:loss = 0.5823208, step = 800 (13.027 sec)
INFO:loss = 0.5823208, step = 800 (13.027 sec)
INFO:tensorflow:global_step/sec: 0.414471
INFO:global_step/sec: 0.414471
INFO:tensorflow:loss = 0.8229717, step = 805 (12.063 sec)
INFO:loss = 0.8229717, step = 805 (12.063 sec)
INFO:tensorflow:global_step/sec: 0.414958
INFO:global_step/sec: 0.414958
INFO:tensorflow:loss = 0.6669744, step = 810 (12.049 sec)
INFO:loss = 0.6669744, step = 810 (12.049 sec)
INFO:tensorflow:global_step/sec: 0.411827
INFO:global_step/sec: 0.411827
INFO:tensorflow:loss = 0.7918854, step = 815 (12.141 sec)
INFO:loss = 0.7918854, step = 815 (12.141 sec)
INFO:tensorflow:global_step/sec: 0.41246
INFO:global_step/sec: 0.41246
INFO:tensorflow:loss = 0.736657, step = 820 (12.122 sec)
INFO:loss = 0.736657, step = 820 (12.122 sec)
INFO:tensorflow:global_step/sec: 0.41049
INFO:global_step/sec: 0.41049
INFO:tensorflow:loss = 0.644286, step = 825 (12.181 sec)
INFO:loss = 0.644286, step = 825 (12.181 sec)
INFO:tensorflow:global_step/sec: 0.409873
INFO:global_step/sec: 0.409873
INFO:tensorflow:loss = 0.596704, step = 830 (12.199 sec)
INFO:loss = 0.596704, step = 830 (12.199 sec)
INFO:tensorflow:global_step/sec: 0.409832
INFO:global_step/sec: 0.409832
INFO:tensorflow:loss = 0.67800844, step = 835 (12.200 sec)
INFO:loss = 0.67800844, step = 835 (12.200 sec)
INFO:tensorflow:global_step/sec: 0.411928
INFO:global_step/sec: 0.411928
INFO:tensorflow:loss = 0.69987035, step = 840 (12.138 sec)
INFO:loss = 0.69987035, step = 840 (12.138 sec)
INFO:tensorflow:global_step/sec: 0.402346
INFO:global_step/sec: 0.402346
INFO:tensorflow:loss = 0.74187464, step = 845 (12.427 sec)
INFO:loss = 0.74187464, step = 845 (12.427 sec)
INFO:tensorflow:Saving checkpoints for 850 into models/pets_s-0.6_aug-fliph/model.ckpt.
INFO:Saving checkpoints for 850 into models/pets_s-0.6_aug-fliph/model.ckpt.
INFO:tensorflow:global_step/sec: 0.381445
INFO:global_step/sec: 0.381445
INFO:tensorflow:loss = 0.7480525, step = 850 (13.108 sec)
INFO:loss = 0.7480525, step = 850 (13.108 sec)
INFO:tensorflow:global_step/sec: 0.40949
INFO:global_step/sec: 0.40949
INFO:tensorflow:loss = 0.8305071, step = 855 (12.210 sec)
INFO:loss = 0.8305071, step = 855 (12.210 sec)
INFO:tensorflow:global_step/sec: 0.41646
INFO:global_step/sec: 0.41646
INFO:tensorflow:loss = 0.5565495, step = 860 (12.006 sec)
INFO:loss = 0.5565495, step = 860 (12.006 sec)
INFO:tensorflow:global_step/sec: 0.412781
INFO:global_step/sec: 0.412781
INFO:tensorflow:loss = 0.63383704, step = 865 (12.113 sec)
INFO:loss = 0.63383704, step = 865 (12.113 sec)
INFO:tensorflow:global_step/sec: 0.414601
INFO:global_step/sec: 0.414601
INFO:tensorflow:loss = 0.58843285, step = 870 (12.060 sec)
INFO:loss = 0.58843285, step = 870 (12.060 sec)
INFO:tensorflow:global_step/sec: 0.412245
INFO:global_step/sec: 0.412245
INFO:tensorflow:loss = 0.64951456, step = 875 (12.129 sec)
INFO:loss = 0.64951456, step = 875 (12.129 sec)
INFO:tensorflow:global_step/sec: 0.412336
INFO:global_step/sec: 0.412336
INFO:tensorflow:loss = 0.7033868, step = 880 (12.126 sec)
INFO:loss = 0.7033868, step = 880 (12.126 sec)
INFO:tensorflow:global_step/sec: 0.410662
INFO:global_step/sec: 0.410662
INFO:tensorflow:loss = 0.64251196, step = 885 (12.175 sec)
INFO:loss = 0.64251196, step = 885 (12.175 sec)
INFO:tensorflow:global_step/sec: 0.412166
INFO:global_step/sec: 0.412166
INFO:tensorflow:loss = 0.5875871, step = 890 (12.131 sec)
INFO:loss = 0.5875871, step = 890 (12.131 sec)
INFO:tensorflow:global_step/sec: 0.411787
INFO:global_step/sec: 0.411787
INFO:tensorflow:loss = 0.6037222, step = 895 (12.142 sec)
INFO:loss = 0.6037222, step = 895 (12.142 sec)
INFO:tensorflow:Saving checkpoints for 900 into models/pets_s-0.6_aug-fliph/model.ckpt.
INFO:Saving checkpoints for 900 into models/pets_s-0.6_aug-fliph/model.ckpt.
INFO:tensorflow:global_step/sec: 0.385722
INFO:global_step/sec: 0.385722
INFO:tensorflow:loss = 0.5016616, step = 900 (12.963 sec)
INFO:loss = 0.5016616, step = 900 (12.963 sec)
INFO:tensorflow:global_step/sec: 0.395102
INFO:global_step/sec: 0.395102
INFO:tensorflow:loss = 0.7845168, step = 905 (12.655 sec)
INFO:loss = 0.7845168, step = 905 (12.655 sec)
INFO:tensorflow:global_step/sec: 0.406635
INFO:global_step/sec: 0.406635
INFO:tensorflow:loss = 0.5870909, step = 910 (12.296 sec)
INFO:loss = 0.5870909, step = 910 (12.296 sec)
INFO:tensorflow:global_step/sec: 0.410973
INFO:global_step/sec: 0.410973
INFO:tensorflow:loss = 0.68781763, step = 915 (12.166 sec)
INFO:loss = 0.68781763, step = 915 (12.166 sec)
INFO:tensorflow:global_step/sec: 0.415418
INFO:global_step/sec: 0.415418
INFO:tensorflow:loss = 0.55370975, step = 920 (12.036 sec)
INFO:loss = 0.55370975, step = 920 (12.036 sec)
INFO:tensorflow:global_step/sec: 0.403003
INFO:global_step/sec: 0.403003
INFO:tensorflow:loss = 0.7718086, step = 925 (12.407 sec)
INFO:loss = 0.7718086, step = 925 (12.407 sec)
INFO:tensorflow:global_step/sec: 0.413084
INFO:global_step/sec: 0.413084
INFO:tensorflow:loss = 0.87267315, step = 930 (12.104 sec)
INFO:loss = 0.87267315, step = 930 (12.104 sec)
INFO:tensorflow:global_step/sec: 0.413238
INFO:global_step/sec: 0.413238
INFO:tensorflow:loss = 0.80487984, step = 935 (12.100 sec)
INFO:loss = 0.80487984, step = 935 (12.100 sec)
INFO:tensorflow:global_step/sec: 0.41203
INFO:global_step/sec: 0.41203
INFO:tensorflow:loss = 0.7653048, step = 940 (12.135 sec)
INFO:loss = 0.7653048, step = 940 (12.135 sec)
INFO:tensorflow:global_step/sec: 0.411443
INFO:global_step/sec: 0.411443
INFO:tensorflow:loss = 0.9319015, step = 945 (12.152 sec)
INFO:loss = 0.9319015, step = 945 (12.152 sec)
INFO:tensorflow:Saving checkpoints for 950 into models/pets_s-0.6_aug-fliph/model.ckpt.
INFO:Saving checkpoints for 950 into models/pets_s-0.6_aug-fliph/model.ckpt.
INFO:tensorflow:global_step/sec: 0.380531
INFO:global_step/sec: 0.380531
INFO:tensorflow:loss = 0.86768425, step = 950 (13.140 sec)
INFO:loss = 0.86768425, step = 950 (13.140 sec)
INFO:tensorflow:global_step/sec: 0.412842
INFO:global_step/sec: 0.412842
INFO:tensorflow:loss = 0.56451, step = 955 (12.111 sec)
INFO:loss = 0.56451, step = 955 (12.111 sec)
INFO:tensorflow:global_step/sec: 0.408476
INFO:global_step/sec: 0.408476
INFO:tensorflow:loss = 0.7423962, step = 960 (12.241 sec)
INFO:loss = 0.7423962, step = 960 (12.241 sec)
INFO:tensorflow:global_step/sec: 0.406334
INFO:global_step/sec: 0.406334
INFO:tensorflow:loss = 0.74352413, step = 965 (12.305 sec)
INFO:loss = 0.74352413, step = 965 (12.305 sec)
INFO:tensorflow:global_step/sec: 0.402743
INFO:global_step/sec: 0.402743
INFO:tensorflow:loss = 0.5540758, step = 970 (12.415 sec)
INFO:loss = 0.5540758, step = 970 (12.415 sec)
INFO:tensorflow:global_step/sec: 0.407336
INFO:global_step/sec: 0.407336
INFO:tensorflow:loss = 0.84177613, step = 975 (12.275 sec)
INFO:loss = 0.84177613, step = 975 (12.275 sec)
INFO:tensorflow:global_step/sec: 0.409329
INFO:global_step/sec: 0.409329
INFO:tensorflow:loss = 0.62785554, step = 980 (12.215 sec)
INFO:loss = 0.62785554, step = 980 (12.215 sec)
INFO:tensorflow:global_step/sec: 0.405751
INFO:global_step/sec: 0.405751
INFO:tensorflow:loss = 0.62769794, step = 985 (12.323 sec)
INFO:loss = 0.62769794, step = 985 (12.323 sec)
INFO:tensorflow:global_step/sec: 0.406259
INFO:global_step/sec: 0.406259
INFO:tensorflow:loss = 0.5786874, step = 990 (12.308 sec)
INFO:loss = 0.5786874, step = 990 (12.308 sec)
INFO:tensorflow:global_step/sec: 0.409774
INFO:global_step/sec: 0.409774
INFO:tensorflow:loss = 0.5898806, step = 995 (12.202 sec)
INFO:loss = 0.5898806, step = 995 (12.202 sec)
INFO:tensorflow:Saving checkpoints for 1000 into models/pets_s-0.6_aug-fliph/model.ckpt.
INFO:Saving checkpoints for 1000 into models/pets_s-0.6_aug-fliph/model.ckpt.
INFO:tensorflow:global_step/sec: 0.376726
INFO:global_step/sec: 0.376726
INFO:tensorflow:loss = 0.66888666, step = 1000 (13.273 sec)
INFO:loss = 0.66888666, step = 1000 (13.273 sec)
INFO:tensorflow:global_step/sec: 0.407478
INFO:global_step/sec: 0.407478
INFO:tensorflow:loss = 0.74526215, step = 1005 (12.270 sec)
INFO:loss = 0.74526215, step = 1005 (12.270 sec)
INFO:tensorflow:global_step/sec: 0.413157
INFO:global_step/sec: 0.413157
INFO:tensorflow:loss = 0.80936414, step = 1010 (12.102 sec)
INFO:loss = 0.80936414, step = 1010 (12.102 sec)
INFO:tensorflow:global_step/sec: 0.413723
INFO:global_step/sec: 0.413723
INFO:tensorflow:loss = 0.62142843, step = 1015 (12.085 sec)
INFO:loss = 0.62142843, step = 1015 (12.085 sec)
INFO:tensorflow:global_step/sec: 0.411208
INFO:global_step/sec: 0.411208
INFO:tensorflow:loss = 0.5866923, step = 1020 (12.160 sec)
INFO:loss = 0.5866923, step = 1020 (12.160 sec)
INFO:tensorflow:global_step/sec: 0.410925
INFO:global_step/sec: 0.410925
INFO:tensorflow:loss = 0.5638212, step = 1025 (12.168 sec)
INFO:loss = 0.5638212, step = 1025 (12.168 sec)
INFO:tensorflow:global_step/sec: 0.417651
INFO:global_step/sec: 0.417651
INFO:tensorflow:loss = 0.5400139, step = 1030 (11.972 sec)
INFO:loss = 0.5400139, step = 1030 (11.972 sec)
INFO:tensorflow:global_step/sec: 0.414527
INFO:global_step/sec: 0.414527
INFO:tensorflow:loss = 0.77713007, step = 1035 (12.062 sec)
INFO:loss = 0.77713007, step = 1035 (12.062 sec)
INFO:tensorflow:global_step/sec: 0.41018
INFO:global_step/sec: 0.41018
INFO:tensorflow:loss = 0.6123392, step = 1040 (12.190 sec)
INFO:loss = 0.6123392, step = 1040 (12.190 sec)
INFO:tensorflow:global_step/sec: 0.407406
INFO:global_step/sec: 0.407406
INFO:tensorflow:loss = 0.5567912, step = 1045 (12.273 sec)
INFO:loss = 0.5567912, step = 1045 (12.273 sec)
INFO:tensorflow:Saving checkpoints for 1050 into models/pets_s-0.6_aug-fliph/model.ckpt.
INFO:Saving checkpoints for 1050 into models/pets_s-0.6_aug-fliph/model.ckpt.
INFO:tensorflow:global_step/sec: 0.380469
INFO:global_step/sec: 0.380469
INFO:tensorflow:loss = 0.6508381, step = 1050 (13.141 sec)
INFO:loss = 0.6508381, step = 1050 (13.141 sec)
INFO:tensorflow:global_step/sec: 0.402089
INFO:global_step/sec: 0.402089
INFO:tensorflow:loss = 0.5180177, step = 1055 (12.435 sec)
INFO:loss = 0.5180177, step = 1055 (12.435 sec)
INFO:tensorflow:global_step/sec: 0.40453
INFO:global_step/sec: 0.40453
INFO:tensorflow:loss = 0.65369064, step = 1060 (12.360 sec)
INFO:loss = 0.65369064, step = 1060 (12.360 sec)
INFO:tensorflow:global_step/sec: 0.412214
INFO:global_step/sec: 0.412214
INFO:tensorflow:loss = 0.71668, step = 1065 (12.130 sec)
INFO:loss = 0.71668, step = 1065 (12.130 sec)
INFO:tensorflow:global_step/sec: 0.409896
INFO:global_step/sec: 0.409896
INFO:tensorflow:loss = 0.6829076, step = 1070 (12.198 sec)
INFO:loss = 0.6829076, step = 1070 (12.198 sec)
INFO:tensorflow:global_step/sec: 0.411344
INFO:global_step/sec: 0.411344
INFO:tensorflow:loss = 0.6797364, step = 1075 (12.156 sec)
INFO:loss = 0.6797364, step = 1075 (12.156 sec)
INFO:tensorflow:global_step/sec: 0.411515
INFO:global_step/sec: 0.411515
INFO:tensorflow:loss = 0.5238372, step = 1080 (12.150 sec)
INFO:loss = 0.5238372, step = 1080 (12.150 sec)
INFO:tensorflow:global_step/sec: 0.412422
INFO:global_step/sec: 0.412422
INFO:tensorflow:loss = 0.60618156, step = 1085 (12.123 sec)
INFO:loss = 0.60618156, step = 1085 (12.123 sec)
INFO:tensorflow:global_step/sec: 0.41093
INFO:global_step/sec: 0.41093
INFO:tensorflow:loss = 0.5740332, step = 1090 (12.168 sec)
INFO:loss = 0.5740332, step = 1090 (12.168 sec)
INFO:tensorflow:global_step/sec: 0.417075
INFO:global_step/sec: 0.417075
INFO:tensorflow:loss = 0.5542525, step = 1095 (11.988 sec)
INFO:loss = 0.5542525, step = 1095 (11.988 sec)
INFO:tensorflow:Saving checkpoints for 1100 into models/pets_s-0.6_aug-fliph/model.ckpt.
INFO:Saving checkpoints for 1100 into models/pets_s-0.6_aug-fliph/model.ckpt.
INFO:tensorflow:global_step/sec: 0.381497
INFO:global_step/sec: 0.381497
INFO:tensorflow:loss = 0.64408344, step = 1100 (13.107 sec)
INFO:loss = 0.64408344, step = 1100 (13.107 sec)
INFO:tensorflow:global_step/sec: 0.413939
INFO:global_step/sec: 0.413939
INFO:tensorflow:loss = 0.5692102, step = 1105 (12.078 sec)
INFO:loss = 0.5692102, step = 1105 (12.078 sec)
INFO:tensorflow:global_step/sec: 0.414183
INFO:global_step/sec: 0.414183
INFO:tensorflow:loss = 0.6553006, step = 1110 (12.072 sec)
INFO:loss = 0.6553006, step = 1110 (12.072 sec)
INFO:tensorflow:global_step/sec: 0.410299
INFO:global_step/sec: 0.410299
INFO:tensorflow:loss = 0.50082237, step = 1115 (12.186 sec)
INFO:loss = 0.50082237, step = 1115 (12.186 sec)
INFO:tensorflow:global_step/sec: 0.412228
INFO:global_step/sec: 0.412228
INFO:tensorflow:loss = 0.6758708, step = 1120 (12.129 sec)
INFO:loss = 0.6758708, step = 1120 (12.129 sec)
INFO:tensorflow:global_step/sec: 0.416189
INFO:global_step/sec: 0.416189
INFO:tensorflow:loss = 0.64685595, step = 1125 (12.014 sec)
INFO:loss = 0.64685595, step = 1125 (12.014 sec)
INFO:tensorflow:global_step/sec: 0.417179
INFO:global_step/sec: 0.417179
INFO:tensorflow:loss = 0.58460474, step = 1130 (11.986 sec)
INFO:loss = 0.58460474, step = 1130 (11.986 sec)
INFO:tensorflow:global_step/sec: 0.416342
INFO:global_step/sec: 0.416342
INFO:tensorflow:loss = 0.64872545, step = 1135 (12.009 sec)
INFO:loss = 0.64872545, step = 1135 (12.009 sec)
INFO:tensorflow:global_step/sec: 0.414217
INFO:global_step/sec: 0.414217
INFO:tensorflow:loss = 0.6708094, step = 1140 (12.071 sec)
INFO:loss = 0.6708094, step = 1140 (12.071 sec)
INFO:tensorflow:global_step/sec: 0.414174
INFO:global_step/sec: 0.414174
INFO:tensorflow:loss = 0.6877322, step = 1145 (12.072 sec)
INFO:loss = 0.6877322, step = 1145 (12.072 sec)
INFO:tensorflow:Saving checkpoints for 1150 into models/pets_s-0.6_aug-fliph/model.ckpt.
INFO:Saving checkpoints for 1150 into models/pets_s-0.6_aug-fliph/model.ckpt.
INFO:tensorflow:global_step/sec: 0.388011
INFO:global_step/sec: 0.388011
INFO:tensorflow:loss = 0.5714641, step = 1150 (12.886 sec)
INFO:loss = 0.5714641, step = 1150 (12.886 sec)
INFO:tensorflow:global_step/sec: 0.411463
INFO:global_step/sec: 0.411463
INFO:tensorflow:loss = 0.9209397, step = 1155 (12.152 sec)
INFO:loss = 0.9209397, step = 1155 (12.152 sec)
INFO:tensorflow:global_step/sec: 0.413244
INFO:global_step/sec: 0.413244
INFO:tensorflow:loss = 0.6419866, step = 1160 (12.100 sec)
INFO:loss = 0.6419866, step = 1160 (12.100 sec)
INFO:tensorflow:global_step/sec: 0.434291
INFO:global_step/sec: 0.434291
INFO:tensorflow:loss = 0.51546824, step = 1165 (11.513 sec)
INFO:loss = 0.51546824, step = 1165 (11.513 sec)
INFO:tensorflow:global_step/sec: 0.440095
INFO:global_step/sec: 0.440095
INFO:tensorflow:loss = 0.7880428, step = 1170 (11.361 sec)
INFO:loss = 0.7880428, step = 1170 (11.361 sec)
INFO:tensorflow:global_step/sec: 0.439999
INFO:global_step/sec: 0.439999
INFO:tensorflow:loss = 0.79931074, step = 1175 (11.364 sec)
INFO:loss = 0.79931074, step = 1175 (11.364 sec)
INFO:tensorflow:global_step/sec: 0.43942
INFO:global_step/sec: 0.43942
INFO:tensorflow:loss = 0.6408902, step = 1180 (11.379 sec)
INFO:loss = 0.6408902, step = 1180 (11.379 sec)
INFO:tensorflow:global_step/sec: 0.438482
INFO:global_step/sec: 0.438482
INFO:tensorflow:loss = 0.7984352, step = 1185 (11.403 sec)
INFO:loss = 0.7984352, step = 1185 (11.403 sec)
INFO:tensorflow:global_step/sec: 0.438822
INFO:global_step/sec: 0.438822
INFO:tensorflow:loss = 0.61646134, step = 1190 (11.394 sec)
INFO:loss = 0.61646134, step = 1190 (11.394 sec)
INFO:tensorflow:global_step/sec: 0.439061
INFO:global_step/sec: 0.439061
INFO:tensorflow:loss = 0.6139689, step = 1195 (11.388 sec)
INFO:loss = 0.6139689, step = 1195 (11.388 sec)
INFO:tensorflow:Saving checkpoints for 1200 into models/pets_s-0.6_aug-fliph/model.ckpt.
INFO:Saving checkpoints for 1200 into models/pets_s-0.6_aug-fliph/model.ckpt.
INFO:tensorflow:global_step/sec: 0.408891
INFO:global_step/sec: 0.408891
INFO:tensorflow:loss = 0.64265174, step = 1200 (12.229 sec)
INFO:loss = 0.64265174, step = 1200 (12.229 sec)
INFO:tensorflow:global_step/sec: 0.437964
INFO:global_step/sec: 0.437964
INFO:tensorflow:loss = 0.5146318, step = 1205 (11.416 sec)
INFO:loss = 0.5146318, step = 1205 (11.416 sec)
INFO:tensorflow:global_step/sec: 0.43835
INFO:global_step/sec: 0.43835
INFO:tensorflow:loss = 0.56174684, step = 1210 (11.406 sec)
INFO:loss = 0.56174684, step = 1210 (11.406 sec)
INFO:tensorflow:global_step/sec: 0.438513
INFO:global_step/sec: 0.438513
INFO:tensorflow:loss = 0.55727655, step = 1215 (11.402 sec)
INFO:loss = 0.55727655, step = 1215 (11.402 sec)
INFO:tensorflow:global_step/sec: 0.439471
INFO:global_step/sec: 0.439471
INFO:tensorflow:loss = 0.652223, step = 1220 (11.377 sec)
INFO:loss = 0.652223, step = 1220 (11.377 sec)
INFO:tensorflow:global_step/sec: 0.439228
INFO:global_step/sec: 0.439228
INFO:tensorflow:loss = 0.72718215, step = 1225 (11.384 sec)
INFO:loss = 0.72718215, step = 1225 (11.384 sec)
INFO:tensorflow:global_step/sec: 0.439824
INFO:global_step/sec: 0.439824
INFO:tensorflow:loss = 0.5743039, step = 1230 (11.368 sec)
INFO:loss = 0.5743039, step = 1230 (11.368 sec)
INFO:tensorflow:global_step/sec: 0.440165
INFO:global_step/sec: 0.440165
INFO:tensorflow:loss = 0.5832708, step = 1235 (11.359 sec)
INFO:loss = 0.5832708, step = 1235 (11.359 sec)
INFO:tensorflow:global_step/sec: 0.440116
INFO:global_step/sec: 0.440116
INFO:tensorflow:loss = 0.71700937, step = 1240 (11.361 sec)
INFO:loss = 0.71700937, step = 1240 (11.361 sec)
INFO:tensorflow:global_step/sec: 0.439588
INFO:global_step/sec: 0.439588
INFO:tensorflow:loss = 0.63633513, step = 1245 (11.375 sec)
INFO:loss = 0.63633513, step = 1245 (11.375 sec)
INFO:tensorflow:Saving checkpoints for 1250 into models/pets_s-0.6_aug-fliph/model.ckpt.
INFO:Saving checkpoints for 1250 into models/pets_s-0.6_aug-fliph/model.ckpt.
INFO:tensorflow:global_step/sec: 0.405177
INFO:global_step/sec: 0.405177
INFO:tensorflow:loss = 0.51847094, step = 1250 (12.340 sec)
INFO:loss = 0.51847094, step = 1250 (12.340 sec)
INFO:tensorflow:global_step/sec: 0.440498
INFO:global_step/sec: 0.440498
INFO:tensorflow:loss = 0.51431715, step = 1255 (11.351 sec)
INFO:loss = 0.51431715, step = 1255 (11.351 sec)
INFO:tensorflow:global_step/sec: 0.440161
INFO:global_step/sec: 0.440161
INFO:tensorflow:loss = 0.74355453, step = 1260 (11.360 sec)
INFO:loss = 0.74355453, step = 1260 (11.360 sec)
INFO:tensorflow:global_step/sec: 0.439881
INFO:global_step/sec: 0.439881
INFO:tensorflow:loss = 0.5625894, step = 1265 (11.366 sec)
INFO:loss = 0.5625894, step = 1265 (11.366 sec)
INFO:tensorflow:global_step/sec: 0.440124
INFO:global_step/sec: 0.440124
INFO:tensorflow:loss = 0.6044294, step = 1270 (11.360 sec)
INFO:loss = 0.6044294, step = 1270 (11.360 sec)
INFO:tensorflow:global_step/sec: 0.439988
INFO:global_step/sec: 0.439988
INFO:tensorflow:loss = 0.5185969, step = 1275 (11.364 sec)
INFO:loss = 0.5185969, step = 1275 (11.364 sec)
INFO:tensorflow:global_step/sec: 0.439883
INFO:global_step/sec: 0.439883
INFO:tensorflow:loss = 0.7248914, step = 1280 (11.367 sec)
INFO:loss = 0.7248914, step = 1280 (11.367 sec)
INFO:tensorflow:global_step/sec: 0.439786
INFO:global_step/sec: 0.439786
INFO:tensorflow:loss = 0.5381034, step = 1285 (11.369 sec)
INFO:loss = 0.5381034, step = 1285 (11.369 sec)
INFO:tensorflow:global_step/sec: 0.439659
INFO:global_step/sec: 0.439659
INFO:tensorflow:loss = 0.59069985, step = 1290 (11.372 sec)
INFO:loss = 0.59069985, step = 1290 (11.372 sec)
INFO:tensorflow:global_step/sec: 0.43958
INFO:global_step/sec: 0.43958
INFO:tensorflow:loss = 0.6003257, step = 1295 (11.375 sec)
INFO:loss = 0.6003257, step = 1295 (11.375 sec)
INFO:tensorflow:Saving checkpoints for 1300 into models/pets_s-0.6_aug-fliph/model.ckpt.
INFO:Saving checkpoints for 1300 into models/pets_s-0.6_aug-fliph/model.ckpt.
INFO:tensorflow:global_step/sec: 0.404956
INFO:global_step/sec: 0.404956
INFO:tensorflow:loss = 0.66846883, step = 1300 (12.347 sec)
INFO:loss = 0.66846883, step = 1300 (12.347 sec)
INFO:tensorflow:global_step/sec: 0.438987
INFO:global_step/sec: 0.438987
INFO:tensorflow:loss = 0.61504245, step = 1305 (11.389 sec)
INFO:loss = 0.61504245, step = 1305 (11.389 sec)
INFO:tensorflow:global_step/sec: 0.439033
INFO:global_step/sec: 0.439033
INFO:tensorflow:loss = 0.63366205, step = 1310 (11.389 sec)
INFO:loss = 0.63366205, step = 1310 (11.389 sec)
INFO:tensorflow:global_step/sec: 0.438881
INFO:global_step/sec: 0.438881
INFO:tensorflow:loss = 0.57078105, step = 1315 (11.392 sec)
INFO:loss = 0.57078105, step = 1315 (11.392 sec)
INFO:tensorflow:global_step/sec: 0.438031
INFO:global_step/sec: 0.438031
INFO:tensorflow:loss = 0.9455849, step = 1320 (11.415 sec)
INFO:loss = 0.9455849, step = 1320 (11.415 sec)
INFO:tensorflow:global_step/sec: 0.437929
INFO:global_step/sec: 0.437929
INFO:tensorflow:loss = 0.7183512, step = 1325 (11.417 sec)
INFO:loss = 0.7183512, step = 1325 (11.417 sec)
INFO:tensorflow:global_step/sec: 0.438033
INFO:global_step/sec: 0.438033
INFO:tensorflow:loss = 0.7714853, step = 1330 (11.415 sec)
INFO:loss = 0.7714853, step = 1330 (11.415 sec)
INFO:tensorflow:global_step/sec: 0.437538
INFO:global_step/sec: 0.437538
INFO:tensorflow:loss = 0.6778965, step = 1335 (11.427 sec)
INFO:loss = 0.6778965, step = 1335 (11.427 sec)
INFO:tensorflow:global_step/sec: 0.43836
INFO:global_step/sec: 0.43836
INFO:tensorflow:loss = 0.5364349, step = 1340 (11.406 sec)
INFO:loss = 0.5364349, step = 1340 (11.406 sec)
INFO:tensorflow:global_step/sec: 0.438805
INFO:global_step/sec: 0.438805
INFO:tensorflow:loss = 0.81520456, step = 1345 (11.395 sec)
INFO:loss = 0.81520456, step = 1345 (11.395 sec)
INFO:tensorflow:Saving checkpoints for 1350 into models/pets_s-0.6_aug-fliph/model.ckpt.
INFO:Saving checkpoints for 1350 into models/pets_s-0.6_aug-fliph/model.ckpt.
INFO:tensorflow:global_step/sec: 0.407078
INFO:global_step/sec: 0.407078
INFO:tensorflow:loss = 0.68547434, step = 1350 (12.282 sec)
INFO:loss = 0.68547434, step = 1350 (12.282 sec)
INFO:tensorflow:global_step/sec: 0.439742
INFO:global_step/sec: 0.439742
INFO:tensorflow:loss = 0.52746797, step = 1355 (11.370 sec)
INFO:loss = 0.52746797, step = 1355 (11.370 sec)
INFO:tensorflow:global_step/sec: 0.440042
INFO:global_step/sec: 0.440042
INFO:tensorflow:loss = 0.86312395, step = 1360 (11.363 sec)
INFO:loss = 0.86312395, step = 1360 (11.363 sec)
INFO:tensorflow:global_step/sec: 0.440214
INFO:global_step/sec: 0.440214
INFO:tensorflow:loss = 0.6152454, step = 1365 (11.358 sec)
INFO:loss = 0.6152454, step = 1365 (11.358 sec)
INFO:tensorflow:global_step/sec: 0.440216
INFO:global_step/sec: 0.440216
INFO:tensorflow:loss = 0.6066418, step = 1370 (11.358 sec)
INFO:loss = 0.6066418, step = 1370 (11.358 sec)
INFO:tensorflow:global_step/sec: 0.439967
INFO:global_step/sec: 0.439967
INFO:tensorflow:loss = 0.79977936, step = 1375 (11.364 sec)
INFO:loss = 0.79977936, step = 1375 (11.364 sec)
INFO:tensorflow:global_step/sec: 0.439755
INFO:global_step/sec: 0.439755
INFO:tensorflow:loss = 0.93248355, step = 1380 (11.370 sec)
INFO:loss = 0.93248355, step = 1380 (11.370 sec)
INFO:tensorflow:global_step/sec: 0.440866
INFO:global_step/sec: 0.440866
INFO:tensorflow:loss = 0.67786235, step = 1385 (11.342 sec)
INFO:loss = 0.67786235, step = 1385 (11.342 sec)
INFO:tensorflow:global_step/sec: 0.439766
INFO:global_step/sec: 0.439766
INFO:tensorflow:loss = 0.6913748, step = 1390 (11.369 sec)
INFO:loss = 0.6913748, step = 1390 (11.369 sec)
INFO:tensorflow:global_step/sec: 0.439771
INFO:global_step/sec: 0.439771
INFO:tensorflow:loss = 0.64128554, step = 1395 (11.370 sec)
INFO:loss = 0.64128554, step = 1395 (11.370 sec)
INFO:tensorflow:Saving checkpoints for 1400 into models/pets_s-0.6_aug-fliph/model.ckpt.
INFO:Saving checkpoints for 1400 into models/pets_s-0.6_aug-fliph/model.ckpt.
INFO:tensorflow:global_step/sec: 0.407795
INFO:global_step/sec: 0.407795
INFO:tensorflow:loss = 0.53705716, step = 1400 (12.261 sec)
INFO:loss = 0.53705716, step = 1400 (12.261 sec)
INFO:tensorflow:global_step/sec: 0.439404
INFO:global_step/sec: 0.439404
INFO:tensorflow:loss = 0.44374546, step = 1405 (11.379 sec)
INFO:loss = 0.44374546, step = 1405 (11.379 sec)
INFO:tensorflow:global_step/sec: 0.43801
INFO:global_step/sec: 0.43801
INFO:tensorflow:loss = 0.5472489, step = 1410 (11.415 sec)
INFO:loss = 0.5472489, step = 1410 (11.415 sec)
INFO:tensorflow:Saving checkpoints for 1412 into models/pets_s-0.6_aug-fliph/model.ckpt.
INFO:Saving checkpoints for 1412 into models/pets_s-0.6_aug-fliph/model.ckpt.
INFO:tensorflow:Loss for final step: 0.48284864.
INFO:Loss for final step: 0.48284864.
INFO:evaluating test accuracy
INFO:tensorflow:Calling model_fn.
INFO:Calling model_fn.
INFO:tensorflow:Done calling model_fn.
INFO:Done calling model_fn.
INFO:tensorflow:Starting evaluation at 2018-12-15-01:16:18
INFO:Starting evaluation at 2018-12-15-01:16:18
INFO:tensorflow:Graph was finalized.
INFO:Graph was finalized.
2018-12-14 19:16:19.019543: I tensorflow/core/common_runtime/gpu/gpu_device.cc:1471] Adding visible gpu devices: 0
2018-12-14 19:16:19.019589: I tensorflow/core/common_runtime/gpu/gpu_device.cc:952] Device interconnect StreamExecutor with strength 1 edge matrix:
2018-12-14 19:16:19.019602: I tensorflow/core/common_runtime/gpu/gpu_device.cc:958]      0 
2018-12-14 19:16:19.019611: I tensorflow/core/common_runtime/gpu/gpu_device.cc:971] 0:   N 
2018-12-14 19:16:19.019759: I tensorflow/core/common_runtime/gpu/gpu_device.cc:1084] Created TensorFlow device (/job:localhost/replica:0/task:0/device:GPU:0 with 10763 MB memory) -> physical GPU (device: 0, name: Tesla K80, pci bus id: 0000:88:00.0, compute capability: 3.7)
INFO:tensorflow:Restoring parameters from models/pets_s-0.6_aug-fliph/model.ckpt-1412
INFO:Restoring parameters from models/pets_s-0.6_aug-fliph/model.ckpt-1412
INFO:tensorflow:Running local_init_op.
INFO:Running local_init_op.
INFO:tensorflow:Done running local_init_op.
INFO:Done running local_init_op.
INFO:tensorflow:Finished evaluation at 2018-12-15-01:17:21
INFO:Finished evaluation at 2018-12-15-01:17:21
INFO:tensorflow:Saving dict for global step 1412: accuracy = 0.73823684, global_step = 1412, loss = 0.6350233
INFO:Saving dict for global step 1412: accuracy = 0.73823684, global_step = 1412, loss = 0.6350233
INFO:tensorflow:Saving 'checkpoint_path' summary for global step 1412: models/pets_s-0.6_aug-fliph/model.ckpt-1412
INFO:Saving 'checkpoint_path' summary for global step 1412: models/pets_s-0.6_aug-fliph/model.ckpt-1412
INFO:{'accuracy': 0.73823684, 'loss': 0.6350233, 'global_step': 1412}
