INFO:artifice:Namespace(batch_size=[1], command='train', cores=[-1], data_root=['data/gyros'], eager=False, epoch_size=[1000], epochs=[20], image_shape=[600, 800, 1], initial_epoch=[4], keras_verbose=[2], l2_reg=[0.0001], learning_rate=[0.1], mode=['augmented-active'], model_root=['models/gyros_augmented-active_subset100'], num_candidates=[1000], num_objects=[54], output=['show'], overwrite=False, query_size=[10], regions_path=['data/gyros/regions.npy'], show=False, splits=[8542, 0, 300], subset_size=[100], tile_shape=[196, 196, 1], verbose=[2])
INFO:artifice:model: model
DEBUG:artifice:layer:(None, 284, 284, 1) -> (None, 284, 284, 1):input_1
DEBUG:artifice:layer:(None, 284, 284, 1) -> (None, 282, 282, 64):conv2d
DEBUG:artifice:layer:(None, 282, 282, 64) -> (None, 282, 282, 64):batch_normalization
DEBUG:artifice:layer:(None, 282, 282, 64) -> (None, 282, 282, 64):activation
DEBUG:artifice:layer:(None, 282, 282, 64) -> (None, 280, 280, 64):conv2d_1
DEBUG:artifice:layer:(None, 280, 280, 64) -> (None, 280, 280, 64):batch_normalization_1
DEBUG:artifice:layer:(None, 280, 280, 64) -> (None, 280, 280, 64):activation_1
DEBUG:artifice:layer:(None, 280, 280, 64) -> (None, 140, 140, 64):max_pooling2d
DEBUG:artifice:layer:(None, 140, 140, 64) -> (None, 140, 140, 64):dropout
DEBUG:artifice:layer:(None, 140, 140, 64) -> (None, 138, 138, 64):conv2d_2
DEBUG:artifice:layer:(None, 138, 138, 64) -> (None, 138, 138, 64):batch_normalization_2
DEBUG:artifice:layer:(None, 138, 138, 64) -> (None, 138, 138, 64):activation_2
DEBUG:artifice:layer:(None, 138, 138, 64) -> (None, 136, 136, 64):conv2d_3
DEBUG:artifice:layer:(None, 136, 136, 64) -> (None, 136, 136, 64):batch_normalization_3
DEBUG:artifice:layer:(None, 136, 136, 64) -> (None, 136, 136, 64):activation_3
DEBUG:artifice:layer:(None, 136, 136, 64) -> (None, 68, 68, 64):max_pooling2d_1
DEBUG:artifice:layer:(None, 68, 68, 64) -> (None, 68, 68, 64):dropout_1
DEBUG:artifice:layer:(None, 68, 68, 64) -> (None, 66, 66, 128):conv2d_4
DEBUG:artifice:layer:(None, 66, 66, 128) -> (None, 66, 66, 128):batch_normalization_4
DEBUG:artifice:layer:(None, 66, 66, 128) -> (None, 66, 66, 128):activation_4
DEBUG:artifice:layer:(None, 66, 66, 128) -> (None, 64, 64, 128):conv2d_5
DEBUG:artifice:layer:(None, 64, 64, 128) -> (None, 64, 64, 128):batch_normalization_5
DEBUG:artifice:layer:(None, 64, 64, 128) -> (None, 64, 64, 128):activation_5
DEBUG:artifice:layer:(None, 64, 64, 128) -> (None, 32, 32, 128):max_pooling2d_2
DEBUG:artifice:layer:(None, 32, 32, 128) -> (None, 32, 32, 128):dropout_2
DEBUG:artifice:layer:(None, 32, 32, 128) -> (None, 30, 30, 128):conv2d_6
DEBUG:artifice:layer:(None, 30, 30, 128) -> (None, 30, 30, 128):batch_normalization_6
DEBUG:artifice:layer:(None, 30, 30, 128) -> (None, 30, 30, 128):activation_6
DEBUG:artifice:layer:(None, 30, 30, 128) -> (None, 28, 28, 128):conv2d_7
DEBUG:artifice:layer:(None, 28, 28, 128) -> (None, 28, 28, 128):batch_normalization_7
DEBUG:artifice:layer:(None, 64, 64, 128) -> (None, 56, 56, 128):crop
DEBUG:artifice:layer:(None, 28, 28, 128) -> (None, 28, 28, 128):activation_7
DEBUG:artifice:layer:(None, 56, 56, 128) -> (None, 56, 56, 128):dropout_3
DEBUG:artifice:layer:(None, 28, 28, 128) -> (None, 56, 56, 128):conv2d_transpose
DEBUG:artifice:layer:[(None, 56, 56, 128), (None, 56, 56, 128)] -> (None, 56, 56, 256):concatenate
DEBUG:artifice:layer:(None, 56, 56, 256) -> (None, 54, 54, 128):conv2d_8
DEBUG:artifice:layer:(None, 54, 54, 128) -> (None, 54, 54, 128):batch_normalization_8
DEBUG:artifice:layer:(None, 54, 54, 128) -> (None, 54, 54, 128):activation_8
DEBUG:artifice:layer:(None, 54, 54, 128) -> (None, 52, 52, 128):conv2d_9
DEBUG:artifice:layer:(None, 52, 52, 128) -> (None, 52, 52, 128):batch_normalization_9
DEBUG:artifice:layer:(None, 136, 136, 64) -> (None, 104, 104, 64):crop_1
DEBUG:artifice:layer:(None, 52, 52, 128) -> (None, 52, 52, 128):activation_9
DEBUG:artifice:layer:(None, 104, 104, 64) -> (None, 104, 104, 64):dropout_4
DEBUG:artifice:layer:(None, 52, 52, 128) -> (None, 104, 104, 64):conv2d_transpose_1
DEBUG:artifice:layer:[(None, 104, 104, 64), (None, 104, 104, 64)] -> (None, 104, 104, 128):concatenate_1
DEBUG:artifice:layer:(None, 104, 104, 128) -> (None, 102, 102, 64):conv2d_10
DEBUG:artifice:layer:(None, 102, 102, 64) -> (None, 102, 102, 64):batch_normalization_10
DEBUG:artifice:layer:(None, 102, 102, 64) -> (None, 102, 102, 64):activation_10
DEBUG:artifice:layer:(None, 102, 102, 64) -> (None, 100, 100, 64):conv2d_11
DEBUG:artifice:layer:(None, 100, 100, 64) -> (None, 100, 100, 64):batch_normalization_11
DEBUG:artifice:layer:(None, 280, 280, 64) -> (None, 200, 200, 64):crop_2
DEBUG:artifice:layer:(None, 100, 100, 64) -> (None, 100, 100, 64):activation_11
DEBUG:artifice:layer:(None, 200, 200, 64) -> (None, 200, 200, 64):dropout_5
DEBUG:artifice:layer:(None, 100, 100, 64) -> (None, 200, 200, 64):conv2d_transpose_2
DEBUG:artifice:layer:[(None, 200, 200, 64), (None, 200, 200, 64)] -> (None, 200, 200, 128):concatenate_2
DEBUG:artifice:layer:(None, 200, 200, 128) -> (None, 198, 198, 64):conv2d_12
DEBUG:artifice:layer:(None, 198, 198, 64) -> (None, 198, 198, 64):batch_normalization_12
DEBUG:artifice:layer:(None, 198, 198, 64) -> (None, 198, 198, 64):activation_12
DEBUG:artifice:layer:(None, 198, 198, 64) -> (None, 196, 196, 64):conv2d_13
DEBUG:artifice:layer:(None, 196, 196, 64) -> (None, 196, 196, 64):batch_normalization_13
DEBUG:artifice:layer:(None, 196, 196, 64) -> (None, 196, 196, 64):activation_13
DEBUG:artifice:layer:(None, 196, 196, 64) -> (None, 196, 196, 1):conv2d_14
2019-05-06 20:31:59.649252: I tensorflow/core/platform/cpu_feature_guard.cc:141] Your CPU supports instructions that this TensorFlow binary was not compiled to use: SSE4.1 SSE4.2 AVX AVX2 FMA
2019-05-06 20:31:59.884311: I tensorflow/core/common_runtime/gpu/gpu_device.cc:1432] Found device 0 with properties: 
name: Tesla K80 major: 3 minor: 7 memoryClockRate(GHz): 0.8235
pciBusID: 0000:09:00.0
totalMemory: 11.17GiB freeMemory: 11.10GiB
2019-05-06 20:31:59.884403: I tensorflow/core/common_runtime/gpu/gpu_device.cc:1511] Adding visible gpu devices: 0
2019-05-06 20:32:11.198744: I tensorflow/core/common_runtime/gpu/gpu_device.cc:982] Device interconnect StreamExecutor with strength 1 edge matrix:
2019-05-06 20:32:11.200768: I tensorflow/core/common_runtime/gpu/gpu_device.cc:988]      0 
2019-05-06 20:32:11.200794: I tensorflow/core/common_runtime/gpu/gpu_device.cc:1001] 0:   N 
2019-05-06 20:32:11.201263: I tensorflow/core/common_runtime/gpu/gpu_device.cc:1115] Created TensorFlow device (/job:localhost/replica:0/task:0/device:GPU:0 with 10758 MB memory) -> physical GPU (device: 0, name: Tesla K80, pci bus id: 0000:09:00.0, compute capability: 3.7)
INFO:artifice:restored model from models/gyros_augmented-active_subset100/hourglass/cp-0005.hdf5
INFO:artifice:recovering previous queries...
INFO:artifice:recovered [817, 860, 903, 774, 771, 838, 792, 427, 766, 412]
INFO:artifice:recovered [1604, 1600, 1598, 1555, 1577, 1597, 1284, 1576, 1617, 1603]
INFO:artifice:recovered [2992, 2345, 2473, 2930, 2657, 2513, 2951, 2493, 2514, 2932]
INFO:artifice:recovered [3558, 3777, 3818, 3578, 3838, 3778, 3857, 3538, 3416, 3255]
INFO:artifice:Epoch 4/20
INFO:artifice:predicting round 0...
DEBUG:artifice:tiled: (<tf.Tensor 'stack:0' shape=(20, ?, ?, ?) dtype=float32>, <tf.Tensor 'stack_1:0' shape=(20, 196, 196, 1) dtype=float32>)
DEBUG:artifice:predict: {np.sum(np.isnan(out))} nan values
DEBUG:artifice:tiles: (20000, 196, 196, 1)
DEBUG:artifice:tiles: (20000, 196, 196, 1), num_tiles: 20, batch_size: 1
INFO:artifice:choose query: 0 / 1000
INFO:artifice:choose query: 50 / 1000
INFO:artifice:choose query: 100 / 1000
INFO:artifice:choose query: 150 / 1000
INFO:artifice:choose query: 200 / 1000
INFO:artifice:choose query: 250 / 1000
INFO:artifice:choose query: 300 / 1000
INFO:artifice:choose query: 350 / 1000
INFO:artifice:choose query: 400 / 1000
INFO:artifice:choose query: 450 / 1000
INFO:artifice:choose query: 500 / 1000
INFO:artifice:choose query: 550 / 1000
INFO:artifice:choose query: 600 / 1000
INFO:artifice:choose query: 650 / 1000
INFO:artifice:choose query: 700 / 1000
INFO:artifice:choose query: 750 / 1000
INFO:artifice:choose query: 800 / 1000
INFO:artifice:choose query: 850 / 1000
INFO:artifice:choose query: 900 / 1000
INFO:artifice:choose query: 950 / 1000
INFO:artifice:chose query [35, 859, 57, 315, 79, 838, 101, 13, 380, 37] with uncertainties [(35, -44.576683), (859, -44.6009), (57, -44.61113), (315, -44.613514), (79, -44.644363), (838, -44.662148), (101, -44.665916), (13, -44.741604), (380, -44.744553), (37, -44.750694)]
INFO:artifice:querying [35, 859, 57, 315, 79, 838, 101, 13, 380, 37]...
2019-05-06 21:23:43.063505: I tensorflow/core/common_runtime/gpu/gpu_device.cc:1511] Adding visible gpu devices: 0
2019-05-06 21:23:43.063576: I tensorflow/core/common_runtime/gpu/gpu_device.cc:982] Device interconnect StreamExecutor with strength 1 edge matrix:
2019-05-06 21:23:43.063590: I tensorflow/core/common_runtime/gpu/gpu_device.cc:988]      0 
2019-05-06 21:23:43.063599: I tensorflow/core/common_runtime/gpu/gpu_device.cc:1001] 0:   N 
2019-05-06 21:23:43.063793: I tensorflow/core/common_runtime/gpu/gpu_device.cc:1115] Created TensorFlow device (/job:localhost/replica:0/task:0/device:GPU:0 with 10758 MB memory) -> physical GPU (device: 0, name: Tesla K80, pci bus id: 0000:09:00.0, compute capability: 3.7)
DEBUG:artifice:image: (?, ?, ?)
DEBUG:artifice:label: (?, ?)
DEBUG:artifice:annotation: (?, ?, ?)
2019-05-06 21:24:00.397626: I tensorflow/core/common_runtime/gpu/gpu_device.cc:1511] Adding visible gpu devices: 0
2019-05-06 21:24:00.397689: I tensorflow/core/common_runtime/gpu/gpu_device.cc:982] Device interconnect StreamExecutor with strength 1 edge matrix:
2019-05-06 21:24:00.397702: I tensorflow/core/common_runtime/gpu/gpu_device.cc:988]      0 
2019-05-06 21:24:00.397711: I tensorflow/core/common_runtime/gpu/gpu_device.cc:1001] 0:   N 
2019-05-06 21:24:00.397910: I tensorflow/core/common_runtime/gpu/gpu_device.cc:1115] Created TensorFlow device (/job:localhost/replica:0/task:0/device:GPU:0 with 10758 MB memory) -> physical GPU (device: 0, name: Tesla K80, pci bus id: 0000:09:00.0, compute capability: 3.7)
INFO:artifice:initialized iterator, starting accumulation...
INFO:artifice:finished accumulation
DEBUG:artifice:transforming object 0...
DEBUG:artifice:transforming object 1...
DEBUG:artifice:transforming object 2...
DEBUG:artifice:transforming object 3...
DEBUG:artifice:transforming object 4...
DEBUG:artifice:transforming object 5...
DEBUG:artifice:transforming object 6...
DEBUG:artifice:transforming object 7...
DEBUG:artifice:transforming object 8...
DEBUG:artifice:transforming object 9...
DEBUG:artifice:transforming object 10...
DEBUG:artifice:transforming object 11...
DEBUG:artifice:transforming object 12...
DEBUG:artifice:transforming object 13...
DEBUG:artifice:transforming object 14...
DEBUG:artifice:transforming object 15...
DEBUG:artifice:transforming object 16...
DEBUG:artifice:transforming object 17...
DEBUG:artifice:transforming object 18...
DEBUG:artifice:transforming object 19...
DEBUG:artifice:transforming object 20...
DEBUG:artifice:transforming object 21...
DEBUG:artifice:transforming object 22...
DEBUG:artifice:transforming object 23...
DEBUG:artifice:transforming object 24...
DEBUG:artifice:transforming object 25...
DEBUG:artifice:transforming object 26...
DEBUG:artifice:transforming object 27...
DEBUG:artifice:transforming object 28...
DEBUG:artifice:transforming object 29...
DEBUG:artifice:transforming object 30...
DEBUG:artifice:transforming object 31...
DEBUG:artifice:transforming object 32...
DEBUG:artifice:transforming object 33...
DEBUG:artifice:transforming object 34...
DEBUG:artifice:transforming object 35...
DEBUG:artifice:transforming object 36...
DEBUG:artifice:transforming object 37...
DEBUG:artifice:transforming object 38...
DEBUG:artifice:transforming object 39...
DEBUG:artifice:transforming object 40...
DEBUG:artifice:transforming object 41...
DEBUG:artifice:transforming object 42...
DEBUG:artifice:transforming object 43...
DEBUG:artifice:transforming object 44...
DEBUG:artifice:transforming object 45...
DEBUG:artifice:transforming object 46...
DEBUG:artifice:transforming object 47...
DEBUG:artifice:transforming object 48...
DEBUG:artifice:transforming object 49...
DEBUG:artifice:transforming object 50...
DEBUG:artifice:transforming object 51...
DEBUG:artifice:transforming object 52...
DEBUG:artifice:transforming object 53...
DEBUG:artifice:tiled: (<tf.Tensor 'stack:0' shape=(20, 284, 284, 1) dtype=float32>, <tf.Tensor 'stack_1:0' shape=(20, 196, 196, 1) dtype=float32>)
INFO:artifice:epoch 4 history saved to models/gyros_augmented-active_subset100/history.json
INFO:artifice:Epoch 5/20
INFO:artifice:predicting round 0...
DEBUG:artifice:tiled: (<tf.Tensor 'stack:0' shape=(20, ?, ?, ?) dtype=float32>, <tf.Tensor 'stack_1:0' shape=(20, 196, 196, 1) dtype=float32>)
DEBUG:artifice:predict: {np.sum(np.isnan(out))} nan values
DEBUG:artifice:tiles: (20000, 196, 196, 1)
DEBUG:artifice:tiles: (20000, 196, 196, 1), num_tiles: 20, batch_size: 1
INFO:artifice:choose query: 0 / 1000
INFO:artifice:choose query: 50 / 1000
INFO:artifice:choose query: 100 / 1000
INFO:artifice:choose query: 150 / 1000
INFO:artifice:choose query: 200 / 1000
INFO:artifice:choose query: 250 / 1000
INFO:artifice:choose query: 300 / 1000
INFO:artifice:choose query: 350 / 1000
INFO:artifice:choose query: 400 / 1000
INFO:artifice:choose query: 450 / 1000
INFO:artifice:choose query: 500 / 1000
INFO:artifice:choose query: 550 / 1000
INFO:artifice:choose query: 600 / 1000
INFO:artifice:choose query: 650 / 1000
INFO:artifice:choose query: 700 / 1000
INFO:artifice:choose query: 750 / 1000
INFO:artifice:choose query: 800 / 1000
INFO:artifice:choose query: 850 / 1000
INFO:artifice:choose query: 900 / 1000
INFO:artifice:choose query: 950 / 1000
INFO:artifice:chose query [1598, 1557, 1620, 1642, 1600, 1621, 1599, 1579, 1617, 1595] with uncertainties [(1598, -73.45616), (1557, -73.666046), (1620, -73.81742), (1642, -73.8365), (1600, -73.865845), (1621, -73.90307), (1599, -73.95376), (1579, -73.96279), (1617, -73.990875), (1595, -74.05971)]
INFO:artifice:querying [1598, 1557, 1620, 1642, 1600, 1621, 1599, 1579, 1617, 1595]...
2019-05-07 02:28:44.804358: I tensorflow/core/common_runtime/gpu/gpu_device.cc:1511] Adding visible gpu devices: 0
2019-05-07 02:28:44.804470: I tensorflow/core/common_runtime/gpu/gpu_device.cc:982] Device interconnect StreamExecutor with strength 1 edge matrix:
2019-05-07 02:28:44.804484: I tensorflow/core/common_runtime/gpu/gpu_device.cc:988]      0 
2019-05-07 02:28:44.804493: I tensorflow/core/common_runtime/gpu/gpu_device.cc:1001] 0:   N 
2019-05-07 02:28:44.804682: I tensorflow/core/common_runtime/gpu/gpu_device.cc:1115] Created TensorFlow device (/job:localhost/replica:0/task:0/device:GPU:0 with 10758 MB memory) -> physical GPU (device: 0, name: Tesla K80, pci bus id: 0000:09:00.0, compute capability: 3.7)
DEBUG:artifice:image: (?, ?, ?)
DEBUG:artifice:label: (?, ?)
DEBUG:artifice:annotation: (?, ?, ?)
2019-05-07 02:29:03.569900: I tensorflow/core/common_runtime/gpu/gpu_device.cc:1511] Adding visible gpu devices: 0
2019-05-07 02:29:03.569964: I tensorflow/core/common_runtime/gpu/gpu_device.cc:982] Device interconnect StreamExecutor with strength 1 edge matrix:
2019-05-07 02:29:03.569977: I tensorflow/core/common_runtime/gpu/gpu_device.cc:988]      0 
2019-05-07 02:29:03.569986: I tensorflow/core/common_runtime/gpu/gpu_device.cc:1001] 0:   N 
2019-05-07 02:29:03.570228: I tensorflow/core/common_runtime/gpu/gpu_device.cc:1115] Created TensorFlow device (/job:localhost/replica:0/task:0/device:GPU:0 with 10758 MB memory) -> physical GPU (device: 0, name: Tesla K80, pci bus id: 0000:09:00.0, compute capability: 3.7)
INFO:artifice:initialized iterator, starting accumulation...
INFO:artifice:finished accumulation
DEBUG:artifice:transforming object 0...
DEBUG:artifice:transforming object 1...
DEBUG:artifice:transforming object 2...
DEBUG:artifice:transforming object 3...
DEBUG:artifice:transforming object 4...
DEBUG:artifice:transforming object 5...
DEBUG:artifice:transforming object 6...
DEBUG:artifice:transforming object 7...
DEBUG:artifice:transforming object 8...
DEBUG:artifice:transforming object 9...
DEBUG:artifice:transforming object 10...
DEBUG:artifice:transforming object 11...
DEBUG:artifice:transforming object 12...
DEBUG:artifice:transforming object 13...
DEBUG:artifice:transforming object 14...
DEBUG:artifice:transforming object 15...
DEBUG:artifice:transforming object 16...
DEBUG:artifice:transforming object 17...
DEBUG:artifice:transforming object 18...
DEBUG:artifice:transforming object 19...
DEBUG:artifice:transforming object 20...
DEBUG:artifice:transforming object 21...
DEBUG:artifice:transforming object 22...
DEBUG:artifice:transforming object 23...
DEBUG:artifice:transforming object 24...
DEBUG:artifice:transforming object 25...
DEBUG:artifice:transforming object 26...
DEBUG:artifice:transforming object 27...
DEBUG:artifice:transforming object 28...
DEBUG:artifice:transforming object 29...
DEBUG:artifice:transforming object 30...
DEBUG:artifice:transforming object 31...
DEBUG:artifice:transforming object 32...
DEBUG:artifice:transforming object 33...
DEBUG:artifice:transforming object 34...
DEBUG:artifice:transforming object 35...
DEBUG:artifice:transforming object 36...
DEBUG:artifice:transforming object 37...
DEBUG:artifice:transforming object 38...
DEBUG:artifice:transforming object 39...
DEBUG:artifice:transforming object 40...
DEBUG:artifice:transforming object 41...
DEBUG:artifice:transforming object 42...
DEBUG:artifice:transforming object 43...
DEBUG:artifice:transforming object 44...
DEBUG:artifice:transforming object 45...
DEBUG:artifice:transforming object 46...
DEBUG:artifice:transforming object 47...
DEBUG:artifice:transforming object 48...
DEBUG:artifice:transforming object 49...
DEBUG:artifice:transforming object 50...
DEBUG:artifice:transforming object 51...
DEBUG:artifice:transforming object 52...
DEBUG:artifice:transforming object 53...
DEBUG:artifice:tiled: (<tf.Tensor 'stack:0' shape=(20, 284, 284, 1) dtype=float32>, <tf.Tensor 'stack_1:0' shape=(20, 196, 196, 1) dtype=float32>)
INFO:artifice:epoch 5 history saved to models/gyros_augmented-active_subset100/history.json
INFO:artifice:Epoch 6/20
INFO:artifice:predicting round 0...
DEBUG:artifice:tiled: (<tf.Tensor 'stack:0' shape=(20, ?, ?, ?) dtype=float32>, <tf.Tensor 'stack_1:0' shape=(20, 196, 196, 1) dtype=float32>)
DEBUG:artifice:predict: {np.sum(np.isnan(out))} nan values
DEBUG:artifice:tiles: (20000, 196, 196, 1)
DEBUG:artifice:tiles: (20000, 196, 196, 1), num_tiles: 20, batch_size: 1
INFO:artifice:choose query: 0 / 1000
INFO:artifice:choose query: 50 / 1000
INFO:artifice:choose query: 100 / 1000
INFO:artifice:choose query: 150 / 1000
INFO:artifice:choose query: 200 / 1000
INFO:artifice:choose query: 250 / 1000
INFO:artifice:choose query: 300 / 1000
INFO:artifice:choose query: 350 / 1000
INFO:artifice:choose query: 400 / 1000
INFO:artifice:choose query: 450 / 1000
INFO:artifice:choose query: 500 / 1000
INFO:artifice:choose query: 550 / 1000
INFO:artifice:choose query: 600 / 1000
INFO:artifice:choose query: 650 / 1000
INFO:artifice:choose query: 700 / 1000
INFO:artifice:choose query: 750 / 1000
INFO:artifice:choose query: 800 / 1000
INFO:artifice:choose query: 850 / 1000
INFO:artifice:choose query: 900 / 1000
INFO:artifice:choose query: 950 / 1000
INFO:artifice:chose query [2286, 2513, 2285, 2554, 2452, 2534, 2472, 2306, 2718, 2657] with uncertainties [(2286, -84.167305), (2513, -84.17402), (2285, -84.546745), (2554, -84.6614), (2452, -84.68989), (2534, -84.69613), (2472, -84.78295), (2306, -84.79269), (2718, -84.79716), (2657, -84.80606)]
INFO:artifice:querying [2286, 2513, 2285, 2554, 2452, 2534, 2472, 2306, 2718, 2657]...
2019-05-07 07:24:52.699295: I tensorflow/core/common_runtime/gpu/gpu_device.cc:1511] Adding visible gpu devices: 0
2019-05-07 07:24:52.699354: I tensorflow/core/common_runtime/gpu/gpu_device.cc:982] Device interconnect StreamExecutor with strength 1 edge matrix:
2019-05-07 07:24:52.699367: I tensorflow/core/common_runtime/gpu/gpu_device.cc:988]      0 
2019-05-07 07:24:52.699375: I tensorflow/core/common_runtime/gpu/gpu_device.cc:1001] 0:   N 
2019-05-07 07:24:52.699580: I tensorflow/core/common_runtime/gpu/gpu_device.cc:1115] Created TensorFlow device (/job:localhost/replica:0/task:0/device:GPU:0 with 10758 MB memory) -> physical GPU (device: 0, name: Tesla K80, pci bus id: 0000:09:00.0, compute capability: 3.7)
DEBUG:artifice:image: (?, ?, ?)
DEBUG:artifice:label: (?, ?)
DEBUG:artifice:annotation: (?, ?, ?)
2019-05-07 07:25:13.928611: I tensorflow/core/common_runtime/gpu/gpu_device.cc:1511] Adding visible gpu devices: 0
2019-05-07 07:25:13.928670: I tensorflow/core/common_runtime/gpu/gpu_device.cc:982] Device interconnect StreamExecutor with strength 1 edge matrix:
2019-05-07 07:25:13.928683: I tensorflow/core/common_runtime/gpu/gpu_device.cc:988]      0 
2019-05-07 07:25:13.928691: I tensorflow/core/common_runtime/gpu/gpu_device.cc:1001] 0:   N 
2019-05-07 07:25:13.928898: I tensorflow/core/common_runtime/gpu/gpu_device.cc:1115] Created TensorFlow device (/job:localhost/replica:0/task:0/device:GPU:0 with 10758 MB memory) -> physical GPU (device: 0, name: Tesla K80, pci bus id: 0000:09:00.0, compute capability: 3.7)
INFO:artifice:initialized iterator, starting accumulation...
INFO:artifice:finished accumulation
DEBUG:artifice:transforming object 0...
DEBUG:artifice:transforming object 1...
DEBUG:artifice:transforming object 2...
DEBUG:artifice:transforming object 3...
DEBUG:artifice:transforming object 4...
DEBUG:artifice:transforming object 5...
DEBUG:artifice:transforming object 6...
DEBUG:artifice:transforming object 7...
DEBUG:artifice:transforming object 8...
DEBUG:artifice:transforming object 9...
DEBUG:artifice:transforming object 10...
DEBUG:artifice:transforming object 11...
DEBUG:artifice:transforming object 12...
DEBUG:artifice:transforming object 13...
DEBUG:artifice:transforming object 14...
DEBUG:artifice:transforming object 15...
DEBUG:artifice:transforming object 16...
DEBUG:artifice:transforming object 17...
DEBUG:artifice:transforming object 18...
DEBUG:artifice:transforming object 19...
DEBUG:artifice:transforming object 20...
DEBUG:artifice:transforming object 21...
DEBUG:artifice:transforming object 22...
DEBUG:artifice:transforming object 23...
DEBUG:artifice:transforming object 24...
DEBUG:artifice:transforming object 25...
DEBUG:artifice:transforming object 26...
DEBUG:artifice:transforming object 27...
DEBUG:artifice:transforming object 28...
DEBUG:artifice:transforming object 29...
DEBUG:artifice:transforming object 30...
DEBUG:artifice:transforming object 31...
DEBUG:artifice:transforming object 32...
DEBUG:artifice:transforming object 33...
DEBUG:artifice:transforming object 34...
DEBUG:artifice:transforming object 35...
DEBUG:artifice:transforming object 36...
DEBUG:artifice:transforming object 37...
DEBUG:artifice:transforming object 38...
DEBUG:artifice:transforming object 39...
DEBUG:artifice:transforming object 40...
DEBUG:artifice:transforming object 41...
DEBUG:artifice:transforming object 42...
DEBUG:artifice:transforming object 43...
DEBUG:artifice:transforming object 44...
DEBUG:artifice:transforming object 45...
DEBUG:artifice:transforming object 46...
DEBUG:artifice:transforming object 47...
DEBUG:artifice:transforming object 48...
DEBUG:artifice:transforming object 49...
DEBUG:artifice:transforming object 50...
DEBUG:artifice:transforming object 51...
DEBUG:artifice:transforming object 52...
DEBUG:artifice:transforming object 53...
DEBUG:artifice:tiled: (<tf.Tensor 'stack:0' shape=(20, 284, 284, 1) dtype=float32>, <tf.Tensor 'stack_1:0' shape=(20, 196, 196, 1) dtype=float32>)
