INFO:artifice:Namespace(batch_size=[1], command='train', cores=[-1], data_root=['data/gyros'], eager=False, epoch_size=[1000], epochs=[20], image_shape=[600, 800, 1], initial_epoch=[8], keras_verbose=[2], l2_reg=[0.0001], learning_rate=[0.1], mode=['augmented-active'], model_root=['models/gyros_augmented-active_subset100'], num_candidates=[1000], num_objects=[54], output=['show'], overwrite=False, query_size=[10], regions_path=['data/gyros/regions.npy'], show=False, splits=[8542, 0, 300], subset_size=[100], tile_shape=[196, 196, 1], verbose=[2])
INFO:artifice:model: model
DEBUG:artifice:layer:(None, 284, 284, 1) -> (None, 284, 284, 1):input_1
DEBUG:artifice:layer:(None, 284, 284, 1) -> (None, 282, 282, 64):conv2d
DEBUG:artifice:layer:(None, 282, 282, 64) -> (None, 282, 282, 64):batch_normalization
DEBUG:artifice:layer:(None, 282, 282, 64) -> (None, 282, 282, 64):activation
DEBUG:artifice:layer:(None, 282, 282, 64) -> (None, 280, 280, 64):conv2d_1
DEBUG:artifice:layer:(None, 280, 280, 64) -> (None, 280, 280, 64):batch_normalization_1
DEBUG:artifice:layer:(None, 280, 280, 64) -> (None, 280, 280, 64):activation_1
DEBUG:artifice:layer:(None, 280, 280, 64) -> (None, 140, 140, 64):max_pooling2d
DEBUG:artifice:layer:(None, 140, 140, 64) -> (None, 140, 140, 64):dropout
DEBUG:artifice:layer:(None, 140, 140, 64) -> (None, 138, 138, 64):conv2d_2
DEBUG:artifice:layer:(None, 138, 138, 64) -> (None, 138, 138, 64):batch_normalization_2
DEBUG:artifice:layer:(None, 138, 138, 64) -> (None, 138, 138, 64):activation_2
DEBUG:artifice:layer:(None, 138, 138, 64) -> (None, 136, 136, 64):conv2d_3
DEBUG:artifice:layer:(None, 136, 136, 64) -> (None, 136, 136, 64):batch_normalization_3
DEBUG:artifice:layer:(None, 136, 136, 64) -> (None, 136, 136, 64):activation_3
DEBUG:artifice:layer:(None, 136, 136, 64) -> (None, 68, 68, 64):max_pooling2d_1
DEBUG:artifice:layer:(None, 68, 68, 64) -> (None, 68, 68, 64):dropout_1
DEBUG:artifice:layer:(None, 68, 68, 64) -> (None, 66, 66, 128):conv2d_4
DEBUG:artifice:layer:(None, 66, 66, 128) -> (None, 66, 66, 128):batch_normalization_4
DEBUG:artifice:layer:(None, 66, 66, 128) -> (None, 66, 66, 128):activation_4
DEBUG:artifice:layer:(None, 66, 66, 128) -> (None, 64, 64, 128):conv2d_5
DEBUG:artifice:layer:(None, 64, 64, 128) -> (None, 64, 64, 128):batch_normalization_5
DEBUG:artifice:layer:(None, 64, 64, 128) -> (None, 64, 64, 128):activation_5
DEBUG:artifice:layer:(None, 64, 64, 128) -> (None, 32, 32, 128):max_pooling2d_2
DEBUG:artifice:layer:(None, 32, 32, 128) -> (None, 32, 32, 128):dropout_2
DEBUG:artifice:layer:(None, 32, 32, 128) -> (None, 30, 30, 128):conv2d_6
DEBUG:artifice:layer:(None, 30, 30, 128) -> (None, 30, 30, 128):batch_normalization_6
DEBUG:artifice:layer:(None, 30, 30, 128) -> (None, 30, 30, 128):activation_6
DEBUG:artifice:layer:(None, 30, 30, 128) -> (None, 28, 28, 128):conv2d_7
DEBUG:artifice:layer:(None, 28, 28, 128) -> (None, 28, 28, 128):batch_normalization_7
DEBUG:artifice:layer:(None, 64, 64, 128) -> (None, 56, 56, 128):crop
DEBUG:artifice:layer:(None, 28, 28, 128) -> (None, 28, 28, 128):activation_7
DEBUG:artifice:layer:(None, 56, 56, 128) -> (None, 56, 56, 128):dropout_3
DEBUG:artifice:layer:(None, 28, 28, 128) -> (None, 56, 56, 128):conv2d_transpose
DEBUG:artifice:layer:[(None, 56, 56, 128), (None, 56, 56, 128)] -> (None, 56, 56, 256):concatenate
DEBUG:artifice:layer:(None, 56, 56, 256) -> (None, 54, 54, 128):conv2d_8
DEBUG:artifice:layer:(None, 54, 54, 128) -> (None, 54, 54, 128):batch_normalization_8
DEBUG:artifice:layer:(None, 54, 54, 128) -> (None, 54, 54, 128):activation_8
DEBUG:artifice:layer:(None, 54, 54, 128) -> (None, 52, 52, 128):conv2d_9
DEBUG:artifice:layer:(None, 52, 52, 128) -> (None, 52, 52, 128):batch_normalization_9
DEBUG:artifice:layer:(None, 136, 136, 64) -> (None, 104, 104, 64):crop_1
DEBUG:artifice:layer:(None, 52, 52, 128) -> (None, 52, 52, 128):activation_9
DEBUG:artifice:layer:(None, 104, 104, 64) -> (None, 104, 104, 64):dropout_4
DEBUG:artifice:layer:(None, 52, 52, 128) -> (None, 104, 104, 64):conv2d_transpose_1
DEBUG:artifice:layer:[(None, 104, 104, 64), (None, 104, 104, 64)] -> (None, 104, 104, 128):concatenate_1
DEBUG:artifice:layer:(None, 104, 104, 128) -> (None, 102, 102, 64):conv2d_10
DEBUG:artifice:layer:(None, 102, 102, 64) -> (None, 102, 102, 64):batch_normalization_10
DEBUG:artifice:layer:(None, 102, 102, 64) -> (None, 102, 102, 64):activation_10
DEBUG:artifice:layer:(None, 102, 102, 64) -> (None, 100, 100, 64):conv2d_11
DEBUG:artifice:layer:(None, 100, 100, 64) -> (None, 100, 100, 64):batch_normalization_11
DEBUG:artifice:layer:(None, 280, 280, 64) -> (None, 200, 200, 64):crop_2
DEBUG:artifice:layer:(None, 100, 100, 64) -> (None, 100, 100, 64):activation_11
DEBUG:artifice:layer:(None, 200, 200, 64) -> (None, 200, 200, 64):dropout_5
DEBUG:artifice:layer:(None, 100, 100, 64) -> (None, 200, 200, 64):conv2d_transpose_2
DEBUG:artifice:layer:[(None, 200, 200, 64), (None, 200, 200, 64)] -> (None, 200, 200, 128):concatenate_2
DEBUG:artifice:layer:(None, 200, 200, 128) -> (None, 198, 198, 64):conv2d_12
DEBUG:artifice:layer:(None, 198, 198, 64) -> (None, 198, 198, 64):batch_normalization_12
DEBUG:artifice:layer:(None, 198, 198, 64) -> (None, 198, 198, 64):activation_12
DEBUG:artifice:layer:(None, 198, 198, 64) -> (None, 196, 196, 64):conv2d_13
DEBUG:artifice:layer:(None, 196, 196, 64) -> (None, 196, 196, 64):batch_normalization_13
DEBUG:artifice:layer:(None, 196, 196, 64) -> (None, 196, 196, 64):activation_13
DEBUG:artifice:layer:(None, 196, 196, 64) -> (None, 196, 196, 1):conv2d_14
2019-05-07 21:29:46.204731: I tensorflow/core/platform/cpu_feature_guard.cc:141] Your CPU supports instructions that this TensorFlow binary was not compiled to use: SSE4.1 SSE4.2 AVX AVX2 FMA
2019-05-07 21:29:46.437839: I tensorflow/core/common_runtime/gpu/gpu_device.cc:1432] Found device 0 with properties: 
name: Tesla K80 major: 3 minor: 7 memoryClockRate(GHz): 0.8235
pciBusID: 0000:09:00.0
totalMemory: 11.17GiB freeMemory: 11.10GiB
2019-05-07 21:29:46.437911: I tensorflow/core/common_runtime/gpu/gpu_device.cc:1511] Adding visible gpu devices: 0
2019-05-07 21:29:46.794344: I tensorflow/core/common_runtime/gpu/gpu_device.cc:982] Device interconnect StreamExecutor with strength 1 edge matrix:
2019-05-07 21:29:46.794444: I tensorflow/core/common_runtime/gpu/gpu_device.cc:988]      0 
2019-05-07 21:29:46.794455: I tensorflow/core/common_runtime/gpu/gpu_device.cc:1001] 0:   N 
2019-05-07 21:29:46.794726: I tensorflow/core/common_runtime/gpu/gpu_device.cc:1115] Created TensorFlow device (/job:localhost/replica:0/task:0/device:GPU:0 with 10758 MB memory) -> physical GPU (device: 0, name: Tesla K80, pci bus id: 0000:09:00.0, compute capability: 3.7)
INFO:artifice:restored model from models/gyros_augmented-active_subset100/hourglass/cp-0008.hdf5
INFO:artifice:recovering previous queries...
INFO:artifice:recovered [817, 860, 903, 774, 771, 838, 792, 427, 766, 412]
INFO:artifice:recovered [1604, 1600, 1598, 1555, 1577, 1597, 1284, 1576, 1617, 1603]
INFO:artifice:recovered [2992, 2345, 2473, 2930, 2657, 2513, 2951, 2493, 2514, 2932]
INFO:artifice:recovered [3558, 3777, 3818, 3578, 3838, 3778, 3857, 3538, 3416, 3255]
INFO:artifice:recovered [35, 859, 57, 315, 79, 838, 101, 13, 380, 37]
INFO:artifice:recovered [1598, 1557, 1620, 1642, 1600, 1621, 1599, 1579, 1617, 1595]
INFO:artifice:recovered [2286, 2513, 2285, 2554, 2452, 2534, 2472, 2306, 2718, 2657]
INFO:artifice:recovered [3546, 3526, 3566, 3507, 3324, 3984, 3406, 3386, 3264, 3283]
INFO:artifice:Epoch 8/20
INFO:artifice:predicting round 0...
DEBUG:artifice:tiled: (<tf.Tensor 'stack:0' shape=(20, ?, ?, ?) dtype=float32>, <tf.Tensor 'stack_1:0' shape=(20, 196, 196, 1) dtype=float32>)
DEBUG:artifice:predict: {np.sum(np.isnan(out))} nan values
DEBUG:artifice:tiles: (20000, 196, 196, 1)
DEBUG:artifice:tiles: (20000, 196, 196, 1), num_tiles: 20, batch_size: 1
INFO:artifice:choose query: 0 / 1000
INFO:artifice:choose query: 50 / 1000
INFO:artifice:choose query: 100 / 1000
INFO:artifice:choose query: 150 / 1000
INFO:artifice:choose query: 200 / 1000
INFO:artifice:choose query: 250 / 1000
INFO:artifice:choose query: 300 / 1000
INFO:artifice:choose query: 350 / 1000
INFO:artifice:choose query: 400 / 1000
INFO:artifice:choose query: 450 / 1000
INFO:artifice:choose query: 500 / 1000
INFO:artifice:choose query: 550 / 1000
INFO:artifice:choose query: 600 / 1000
INFO:artifice:choose query: 650 / 1000
INFO:artifice:choose query: 700 / 1000
INFO:artifice:choose query: 750 / 1000
INFO:artifice:choose query: 800 / 1000
INFO:artifice:choose query: 850 / 1000
INFO:artifice:choose query: 900 / 1000
INFO:artifice:choose query: 950 / 1000
INFO:artifice:chose query [98, 180, 206, 315, 250, 9, 162, 725, 790, 120] with uncertainties [(98, -115.82677), (180, -115.88584), (206, -116.02114), (315, -116.030594), (250, -116.1351), (9, -116.207794), (162, -116.260315), (725, -116.3126), (790, -116.35722), (120, -116.37741)]
INFO:artifice:querying [98, 180, 206, 315, 250, 9, 162, 725, 790, 120]...
2019-05-07 22:23:10.524290: I tensorflow/core/common_runtime/gpu/gpu_device.cc:1511] Adding visible gpu devices: 0
2019-05-07 22:23:10.524384: I tensorflow/core/common_runtime/gpu/gpu_device.cc:982] Device interconnect StreamExecutor with strength 1 edge matrix:
2019-05-07 22:23:10.524398: I tensorflow/core/common_runtime/gpu/gpu_device.cc:988]      0 
2019-05-07 22:23:10.524407: I tensorflow/core/common_runtime/gpu/gpu_device.cc:1001] 0:   N 
2019-05-07 22:23:10.524594: I tensorflow/core/common_runtime/gpu/gpu_device.cc:1115] Created TensorFlow device (/job:localhost/replica:0/task:0/device:GPU:0 with 10758 MB memory) -> physical GPU (device: 0, name: Tesla K80, pci bus id: 0000:09:00.0, compute capability: 3.7)
DEBUG:artifice:image: (?, ?, ?)
DEBUG:artifice:label: (?, ?)
DEBUG:artifice:annotation: (?, ?, ?)
2019-05-07 22:23:30.080066: I tensorflow/core/common_runtime/gpu/gpu_device.cc:1511] Adding visible gpu devices: 0
2019-05-07 22:23:30.080163: I tensorflow/core/common_runtime/gpu/gpu_device.cc:982] Device interconnect StreamExecutor with strength 1 edge matrix:
2019-05-07 22:23:30.080178: I tensorflow/core/common_runtime/gpu/gpu_device.cc:988]      0 
2019-05-07 22:23:30.080187: I tensorflow/core/common_runtime/gpu/gpu_device.cc:1001] 0:   N 
2019-05-07 22:23:30.080407: I tensorflow/core/common_runtime/gpu/gpu_device.cc:1115] Created TensorFlow device (/job:localhost/replica:0/task:0/device:GPU:0 with 10758 MB memory) -> physical GPU (device: 0, name: Tesla K80, pci bus id: 0000:09:00.0, compute capability: 3.7)
INFO:artifice:initialized iterator, starting accumulation...
INFO:artifice:finished accumulation
DEBUG:artifice:transforming object 0...
DEBUG:artifice:transforming object 1...
DEBUG:artifice:transforming object 2...
DEBUG:artifice:transforming object 3...
DEBUG:artifice:transforming object 4...
DEBUG:artifice:transforming object 5...
DEBUG:artifice:transforming object 6...
DEBUG:artifice:transforming object 7...
DEBUG:artifice:transforming object 8...
DEBUG:artifice:transforming object 9...
DEBUG:artifice:transforming object 10...
DEBUG:artifice:transforming object 11...
DEBUG:artifice:transforming object 12...
DEBUG:artifice:transforming object 13...
DEBUG:artifice:transforming object 14...
DEBUG:artifice:transforming object 15...
DEBUG:artifice:transforming object 16...
DEBUG:artifice:transforming object 17...
DEBUG:artifice:transforming object 18...
DEBUG:artifice:transforming object 19...
DEBUG:artifice:transforming object 20...
DEBUG:artifice:transforming object 21...
DEBUG:artifice:transforming object 22...
DEBUG:artifice:transforming object 23...
DEBUG:artifice:transforming object 24...
DEBUG:artifice:transforming object 25...
DEBUG:artifice:transforming object 26...
DEBUG:artifice:transforming object 27...
DEBUG:artifice:transforming object 28...
DEBUG:artifice:transforming object 29...
DEBUG:artifice:transforming object 30...
DEBUG:artifice:transforming object 31...
DEBUG:artifice:transforming object 32...
DEBUG:artifice:transforming object 33...
DEBUG:artifice:transforming object 34...
DEBUG:artifice:transforming object 35...
DEBUG:artifice:transforming object 36...
DEBUG:artifice:transforming object 37...
DEBUG:artifice:transforming object 38...
DEBUG:artifice:transforming object 39...
DEBUG:artifice:transforming object 40...
DEBUG:artifice:transforming object 41...
DEBUG:artifice:transforming object 42...
DEBUG:artifice:transforming object 43...
DEBUG:artifice:transforming object 44...
DEBUG:artifice:transforming object 45...
DEBUG:artifice:transforming object 46...
DEBUG:artifice:transforming object 47...
DEBUG:artifice:transforming object 48...
DEBUG:artifice:transforming object 49...
DEBUG:artifice:transforming object 50...
DEBUG:artifice:transforming object 51...
DEBUG:artifice:transforming object 52...
DEBUG:artifice:transforming object 53...
DEBUG:artifice:tiled: (<tf.Tensor 'stack:0' shape=(20, 284, 284, 1) dtype=float32>, <tf.Tensor 'stack_1:0' shape=(20, 196, 196, 1) dtype=float32>)
INFO:artifice:epoch 8 history saved to models/gyros_augmented-active_subset100/history.json
INFO:artifice:Epoch 9/20
INFO:artifice:predicting round 0...
DEBUG:artifice:tiled: (<tf.Tensor 'stack:0' shape=(20, ?, ?, ?) dtype=float32>, <tf.Tensor 'stack_1:0' shape=(20, 196, 196, 1) dtype=float32>)
DEBUG:artifice:predict: {np.sum(np.isnan(out))} nan values
DEBUG:artifice:tiles: (20000, 196, 196, 1)
DEBUG:artifice:tiles: (20000, 196, 196, 1), num_tiles: 20, batch_size: 1
INFO:artifice:choose query: 0 / 1000
INFO:artifice:choose query: 50 / 1000
INFO:artifice:choose query: 100 / 1000
INFO:artifice:choose query: 150 / 1000
INFO:artifice:choose query: 200 / 1000
INFO:artifice:choose query: 250 / 1000
INFO:artifice:choose query: 300 / 1000
INFO:artifice:choose query: 350 / 1000
INFO:artifice:choose query: 400 / 1000
INFO:artifice:choose query: 450 / 1000
INFO:artifice:choose query: 500 / 1000
INFO:artifice:choose query: 550 / 1000
INFO:artifice:choose query: 600 / 1000
INFO:artifice:choose query: 650 / 1000
INFO:artifice:choose query: 700 / 1000
INFO:artifice:choose query: 750 / 1000
INFO:artifice:choose query: 800 / 1000
INFO:artifice:choose query: 850 / 1000
INFO:artifice:choose query: 900 / 1000
INFO:artifice:choose query: 950 / 1000
INFO:artifice:chose query [1598, 1617, 1615, 1534, 1595, 1594, 1764, 1320, 1557, 1172] with uncertainties [(1598, -193.15155), (1617, -193.70036), (1615, -193.73706), (1534, -193.7624), (1595, -193.8221), (1594, -194.04633), (1764, -194.07062), (1320, -194.33826), (1557, -194.36086), (1172, -194.37587)]
INFO:artifice:querying [1598, 1617, 1615, 1534, 1595, 1594, 1764, 1320, 1557, 1172]...
2019-05-08 03:37:54.475727: I tensorflow/core/common_runtime/gpu/gpu_device.cc:1511] Adding visible gpu devices: 0
2019-05-08 03:37:54.475820: I tensorflow/core/common_runtime/gpu/gpu_device.cc:982] Device interconnect StreamExecutor with strength 1 edge matrix:
2019-05-08 03:37:54.475834: I tensorflow/core/common_runtime/gpu/gpu_device.cc:988]      0 
2019-05-08 03:37:54.475842: I tensorflow/core/common_runtime/gpu/gpu_device.cc:1001] 0:   N 
2019-05-08 03:37:54.476012: I tensorflow/core/common_runtime/gpu/gpu_device.cc:1115] Created TensorFlow device (/job:localhost/replica:0/task:0/device:GPU:0 with 10758 MB memory) -> physical GPU (device: 0, name: Tesla K80, pci bus id: 0000:09:00.0, compute capability: 3.7)
DEBUG:artifice:image: (?, ?, ?)
DEBUG:artifice:label: (?, ?)
DEBUG:artifice:annotation: (?, ?, ?)
2019-05-08 03:38:13.704499: I tensorflow/core/common_runtime/gpu/gpu_device.cc:1511] Adding visible gpu devices: 0
2019-05-08 03:38:13.704567: I tensorflow/core/common_runtime/gpu/gpu_device.cc:982] Device interconnect StreamExecutor with strength 1 edge matrix:
2019-05-08 03:38:13.704580: I tensorflow/core/common_runtime/gpu/gpu_device.cc:988]      0 
2019-05-08 03:38:13.704588: I tensorflow/core/common_runtime/gpu/gpu_device.cc:1001] 0:   N 
2019-05-08 03:38:13.704798: I tensorflow/core/common_runtime/gpu/gpu_device.cc:1115] Created TensorFlow device (/job:localhost/replica:0/task:0/device:GPU:0 with 10758 MB memory) -> physical GPU (device: 0, name: Tesla K80, pci bus id: 0000:09:00.0, compute capability: 3.7)
INFO:artifice:initialized iterator, starting accumulation...
INFO:artifice:finished accumulation
DEBUG:artifice:transforming object 0...
DEBUG:artifice:transforming object 1...
DEBUG:artifice:transforming object 2...
DEBUG:artifice:transforming object 3...
DEBUG:artifice:transforming object 4...
DEBUG:artifice:transforming object 5...
DEBUG:artifice:transforming object 6...
DEBUG:artifice:transforming object 7...
DEBUG:artifice:transforming object 8...
DEBUG:artifice:transforming object 9...
DEBUG:artifice:transforming object 10...
DEBUG:artifice:transforming object 11...
DEBUG:artifice:transforming object 12...
DEBUG:artifice:transforming object 13...
DEBUG:artifice:transforming object 14...
DEBUG:artifice:transforming object 15...
DEBUG:artifice:transforming object 16...
DEBUG:artifice:transforming object 17...
DEBUG:artifice:transforming object 18...
DEBUG:artifice:transforming object 19...
DEBUG:artifice:transforming object 20...
DEBUG:artifice:transforming object 21...
DEBUG:artifice:transforming object 22...
DEBUG:artifice:transforming object 23...
DEBUG:artifice:transforming object 24...
DEBUG:artifice:transforming object 25...
DEBUG:artifice:transforming object 26...
DEBUG:artifice:transforming object 27...
DEBUG:artifice:transforming object 28...
DEBUG:artifice:transforming object 29...
DEBUG:artifice:transforming object 30...
DEBUG:artifice:transforming object 31...
DEBUG:artifice:transforming object 32...
DEBUG:artifice:transforming object 33...
DEBUG:artifice:transforming object 34...
DEBUG:artifice:transforming object 35...
DEBUG:artifice:transforming object 36...
DEBUG:artifice:transforming object 37...
DEBUG:artifice:transforming object 38...
DEBUG:artifice:transforming object 39...
DEBUG:artifice:transforming object 40...
DEBUG:artifice:transforming object 41...
DEBUG:artifice:transforming object 42...
DEBUG:artifice:transforming object 43...
DEBUG:artifice:transforming object 44...
DEBUG:artifice:transforming object 45...
DEBUG:artifice:transforming object 46...
DEBUG:artifice:transforming object 47...
DEBUG:artifice:transforming object 48...
DEBUG:artifice:transforming object 49...
DEBUG:artifice:transforming object 50...
DEBUG:artifice:transforming object 51...
DEBUG:artifice:transforming object 52...
DEBUG:artifice:transforming object 53...
DEBUG:artifice:tiled: (<tf.Tensor 'stack:0' shape=(20, 284, 284, 1) dtype=float32>, <tf.Tensor 'stack_1:0' shape=(20, 196, 196, 1) dtype=float32>)
INFO:artifice:epoch 9 history saved to models/gyros_augmented-active_subset100/history.json
DEBUG:artifice:transforming object 0...
DEBUG:artifice:transforming object 1...
DEBUG:artifice:transforming object 2...
DEBUG:artifice:transforming object 3...
DEBUG:artifice:transforming object 4...
DEBUG:artifice:transforming object 5...
DEBUG:artifice:transforming object 6...
DEBUG:artifice:transforming object 7...
DEBUG:artifice:transforming object 8...
DEBUG:artifice:transforming object 9...
DEBUG:artifice:transforming object 10...
DEBUG:artifice:transforming object 11...
DEBUG:artifice:transforming object 12...
DEBUG:artifice:transforming object 13...
DEBUG:artifice:transforming object 14...
DEBUG:artifice:transforming object 15...
DEBUG:artifice:transforming object 16...
DEBUG:artifice:transforming object 17...
DEBUG:artifice:transforming object 18...
DEBUG:artifice:transforming object 19...
DEBUG:artifice:transforming object 20...
DEBUG:artifice:transforming object 21...
DEBUG:artifice:transforming object 22...
DEBUG:artifice:transforming object 23...
DEBUG:artifice:transforming object 24...
DEBUG:artifice:transforming object 25...
DEBUG:artifice:transforming object 26...
DEBUG:artifice:transforming object 27...
DEBUG:artifice:transforming object 28...
DEBUG:artifice:transforming object 29...
DEBUG:artifice:transforming object 30...
DEBUG:artifice:transforming object 31...
DEBUG:artifice:transforming object 32...
DEBUG:artifice:transforming object 33...
DEBUG:artifice:transforming object 34...
DEBUG:artifice:transforming object 35...
DEBUG:artifice:transforming object 36...
DEBUG:artifice:transforming object 37...
DEBUG:artifice:transforming object 38...
DEBUG:artifice:transforming object 39...
DEBUG:artifice:transforming object 40...
DEBUG:artifice:transforming object 41...
DEBUG:artifice:transforming object 42...
DEBUG:artifice:transforming object 43...
DEBUG:artifice:transforming object 44...
DEBUG:artifice:transforming object 45...
DEBUG:artifice:transforming object 46...
DEBUG:artifice:transforming object 47...
DEBUG:artifice:transforming object 48...
DEBUG:artifice:transforming object 49...
DEBUG:artifice:transforming object 50...
DEBUG:artifice:transforming object 51...
DEBUG:artifice:transforming object 52...
DEBUG:artifice:transforming object 53...
DEBUG:artifice:tiled: (<tf.Tensor 'stack:0' shape=(20, 284, 284, 1) dtype=float32>, <tf.Tensor 'stack_1:0' shape=(20, 196, 196, 1) dtype=float32>)
slurmstepd-midway2-gpu02: error: *** JOB 60172981 ON midway2-gpu02 CANCELLED AT 2019-05-08T21:27:58 DUE TO TIME LIMIT ***
