INFO:artifice:creating 'models/gyros_augmented-active_subset100'
INFO:artifice:creating 'models/gyros_augmented-active_subset100/gyros'
INFO:artifice:creating 'models/gyros_augmented-active_subset100/annotated_subsets'
INFO:artifice:creating 'models/gyros_augmented-active_subset100/labeled_subsets'
INFO:artifice:Namespace(batch_size=[1], command='train', cores=[-1], data_root=['data/gyros'], eager=False, epoch_size=[1000], epochs=[20], image_shape=[600, 800, 1], keras_verbose=[2], l2_reg=[0.0001], learning_rate=[0.1], mode=['augmented-active'], model_root=['models/gyros_augmented-active_subset100'], num_candidates=[1000], num_objects=[54], output=['show'], overwrite=True, query_size=[10], regions_path=['data/gyros/regions.npy'], show=False, splits=[8542, 0, 300], subset_size=[100], tile_shape=[196, 196, 1], verbose=[2])
INFO:artifice:model: model
DEBUG:artifice:layer:(None, 284, 284, 1) -> (None, 284, 284, 1):input_1
DEBUG:artifice:layer:(None, 284, 284, 1) -> (None, 282, 282, 64):conv2d
DEBUG:artifice:layer:(None, 282, 282, 64) -> (None, 282, 282, 64):batch_normalization
DEBUG:artifice:layer:(None, 282, 282, 64) -> (None, 282, 282, 64):activation
DEBUG:artifice:layer:(None, 282, 282, 64) -> (None, 280, 280, 64):conv2d_1
DEBUG:artifice:layer:(None, 280, 280, 64) -> (None, 280, 280, 64):batch_normalization_1
DEBUG:artifice:layer:(None, 280, 280, 64) -> (None, 280, 280, 64):activation_1
DEBUG:artifice:layer:(None, 280, 280, 64) -> (None, 140, 140, 64):max_pooling2d
DEBUG:artifice:layer:(None, 140, 140, 64) -> (None, 140, 140, 64):dropout
DEBUG:artifice:layer:(None, 140, 140, 64) -> (None, 138, 138, 64):conv2d_2
DEBUG:artifice:layer:(None, 138, 138, 64) -> (None, 138, 138, 64):batch_normalization_2
DEBUG:artifice:layer:(None, 138, 138, 64) -> (None, 138, 138, 64):activation_2
DEBUG:artifice:layer:(None, 138, 138, 64) -> (None, 136, 136, 64):conv2d_3
DEBUG:artifice:layer:(None, 136, 136, 64) -> (None, 136, 136, 64):batch_normalization_3
DEBUG:artifice:layer:(None, 136, 136, 64) -> (None, 136, 136, 64):activation_3
DEBUG:artifice:layer:(None, 136, 136, 64) -> (None, 68, 68, 64):max_pooling2d_1
DEBUG:artifice:layer:(None, 68, 68, 64) -> (None, 68, 68, 64):dropout_1
DEBUG:artifice:layer:(None, 68, 68, 64) -> (None, 66, 66, 128):conv2d_4
DEBUG:artifice:layer:(None, 66, 66, 128) -> (None, 66, 66, 128):batch_normalization_4
DEBUG:artifice:layer:(None, 66, 66, 128) -> (None, 66, 66, 128):activation_4
DEBUG:artifice:layer:(None, 66, 66, 128) -> (None, 64, 64, 128):conv2d_5
DEBUG:artifice:layer:(None, 64, 64, 128) -> (None, 64, 64, 128):batch_normalization_5
DEBUG:artifice:layer:(None, 64, 64, 128) -> (None, 64, 64, 128):activation_5
DEBUG:artifice:layer:(None, 64, 64, 128) -> (None, 32, 32, 128):max_pooling2d_2
DEBUG:artifice:layer:(None, 32, 32, 128) -> (None, 32, 32, 128):dropout_2
DEBUG:artifice:layer:(None, 32, 32, 128) -> (None, 30, 30, 128):conv2d_6
DEBUG:artifice:layer:(None, 30, 30, 128) -> (None, 30, 30, 128):batch_normalization_6
DEBUG:artifice:layer:(None, 30, 30, 128) -> (None, 30, 30, 128):activation_6
DEBUG:artifice:layer:(None, 30, 30, 128) -> (None, 28, 28, 128):conv2d_7
DEBUG:artifice:layer:(None, 28, 28, 128) -> (None, 28, 28, 128):batch_normalization_7
DEBUG:artifice:layer:(None, 64, 64, 128) -> (None, 56, 56, 128):crop
DEBUG:artifice:layer:(None, 28, 28, 128) -> (None, 28, 28, 128):activation_7
DEBUG:artifice:layer:(None, 56, 56, 128) -> (None, 56, 56, 128):dropout_3
DEBUG:artifice:layer:(None, 28, 28, 128) -> (None, 56, 56, 128):conv2d_transpose
DEBUG:artifice:layer:[(None, 56, 56, 128), (None, 56, 56, 128)] -> (None, 56, 56, 256):concatenate
DEBUG:artifice:layer:(None, 56, 56, 256) -> (None, 54, 54, 128):conv2d_8
DEBUG:artifice:layer:(None, 54, 54, 128) -> (None, 54, 54, 128):batch_normalization_8
DEBUG:artifice:layer:(None, 54, 54, 128) -> (None, 54, 54, 128):activation_8
DEBUG:artifice:layer:(None, 54, 54, 128) -> (None, 52, 52, 128):conv2d_9
DEBUG:artifice:layer:(None, 52, 52, 128) -> (None, 52, 52, 128):batch_normalization_9
DEBUG:artifice:layer:(None, 136, 136, 64) -> (None, 104, 104, 64):crop_1
DEBUG:artifice:layer:(None, 52, 52, 128) -> (None, 52, 52, 128):activation_9
DEBUG:artifice:layer:(None, 104, 104, 64) -> (None, 104, 104, 64):dropout_4
DEBUG:artifice:layer:(None, 52, 52, 128) -> (None, 104, 104, 64):conv2d_transpose_1
DEBUG:artifice:layer:[(None, 104, 104, 64), (None, 104, 104, 64)] -> (None, 104, 104, 128):concatenate_1
DEBUG:artifice:layer:(None, 104, 104, 128) -> (None, 102, 102, 64):conv2d_10
DEBUG:artifice:layer:(None, 102, 102, 64) -> (None, 102, 102, 64):batch_normalization_10
DEBUG:artifice:layer:(None, 102, 102, 64) -> (None, 102, 102, 64):activation_10
DEBUG:artifice:layer:(None, 102, 102, 64) -> (None, 100, 100, 64):conv2d_11
DEBUG:artifice:layer:(None, 100, 100, 64) -> (None, 100, 100, 64):batch_normalization_11
DEBUG:artifice:layer:(None, 280, 280, 64) -> (None, 200, 200, 64):crop_2
DEBUG:artifice:layer:(None, 100, 100, 64) -> (None, 100, 100, 64):activation_11
DEBUG:artifice:layer:(None, 200, 200, 64) -> (None, 200, 200, 64):dropout_5
DEBUG:artifice:layer:(None, 100, 100, 64) -> (None, 200, 200, 64):conv2d_transpose_2
DEBUG:artifice:layer:[(None, 200, 200, 64), (None, 200, 200, 64)] -> (None, 200, 200, 128):concatenate_2
DEBUG:artifice:layer:(None, 200, 200, 128) -> (None, 198, 198, 64):conv2d_12
DEBUG:artifice:layer:(None, 198, 198, 64) -> (None, 198, 198, 64):batch_normalization_12
DEBUG:artifice:layer:(None, 198, 198, 64) -> (None, 198, 198, 64):activation_12
DEBUG:artifice:layer:(None, 198, 198, 64) -> (None, 196, 196, 64):conv2d_13
DEBUG:artifice:layer:(None, 196, 196, 64) -> (None, 196, 196, 64):batch_normalization_13
DEBUG:artifice:layer:(None, 196, 196, 64) -> (None, 196, 196, 64):activation_13
DEBUG:artifice:layer:(None, 196, 196, 64) -> (None, 196, 196, 1):conv2d_14
INFO:artifice:Epoch 0/20
2019-05-03 21:27:17.696240: I tensorflow/core/platform/cpu_feature_guard.cc:141] Your CPU supports instructions that this TensorFlow binary was not compiled to use: SSE4.1 SSE4.2 AVX AVX2 FMA
2019-05-03 21:27:17.929354: I tensorflow/core/common_runtime/gpu/gpu_device.cc:1432] Found device 0 with properties: 
name: Tesla K80 major: 3 minor: 7 memoryClockRate(GHz): 0.8235
pciBusID: 0000:88:00.0
totalMemory: 11.17GiB freeMemory: 11.10GiB
2019-05-03 21:27:17.929434: I tensorflow/core/common_runtime/gpu/gpu_device.cc:1511] Adding visible gpu devices: 0
2019-05-03 21:27:28.165930: I tensorflow/core/common_runtime/gpu/gpu_device.cc:982] Device interconnect StreamExecutor with strength 1 edge matrix:
2019-05-03 21:27:28.166001: I tensorflow/core/common_runtime/gpu/gpu_device.cc:988]      0 
2019-05-03 21:27:28.166018: I tensorflow/core/common_runtime/gpu/gpu_device.cc:1001] 0:   N 
2019-05-03 21:27:28.166456: I tensorflow/core/common_runtime/gpu/gpu_device.cc:1115] Created TensorFlow device (/job:localhost/replica:0/task:0/device:GPU:0 with 10758 MB memory) -> physical GPU (device: 0, name: Tesla K80, pci bus id: 0000:88:00.0, compute capability: 3.7)
DEBUG:artifice:image: (?, ?, ?)
DEBUG:artifice:label: (?, ?)
DEBUG:artifice:annotation: (?, ?, ?)
2019-05-03 21:27:44.330730: I tensorflow/core/common_runtime/gpu/gpu_device.cc:1511] Adding visible gpu devices: 0
2019-05-03 21:27:44.330790: I tensorflow/core/common_runtime/gpu/gpu_device.cc:982] Device interconnect StreamExecutor with strength 1 edge matrix:
2019-05-03 21:27:44.330803: I tensorflow/core/common_runtime/gpu/gpu_device.cc:988]      0 
2019-05-03 21:27:44.330811: I tensorflow/core/common_runtime/gpu/gpu_device.cc:1001] 0:   N 
2019-05-03 21:27:44.331090: I tensorflow/core/common_runtime/gpu/gpu_device.cc:1115] Created TensorFlow device (/job:localhost/replica:0/task:0/device:GPU:0 with 10758 MB memory) -> physical GPU (device: 0, name: Tesla K80, pci bus id: 0000:88:00.0, compute capability: 3.7)
INFO:artifice:initialized iterator, starting accumulation...
INFO:artifice:finished accumulation
DEBUG:artifice:transforming object 0...
DEBUG:artifice:transforming object 1...
DEBUG:artifice:transforming object 2...
DEBUG:artifice:transforming object 3...
DEBUG:artifice:transforming object 4...
DEBUG:artifice:transforming object 5...
DEBUG:artifice:transforming object 6...
DEBUG:artifice:transforming object 7...
DEBUG:artifice:transforming object 8...
DEBUG:artifice:transforming object 9...
DEBUG:artifice:transforming object 10...
DEBUG:artifice:transforming object 11...
DEBUG:artifice:transforming object 12...
DEBUG:artifice:transforming object 13...
DEBUG:artifice:transforming object 14...
DEBUG:artifice:transforming object 15...
DEBUG:artifice:transforming object 16...
DEBUG:artifice:transforming object 17...
DEBUG:artifice:transforming object 18...
DEBUG:artifice:transforming object 19...
DEBUG:artifice:transforming object 20...
DEBUG:artifice:transforming object 21...
DEBUG:artifice:transforming object 22...
DEBUG:artifice:transforming object 23...
DEBUG:artifice:transforming object 24...
DEBUG:artifice:transforming object 25...
DEBUG:artifice:transforming object 26...
DEBUG:artifice:transforming object 27...
DEBUG:artifice:transforming object 28...
DEBUG:artifice:transforming object 29...
DEBUG:artifice:transforming object 30...
DEBUG:artifice:transforming object 31...
DEBUG:artifice:transforming object 32...
DEBUG:artifice:transforming object 33...
DEBUG:artifice:transforming object 34...
DEBUG:artifice:transforming object 35...
DEBUG:artifice:transforming object 36...
DEBUG:artifice:transforming object 37...
DEBUG:artifice:transforming object 38...
DEBUG:artifice:transforming object 39...
DEBUG:artifice:transforming object 40...
DEBUG:artifice:transforming object 41...
DEBUG:artifice:transforming object 42...
DEBUG:artifice:transforming object 43...
DEBUG:artifice:transforming object 44...
DEBUG:artifice:transforming object 45...
DEBUG:artifice:transforming object 46...
DEBUG:artifice:transforming object 47...
DEBUG:artifice:transforming object 48...
DEBUG:artifice:transforming object 49...
DEBUG:artifice:transforming object 50...
DEBUG:artifice:transforming object 51...
DEBUG:artifice:transforming object 52...
DEBUG:artifice:transforming object 53...
DEBUG:artifice:tiled: (<tf.Tensor 'stack:0' shape=(20, 284, 284, 1) dtype=float32>, <tf.Tensor 'stack_1:0' shape=(20, 196, 196, 1) dtype=float32>)
2019-05-03 21:28:32.365211: I tensorflow/core/common_runtime/gpu/gpu_device.cc:1511] Adding visible gpu devices: 0
2019-05-03 21:28:32.365292: I tensorflow/core/common_runtime/gpu/gpu_device.cc:982] Device interconnect StreamExecutor with strength 1 edge matrix:
2019-05-03 21:28:32.365305: I tensorflow/core/common_runtime/gpu/gpu_device.cc:988]      0 
2019-05-03 21:28:32.365313: I tensorflow/core/common_runtime/gpu/gpu_device.cc:1001] 0:   N 
2019-05-03 21:28:32.365612: I tensorflow/core/common_runtime/gpu/gpu_device.cc:1115] Created TensorFlow device (/job:localhost/replica:0/task:0/device:GPU:0 with 10758 MB memory) -> physical GPU (device: 0, name: Tesla K80, pci bus id: 0000:88:00.0, compute capability: 3.7)
INFO:artifice:Epoch 1/20
INFO:artifice:predicting round 0...
DEBUG:artifice:tiled: (<tf.Tensor 'stack:0' shape=(20, ?, ?, ?) dtype=float32>, <tf.Tensor 'stack_1:0' shape=(20, 196, 196, 1) dtype=float32>)
DEBUG:artifice:predict: {np.sum(np.isnan(out))} nan values
DEBUG:artifice:tiles: (20000, 196, 196, 1)
DEBUG:artifice:tiles: (20000, 196, 196, 1), num_tiles: 20, batch_size: 1
INFO:artifice:choose query: 0 / 1000
INFO:artifice:choose query: 50 / 1000
INFO:artifice:choose query: 100 / 1000
INFO:artifice:choose query: 150 / 1000
INFO:artifice:choose query: 200 / 1000
INFO:artifice:choose query: 250 / 1000
INFO:artifice:choose query: 300 / 1000
INFO:artifice:choose query: 350 / 1000
INFO:artifice:choose query: 400 / 1000
INFO:artifice:choose query: 450 / 1000
INFO:artifice:choose query: 500 / 1000
INFO:artifice:choose query: 550 / 1000
INFO:artifice:choose query: 600 / 1000
INFO:artifice:choose query: 650 / 1000
INFO:artifice:choose query: 700 / 1000
INFO:artifice:choose query: 750 / 1000
INFO:artifice:choose query: 800 / 1000
INFO:artifice:choose query: 850 / 1000
INFO:artifice:choose query: 900 / 1000
INFO:artifice:choose query: 950 / 1000
INFO:artifice:chose query [877, 952, 411, 775, 539, 327, 876, 935, 946, 959] with uncertainties [(877, -5.696561), (952, -5.7103868), (411, -5.7124104), (775, -5.7137804), (539, -5.722459), (327, -5.7247305), (876, -5.724774), (935, -5.7257376), (946, -5.7269344), (959, -5.727619)]
INFO:artifice:querying [877, 952, 411, 775, 539, 327, 876, 935, 946, 959]...
2019-05-04 01:49:12.374945: I tensorflow/core/common_runtime/gpu/gpu_device.cc:1511] Adding visible gpu devices: 0
2019-05-04 01:49:12.375013: I tensorflow/core/common_runtime/gpu/gpu_device.cc:982] Device interconnect StreamExecutor with strength 1 edge matrix:
2019-05-04 01:49:12.375029: I tensorflow/core/common_runtime/gpu/gpu_device.cc:988]      0 
2019-05-04 01:49:12.375040: I tensorflow/core/common_runtime/gpu/gpu_device.cc:1001] 0:   N 
2019-05-04 01:49:12.375230: I tensorflow/core/common_runtime/gpu/gpu_device.cc:1115] Created TensorFlow device (/job:localhost/replica:0/task:0/device:GPU:0 with 10758 MB memory) -> physical GPU (device: 0, name: Tesla K80, pci bus id: 0000:88:00.0, compute capability: 3.7)
DEBUG:artifice:image: (?, ?, ?)
DEBUG:artifice:label: (?, ?)
DEBUG:artifice:annotation: (?, ?, ?)
2019-05-04 01:49:28.134079: I tensorflow/core/common_runtime/gpu/gpu_device.cc:1511] Adding visible gpu devices: 0
2019-05-04 01:49:28.134142: I tensorflow/core/common_runtime/gpu/gpu_device.cc:982] Device interconnect StreamExecutor with strength 1 edge matrix:
2019-05-04 01:49:28.134154: I tensorflow/core/common_runtime/gpu/gpu_device.cc:988]      0 
2019-05-04 01:49:28.134162: I tensorflow/core/common_runtime/gpu/gpu_device.cc:1001] 0:   N 
2019-05-04 01:49:28.134362: I tensorflow/core/common_runtime/gpu/gpu_device.cc:1115] Created TensorFlow device (/job:localhost/replica:0/task:0/device:GPU:0 with 10758 MB memory) -> physical GPU (device: 0, name: Tesla K80, pci bus id: 0000:88:00.0, compute capability: 3.7)
INFO:artifice:initialized iterator, starting accumulation...
INFO:artifice:finished accumulation
DEBUG:artifice:transforming object 0...
DEBUG:artifice:transforming object 1...
DEBUG:artifice:transforming object 2...
DEBUG:artifice:transforming object 3...
DEBUG:artifice:transforming object 4...
DEBUG:artifice:transforming object 5...
DEBUG:artifice:transforming object 6...
DEBUG:artifice:transforming object 7...
DEBUG:artifice:transforming object 8...
DEBUG:artifice:transforming object 9...
DEBUG:artifice:transforming object 10...
DEBUG:artifice:transforming object 11...
DEBUG:artifice:transforming object 12...
DEBUG:artifice:transforming object 13...
DEBUG:artifice:transforming object 14...
DEBUG:artifice:transforming object 15...
DEBUG:artifice:transforming object 16...
DEBUG:artifice:transforming object 17...
DEBUG:artifice:transforming object 18...
DEBUG:artifice:transforming object 19...
DEBUG:artifice:transforming object 20...
DEBUG:artifice:transforming object 21...
DEBUG:artifice:transforming object 22...
DEBUG:artifice:transforming object 23...
DEBUG:artifice:transforming object 24...
DEBUG:artifice:transforming object 25...
DEBUG:artifice:transforming object 26...
DEBUG:artifice:transforming object 27...
DEBUG:artifice:transforming object 28...
DEBUG:artifice:transforming object 29...
DEBUG:artifice:transforming object 30...
DEBUG:artifice:transforming object 31...
DEBUG:artifice:transforming object 32...
DEBUG:artifice:transforming object 33...
DEBUG:artifice:transforming object 34...
DEBUG:artifice:transforming object 35...
DEBUG:artifice:transforming object 36...
DEBUG:artifice:transforming object 37...
DEBUG:artifice:transforming object 38...
DEBUG:artifice:transforming object 39...
DEBUG:artifice:transforming object 40...
DEBUG:artifice:transforming object 41...
DEBUG:artifice:transforming object 42...
DEBUG:artifice:transforming object 43...
DEBUG:artifice:transforming object 44...
DEBUG:artifice:transforming object 45...
DEBUG:artifice:transforming object 46...
DEBUG:artifice:transforming object 47...
DEBUG:artifice:transforming object 48...
DEBUG:artifice:transforming object 49...
DEBUG:artifice:transforming object 50...
DEBUG:artifice:transforming object 51...
DEBUG:artifice:transforming object 52...
DEBUG:artifice:transforming object 53...
DEBUG:artifice:tiled: (<tf.Tensor 'stack:0' shape=(20, 284, 284, 1) dtype=float32>, <tf.Tensor 'stack_1:0' shape=(20, 196, 196, 1) dtype=float32>)
INFO:artifice:Epoch 2/20
INFO:artifice:predicting round 0...
DEBUG:artifice:tiled: (<tf.Tensor 'stack:0' shape=(20, ?, ?, ?) dtype=float32>, <tf.Tensor 'stack_1:0' shape=(20, 196, 196, 1) dtype=float32>)
DEBUG:artifice:predict: {np.sum(np.isnan(out))} nan values
DEBUG:artifice:tiles: (20000, 196, 196, 1)
DEBUG:artifice:tiles: (20000, 196, 196, 1), num_tiles: 20, batch_size: 1
INFO:artifice:choose query: 0 / 1000
INFO:artifice:choose query: 50 / 1000
INFO:artifice:choose query: 100 / 1000
INFO:artifice:choose query: 150 / 1000
INFO:artifice:choose query: 200 / 1000
INFO:artifice:choose query: 250 / 1000
INFO:artifice:choose query: 300 / 1000
INFO:artifice:choose query: 350 / 1000
INFO:artifice:choose query: 400 / 1000
INFO:artifice:choose query: 450 / 1000
INFO:artifice:choose query: 500 / 1000
INFO:artifice:choose query: 550 / 1000
INFO:artifice:choose query: 600 / 1000
INFO:artifice:choose query: 650 / 1000
INFO:artifice:choose query: 700 / 1000
INFO:artifice:choose query: 750 / 1000
INFO:artifice:choose query: 800 / 1000
INFO:artifice:choose query: 850 / 1000
INFO:artifice:choose query: 900 / 1000
INFO:artifice:choose query: 950 / 1000
INFO:artifice:chose query [1843, 1505, 1076, 1467, 1449, 1466, 1682, 1584, 1455, 1973] with uncertainties [(1843, -2.8331423), (1505, -2.835356), (1076, -2.8357165), (1467, -2.835927), (1449, -2.8388145), (1466, -2.839118), (1682, -2.8392305), (1584, -2.8400276), (1455, -2.84009), (1973, -2.8401792)]
INFO:artifice:querying [1843, 1505, 1076, 1467, 1449, 1466, 1682, 1584, 1455, 1973]...
2019-05-04 06:13:05.404690: I tensorflow/core/common_runtime/gpu/gpu_device.cc:1511] Adding visible gpu devices: 0
2019-05-04 06:13:05.404746: I tensorflow/core/common_runtime/gpu/gpu_device.cc:982] Device interconnect StreamExecutor with strength 1 edge matrix:
2019-05-04 06:13:05.404758: I tensorflow/core/common_runtime/gpu/gpu_device.cc:988]      0 
2019-05-04 06:13:05.404766: I tensorflow/core/common_runtime/gpu/gpu_device.cc:1001] 0:   N 
2019-05-04 06:13:05.404933: I tensorflow/core/common_runtime/gpu/gpu_device.cc:1115] Created TensorFlow device (/job:localhost/replica:0/task:0/device:GPU:0 with 10758 MB memory) -> physical GPU (device: 0, name: Tesla K80, pci bus id: 0000:88:00.0, compute capability: 3.7)
DEBUG:artifice:image: (?, ?, ?)
DEBUG:artifice:label: (?, ?)
DEBUG:artifice:annotation: (?, ?, ?)
2019-05-04 06:13:23.661174: I tensorflow/core/common_runtime/gpu/gpu_device.cc:1511] Adding visible gpu devices: 0
2019-05-04 06:13:23.661241: I tensorflow/core/common_runtime/gpu/gpu_device.cc:982] Device interconnect StreamExecutor with strength 1 edge matrix:
2019-05-04 06:13:23.661255: I tensorflow/core/common_runtime/gpu/gpu_device.cc:988]      0 
2019-05-04 06:13:23.661264: I tensorflow/core/common_runtime/gpu/gpu_device.cc:1001] 0:   N 
2019-05-04 06:13:23.661461: I tensorflow/core/common_runtime/gpu/gpu_device.cc:1115] Created TensorFlow device (/job:localhost/replica:0/task:0/device:GPU:0 with 10758 MB memory) -> physical GPU (device: 0, name: Tesla K80, pci bus id: 0000:88:00.0, compute capability: 3.7)
INFO:artifice:initialized iterator, starting accumulation...
INFO:artifice:finished accumulation
DEBUG:artifice:transforming object 0...
DEBUG:artifice:transforming object 1...
DEBUG:artifice:transforming object 2...
DEBUG:artifice:transforming object 3...
DEBUG:artifice:transforming object 4...
DEBUG:artifice:transforming object 5...
DEBUG:artifice:transforming object 6...
DEBUG:artifice:transforming object 7...
DEBUG:artifice:transforming object 8...
DEBUG:artifice:transforming object 9...
DEBUG:artifice:transforming object 10...
DEBUG:artifice:transforming object 11...
DEBUG:artifice:transforming object 12...
DEBUG:artifice:transforming object 13...
DEBUG:artifice:transforming object 14...
DEBUG:artifice:transforming object 15...
DEBUG:artifice:transforming object 16...
DEBUG:artifice:transforming object 17...
DEBUG:artifice:transforming object 18...
DEBUG:artifice:transforming object 19...
DEBUG:artifice:transforming object 20...
DEBUG:artifice:transforming object 21...
DEBUG:artifice:transforming object 22...
DEBUG:artifice:transforming object 23...
DEBUG:artifice:transforming object 24...
DEBUG:artifice:transforming object 25...
DEBUG:artifice:transforming object 26...
DEBUG:artifice:transforming object 27...
DEBUG:artifice:transforming object 28...
DEBUG:artifice:transforming object 29...
DEBUG:artifice:transforming object 30...
DEBUG:artifice:transforming object 31...
DEBUG:artifice:transforming object 32...
DEBUG:artifice:transforming object 33...
DEBUG:artifice:transforming object 34...
DEBUG:artifice:transforming object 35...
DEBUG:artifice:transforming object 36...
DEBUG:artifice:transforming object 37...
DEBUG:artifice:transforming object 38...
DEBUG:artifice:transforming object 39...
DEBUG:artifice:transforming object 40...
DEBUG:artifice:transforming object 41...
DEBUG:artifice:transforming object 42...
DEBUG:artifice:transforming object 43...
DEBUG:artifice:transforming object 44...
DEBUG:artifice:transforming object 45...
DEBUG:artifice:transforming object 46...
DEBUG:artifice:transforming object 47...
DEBUG:artifice:transforming object 48...
DEBUG:artifice:transforming object 49...
DEBUG:artifice:transforming object 50...
DEBUG:artifice:transforming object 51...
DEBUG:artifice:transforming object 52...
DEBUG:artifice:transforming object 53...
DEBUG:artifice:tiled: (<tf.Tensor 'stack:0' shape=(20, 284, 284, 1) dtype=float32>, <tf.Tensor 'stack_1:0' shape=(20, 196, 196, 1) dtype=float32>)
INFO:artifice:Epoch 3/20
INFO:artifice:predicting round 0...
DEBUG:artifice:tiled: (<tf.Tensor 'stack:0' shape=(20, ?, ?, ?) dtype=float32>, <tf.Tensor 'stack_1:0' shape=(20, 196, 196, 1) dtype=float32>)
DEBUG:artifice:predict: {np.sum(np.isnan(out))} nan values
DEBUG:artifice:tiles: (20000, 196, 196, 1)
DEBUG:artifice:tiles: (20000, 196, 196, 1), num_tiles: 20, batch_size: 1
INFO:artifice:choose query: 0 / 1000
INFO:artifice:choose query: 50 / 1000
INFO:artifice:choose query: 100 / 1000
INFO:artifice:choose query: 150 / 1000
INFO:artifice:choose query: 200 / 1000
INFO:artifice:choose query: 250 / 1000
INFO:artifice:choose query: 300 / 1000
INFO:artifice:choose query: 350 / 1000
INFO:artifice:choose query: 400 / 1000
INFO:artifice:choose query: 450 / 1000
INFO:artifice:choose query: 500 / 1000
INFO:artifice:choose query: 550 / 1000
INFO:artifice:choose query: 600 / 1000
INFO:artifice:choose query: 650 / 1000
INFO:artifice:choose query: 700 / 1000
INFO:artifice:choose query: 750 / 1000
INFO:artifice:choose query: 800 / 1000
INFO:artifice:choose query: 850 / 1000
INFO:artifice:choose query: 900 / 1000
INFO:artifice:choose query: 950 / 1000
INFO:artifice:chose query [2673, 2665, 2301, 2275, 2641, 2866, 2636, 2075, 2063, 2884] with uncertainties [(2673, -1.9873298), (2665, -1.9891635), (2301, -1.9938309), (2275, -1.9943249), (2641, -1.9957474), (2866, -1.9972926), (2636, -1.9976953), (2075, -1.9986966), (2063, -1.9987153), (2884, -1.9998733)]
INFO:artifice:querying [2673, 2665, 2301, 2275, 2641, 2866, 2636, 2075, 2063, 2884]...
2019-05-04 10:34:38.393319: I tensorflow/core/common_runtime/gpu/gpu_device.cc:1511] Adding visible gpu devices: 0
2019-05-04 10:34:38.393376: I tensorflow/core/common_runtime/gpu/gpu_device.cc:982] Device interconnect StreamExecutor with strength 1 edge matrix:
2019-05-04 10:34:38.393388: I tensorflow/core/common_runtime/gpu/gpu_device.cc:988]      0 
2019-05-04 10:34:38.393396: I tensorflow/core/common_runtime/gpu/gpu_device.cc:1001] 0:   N 
2019-05-04 10:34:38.393563: I tensorflow/core/common_runtime/gpu/gpu_device.cc:1115] Created TensorFlow device (/job:localhost/replica:0/task:0/device:GPU:0 with 10758 MB memory) -> physical GPU (device: 0, name: Tesla K80, pci bus id: 0000:88:00.0, compute capability: 3.7)
DEBUG:artifice:image: (?, ?, ?)
DEBUG:artifice:label: (?, ?)
DEBUG:artifice:annotation: (?, ?, ?)
2019-05-04 10:34:56.348228: I tensorflow/core/common_runtime/gpu/gpu_device.cc:1511] Adding visible gpu devices: 0
2019-05-04 10:34:56.348295: I tensorflow/core/common_runtime/gpu/gpu_device.cc:982] Device interconnect StreamExecutor with strength 1 edge matrix:
2019-05-04 10:34:56.348308: I tensorflow/core/common_runtime/gpu/gpu_device.cc:988]      0 
2019-05-04 10:34:56.348315: I tensorflow/core/common_runtime/gpu/gpu_device.cc:1001] 0:   N 
2019-05-04 10:34:56.348506: I tensorflow/core/common_runtime/gpu/gpu_device.cc:1115] Created TensorFlow device (/job:localhost/replica:0/task:0/device:GPU:0 with 10758 MB memory) -> physical GPU (device: 0, name: Tesla K80, pci bus id: 0000:88:00.0, compute capability: 3.7)
INFO:artifice:initialized iterator, starting accumulation...
INFO:artifice:finished accumulation
DEBUG:artifice:transforming object 0...
DEBUG:artifice:transforming object 1...
DEBUG:artifice:transforming object 2...
DEBUG:artifice:transforming object 3...
DEBUG:artifice:transforming object 4...
DEBUG:artifice:transforming object 5...
DEBUG:artifice:transforming object 6...
DEBUG:artifice:transforming object 7...
DEBUG:artifice:transforming object 8...
DEBUG:artifice:transforming object 9...
DEBUG:artifice:transforming object 10...
DEBUG:artifice:transforming object 11...
DEBUG:artifice:transforming object 12...
DEBUG:artifice:transforming object 13...
DEBUG:artifice:transforming object 14...
DEBUG:artifice:transforming object 15...
DEBUG:artifice:transforming object 16...
DEBUG:artifice:transforming object 17...
DEBUG:artifice:transforming object 18...
DEBUG:artifice:transforming object 19...
DEBUG:artifice:transforming object 20...
DEBUG:artifice:transforming object 21...
DEBUG:artifice:transforming object 22...
DEBUG:artifice:transforming object 23...
DEBUG:artifice:transforming object 24...
DEBUG:artifice:transforming object 25...
DEBUG:artifice:transforming object 26...
DEBUG:artifice:transforming object 27...
DEBUG:artifice:transforming object 28...
DEBUG:artifice:transforming object 29...
DEBUG:artifice:transforming object 30...
DEBUG:artifice:transforming object 31...
DEBUG:artifice:transforming object 32...
DEBUG:artifice:transforming object 33...
DEBUG:artifice:transforming object 34...
DEBUG:artifice:transforming object 35...
DEBUG:artifice:transforming object 36...
DEBUG:artifice:transforming object 37...
DEBUG:artifice:transforming object 38...
DEBUG:artifice:transforming object 39...
DEBUG:artifice:transforming object 40...
DEBUG:artifice:transforming object 41...
DEBUG:artifice:transforming object 42...
DEBUG:artifice:transforming object 43...
DEBUG:artifice:transforming object 44...
DEBUG:artifice:transforming object 45...
DEBUG:artifice:transforming object 46...
DEBUG:artifice:transforming object 47...
DEBUG:artifice:transforming object 48...
DEBUG:artifice:transforming object 49...
DEBUG:artifice:transforming object 50...
DEBUG:artifice:transforming object 51...
DEBUG:artifice:transforming object 52...
DEBUG:artifice:transforming object 53...
DEBUG:artifice:tiled: (<tf.Tensor 'stack:0' shape=(20, 284, 284, 1) dtype=float32>, <tf.Tensor 'stack_1:0' shape=(20, 196, 196, 1) dtype=float32>)
