Starting training...
Epoch 1/1

Epoch 00001: saving model to models/coupled_spheres_tethered_augmented-active_subset100/hourglass/cp-0001.hdf5
 - 1167s - loss: 31.5430 - mean_absolute_error: 0.0325 - val_loss: 1.9829 - val_mean_absolute_error: 0.0055
Epoch 2/2

Epoch 00002: saving model to models/coupled_spheres_tethered_augmented-active_subset100/hourglass/cp-0002.hdf5
 - 1157s - loss: 45.3090 - mean_absolute_error: 0.0088 - val_loss: 1.9818 - val_mean_absolute_error: 0.0053
Epoch 3/3

Epoch 00003: saving model to models/coupled_spheres_tethered_augmented-active_subset100/hourglass/cp-0003.hdf5
 - 1160s - loss: 13.8933 - mean_absolute_error: 0.0080 - val_loss: 1.9799 - val_mean_absolute_error: 0.0055
Epoch 4/4

Epoch 00004: saving model to models/coupled_spheres_tethered_augmented-active_subset100/hourglass/cp-0004.hdf5
 - 1157s - loss: 48.8131 - mean_absolute_error: 0.0093 - val_loss: 1.9790 - val_mean_absolute_error: 0.0084
Epoch 5/5

Epoch 00005: saving model to models/coupled_spheres_tethered_augmented-active_subset100/hourglass/cp-0005.hdf5
 - 1159s - loss: 24.8264 - mean_absolute_error: 0.0096 - val_loss: 1.9741 - val_mean_absolute_error: 0.0076
Epoch 6/6

Epoch 00006: saving model to models/coupled_spheres_tethered_augmented-active_subset100/hourglass/cp-0006.hdf5
 - 1158s - loss: 10.2643 - mean_absolute_error: 0.0098 - val_loss: 1.9741 - val_mean_absolute_error: 0.0095
Epoch 7/7

Epoch 00007: saving model to models/coupled_spheres_tethered_augmented-active_subset100/hourglass/cp-0007.hdf5
 - 1163s - loss: 43.0635 - mean_absolute_error: 0.0098 - val_loss: 1.9696 - val_mean_absolute_error: 0.0090
Epoch 8/8

Epoch 00008: saving model to models/coupled_spheres_tethered_augmented-active_subset100/hourglass/cp-0008.hdf5
 - 1165s - loss: 145.0945 - mean_absolute_error: 0.0111 - val_loss: 1.9756 - val_mean_absolute_error: 0.0130
Epoch 9/9

Epoch 00009: saving model to models/coupled_spheres_tethered_augmented-active_subset100/hourglass/cp-0009.hdf5
 - 1163s - loss: 109.8693 - mean_absolute_error: 0.0115 - val_loss: 1.9759 - val_mean_absolute_error: 0.0120
Epoch 10/10

Epoch 00010: saving model to models/coupled_spheres_tethered_augmented-active_subset100/hourglass/cp-0010.hdf5
 - 1159s - loss: 282.9420 - mean_absolute_error: 0.0112 - val_loss: 1.9757 - val_mean_absolute_error: 0.0106
Epoch 11/20

Epoch 00011: saving model to models/coupled_spheres_tethered_augmented-active_subset100/hourglass/cp-0011.hdf5
 - 1164s - loss: 20.1801 - mean_absolute_error: 0.0114 - val_loss: 1.9696 - val_mean_absolute_error: 0.0094
Epoch 12/20

Epoch 00012: saving model to models/coupled_spheres_tethered_augmented-active_subset100/hourglass/cp-0012.hdf5
 - 1157s - loss: 528.1712 - mean_absolute_error: 0.0120 - val_loss: 1.9657 - val_mean_absolute_error: 0.0088
Epoch 13/20

Epoch 00013: saving model to models/coupled_spheres_tethered_augmented-active_subset100/hourglass/cp-0013.hdf5
 - 1156s - loss: 76.7454 - mean_absolute_error: 0.0122 - val_loss: 1.9612 - val_mean_absolute_error: 0.0097
Epoch 14/20

Epoch 00014: saving model to models/coupled_spheres_tethered_augmented-active_subset100/hourglass/cp-0014.hdf5
 - 1155s - loss: 15.5818 - mean_absolute_error: 0.0133 - val_loss: 1.9638 - val_mean_absolute_error: 0.0122
Epoch 15/20

Epoch 00015: saving model to models/coupled_spheres_tethered_augmented-active_subset100/hourglass/cp-0015.hdf5
 - 1155s - loss: 49.2874 - mean_absolute_error: 0.0137 - val_loss: 1.9667 - val_mean_absolute_error: 0.0167
Epoch 16/20

Epoch 00016: saving model to models/coupled_spheres_tethered_augmented-active_subset100/hourglass/cp-0016.hdf5
 - 1156s - loss: 16.8812 - mean_absolute_error: 0.0143 - val_loss: 1.9496 - val_mean_absolute_error: 0.0137
Epoch 17/20

Epoch 00017: saving model to models/coupled_spheres_tethered_augmented-active_subset100/hourglass/cp-0017.hdf5
 - 1155s - loss: 9.9214 - mean_absolute_error: 0.0149 - val_loss: 1.9569 - val_mean_absolute_error: 0.0214
Epoch 18/20

Epoch 00018: saving model to models/coupled_spheres_tethered_augmented-active_subset100/hourglass/cp-0018.hdf5
 - 1157s - loss: 228.3557 - mean_absolute_error: 0.0168 - val_loss: 1.9560 - val_mean_absolute_error: 0.0182
Epoch 19/20

Epoch 00019: saving model to models/coupled_spheres_tethered_augmented-active_subset100/hourglass/cp-0019.hdf5
 - 1155s - loss: 110.1325 - mean_absolute_error: 0.0157 - val_loss: 1.9612 - val_mean_absolute_error: 0.0197
Epoch 20/20

Epoch 00020: saving model to models/coupled_spheres_tethered_augmented-active_subset100/hourglass/cp-0020.hdf5
 - 1155s - loss: 27.2792 - mean_absolute_error: 0.0159 - val_loss: 1.9612 - val_mean_absolute_error: 0.0198
Finished.
