Starting training...
Epoch 1/1

Epoch 00001: saving model to models/harper_spheres_tethered_active_subset10/hourglass/cp-0001.hdf5
 - 1149s - loss: 43.5236 - mean_absolute_error: 0.0463 - val_loss: 37.3750 - val_mean_absolute_error: 0.0082
Epoch 2/2

Epoch 00002: saving model to models/harper_spheres_tethered_active_subset10/hourglass/cp-0002.hdf5
 - 1129s - loss: 8.8591 - mean_absolute_error: 0.0093 - val_loss: 37.3745 - val_mean_absolute_error: 0.0067
Epoch 3/3

Epoch 00003: saving model to models/harper_spheres_tethered_active_subset10/hourglass/cp-0003.hdf5
 - 1132s - loss: 19.7743 - mean_absolute_error: 0.0083 - val_loss: 37.3737 - val_mean_absolute_error: 0.0065
Epoch 4/4

Epoch 00004: saving model to models/harper_spheres_tethered_active_subset10/hourglass/cp-0004.hdf5
 - 1132s - loss: 23.4705 - mean_absolute_error: 0.0082 - val_loss: 37.3727 - val_mean_absolute_error: 0.0061
Epoch 5/5

Epoch 00005: saving model to models/harper_spheres_tethered_active_subset10/hourglass/cp-0005.hdf5
 - 1133s - loss: 102.7996 - mean_absolute_error: 0.0084 - val_loss: 37.3701 - val_mean_absolute_error: 0.0060
Epoch 6/6

Epoch 00006: saving model to models/harper_spheres_tethered_active_subset10/hourglass/cp-0006.hdf5
 - 1135s - loss: 65.3194 - mean_absolute_error: 0.0089 - val_loss: 37.3650 - val_mean_absolute_error: 0.0064
Epoch 7/7

Epoch 00007: saving model to models/harper_spheres_tethered_active_subset10/hourglass/cp-0007.hdf5
 - 1178s - loss: 56.9545 - mean_absolute_error: 0.0093 - val_loss: 37.3594 - val_mean_absolute_error: 0.0069
Epoch 8/8

Epoch 00008: saving model to models/harper_spheres_tethered_active_subset10/hourglass/cp-0008.hdf5
 - 1146s - loss: 13.4237 - mean_absolute_error: 0.0090 - val_loss: 37.3589 - val_mean_absolute_error: 0.0101
Epoch 9/9

Epoch 00009: saving model to models/harper_spheres_tethered_active_subset10/hourglass/cp-0009.hdf5
 - 1147s - loss: 1766.7730 - mean_absolute_error: 0.0112 - val_loss: 37.3464 - val_mean_absolute_error: 0.0083
Epoch 10/10

Epoch 00010: saving model to models/harper_spheres_tethered_active_subset10/hourglass/cp-0010.hdf5
 - 1137s - loss: 50.0290 - mean_absolute_error: 0.0102 - val_loss: 37.3434 - val_mean_absolute_error: 0.0096
Epoch 11/20

Epoch 00011: saving model to models/harper_spheres_tethered_active_subset10/hourglass/cp-0011.hdf5
 - 1137s - loss: 1163.1765 - mean_absolute_error: 0.0119 - val_loss: 37.3499 - val_mean_absolute_error: 0.0142
Epoch 12/20

Epoch 00012: saving model to models/harper_spheres_tethered_active_subset10/hourglass/cp-0012.hdf5
 - 1139s - loss: 60.7454 - mean_absolute_error: 0.0123 - val_loss: 37.3405 - val_mean_absolute_error: 0.0200
Epoch 13/20

Epoch 00013: saving model to models/harper_spheres_tethered_active_subset10/hourglass/cp-0013.hdf5
 - 1118s - loss: 76.1760 - mean_absolute_error: 0.0127 - val_loss: 37.3435 - val_mean_absolute_error: 0.0221
Epoch 14/20

Epoch 00014: saving model to models/harper_spheres_tethered_active_subset10/hourglass/cp-0014.hdf5
 - 1118s - loss: 63.2119 - mean_absolute_error: 0.0129 - val_loss: 37.3507 - val_mean_absolute_error: 0.0210
Epoch 15/20

Epoch 00015: saving model to models/harper_spheres_tethered_active_subset10/hourglass/cp-0015.hdf5
 - 1137s - loss: 52.0402 - mean_absolute_error: 0.0147 - val_loss: 37.3400 - val_mean_absolute_error: 0.0164
Epoch 16/20

Epoch 00016: saving model to models/harper_spheres_tethered_active_subset10/hourglass/cp-0016.hdf5
 - 1146s - loss: 44.0764 - mean_absolute_error: 0.0141 - val_loss: 37.3328 - val_mean_absolute_error: 0.0151
Epoch 17/20

Epoch 00017: saving model to models/harper_spheres_tethered_active_subset10/hourglass/cp-0017.hdf5
 - 1171s - loss: 67.7435 - mean_absolute_error: 0.0145 - val_loss: 37.3436 - val_mean_absolute_error: 0.0176
Epoch 18/20

Epoch 00018: saving model to models/harper_spheres_tethered_active_subset10/hourglass/cp-0018.hdf5
 - 1158s - loss: 241.8450 - mean_absolute_error: 0.0173 - val_loss: 37.3270 - val_mean_absolute_error: 0.0186
Epoch 19/20

Epoch 00019: saving model to models/harper_spheres_tethered_active_subset10/hourglass/cp-0019.hdf5
 - 1147s - loss: 221.8375 - mean_absolute_error: 0.0171 - val_loss: 37.3187 - val_mean_absolute_error: 0.0157
Epoch 20/20

Epoch 00020: saving model to models/harper_spheres_tethered_active_subset10/hourglass/cp-0020.hdf5
 - 1133s - loss: 331.7259 - mean_absolute_error: 0.0171 - val_loss: 37.3043 - val_mean_absolute_error: 0.0153
Finished.
