INFO:artifice:Namespace(batch_size=[4], command='train', cores=[-1], data_root=['data/harper_spheres_tethered'], eager=False, epoch_size=[10000], epochs=[20], image_shape=[196, 196, 1], keras_verbose=[2], l2_reg=[0.0001], learning_rate=[0.1], mode=['active'], model_root=['models/harper_spheres_tethered_active_subset10'], num_candidates=[1000], num_objects=[2], output=['show'], overwrite=True, query_size=[1], show=False, splits=[10000, 1000, 1000], subset_size=[10], tile_shape=[196, 196, 1], verbose=[2])
INFO:artifice:model: model
DEBUG:artifice:layer:(None, 284, 284, 1) -> (None, 284, 284, 1):input_1
DEBUG:artifice:layer:(None, 284, 284, 1) -> (None, 282, 282, 64):conv2d
DEBUG:artifice:layer:(None, 282, 282, 64) -> (None, 282, 282, 64):batch_normalization
DEBUG:artifice:layer:(None, 282, 282, 64) -> (None, 282, 282, 64):activation
DEBUG:artifice:layer:(None, 282, 282, 64) -> (None, 280, 280, 64):conv2d_1
DEBUG:artifice:layer:(None, 280, 280, 64) -> (None, 280, 280, 64):batch_normalization_1
DEBUG:artifice:layer:(None, 280, 280, 64) -> (None, 280, 280, 64):activation_1
DEBUG:artifice:layer:(None, 280, 280, 64) -> (None, 140, 140, 64):max_pooling2d
DEBUG:artifice:layer:(None, 140, 140, 64) -> (None, 140, 140, 64):dropout
DEBUG:artifice:layer:(None, 140, 140, 64) -> (None, 138, 138, 64):conv2d_2
DEBUG:artifice:layer:(None, 138, 138, 64) -> (None, 138, 138, 64):batch_normalization_2
DEBUG:artifice:layer:(None, 138, 138, 64) -> (None, 138, 138, 64):activation_2
DEBUG:artifice:layer:(None, 138, 138, 64) -> (None, 136, 136, 64):conv2d_3
DEBUG:artifice:layer:(None, 136, 136, 64) -> (None, 136, 136, 64):batch_normalization_3
DEBUG:artifice:layer:(None, 136, 136, 64) -> (None, 136, 136, 64):activation_3
DEBUG:artifice:layer:(None, 136, 136, 64) -> (None, 68, 68, 64):max_pooling2d_1
DEBUG:artifice:layer:(None, 68, 68, 64) -> (None, 68, 68, 64):dropout_1
DEBUG:artifice:layer:(None, 68, 68, 64) -> (None, 66, 66, 128):conv2d_4
DEBUG:artifice:layer:(None, 66, 66, 128) -> (None, 66, 66, 128):batch_normalization_4
DEBUG:artifice:layer:(None, 66, 66, 128) -> (None, 66, 66, 128):activation_4
DEBUG:artifice:layer:(None, 66, 66, 128) -> (None, 64, 64, 128):conv2d_5
DEBUG:artifice:layer:(None, 64, 64, 128) -> (None, 64, 64, 128):batch_normalization_5
DEBUG:artifice:layer:(None, 64, 64, 128) -> (None, 64, 64, 128):activation_5
DEBUG:artifice:layer:(None, 64, 64, 128) -> (None, 32, 32, 128):max_pooling2d_2
DEBUG:artifice:layer:(None, 32, 32, 128) -> (None, 32, 32, 128):dropout_2
DEBUG:artifice:layer:(None, 32, 32, 128) -> (None, 30, 30, 128):conv2d_6
DEBUG:artifice:layer:(None, 30, 30, 128) -> (None, 30, 30, 128):batch_normalization_6
DEBUG:artifice:layer:(None, 30, 30, 128) -> (None, 30, 30, 128):activation_6
DEBUG:artifice:layer:(None, 30, 30, 128) -> (None, 28, 28, 128):conv2d_7
DEBUG:artifice:layer:(None, 28, 28, 128) -> (None, 28, 28, 128):batch_normalization_7
DEBUG:artifice:layer:(None, 64, 64, 128) -> (None, 56, 56, 128):crop
DEBUG:artifice:layer:(None, 28, 28, 128) -> (None, 28, 28, 128):activation_7
DEBUG:artifice:layer:(None, 56, 56, 128) -> (None, 56, 56, 128):dropout_3
DEBUG:artifice:layer:(None, 28, 28, 128) -> (None, 56, 56, 128):conv2d_transpose
DEBUG:artifice:layer:[(None, 56, 56, 128), (None, 56, 56, 128)] -> (None, 56, 56, 256):concatenate
DEBUG:artifice:layer:(None, 56, 56, 256) -> (None, 54, 54, 128):conv2d_8
DEBUG:artifice:layer:(None, 54, 54, 128) -> (None, 54, 54, 128):batch_normalization_8
DEBUG:artifice:layer:(None, 54, 54, 128) -> (None, 54, 54, 128):activation_8
DEBUG:artifice:layer:(None, 54, 54, 128) -> (None, 52, 52, 128):conv2d_9
DEBUG:artifice:layer:(None, 52, 52, 128) -> (None, 52, 52, 128):batch_normalization_9
DEBUG:artifice:layer:(None, 136, 136, 64) -> (None, 104, 104, 64):crop_1
DEBUG:artifice:layer:(None, 52, 52, 128) -> (None, 52, 52, 128):activation_9
DEBUG:artifice:layer:(None, 104, 104, 64) -> (None, 104, 104, 64):dropout_4
DEBUG:artifice:layer:(None, 52, 52, 128) -> (None, 104, 104, 64):conv2d_transpose_1
DEBUG:artifice:layer:[(None, 104, 104, 64), (None, 104, 104, 64)] -> (None, 104, 104, 128):concatenate_1
DEBUG:artifice:layer:(None, 104, 104, 128) -> (None, 102, 102, 64):conv2d_10
DEBUG:artifice:layer:(None, 102, 102, 64) -> (None, 102, 102, 64):batch_normalization_10
DEBUG:artifice:layer:(None, 102, 102, 64) -> (None, 102, 102, 64):activation_10
DEBUG:artifice:layer:(None, 102, 102, 64) -> (None, 100, 100, 64):conv2d_11
DEBUG:artifice:layer:(None, 100, 100, 64) -> (None, 100, 100, 64):batch_normalization_11
DEBUG:artifice:layer:(None, 280, 280, 64) -> (None, 200, 200, 64):crop_2
DEBUG:artifice:layer:(None, 100, 100, 64) -> (None, 100, 100, 64):activation_11
DEBUG:artifice:layer:(None, 200, 200, 64) -> (None, 200, 200, 64):dropout_5
DEBUG:artifice:layer:(None, 100, 100, 64) -> (None, 200, 200, 64):conv2d_transpose_2
DEBUG:artifice:layer:[(None, 200, 200, 64), (None, 200, 200, 64)] -> (None, 200, 200, 128):concatenate_2
DEBUG:artifice:layer:(None, 200, 200, 128) -> (None, 198, 198, 64):conv2d_12
DEBUG:artifice:layer:(None, 198, 198, 64) -> (None, 198, 198, 64):batch_normalization_12
DEBUG:artifice:layer:(None, 198, 198, 64) -> (None, 198, 198, 64):activation_12
DEBUG:artifice:layer:(None, 198, 198, 64) -> (None, 196, 196, 64):conv2d_13
DEBUG:artifice:layer:(None, 196, 196, 64) -> (None, 196, 196, 64):batch_normalization_13
DEBUG:artifice:layer:(None, 196, 196, 64) -> (None, 196, 196, 64):activation_13
DEBUG:artifice:layer:(None, 196, 196, 64) -> (None, 196, 196, 1):conv2d_14
DEBUG:artifice:tiled: (<tf.Tensor 'stack:0' shape=(4, ?, ?, ?) dtype=float32>, <tf.Tensor 'stack_1:0' shape=(4, 196, 196, 1) dtype=float32>)
INFO:artifice:Epoch 0/20
2019-04-28 15:34:39.375600: I tensorflow/core/platform/cpu_feature_guard.cc:141] Your CPU supports instructions that this TensorFlow binary was not compiled to use: SSE4.1 SSE4.2 AVX AVX2 FMA
2019-04-28 15:34:39.866922: I tensorflow/core/common_runtime/gpu/gpu_device.cc:1432] Found device 0 with properties: 
name: Tesla K80 major: 3 minor: 7 memoryClockRate(GHz): 0.8235
pciBusID: 0000:08:00.0
totalMemory: 11.17GiB freeMemory: 11.10GiB
2019-04-28 15:34:39.868713: I tensorflow/core/common_runtime/gpu/gpu_device.cc:1511] Adding visible gpu devices: 0
2019-04-28 15:34:58.869818: I tensorflow/core/common_runtime/gpu/gpu_device.cc:982] Device interconnect StreamExecutor with strength 1 edge matrix:
2019-04-28 15:34:58.872106: I tensorflow/core/common_runtime/gpu/gpu_device.cc:988]      0 
2019-04-28 15:34:58.872134: I tensorflow/core/common_runtime/gpu/gpu_device.cc:1001] 0:   N 
2019-04-28 15:34:58.872663: I tensorflow/core/common_runtime/gpu/gpu_device.cc:1115] Created TensorFlow device (/job:localhost/replica:0/task:0/device:GPU:0 with 10758 MB memory) -> physical GPU (device: 0, name: Tesla K80, pci bus id: 0000:08:00.0, compute capability: 3.7)
2019-04-28 15:35:01.063264: I tensorflow/core/common_runtime/gpu/gpu_device.cc:1511] Adding visible gpu devices: 0
2019-04-28 15:35:01.065248: I tensorflow/core/common_runtime/gpu/gpu_device.cc:982] Device interconnect StreamExecutor with strength 1 edge matrix:
2019-04-28 15:35:01.065272: I tensorflow/core/common_runtime/gpu/gpu_device.cc:988]      0 
2019-04-28 15:35:01.065282: I tensorflow/core/common_runtime/gpu/gpu_device.cc:1001] 0:   N 
2019-04-28 15:35:01.065550: I tensorflow/core/common_runtime/gpu/gpu_device.cc:1115] Created TensorFlow device (/job:localhost/replica:0/task:0/device:GPU:0 with 10758 MB memory) -> physical GPU (device: 0, name: Tesla K80, pci bus id: 0000:08:00.0, compute capability: 3.7)
INFO:artifice:initialized iterator, starting accumulation...
INFO:artifice:finished accumulation
DEBUG:artifice:transforming object 0...
DEBUG:artifice:transforming object 1...
DEBUG:artifice:tiled: (<tf.Tensor 'stack:0' shape=(4, 284, 284, 1) dtype=float32>, <tf.Tensor 'stack_1:0' shape=(4, 196, 196, 1) dtype=float32>)
2019-04-28 15:35:16.699802: I tensorflow/core/common_runtime/gpu/gpu_device.cc:1511] Adding visible gpu devices: 0
2019-04-28 15:35:16.701363: I tensorflow/core/common_runtime/gpu/gpu_device.cc:982] Device interconnect StreamExecutor with strength 1 edge matrix:
2019-04-28 15:35:16.701403: I tensorflow/core/common_runtime/gpu/gpu_device.cc:988]      0 
2019-04-28 15:35:16.701421: I tensorflow/core/common_runtime/gpu/gpu_device.cc:1001] 0:   N 
2019-04-28 15:35:16.701757: I tensorflow/core/common_runtime/gpu/gpu_device.cc:1115] Created TensorFlow device (/job:localhost/replica:0/task:0/device:GPU:0 with 10758 MB memory) -> physical GPU (device: 0, name: Tesla K80, pci bus id: 0000:08:00.0, compute capability: 3.7)
INFO:artifice:Epoch 1/20
INFO:artifice:predicting round 0...
DEBUG:artifice:tiled: (<tf.Tensor 'stack:0' shape=(4, ?, ?, ?) dtype=float32>, <tf.Tensor 'stack_1:0' shape=(4, 196, 196, 1) dtype=float32>)
DEBUG:artifice:predict: {np.sum(np.isnan(out))} nan values
DEBUG:artifice:tiles: (1000, 196, 196, 1)
DEBUG:artifice:tiles: (1000, 196, 196, 1), num_tiles: 1, batch_size: 4
INFO:artifice:choose query: 0 / 1000
INFO:artifice:choose query: 50 / 1000
INFO:artifice:choose query: 100 / 1000
INFO:artifice:choose query: 150 / 1000
INFO:artifice:choose query: 200 / 1000
INFO:artifice:choose query: 250 / 1000
INFO:artifice:choose query: 300 / 1000
INFO:artifice:choose query: 350 / 1000
INFO:artifice:choose query: 400 / 1000
INFO:artifice:choose query: 450 / 1000
INFO:artifice:choose query: 500 / 1000
INFO:artifice:choose query: 550 / 1000
INFO:artifice:choose query: 600 / 1000
INFO:artifice:choose query: 650 / 1000
INFO:artifice:choose query: 700 / 1000
INFO:artifice:choose query: 750 / 1000
INFO:artifice:choose query: 800 / 1000
INFO:artifice:choose query: 850 / 1000
INFO:artifice:choose query: 900 / 1000
INFO:artifice:choose query: 950 / 1000
INFO:artifice:chose query [213] with uncertainties [(213, -0.18158284)]
INFO:artifice:querying [213]...
2019-04-28 15:55:20.880437: I tensorflow/core/common_runtime/gpu/gpu_device.cc:1511] Adding visible gpu devices: 0
2019-04-28 15:55:20.880494: I tensorflow/core/common_runtime/gpu/gpu_device.cc:982] Device interconnect StreamExecutor with strength 1 edge matrix:
2019-04-28 15:55:20.880507: I tensorflow/core/common_runtime/gpu/gpu_device.cc:988]      0 
2019-04-28 15:55:20.880530: I tensorflow/core/common_runtime/gpu/gpu_device.cc:1001] 0:   N 
2019-04-28 15:55:20.880717: I tensorflow/core/common_runtime/gpu/gpu_device.cc:1115] Created TensorFlow device (/job:localhost/replica:0/task:0/device:GPU:0 with 10758 MB memory) -> physical GPU (device: 0, name: Tesla K80, pci bus id: 0000:08:00.0, compute capability: 3.7)
2019-04-28 15:55:23.728190: I tensorflow/core/common_runtime/gpu/gpu_device.cc:1511] Adding visible gpu devices: 0
2019-04-28 15:55:23.730498: I tensorflow/core/common_runtime/gpu/gpu_device.cc:982] Device interconnect StreamExecutor with strength 1 edge matrix:
2019-04-28 15:55:23.730524: I tensorflow/core/common_runtime/gpu/gpu_device.cc:988]      0 
2019-04-28 15:55:23.730536: I tensorflow/core/common_runtime/gpu/gpu_device.cc:1001] 0:   N 
2019-04-28 15:55:23.730774: I tensorflow/core/common_runtime/gpu/gpu_device.cc:1115] Created TensorFlow device (/job:localhost/replica:0/task:0/device:GPU:0 with 10758 MB memory) -> physical GPU (device: 0, name: Tesla K80, pci bus id: 0000:08:00.0, compute capability: 3.7)
INFO:artifice:initialized iterator, starting accumulation...
INFO:artifice:finished accumulation
DEBUG:artifice:transforming object 0...
DEBUG:artifice:transforming object 1...
DEBUG:artifice:tiled: (<tf.Tensor 'stack:0' shape=(4, 284, 284, 1) dtype=float32>, <tf.Tensor 'stack_1:0' shape=(4, 196, 196, 1) dtype=float32>)
INFO:artifice:Epoch 2/20
INFO:artifice:predicting round 0...
DEBUG:artifice:tiled: (<tf.Tensor 'stack:0' shape=(4, ?, ?, ?) dtype=float32>, <tf.Tensor 'stack_1:0' shape=(4, 196, 196, 1) dtype=float32>)
DEBUG:artifice:predict: {np.sum(np.isnan(out))} nan values
DEBUG:artifice:tiles: (1000, 196, 196, 1)
DEBUG:artifice:tiles: (1000, 196, 196, 1), num_tiles: 1, batch_size: 4
INFO:artifice:choose query: 0 / 1000
INFO:artifice:choose query: 50 / 1000
INFO:artifice:choose query: 100 / 1000
INFO:artifice:choose query: 150 / 1000
INFO:artifice:choose query: 200 / 1000
INFO:artifice:choose query: 250 / 1000
INFO:artifice:choose query: 300 / 1000
INFO:artifice:choose query: 350 / 1000
INFO:artifice:choose query: 400 / 1000
INFO:artifice:choose query: 450 / 1000
INFO:artifice:choose query: 500 / 1000
INFO:artifice:choose query: 550 / 1000
INFO:artifice:choose query: 600 / 1000
INFO:artifice:choose query: 650 / 1000
INFO:artifice:choose query: 700 / 1000
INFO:artifice:choose query: 750 / 1000
INFO:artifice:choose query: 800 / 1000
INFO:artifice:choose query: 850 / 1000
INFO:artifice:choose query: 900 / 1000
INFO:artifice:choose query: 950 / 1000
INFO:artifice:chose query [1245] with uncertainties [(1245, -0.20350274)]
INFO:artifice:querying [1245]...
2019-04-28 16:15:06.618735: I tensorflow/core/common_runtime/gpu/gpu_device.cc:1511] Adding visible gpu devices: 0
2019-04-28 16:15:06.618792: I tensorflow/core/common_runtime/gpu/gpu_device.cc:982] Device interconnect StreamExecutor with strength 1 edge matrix:
2019-04-28 16:15:06.618807: I tensorflow/core/common_runtime/gpu/gpu_device.cc:988]      0 
2019-04-28 16:15:06.618815: I tensorflow/core/common_runtime/gpu/gpu_device.cc:1001] 0:   N 
2019-04-28 16:15:06.618993: I tensorflow/core/common_runtime/gpu/gpu_device.cc:1115] Created TensorFlow device (/job:localhost/replica:0/task:0/device:GPU:0 with 10758 MB memory) -> physical GPU (device: 0, name: Tesla K80, pci bus id: 0000:08:00.0, compute capability: 3.7)
2019-04-28 16:15:08.455866: I tensorflow/core/common_runtime/gpu/gpu_device.cc:1511] Adding visible gpu devices: 0
2019-04-28 16:15:08.455944: I tensorflow/core/common_runtime/gpu/gpu_device.cc:982] Device interconnect StreamExecutor with strength 1 edge matrix:
2019-04-28 16:15:08.455959: I tensorflow/core/common_runtime/gpu/gpu_device.cc:988]      0 
2019-04-28 16:15:08.455967: I tensorflow/core/common_runtime/gpu/gpu_device.cc:1001] 0:   N 
2019-04-28 16:15:08.456141: I tensorflow/core/common_runtime/gpu/gpu_device.cc:1115] Created TensorFlow device (/job:localhost/replica:0/task:0/device:GPU:0 with 10758 MB memory) -> physical GPU (device: 0, name: Tesla K80, pci bus id: 0000:08:00.0, compute capability: 3.7)
INFO:artifice:initialized iterator, starting accumulation...
INFO:artifice:finished accumulation
DEBUG:artifice:transforming object 0...
DEBUG:artifice:transforming object 1...
DEBUG:artifice:tiled: (<tf.Tensor 'stack:0' shape=(4, 284, 284, 1) dtype=float32>, <tf.Tensor 'stack_1:0' shape=(4, 196, 196, 1) dtype=float32>)
INFO:artifice:Epoch 3/20
INFO:artifice:predicting round 0...
DEBUG:artifice:tiled: (<tf.Tensor 'stack:0' shape=(4, ?, ?, ?) dtype=float32>, <tf.Tensor 'stack_1:0' shape=(4, 196, 196, 1) dtype=float32>)
DEBUG:artifice:predict: {np.sum(np.isnan(out))} nan values
DEBUG:artifice:tiles: (1000, 196, 196, 1)
DEBUG:artifice:tiles: (1000, 196, 196, 1), num_tiles: 1, batch_size: 4
INFO:artifice:choose query: 0 / 1000
INFO:artifice:choose query: 50 / 1000
INFO:artifice:choose query: 100 / 1000
INFO:artifice:choose query: 150 / 1000
INFO:artifice:choose query: 200 / 1000
INFO:artifice:choose query: 250 / 1000
INFO:artifice:choose query: 300 / 1000
INFO:artifice:choose query: 350 / 1000
INFO:artifice:choose query: 400 / 1000
INFO:artifice:choose query: 450 / 1000
INFO:artifice:choose query: 500 / 1000
INFO:artifice:choose query: 550 / 1000
INFO:artifice:choose query: 600 / 1000
INFO:artifice:choose query: 650 / 1000
INFO:artifice:choose query: 700 / 1000
INFO:artifice:choose query: 750 / 1000
INFO:artifice:choose query: 800 / 1000
INFO:artifice:choose query: 850 / 1000
INFO:artifice:choose query: 900 / 1000
INFO:artifice:choose query: 950 / 1000
INFO:artifice:chose query [2988] with uncertainties [(2988, -0.28459188)]
INFO:artifice:querying [2988]...
2019-04-28 16:34:53.452669: I tensorflow/core/common_runtime/gpu/gpu_device.cc:1511] Adding visible gpu devices: 0
2019-04-28 16:34:53.452727: I tensorflow/core/common_runtime/gpu/gpu_device.cc:982] Device interconnect StreamExecutor with strength 1 edge matrix:
2019-04-28 16:34:53.452740: I tensorflow/core/common_runtime/gpu/gpu_device.cc:988]      0 
2019-04-28 16:34:53.452748: I tensorflow/core/common_runtime/gpu/gpu_device.cc:1001] 0:   N 
2019-04-28 16:34:53.452929: I tensorflow/core/common_runtime/gpu/gpu_device.cc:1115] Created TensorFlow device (/job:localhost/replica:0/task:0/device:GPU:0 with 10758 MB memory) -> physical GPU (device: 0, name: Tesla K80, pci bus id: 0000:08:00.0, compute capability: 3.7)
2019-04-28 16:34:55.415681: I tensorflow/core/common_runtime/gpu/gpu_device.cc:1511] Adding visible gpu devices: 0
2019-04-28 16:34:55.415756: I tensorflow/core/common_runtime/gpu/gpu_device.cc:982] Device interconnect StreamExecutor with strength 1 edge matrix:
2019-04-28 16:34:55.415769: I tensorflow/core/common_runtime/gpu/gpu_device.cc:988]      0 
2019-04-28 16:34:55.415777: I tensorflow/core/common_runtime/gpu/gpu_device.cc:1001] 0:   N 
2019-04-28 16:34:55.415972: I tensorflow/core/common_runtime/gpu/gpu_device.cc:1115] Created TensorFlow device (/job:localhost/replica:0/task:0/device:GPU:0 with 10758 MB memory) -> physical GPU (device: 0, name: Tesla K80, pci bus id: 0000:08:00.0, compute capability: 3.7)
INFO:artifice:initialized iterator, starting accumulation...
INFO:artifice:finished accumulation
DEBUG:artifice:transforming object 0...
DEBUG:artifice:transforming object 1...
DEBUG:artifice:tiled: (<tf.Tensor 'stack:0' shape=(4, 284, 284, 1) dtype=float32>, <tf.Tensor 'stack_1:0' shape=(4, 196, 196, 1) dtype=float32>)
INFO:artifice:Epoch 4/20
INFO:artifice:predicting round 0...
DEBUG:artifice:tiled: (<tf.Tensor 'stack:0' shape=(4, ?, ?, ?) dtype=float32>, <tf.Tensor 'stack_1:0' shape=(4, 196, 196, 1) dtype=float32>)
DEBUG:artifice:predict: {np.sum(np.isnan(out))} nan values
DEBUG:artifice:tiles: (1000, 196, 196, 1)
DEBUG:artifice:tiles: (1000, 196, 196, 1), num_tiles: 1, batch_size: 4
INFO:artifice:choose query: 0 / 1000
INFO:artifice:choose query: 50 / 1000
INFO:artifice:choose query: 100 / 1000
INFO:artifice:choose query: 150 / 1000
INFO:artifice:choose query: 200 / 1000
INFO:artifice:choose query: 250 / 1000
INFO:artifice:choose query: 300 / 1000
INFO:artifice:choose query: 350 / 1000
INFO:artifice:choose query: 400 / 1000
INFO:artifice:choose query: 450 / 1000
INFO:artifice:choose query: 500 / 1000
INFO:artifice:choose query: 550 / 1000
INFO:artifice:choose query: 600 / 1000
INFO:artifice:choose query: 650 / 1000
INFO:artifice:choose query: 700 / 1000
INFO:artifice:choose query: 750 / 1000
INFO:artifice:choose query: 800 / 1000
INFO:artifice:choose query: 850 / 1000
INFO:artifice:choose query: 900 / 1000
INFO:artifice:choose query: 950 / 1000
INFO:artifice:chose query [3067] with uncertainties [(3067, -0.34300438)]
INFO:artifice:querying [3067]...
2019-04-28 16:54:42.404270: I tensorflow/core/common_runtime/gpu/gpu_device.cc:1511] Adding visible gpu devices: 0
2019-04-28 16:54:42.404332: I tensorflow/core/common_runtime/gpu/gpu_device.cc:982] Device interconnect StreamExecutor with strength 1 edge matrix:
2019-04-28 16:54:42.404346: I tensorflow/core/common_runtime/gpu/gpu_device.cc:988]      0 
2019-04-28 16:54:42.404355: I tensorflow/core/common_runtime/gpu/gpu_device.cc:1001] 0:   N 
2019-04-28 16:54:42.404536: I tensorflow/core/common_runtime/gpu/gpu_device.cc:1115] Created TensorFlow device (/job:localhost/replica:0/task:0/device:GPU:0 with 10758 MB memory) -> physical GPU (device: 0, name: Tesla K80, pci bus id: 0000:08:00.0, compute capability: 3.7)
2019-04-28 16:54:44.385473: I tensorflow/core/common_runtime/gpu/gpu_device.cc:1511] Adding visible gpu devices: 0
2019-04-28 16:54:44.385561: I tensorflow/core/common_runtime/gpu/gpu_device.cc:982] Device interconnect StreamExecutor with strength 1 edge matrix:
2019-04-28 16:54:44.385574: I tensorflow/core/common_runtime/gpu/gpu_device.cc:988]      0 
2019-04-28 16:54:44.385582: I tensorflow/core/common_runtime/gpu/gpu_device.cc:1001] 0:   N 
2019-04-28 16:54:44.385719: I tensorflow/core/common_runtime/gpu/gpu_device.cc:1115] Created TensorFlow device (/job:localhost/replica:0/task:0/device:GPU:0 with 10758 MB memory) -> physical GPU (device: 0, name: Tesla K80, pci bus id: 0000:08:00.0, compute capability: 3.7)
INFO:artifice:initialized iterator, starting accumulation...
INFO:artifice:finished accumulation
DEBUG:artifice:transforming object 0...
DEBUG:artifice:transforming object 1...
DEBUG:artifice:tiled: (<tf.Tensor 'stack:0' shape=(4, 284, 284, 1) dtype=float32>, <tf.Tensor 'stack_1:0' shape=(4, 196, 196, 1) dtype=float32>)
INFO:artifice:Epoch 5/20
INFO:artifice:predicting round 0...
DEBUG:artifice:tiled: (<tf.Tensor 'stack:0' shape=(4, ?, ?, ?) dtype=float32>, <tf.Tensor 'stack_1:0' shape=(4, 196, 196, 1) dtype=float32>)
DEBUG:artifice:predict: {np.sum(np.isnan(out))} nan values
DEBUG:artifice:tiles: (1000, 196, 196, 1)
DEBUG:artifice:tiles: (1000, 196, 196, 1), num_tiles: 1, batch_size: 4
INFO:artifice:choose query: 0 / 1000
INFO:artifice:choose query: 50 / 1000
INFO:artifice:choose query: 100 / 1000
INFO:artifice:choose query: 150 / 1000
INFO:artifice:choose query: 200 / 1000
INFO:artifice:choose query: 250 / 1000
INFO:artifice:choose query: 300 / 1000
INFO:artifice:choose query: 350 / 1000
INFO:artifice:choose query: 400 / 1000
INFO:artifice:choose query: 450 / 1000
INFO:artifice:choose query: 500 / 1000
INFO:artifice:choose query: 550 / 1000
INFO:artifice:choose query: 600 / 1000
INFO:artifice:choose query: 650 / 1000
INFO:artifice:choose query: 700 / 1000
INFO:artifice:choose query: 750 / 1000
INFO:artifice:choose query: 800 / 1000
INFO:artifice:choose query: 850 / 1000
INFO:artifice:choose query: 900 / 1000
INFO:artifice:choose query: 950 / 1000
INFO:artifice:chose query [4046] with uncertainties [(4046, -0.53528845)]
INFO:artifice:querying [4046]...
2019-04-28 17:14:32.707782: I tensorflow/core/common_runtime/gpu/gpu_device.cc:1511] Adding visible gpu devices: 0
2019-04-28 17:14:32.707844: I tensorflow/core/common_runtime/gpu/gpu_device.cc:982] Device interconnect StreamExecutor with strength 1 edge matrix:
2019-04-28 17:14:32.707858: I tensorflow/core/common_runtime/gpu/gpu_device.cc:988]      0 
2019-04-28 17:14:32.707867: I tensorflow/core/common_runtime/gpu/gpu_device.cc:1001] 0:   N 
2019-04-28 17:14:32.708053: I tensorflow/core/common_runtime/gpu/gpu_device.cc:1115] Created TensorFlow device (/job:localhost/replica:0/task:0/device:GPU:0 with 10758 MB memory) -> physical GPU (device: 0, name: Tesla K80, pci bus id: 0000:08:00.0, compute capability: 3.7)
2019-04-28 17:14:34.781540: I tensorflow/core/common_runtime/gpu/gpu_device.cc:1511] Adding visible gpu devices: 0
2019-04-28 17:14:34.783478: I tensorflow/core/common_runtime/gpu/gpu_device.cc:982] Device interconnect StreamExecutor with strength 1 edge matrix:
2019-04-28 17:14:34.783512: I tensorflow/core/common_runtime/gpu/gpu_device.cc:988]      0 
2019-04-28 17:14:34.783524: I tensorflow/core/common_runtime/gpu/gpu_device.cc:1001] 0:   N 
2019-04-28 17:14:34.783710: I tensorflow/core/common_runtime/gpu/gpu_device.cc:1115] Created TensorFlow device (/job:localhost/replica:0/task:0/device:GPU:0 with 10758 MB memory) -> physical GPU (device: 0, name: Tesla K80, pci bus id: 0000:08:00.0, compute capability: 3.7)
INFO:artifice:initialized iterator, starting accumulation...
INFO:artifice:finished accumulation
DEBUG:artifice:transforming object 0...
DEBUG:artifice:transforming object 1...
DEBUG:artifice:tiled: (<tf.Tensor 'stack:0' shape=(4, 284, 284, 1) dtype=float32>, <tf.Tensor 'stack_1:0' shape=(4, 196, 196, 1) dtype=float32>)
INFO:artifice:Epoch 6/20
INFO:artifice:predicting round 0...
DEBUG:artifice:tiled: (<tf.Tensor 'stack:0' shape=(4, ?, ?, ?) dtype=float32>, <tf.Tensor 'stack_1:0' shape=(4, 196, 196, 1) dtype=float32>)
DEBUG:artifice:predict: {np.sum(np.isnan(out))} nan values
DEBUG:artifice:tiles: (1000, 196, 196, 1)
DEBUG:artifice:tiles: (1000, 196, 196, 1), num_tiles: 1, batch_size: 4
INFO:artifice:choose query: 0 / 1000
INFO:artifice:choose query: 50 / 1000
INFO:artifice:choose query: 100 / 1000
INFO:artifice:choose query: 150 / 1000
INFO:artifice:choose query: 200 / 1000
INFO:artifice:choose query: 250 / 1000
INFO:artifice:choose query: 300 / 1000
INFO:artifice:choose query: 350 / 1000
INFO:artifice:choose query: 400 / 1000
INFO:artifice:choose query: 450 / 1000
INFO:artifice:choose query: 500 / 1000
INFO:artifice:choose query: 550 / 1000
INFO:artifice:choose query: 600 / 1000
INFO:artifice:choose query: 650 / 1000
INFO:artifice:choose query: 700 / 1000
INFO:artifice:choose query: 750 / 1000
INFO:artifice:choose query: 800 / 1000
INFO:artifice:choose query: 850 / 1000
INFO:artifice:choose query: 900 / 1000
INFO:artifice:choose query: 950 / 1000
INFO:artifice:chose query [5397] with uncertainties [(5397, -1.1396352)]
INFO:artifice:querying [5397]...
2019-04-28 17:34:27.050551: I tensorflow/core/common_runtime/gpu/gpu_device.cc:1511] Adding visible gpu devices: 0
2019-04-28 17:34:27.050609: I tensorflow/core/common_runtime/gpu/gpu_device.cc:982] Device interconnect StreamExecutor with strength 1 edge matrix:
2019-04-28 17:34:27.050623: I tensorflow/core/common_runtime/gpu/gpu_device.cc:988]      0 
2019-04-28 17:34:27.050631: I tensorflow/core/common_runtime/gpu/gpu_device.cc:1001] 0:   N 
2019-04-28 17:34:27.050824: I tensorflow/core/common_runtime/gpu/gpu_device.cc:1115] Created TensorFlow device (/job:localhost/replica:0/task:0/device:GPU:0 with 10758 MB memory) -> physical GPU (device: 0, name: Tesla K80, pci bus id: 0000:08:00.0, compute capability: 3.7)
2019-04-28 17:34:29.322438: I tensorflow/core/common_runtime/gpu/gpu_device.cc:1511] Adding visible gpu devices: 0
2019-04-28 17:34:29.322529: I tensorflow/core/common_runtime/gpu/gpu_device.cc:982] Device interconnect StreamExecutor with strength 1 edge matrix:
2019-04-28 17:34:29.322544: I tensorflow/core/common_runtime/gpu/gpu_device.cc:988]      0 
2019-04-28 17:34:29.322552: I tensorflow/core/common_runtime/gpu/gpu_device.cc:1001] 0:   N 
2019-04-28 17:34:29.322755: I tensorflow/core/common_runtime/gpu/gpu_device.cc:1115] Created TensorFlow device (/job:localhost/replica:0/task:0/device:GPU:0 with 10758 MB memory) -> physical GPU (device: 0, name: Tesla K80, pci bus id: 0000:08:00.0, compute capability: 3.7)
INFO:artifice:initialized iterator, starting accumulation...
INFO:artifice:finished accumulation
DEBUG:artifice:transforming object 0...
DEBUG:artifice:transforming object 1...
DEBUG:artifice:tiled: (<tf.Tensor 'stack:0' shape=(4, 284, 284, 1) dtype=float32>, <tf.Tensor 'stack_1:0' shape=(4, 196, 196, 1) dtype=float32>)
INFO:artifice:Epoch 7/20
INFO:artifice:predicting round 0...
DEBUG:artifice:tiled: (<tf.Tensor 'stack:0' shape=(4, ?, ?, ?) dtype=float32>, <tf.Tensor 'stack_1:0' shape=(4, 196, 196, 1) dtype=float32>)
DEBUG:artifice:predict: {np.sum(np.isnan(out))} nan values
DEBUG:artifice:tiles: (1000, 196, 196, 1)
DEBUG:artifice:tiles: (1000, 196, 196, 1), num_tiles: 1, batch_size: 4
INFO:artifice:choose query: 0 / 1000
INFO:artifice:choose query: 50 / 1000
INFO:artifice:choose query: 100 / 1000
INFO:artifice:choose query: 150 / 1000
INFO:artifice:choose query: 200 / 1000
INFO:artifice:choose query: 250 / 1000
INFO:artifice:choose query: 300 / 1000
INFO:artifice:choose query: 350 / 1000
INFO:artifice:choose query: 400 / 1000
INFO:artifice:choose query: 450 / 1000
INFO:artifice:choose query: 500 / 1000
INFO:artifice:choose query: 550 / 1000
INFO:artifice:choose query: 600 / 1000
INFO:artifice:choose query: 650 / 1000
INFO:artifice:choose query: 700 / 1000
INFO:artifice:choose query: 750 / 1000
INFO:artifice:choose query: 800 / 1000
INFO:artifice:choose query: 850 / 1000
INFO:artifice:choose query: 900 / 1000
INFO:artifice:choose query: 950 / 1000
INFO:artifice:chose query [6321] with uncertainties [(6321, -1.5927315)]
INFO:artifice:querying [6321]...
2019-04-28 17:55:05.691398: I tensorflow/core/common_runtime/gpu/gpu_device.cc:1511] Adding visible gpu devices: 0
2019-04-28 17:55:05.691482: I tensorflow/core/common_runtime/gpu/gpu_device.cc:982] Device interconnect StreamExecutor with strength 1 edge matrix:
2019-04-28 17:55:05.691496: I tensorflow/core/common_runtime/gpu/gpu_device.cc:988]      0 
2019-04-28 17:55:05.691505: I tensorflow/core/common_runtime/gpu/gpu_device.cc:1001] 0:   N 
2019-04-28 17:55:05.691753: I tensorflow/core/common_runtime/gpu/gpu_device.cc:1115] Created TensorFlow device (/job:localhost/replica:0/task:0/device:GPU:0 with 10758 MB memory) -> physical GPU (device: 0, name: Tesla K80, pci bus id: 0000:08:00.0, compute capability: 3.7)
2019-04-28 17:55:08.955486: I tensorflow/core/common_runtime/gpu/gpu_device.cc:1511] Adding visible gpu devices: 0
2019-04-28 17:55:08.955590: I tensorflow/core/common_runtime/gpu/gpu_device.cc:982] Device interconnect StreamExecutor with strength 1 edge matrix:
2019-04-28 17:55:08.955607: I tensorflow/core/common_runtime/gpu/gpu_device.cc:988]      0 
2019-04-28 17:55:08.955617: I tensorflow/core/common_runtime/gpu/gpu_device.cc:1001] 0:   N 
2019-04-28 17:55:08.955798: I tensorflow/core/common_runtime/gpu/gpu_device.cc:1115] Created TensorFlow device (/job:localhost/replica:0/task:0/device:GPU:0 with 10758 MB memory) -> physical GPU (device: 0, name: Tesla K80, pci bus id: 0000:08:00.0, compute capability: 3.7)
INFO:artifice:initialized iterator, starting accumulation...
INFO:artifice:finished accumulation
DEBUG:artifice:transforming object 0...
DEBUG:artifice:transforming object 1...
DEBUG:artifice:tiled: (<tf.Tensor 'stack:0' shape=(4, 284, 284, 1) dtype=float32>, <tf.Tensor 'stack_1:0' shape=(4, 196, 196, 1) dtype=float32>)
INFO:artifice:Epoch 8/20
INFO:artifice:predicting round 0...
DEBUG:artifice:tiled: (<tf.Tensor 'stack:0' shape=(4, ?, ?, ?) dtype=float32>, <tf.Tensor 'stack_1:0' shape=(4, 196, 196, 1) dtype=float32>)
DEBUG:artifice:predict: {np.sum(np.isnan(out))} nan values
DEBUG:artifice:tiles: (1000, 196, 196, 1)
DEBUG:artifice:tiles: (1000, 196, 196, 1), num_tiles: 1, batch_size: 4
INFO:artifice:choose query: 0 / 1000
INFO:artifice:choose query: 50 / 1000
INFO:artifice:choose query: 100 / 1000
INFO:artifice:choose query: 150 / 1000
INFO:artifice:choose query: 200 / 1000
INFO:artifice:choose query: 250 / 1000
INFO:artifice:choose query: 300 / 1000
INFO:artifice:choose query: 350 / 1000
INFO:artifice:choose query: 400 / 1000
INFO:artifice:choose query: 450 / 1000
INFO:artifice:choose query: 500 / 1000
INFO:artifice:choose query: 550 / 1000
INFO:artifice:choose query: 600 / 1000
INFO:artifice:choose query: 650 / 1000
INFO:artifice:choose query: 700 / 1000
INFO:artifice:choose query: 750 / 1000
INFO:artifice:choose query: 800 / 1000
INFO:artifice:choose query: 850 / 1000
INFO:artifice:choose query: 900 / 1000
INFO:artifice:choose query: 950 / 1000
INFO:artifice:chose query [7707] with uncertainties [(7707, -4.036065)]
INFO:artifice:querying [7707]...
2019-04-28 18:15:11.528608: I tensorflow/core/common_runtime/gpu/gpu_device.cc:1511] Adding visible gpu devices: 0
2019-04-28 18:15:11.528667: I tensorflow/core/common_runtime/gpu/gpu_device.cc:982] Device interconnect StreamExecutor with strength 1 edge matrix:
2019-04-28 18:15:11.528683: I tensorflow/core/common_runtime/gpu/gpu_device.cc:988]      0 
2019-04-28 18:15:11.528691: I tensorflow/core/common_runtime/gpu/gpu_device.cc:1001] 0:   N 
2019-04-28 18:15:11.528868: I tensorflow/core/common_runtime/gpu/gpu_device.cc:1115] Created TensorFlow device (/job:localhost/replica:0/task:0/device:GPU:0 with 10758 MB memory) -> physical GPU (device: 0, name: Tesla K80, pci bus id: 0000:08:00.0, compute capability: 3.7)
2019-04-28 18:15:13.821008: I tensorflow/core/common_runtime/gpu/gpu_device.cc:1511] Adding visible gpu devices: 0
2019-04-28 18:15:13.821089: I tensorflow/core/common_runtime/gpu/gpu_device.cc:982] Device interconnect StreamExecutor with strength 1 edge matrix:
2019-04-28 18:15:13.821103: I tensorflow/core/common_runtime/gpu/gpu_device.cc:988]      0 
2019-04-28 18:15:13.821111: I tensorflow/core/common_runtime/gpu/gpu_device.cc:1001] 0:   N 
2019-04-28 18:15:13.821283: I tensorflow/core/common_runtime/gpu/gpu_device.cc:1115] Created TensorFlow device (/job:localhost/replica:0/task:0/device:GPU:0 with 10758 MB memory) -> physical GPU (device: 0, name: Tesla K80, pci bus id: 0000:08:00.0, compute capability: 3.7)
INFO:artifice:initialized iterator, starting accumulation...
INFO:artifice:finished accumulation
DEBUG:artifice:transforming object 0...
DEBUG:artifice:transforming object 1...
DEBUG:artifice:tiled: (<tf.Tensor 'stack:0' shape=(4, 284, 284, 1) dtype=float32>, <tf.Tensor 'stack_1:0' shape=(4, 196, 196, 1) dtype=float32>)
INFO:artifice:Epoch 9/20
INFO:artifice:predicting round 0...
DEBUG:artifice:tiled: (<tf.Tensor 'stack:0' shape=(4, ?, ?, ?) dtype=float32>, <tf.Tensor 'stack_1:0' shape=(4, 196, 196, 1) dtype=float32>)
DEBUG:artifice:predict: {np.sum(np.isnan(out))} nan values
DEBUG:artifice:tiles: (1000, 196, 196, 1)
DEBUG:artifice:tiles: (1000, 196, 196, 1), num_tiles: 1, batch_size: 4
INFO:artifice:choose query: 0 / 1000
INFO:artifice:choose query: 50 / 1000
INFO:artifice:choose query: 100 / 1000
INFO:artifice:choose query: 150 / 1000
INFO:artifice:choose query: 200 / 1000
INFO:artifice:choose query: 250 / 1000
INFO:artifice:choose query: 300 / 1000
INFO:artifice:choose query: 350 / 1000
INFO:artifice:choose query: 400 / 1000
INFO:artifice:choose query: 450 / 1000
INFO:artifice:choose query: 500 / 1000
INFO:artifice:choose query: 550 / 1000
INFO:artifice:choose query: 600 / 1000
INFO:artifice:choose query: 650 / 1000
INFO:artifice:choose query: 700 / 1000
INFO:artifice:choose query: 750 / 1000
INFO:artifice:choose query: 800 / 1000
INFO:artifice:choose query: 850 / 1000
INFO:artifice:choose query: 900 / 1000
INFO:artifice:choose query: 950 / 1000
INFO:artifice:chose query [8909] with uncertainties [(8909, -3.9147246)]
INFO:artifice:querying [8909]...
2019-04-28 18:35:17.964690: I tensorflow/core/common_runtime/gpu/gpu_device.cc:1511] Adding visible gpu devices: 0
2019-04-28 18:35:17.964753: I tensorflow/core/common_runtime/gpu/gpu_device.cc:982] Device interconnect StreamExecutor with strength 1 edge matrix:
2019-04-28 18:35:17.964766: I tensorflow/core/common_runtime/gpu/gpu_device.cc:988]      0 
2019-04-28 18:35:17.964774: I tensorflow/core/common_runtime/gpu/gpu_device.cc:1001] 0:   N 
2019-04-28 18:35:17.964959: I tensorflow/core/common_runtime/gpu/gpu_device.cc:1115] Created TensorFlow device (/job:localhost/replica:0/task:0/device:GPU:0 with 10758 MB memory) -> physical GPU (device: 0, name: Tesla K80, pci bus id: 0000:08:00.0, compute capability: 3.7)
2019-04-28 18:35:20.546850: I tensorflow/core/common_runtime/gpu/gpu_device.cc:1511] Adding visible gpu devices: 0
2019-04-28 18:35:20.546938: I tensorflow/core/common_runtime/gpu/gpu_device.cc:982] Device interconnect StreamExecutor with strength 1 edge matrix:
2019-04-28 18:35:20.546951: I tensorflow/core/common_runtime/gpu/gpu_device.cc:988]      0 
2019-04-28 18:35:20.546958: I tensorflow/core/common_runtime/gpu/gpu_device.cc:1001] 0:   N 
2019-04-28 18:35:20.547118: I tensorflow/core/common_runtime/gpu/gpu_device.cc:1115] Created TensorFlow device (/job:localhost/replica:0/task:0/device:GPU:0 with 10758 MB memory) -> physical GPU (device: 0, name: Tesla K80, pci bus id: 0000:08:00.0, compute capability: 3.7)
INFO:artifice:initialized iterator, starting accumulation...
INFO:artifice:finished accumulation
DEBUG:artifice:transforming object 0...
DEBUG:artifice:transforming object 1...
DEBUG:artifice:tiled: (<tf.Tensor 'stack:0' shape=(4, 284, 284, 1) dtype=float32>, <tf.Tensor 'stack_1:0' shape=(4, 196, 196, 1) dtype=float32>)
DEBUG:artifice:transforming object 0...
DEBUG:artifice:transforming object 1...
DEBUG:artifice:tiled: (<tf.Tensor 'stack:0' shape=(4, 284, 284, 1) dtype=float32>, <tf.Tensor 'stack_1:0' shape=(4, 196, 196, 1) dtype=float32>)
