INFO:artifice:Namespace(batch_size=[4], command='visualize', cores=[-1], data_root=['data/harper_waltzing_spheres'], eager=False, epoch_size=[10000], epochs=[1], image_shape=[196, 196, 1], initial_epoch=[0], keras_verbose=[2], l2_reg=[0.0001], learning_rate=[0.1], mode=['active'], model_root=['models/harper_spheres_tethered_active_subset10'], num_candidates=[1000], num_objects=[2], output=['show'], overwrite=False, query_size=[1], regions_path=[None], show=False, splits=[0, 0, 2401], subset_size=[10], tile_shape=[196, 196, 1], verbose=[2])
WARNING:artifice:pad: loading data before model
WARNING:artifice:pad: loading data before model
WARNING:artifice:pad: loading data before model
2019-05-06 11:42:01.376089: I tensorflow/core/platform/cpu_feature_guard.cc:141] Your CPU supports instructions that this TensorFlow binary was not compiled to use: SSE4.1 SSE4.2 AVX AVX2 FMA
2019-05-06 11:42:01.637856: I tensorflow/core/common_runtime/gpu/gpu_device.cc:1432] Found device 0 with properties: 
name: Tesla K80 major: 3 minor: 7 memoryClockRate(GHz): 0.8235
pciBusID: 0000:89:00.0
totalMemory: 11.17GiB freeMemory: 11.10GiB
2019-05-06 11:42:01.637937: I tensorflow/core/common_runtime/gpu/gpu_device.cc:1511] Adding visible gpu devices: 0
2019-05-06 11:42:13.024554: I tensorflow/core/common_runtime/gpu/gpu_device.cc:982] Device interconnect StreamExecutor with strength 1 edge matrix:
2019-05-06 11:42:13.024614: I tensorflow/core/common_runtime/gpu/gpu_device.cc:988]      0 
2019-05-06 11:42:13.024633: I tensorflow/core/common_runtime/gpu/gpu_device.cc:1001] 0:   N 
2019-05-06 11:42:13.025199: I tensorflow/core/common_runtime/gpu/gpu_device.cc:1115] Created TensorFlow device (/job:localhost/replica:0/task:0/device:GPU:0 with 10758 MB memory) -> physical GPU (device: 0, name: Tesla K80, pci bus id: 0000:89:00.0, compute capability: 3.7)
INFO:artifice:initialized iterator, starting accumulation...
INFO:artifice:finished accumulation
INFO:artifice:average error: 6.68
INFO:artifice:error std: 26.04
INFO:artifice:minimum error: 0.71
INFO:artifice:maximum error: 235.98
INFO:artifice:object 0:
INFO:artifice:  average error: 7.22
INFO:artifice:  error std: 29.60
INFO:artifice:  minimum error: 0.71
INFO:artifice:  maximum error: 230.99
INFO:artifice:object 1:
INFO:artifice:  average error: 6.14
INFO:artifice:  error std: 21.90
INFO:artifice:  minimum error: 0.71
INFO:artifice:  maximum error: 235.98
INFO:artifice:saved error map to models/harper_spheres_tethered_active_subset10/harper_waltzing_spheres/regional_errors.pdf
INFO:artifice:saved peaks map to models/harper_spheres_tethered_active_subset10/harper_waltzing_spheres/regional_peaks.pdf
INFO:artifice:writing detections to video...
2019-05-06 11:42:16.694669: I tensorflow/core/common_runtime/gpu/gpu_device.cc:1511] Adding visible gpu devices: 0
2019-05-06 11:42:16.694717: I tensorflow/core/common_runtime/gpu/gpu_device.cc:982] Device interconnect StreamExecutor with strength 1 edge matrix:
2019-05-06 11:42:16.694729: I tensorflow/core/common_runtime/gpu/gpu_device.cc:988]      0 
2019-05-06 11:42:16.694738: I tensorflow/core/common_runtime/gpu/gpu_device.cc:1001] 0:   N 
2019-05-06 11:42:16.695040: I tensorflow/core/common_runtime/gpu/gpu_device.cc:1115] Created TensorFlow device (/job:localhost/replica:0/task:0/device:GPU:0 with 10758 MB memory) -> physical GPU (device: 0, name: Tesla K80, pci bus id: 0000:89:00.0, compute capability: 3.7)
INFO:artifice:0 / 2401
INFO:artifice:saved example detection to models/harper_spheres_tethered_active_subset10/harper_waltzing_spheres/example_detection.pdf
INFO:artifice:ffmpeg -y -f rawvideo -vcodec rawvideo -s 392x196 -pix_fmt rgba -r 30 -i - -an -b 40000k -vcodec mpeg4 models/harper_spheres_tethered_active_subset10/harper_waltzing_spheres/detections.mp4
INFO:artifice:100 / 2401
INFO:artifice:200 / 2401
INFO:artifice:300 / 2401
INFO:artifice:400 / 2401
INFO:artifice:500 / 2401
INFO:artifice:600 / 2401
INFO:artifice:700 / 2401
INFO:artifice:800 / 2401
INFO:artifice:900 / 2401
INFO:artifice:1000 / 2401
INFO:artifice:1100 / 2401
INFO:artifice:1200 / 2401
INFO:artifice:1300 / 2401
INFO:artifice:1400 / 2401
INFO:artifice:1500 / 2401
INFO:artifice:1600 / 2401
INFO:artifice:1700 / 2401
INFO:artifice:1800 / 2401
INFO:artifice:1900 / 2401
INFO:artifice:2000 / 2401
INFO:artifice:2100 / 2401
INFO:artifice:2200 / 2401
INFO:artifice:2300 / 2401
INFO:artifice:2400 / 2401
INFO:artifice:finished
INFO:artifice:wrote mp4 to models/harper_spheres_tethered_active_subset10/harper_waltzing_spheres/detections.mp4
