/home/killeen/.local/lib/python3.6/site-packages/h5py/__init__.py:36: FutureWarning: Conversion of the second argument of issubdtype from `float` to `np.floating` is deprecated. In future, it will be treated as `np.float64 == np.dtype(float).type`.
  from ._conv import register_converters as _register_converters
INFO:loading train 'data/pets/train_s-0.9_aug-fliph-rtn.tfrecord' and test 'data/pets/test.tfrecord'
INFO:Creating unet graph...
INFO:tensorflow:Using config: {'_model_dir': 'models/pets_s-0.9_aug-fliph-rtn', '_tf_random_seed': None, '_save_summary_steps': 100, '_save_checkpoints_steps': 50, '_save_checkpoints_secs': None, '_session_config': None, '_keep_checkpoint_max': 5, '_keep_checkpoint_every_n_hours': 10000, '_log_step_count_steps': 5, '_train_distribute': None, '_device_fn': None, '_service': None, '_cluster_spec': <tensorflow.python.training.server_lib.ClusterSpec object at 0x7f52bf0c0ef0>, '_task_type': 'worker', '_task_id': 0, '_global_id_in_cluster': 0, '_master': '', '_evaluation_master': '', '_is_chief': True, '_num_ps_replicas': 0, '_num_worker_replicas': 1}
INFO:Using config: {'_model_dir': 'models/pets_s-0.9_aug-fliph-rtn', '_tf_random_seed': None, '_save_summary_steps': 100, '_save_checkpoints_steps': 50, '_save_checkpoints_secs': None, '_session_config': None, '_keep_checkpoint_max': 5, '_keep_checkpoint_every_n_hours': 10000, '_log_step_count_steps': 5, '_train_distribute': None, '_device_fn': None, '_service': None, '_cluster_spec': <tensorflow.python.training.server_lib.ClusterSpec object at 0x7f52bf0c0ef0>, '_task_type': 'worker', '_task_id': 0, '_global_id_in_cluster': 0, '_master': '', '_evaluation_master': '', '_is_chief': True, '_num_ps_replicas': 0, '_num_worker_replicas': 1}
INFO:tensorflow:Calling model_fn.
INFO:Calling model_fn.
INFO:tensorflow:Done calling model_fn.
INFO:Done calling model_fn.
INFO:tensorflow:Create CheckpointSaverHook.
INFO:Create CheckpointSaverHook.
INFO:tensorflow:Graph was finalized.
INFO:Graph was finalized.
2018-12-15 01:03:55.713621: I tensorflow/core/platform/cpu_feature_guard.cc:141] Your CPU supports instructions that this TensorFlow binary was not compiled to use: AVX2 FMA
2018-12-15 01:03:55.924069: I tensorflow/core/common_runtime/gpu/gpu_device.cc:1392] Found device 0 with properties: 
name: Tesla K80 major: 3 minor: 7 memoryClockRate(GHz): 0.8235
pciBusID: 0000:08:00.0
totalMemory: 11.17GiB freeMemory: 11.10GiB
2018-12-15 01:03:55.924154: I tensorflow/core/common_runtime/gpu/gpu_device.cc:1471] Adding visible gpu devices: 0
2018-12-15 01:04:06.836231: I tensorflow/core/common_runtime/gpu/gpu_device.cc:952] Device interconnect StreamExecutor with strength 1 edge matrix:
2018-12-15 01:04:06.836316: I tensorflow/core/common_runtime/gpu/gpu_device.cc:958]      0 
2018-12-15 01:04:06.836334: I tensorflow/core/common_runtime/gpu/gpu_device.cc:971] 0:   N 
2018-12-15 01:04:06.836840: I tensorflow/core/common_runtime/gpu/gpu_device.cc:1084] Created TensorFlow device (/job:localhost/replica:0/task:0/device:GPU:0 with 10763 MB memory) -> physical GPU (device: 0, name: Tesla K80, pci bus id: 0000:08:00.0, compute capability: 3.7)
INFO:tensorflow:Running local_init_op.
INFO:Running local_init_op.
INFO:tensorflow:Done running local_init_op.
INFO:Done running local_init_op.
INFO:tensorflow:Saving checkpoints for 0 into models/pets_s-0.9_aug-fliph-rtn/model.ckpt.
INFO:Saving checkpoints for 0 into models/pets_s-0.9_aug-fliph-rtn/model.ckpt.
INFO:tensorflow:loss = 1.4139863, step = 0
INFO:loss = 1.4139863, step = 0
INFO:tensorflow:global_step/sec: 0.417996
INFO:global_step/sec: 0.417996
INFO:tensorflow:loss = 1.0943847, step = 5 (11.962 sec)
INFO:loss = 1.0943847, step = 5 (11.962 sec)
INFO:tensorflow:global_step/sec: 0.449427
INFO:global_step/sec: 0.449427
INFO:tensorflow:loss = 1.0472442, step = 10 (11.125 sec)
INFO:loss = 1.0472442, step = 10 (11.125 sec)
INFO:tensorflow:global_step/sec: 0.44946
INFO:global_step/sec: 0.44946
INFO:tensorflow:loss = 1.0464021, step = 15 (11.124 sec)
INFO:loss = 1.0464021, step = 15 (11.124 sec)
INFO:tensorflow:global_step/sec: 0.448386
INFO:global_step/sec: 0.448386
INFO:tensorflow:loss = 1.0992194, step = 20 (11.151 sec)
INFO:loss = 1.0992194, step = 20 (11.151 sec)
INFO:tensorflow:global_step/sec: 0.447902
INFO:global_step/sec: 0.447902
INFO:tensorflow:loss = 1.0758374, step = 25 (11.163 sec)
INFO:loss = 1.0758374, step = 25 (11.163 sec)
INFO:tensorflow:global_step/sec: 0.447275
INFO:global_step/sec: 0.447275
INFO:tensorflow:loss = 1.0734494, step = 30 (11.179 sec)
INFO:loss = 1.0734494, step = 30 (11.179 sec)
INFO:tensorflow:global_step/sec: 0.447794
INFO:global_step/sec: 0.447794
INFO:tensorflow:loss = 1.0229532, step = 35 (11.166 sec)
INFO:loss = 1.0229532, step = 35 (11.166 sec)
INFO:tensorflow:global_step/sec: 0.447365
INFO:global_step/sec: 0.447365
INFO:tensorflow:loss = 0.95605344, step = 40 (11.177 sec)
INFO:loss = 0.95605344, step = 40 (11.177 sec)
INFO:tensorflow:global_step/sec: 0.446509
INFO:global_step/sec: 0.446509
INFO:tensorflow:loss = 1.1685401, step = 45 (11.198 sec)
INFO:loss = 1.1685401, step = 45 (11.198 sec)
INFO:tensorflow:Saving checkpoints for 50 into models/pets_s-0.9_aug-fliph-rtn/model.ckpt.
INFO:Saving checkpoints for 50 into models/pets_s-0.9_aug-fliph-rtn/model.ckpt.
INFO:tensorflow:global_step/sec: 0.413893
INFO:global_step/sec: 0.413893
INFO:tensorflow:loss = 1.0104883, step = 50 (12.080 sec)
INFO:loss = 1.0104883, step = 50 (12.080 sec)
INFO:tensorflow:global_step/sec: 0.44567
INFO:global_step/sec: 0.44567
INFO:tensorflow:loss = 1.0550238, step = 55 (11.219 sec)
INFO:loss = 1.0550238, step = 55 (11.219 sec)
INFO:tensorflow:global_step/sec: 0.445803
INFO:global_step/sec: 0.445803
INFO:tensorflow:loss = 1.0739105, step = 60 (11.216 sec)
INFO:loss = 1.0739105, step = 60 (11.216 sec)
INFO:tensorflow:global_step/sec: 0.445974
INFO:global_step/sec: 0.445974
INFO:tensorflow:loss = 1.0209186, step = 65 (11.211 sec)
INFO:loss = 1.0209186, step = 65 (11.211 sec)
INFO:tensorflow:global_step/sec: 0.445982
INFO:global_step/sec: 0.445982
INFO:tensorflow:loss = 0.9979159, step = 70 (11.211 sec)
INFO:loss = 0.9979159, step = 70 (11.211 sec)
INFO:tensorflow:global_step/sec: 0.445898
INFO:global_step/sec: 0.445898
INFO:tensorflow:loss = 1.0336806, step = 75 (11.214 sec)
INFO:loss = 1.0336806, step = 75 (11.214 sec)
INFO:tensorflow:global_step/sec: 0.446185
INFO:global_step/sec: 0.446185
INFO:tensorflow:loss = 0.92760456, step = 80 (11.206 sec)
INFO:loss = 0.92760456, step = 80 (11.206 sec)
INFO:tensorflow:global_step/sec: 0.445307
INFO:global_step/sec: 0.445307
INFO:tensorflow:loss = 1.0185031, step = 85 (11.228 sec)
INFO:loss = 1.0185031, step = 85 (11.228 sec)
INFO:tensorflow:global_step/sec: 0.445434
INFO:global_step/sec: 0.445434
INFO:tensorflow:loss = 1.1181929, step = 90 (11.225 sec)
INFO:loss = 1.1181929, step = 90 (11.225 sec)
INFO:tensorflow:global_step/sec: 0.445031
INFO:global_step/sec: 0.445031
INFO:tensorflow:loss = 1.0554404, step = 95 (11.235 sec)
INFO:loss = 1.0554404, step = 95 (11.235 sec)
INFO:tensorflow:Saving checkpoints for 100 into models/pets_s-0.9_aug-fliph-rtn/model.ckpt.
INFO:Saving checkpoints for 100 into models/pets_s-0.9_aug-fliph-rtn/model.ckpt.
INFO:tensorflow:global_step/sec: 0.415423
INFO:global_step/sec: 0.415423
INFO:tensorflow:loss = 1.0081351, step = 100 (12.036 sec)
INFO:loss = 1.0081351, step = 100 (12.036 sec)
INFO:tensorflow:global_step/sec: 0.445447
INFO:global_step/sec: 0.445447
INFO:tensorflow:loss = 0.9259938, step = 105 (11.224 sec)
INFO:loss = 0.9259938, step = 105 (11.224 sec)
INFO:tensorflow:global_step/sec: 0.4454
INFO:global_step/sec: 0.4454
INFO:tensorflow:loss = 0.97168696, step = 110 (11.226 sec)
INFO:loss = 0.97168696, step = 110 (11.226 sec)
INFO:tensorflow:global_step/sec: 0.445102
INFO:global_step/sec: 0.445102
INFO:tensorflow:loss = 1.0751364, step = 115 (11.233 sec)
INFO:loss = 1.0751364, step = 115 (11.233 sec)
INFO:tensorflow:global_step/sec: 0.444759
INFO:global_step/sec: 0.444759
INFO:tensorflow:loss = 1.0269533, step = 120 (11.242 sec)
INFO:loss = 1.0269533, step = 120 (11.242 sec)
INFO:tensorflow:global_step/sec: 0.44446
INFO:global_step/sec: 0.44446
INFO:tensorflow:loss = 1.0187516, step = 125 (11.250 sec)
INFO:loss = 1.0187516, step = 125 (11.250 sec)
INFO:tensorflow:global_step/sec: 0.444512
INFO:global_step/sec: 0.444512
INFO:tensorflow:loss = 0.9801996, step = 130 (11.249 sec)
INFO:loss = 0.9801996, step = 130 (11.249 sec)
INFO:tensorflow:global_step/sec: 0.444815
INFO:global_step/sec: 0.444815
INFO:tensorflow:loss = 0.94113564, step = 135 (11.240 sec)
INFO:loss = 0.94113564, step = 135 (11.240 sec)
INFO:tensorflow:global_step/sec: 0.445344
INFO:global_step/sec: 0.445344
INFO:tensorflow:loss = 0.9845166, step = 140 (11.227 sec)
INFO:loss = 0.9845166, step = 140 (11.227 sec)
INFO:tensorflow:global_step/sec: 0.446316
INFO:global_step/sec: 0.446316
INFO:tensorflow:loss = 1.0101115, step = 145 (11.203 sec)
INFO:loss = 1.0101115, step = 145 (11.203 sec)
INFO:tensorflow:Saving checkpoints for 150 into models/pets_s-0.9_aug-fliph-rtn/model.ckpt.
INFO:Saving checkpoints for 150 into models/pets_s-0.9_aug-fliph-rtn/model.ckpt.
INFO:tensorflow:global_step/sec: 0.415894
INFO:global_step/sec: 0.415894
INFO:tensorflow:loss = 1.0192219, step = 150 (12.022 sec)
INFO:loss = 1.0192219, step = 150 (12.022 sec)
INFO:tensorflow:global_step/sec: 0.445805
INFO:global_step/sec: 0.445805
INFO:tensorflow:loss = 0.9677367, step = 155 (11.216 sec)
INFO:loss = 0.9677367, step = 155 (11.216 sec)
INFO:tensorflow:global_step/sec: 0.44603
INFO:global_step/sec: 0.44603
INFO:tensorflow:loss = 0.9542771, step = 160 (11.210 sec)
INFO:loss = 0.9542771, step = 160 (11.210 sec)
INFO:tensorflow:global_step/sec: 0.445432
INFO:global_step/sec: 0.445432
INFO:tensorflow:loss = 0.9555723, step = 165 (11.225 sec)
INFO:loss = 0.9555723, step = 165 (11.225 sec)
INFO:tensorflow:global_step/sec: 0.445073
INFO:global_step/sec: 0.445073
INFO:tensorflow:loss = 1.1154087, step = 170 (11.234 sec)
INFO:loss = 1.1154087, step = 170 (11.234 sec)
INFO:tensorflow:global_step/sec: 0.444551
INFO:global_step/sec: 0.444551
INFO:tensorflow:loss = 0.9913397, step = 175 (11.247 sec)
INFO:loss = 0.9913397, step = 175 (11.247 sec)
INFO:tensorflow:global_step/sec: 0.445035
INFO:global_step/sec: 0.445035
INFO:tensorflow:loss = 0.94681025, step = 180 (11.235 sec)
INFO:loss = 0.94681025, step = 180 (11.235 sec)
INFO:tensorflow:global_step/sec: 0.444564
INFO:global_step/sec: 0.444564
INFO:tensorflow:loss = 0.936127, step = 185 (11.247 sec)
INFO:loss = 0.936127, step = 185 (11.247 sec)
INFO:tensorflow:global_step/sec: 0.445339
INFO:global_step/sec: 0.445339
INFO:tensorflow:loss = 0.9577626, step = 190 (11.227 sec)
INFO:loss = 0.9577626, step = 190 (11.227 sec)
INFO:tensorflow:global_step/sec: 0.444777
INFO:global_step/sec: 0.444777
INFO:tensorflow:loss = 1.0093791, step = 195 (11.242 sec)
INFO:loss = 1.0093791, step = 195 (11.242 sec)
INFO:tensorflow:Saving checkpoints for 200 into models/pets_s-0.9_aug-fliph-rtn/model.ckpt.
INFO:Saving checkpoints for 200 into models/pets_s-0.9_aug-fliph-rtn/model.ckpt.
INFO:tensorflow:global_step/sec: 0.408542
INFO:global_step/sec: 0.408542
INFO:tensorflow:loss = 0.9679681, step = 200 (12.239 sec)
INFO:loss = 0.9679681, step = 200 (12.239 sec)
INFO:tensorflow:global_step/sec: 0.445227
INFO:global_step/sec: 0.445227
INFO:tensorflow:loss = 0.9819969, step = 205 (11.230 sec)
INFO:loss = 0.9819969, step = 205 (11.230 sec)
INFO:tensorflow:global_step/sec: 0.445168
INFO:global_step/sec: 0.445168
INFO:tensorflow:loss = 0.9323193, step = 210 (11.232 sec)
INFO:loss = 0.9323193, step = 210 (11.232 sec)
INFO:tensorflow:global_step/sec: 0.444646
INFO:global_step/sec: 0.444646
INFO:tensorflow:loss = 0.9743353, step = 215 (11.245 sec)
INFO:loss = 0.9743353, step = 215 (11.245 sec)
INFO:tensorflow:global_step/sec: 0.445268
INFO:global_step/sec: 0.445268
INFO:tensorflow:loss = 0.9168139, step = 220 (11.229 sec)
INFO:loss = 0.9168139, step = 220 (11.229 sec)
INFO:tensorflow:global_step/sec: 0.445139
INFO:global_step/sec: 0.445139
INFO:tensorflow:loss = 0.94636667, step = 225 (11.232 sec)
INFO:loss = 0.94636667, step = 225 (11.232 sec)
INFO:tensorflow:global_step/sec: 0.446218
INFO:global_step/sec: 0.446218
INFO:tensorflow:loss = 0.9782695, step = 230 (11.205 sec)
INFO:loss = 0.9782695, step = 230 (11.205 sec)
INFO:tensorflow:global_step/sec: 0.44617
INFO:global_step/sec: 0.44617
INFO:tensorflow:loss = 0.9861349, step = 235 (11.206 sec)
INFO:loss = 0.9861349, step = 235 (11.206 sec)
INFO:tensorflow:global_step/sec: 0.445679
INFO:global_step/sec: 0.445679
INFO:tensorflow:loss = 0.9805281, step = 240 (11.219 sec)
INFO:loss = 0.9805281, step = 240 (11.219 sec)
INFO:tensorflow:global_step/sec: 0.445986
INFO:global_step/sec: 0.445986
INFO:tensorflow:loss = 0.95724595, step = 245 (11.211 sec)
INFO:loss = 0.95724595, step = 245 (11.211 sec)
INFO:tensorflow:Saving checkpoints for 250 into models/pets_s-0.9_aug-fliph-rtn/model.ckpt.
INFO:Saving checkpoints for 250 into models/pets_s-0.9_aug-fliph-rtn/model.ckpt.
INFO:tensorflow:global_step/sec: 0.411146
INFO:global_step/sec: 0.411146
INFO:tensorflow:loss = 0.92068034, step = 250 (12.161 sec)
INFO:loss = 0.92068034, step = 250 (12.161 sec)
INFO:tensorflow:global_step/sec: 0.448081
INFO:global_step/sec: 0.448081
INFO:tensorflow:loss = 1.0219244, step = 255 (11.159 sec)
INFO:loss = 1.0219244, step = 255 (11.159 sec)
INFO:tensorflow:global_step/sec: 0.4491
INFO:global_step/sec: 0.4491
INFO:tensorflow:loss = 0.89074403, step = 260 (11.133 sec)
INFO:loss = 0.89074403, step = 260 (11.133 sec)
INFO:tensorflow:global_step/sec: 0.448311
INFO:global_step/sec: 0.448311
INFO:tensorflow:loss = 0.91969514, step = 265 (11.153 sec)
INFO:loss = 0.91969514, step = 265 (11.153 sec)
INFO:tensorflow:global_step/sec: 0.447852
INFO:global_step/sec: 0.447852
INFO:tensorflow:loss = 0.9375761, step = 270 (11.164 sec)
INFO:loss = 0.9375761, step = 270 (11.164 sec)
INFO:tensorflow:global_step/sec: 0.448179
INFO:global_step/sec: 0.448179
INFO:tensorflow:loss = 0.87193716, step = 275 (11.156 sec)
INFO:loss = 0.87193716, step = 275 (11.156 sec)
INFO:tensorflow:global_step/sec: 0.446907
INFO:global_step/sec: 0.446907
INFO:tensorflow:loss = 0.8909446, step = 280 (11.188 sec)
INFO:loss = 0.8909446, step = 280 (11.188 sec)
INFO:tensorflow:global_step/sec: 0.446811
INFO:global_step/sec: 0.446811
INFO:tensorflow:loss = 0.8666101, step = 285 (11.191 sec)
INFO:loss = 0.8666101, step = 285 (11.191 sec)
INFO:tensorflow:global_step/sec: 0.447014
INFO:global_step/sec: 0.447014
INFO:tensorflow:loss = 0.8987678, step = 290 (11.185 sec)
INFO:loss = 0.8987678, step = 290 (11.185 sec)
INFO:tensorflow:global_step/sec: 0.446271
INFO:global_step/sec: 0.446271
INFO:tensorflow:loss = 0.88784677, step = 295 (11.204 sec)
INFO:loss = 0.88784677, step = 295 (11.204 sec)
INFO:tensorflow:Saving checkpoints for 300 into models/pets_s-0.9_aug-fliph-rtn/model.ckpt.
INFO:Saving checkpoints for 300 into models/pets_s-0.9_aug-fliph-rtn/model.ckpt.
INFO:tensorflow:global_step/sec: 0.414391
INFO:global_step/sec: 0.414391
INFO:tensorflow:loss = 0.8750974, step = 300 (12.066 sec)
INFO:loss = 0.8750974, step = 300 (12.066 sec)
INFO:tensorflow:global_step/sec: 0.445214
INFO:global_step/sec: 0.445214
INFO:tensorflow:loss = 0.8955727, step = 305 (11.230 sec)
INFO:loss = 0.8955727, step = 305 (11.230 sec)
INFO:tensorflow:global_step/sec: 0.445101
INFO:global_step/sec: 0.445101
INFO:tensorflow:loss = 0.9441769, step = 310 (11.233 sec)
INFO:loss = 0.9441769, step = 310 (11.233 sec)
INFO:tensorflow:global_step/sec: 0.443862
INFO:global_step/sec: 0.443862
INFO:tensorflow:loss = 0.96566105, step = 315 (11.265 sec)
INFO:loss = 0.96566105, step = 315 (11.265 sec)
INFO:tensorflow:global_step/sec: 0.444272
INFO:global_step/sec: 0.444272
INFO:tensorflow:loss = 0.8984779, step = 320 (11.254 sec)
INFO:loss = 0.8984779, step = 320 (11.254 sec)
INFO:tensorflow:global_step/sec: 0.443542
INFO:global_step/sec: 0.443542
INFO:tensorflow:loss = 0.8232948, step = 325 (11.273 sec)
INFO:loss = 0.8232948, step = 325 (11.273 sec)
INFO:tensorflow:global_step/sec: 0.443617
INFO:global_step/sec: 0.443617
INFO:tensorflow:loss = 0.91426325, step = 330 (11.271 sec)
INFO:loss = 0.91426325, step = 330 (11.271 sec)
INFO:tensorflow:global_step/sec: 0.444148
INFO:global_step/sec: 0.444148
INFO:tensorflow:loss = 0.88178647, step = 335 (11.257 sec)
INFO:loss = 0.88178647, step = 335 (11.257 sec)
INFO:tensorflow:global_step/sec: 0.444703
INFO:global_step/sec: 0.444703
INFO:tensorflow:loss = 0.888585, step = 340 (11.243 sec)
INFO:loss = 0.888585, step = 340 (11.243 sec)
INFO:tensorflow:global_step/sec: 0.445116
INFO:global_step/sec: 0.445116
INFO:tensorflow:loss = 0.8615502, step = 345 (11.233 sec)
INFO:loss = 0.8615502, step = 345 (11.233 sec)
INFO:tensorflow:Saving checkpoints for 350 into models/pets_s-0.9_aug-fliph-rtn/model.ckpt.
INFO:Saving checkpoints for 350 into models/pets_s-0.9_aug-fliph-rtn/model.ckpt.
INFO:tensorflow:global_step/sec: 0.412109
INFO:global_step/sec: 0.412109
INFO:tensorflow:loss = 0.95954204, step = 350 (12.133 sec)
INFO:loss = 0.95954204, step = 350 (12.133 sec)
INFO:tensorflow:global_step/sec: 0.446392
INFO:global_step/sec: 0.446392
INFO:tensorflow:loss = 1.0628285, step = 355 (11.201 sec)
INFO:loss = 1.0628285, step = 355 (11.201 sec)
INFO:tensorflow:global_step/sec: 0.446963
INFO:global_step/sec: 0.446963
INFO:tensorflow:loss = 0.9316361, step = 360 (11.187 sec)
INFO:loss = 0.9316361, step = 360 (11.187 sec)
INFO:tensorflow:global_step/sec: 0.448048
INFO:global_step/sec: 0.448048
INFO:tensorflow:loss = 0.9290202, step = 365 (11.160 sec)
INFO:loss = 0.9290202, step = 365 (11.160 sec)
INFO:tensorflow:global_step/sec: 0.447111
INFO:global_step/sec: 0.447111
INFO:tensorflow:loss = 0.90399104, step = 370 (11.183 sec)
INFO:loss = 0.90399104, step = 370 (11.183 sec)
INFO:tensorflow:global_step/sec: 0.44763
INFO:global_step/sec: 0.44763
INFO:tensorflow:loss = 0.86882335, step = 375 (11.170 sec)
INFO:loss = 0.86882335, step = 375 (11.170 sec)
INFO:tensorflow:global_step/sec: 0.447685
INFO:global_step/sec: 0.447685
INFO:tensorflow:loss = 0.8785886, step = 380 (11.169 sec)
INFO:loss = 0.8785886, step = 380 (11.169 sec)
INFO:tensorflow:global_step/sec: 0.447046
INFO:global_step/sec: 0.447046
INFO:tensorflow:loss = 0.80551726, step = 385 (11.184 sec)
INFO:loss = 0.80551726, step = 385 (11.184 sec)
INFO:tensorflow:global_step/sec: 0.44779
INFO:global_step/sec: 0.44779
INFO:tensorflow:loss = 0.97278666, step = 390 (11.166 sec)
INFO:loss = 0.97278666, step = 390 (11.166 sec)
INFO:tensorflow:global_step/sec: 0.447742
INFO:global_step/sec: 0.447742
INFO:tensorflow:loss = 0.875153, step = 395 (11.167 sec)
INFO:loss = 0.875153, step = 395 (11.167 sec)
INFO:tensorflow:Saving checkpoints for 400 into models/pets_s-0.9_aug-fliph-rtn/model.ckpt.
INFO:Saving checkpoints for 400 into models/pets_s-0.9_aug-fliph-rtn/model.ckpt.
INFO:tensorflow:global_step/sec: 0.41167
INFO:global_step/sec: 0.41167
INFO:tensorflow:loss = 0.9612187, step = 400 (12.146 sec)
INFO:loss = 0.9612187, step = 400 (12.146 sec)
INFO:tensorflow:global_step/sec: 0.447324
INFO:global_step/sec: 0.447324
INFO:tensorflow:loss = 0.9335111, step = 405 (11.177 sec)
INFO:loss = 0.9335111, step = 405 (11.177 sec)
INFO:tensorflow:global_step/sec: 0.446261
INFO:global_step/sec: 0.446261
INFO:tensorflow:loss = 0.94870317, step = 410 (11.204 sec)
INFO:loss = 0.94870317, step = 410 (11.204 sec)
INFO:tensorflow:global_step/sec: 0.445509
INFO:global_step/sec: 0.445509
INFO:tensorflow:loss = 0.9049714, step = 415 (11.223 sec)
INFO:loss = 0.9049714, step = 415 (11.223 sec)
INFO:tensorflow:global_step/sec: 0.446377
INFO:global_step/sec: 0.446377
INFO:tensorflow:loss = 0.8427335, step = 420 (11.201 sec)
INFO:loss = 0.8427335, step = 420 (11.201 sec)
INFO:tensorflow:global_step/sec: 0.446063
INFO:global_step/sec: 0.446063
INFO:tensorflow:loss = 0.8990138, step = 425 (11.209 sec)
INFO:loss = 0.8990138, step = 425 (11.209 sec)
INFO:tensorflow:global_step/sec: 0.444935
INFO:global_step/sec: 0.444935
INFO:tensorflow:loss = 1.0710514, step = 430 (11.238 sec)
INFO:loss = 1.0710514, step = 430 (11.238 sec)
INFO:tensorflow:global_step/sec: 0.444916
INFO:global_step/sec: 0.444916
INFO:tensorflow:loss = 0.8411478, step = 435 (11.238 sec)
INFO:loss = 0.8411478, step = 435 (11.238 sec)
INFO:tensorflow:global_step/sec: 0.445114
INFO:global_step/sec: 0.445114
INFO:tensorflow:loss = 0.85902816, step = 440 (11.233 sec)
INFO:loss = 0.85902816, step = 440 (11.233 sec)
INFO:tensorflow:global_step/sec: 0.443907
INFO:global_step/sec: 0.443907
INFO:tensorflow:loss = 0.8608642, step = 445 (11.264 sec)
INFO:loss = 0.8608642, step = 445 (11.264 sec)
INFO:tensorflow:Saving checkpoints for 450 into models/pets_s-0.9_aug-fliph-rtn/model.ckpt.
INFO:Saving checkpoints for 450 into models/pets_s-0.9_aug-fliph-rtn/model.ckpt.
INFO:tensorflow:global_step/sec: 0.409581
INFO:global_step/sec: 0.409581
INFO:tensorflow:loss = 0.82458484, step = 450 (12.208 sec)
INFO:loss = 0.82458484, step = 450 (12.208 sec)
INFO:tensorflow:global_step/sec: 0.446298
INFO:global_step/sec: 0.446298
INFO:tensorflow:loss = 0.9594728, step = 455 (11.203 sec)
INFO:loss = 0.9594728, step = 455 (11.203 sec)
INFO:tensorflow:global_step/sec: 0.447297
INFO:global_step/sec: 0.447297
INFO:tensorflow:loss = 0.833233, step = 460 (11.178 sec)
INFO:loss = 0.833233, step = 460 (11.178 sec)
INFO:tensorflow:global_step/sec: 0.447519
INFO:global_step/sec: 0.447519
INFO:tensorflow:loss = 0.8735514, step = 465 (11.173 sec)
INFO:loss = 0.8735514, step = 465 (11.173 sec)
INFO:tensorflow:global_step/sec: 0.447892
INFO:global_step/sec: 0.447892
INFO:tensorflow:loss = 0.7736811, step = 470 (11.164 sec)
INFO:loss = 0.7736811, step = 470 (11.164 sec)
INFO:tensorflow:global_step/sec: 0.447703
INFO:global_step/sec: 0.447703
INFO:tensorflow:loss = 0.8657116, step = 475 (11.168 sec)
INFO:loss = 0.8657116, step = 475 (11.168 sec)
INFO:tensorflow:global_step/sec: 0.448067
INFO:global_step/sec: 0.448067
INFO:tensorflow:loss = 0.88343257, step = 480 (11.159 sec)
INFO:loss = 0.88343257, step = 480 (11.159 sec)
INFO:tensorflow:global_step/sec: 0.447727
INFO:global_step/sec: 0.447727
INFO:tensorflow:loss = 0.9664371, step = 485 (11.168 sec)
INFO:loss = 0.9664371, step = 485 (11.168 sec)
INFO:tensorflow:global_step/sec: 0.446841
INFO:global_step/sec: 0.446841
INFO:tensorflow:loss = 0.9339931, step = 490 (11.190 sec)
INFO:loss = 0.9339931, step = 490 (11.190 sec)
INFO:tensorflow:global_step/sec: 0.447454
INFO:global_step/sec: 0.447454
INFO:tensorflow:loss = 0.8434813, step = 495 (11.174 sec)
INFO:loss = 0.8434813, step = 495 (11.174 sec)
INFO:tensorflow:Saving checkpoints for 497 into models/pets_s-0.9_aug-fliph-rtn/model.ckpt.
INFO:Saving checkpoints for 497 into models/pets_s-0.9_aug-fliph-rtn/model.ckpt.
INFO:tensorflow:Loss for final step: 0.913008.
INFO:Loss for final step: 0.913008.
INFO:evaluating test accuracy
INFO:tensorflow:Calling model_fn.
INFO:Calling model_fn.
INFO:tensorflow:Done calling model_fn.
INFO:Done calling model_fn.
INFO:tensorflow:Starting evaluation at 2018-12-15-07:23:29
INFO:Starting evaluation at 2018-12-15-07:23:29
INFO:tensorflow:Graph was finalized.
INFO:Graph was finalized.
2018-12-15 01:23:29.764324: I tensorflow/core/common_runtime/gpu/gpu_device.cc:1471] Adding visible gpu devices: 0
2018-12-15 01:23:29.764377: I tensorflow/core/common_runtime/gpu/gpu_device.cc:952] Device interconnect StreamExecutor with strength 1 edge matrix:
2018-12-15 01:23:29.764389: I tensorflow/core/common_runtime/gpu/gpu_device.cc:958]      0 
2018-12-15 01:23:29.764397: I tensorflow/core/common_runtime/gpu/gpu_device.cc:971] 0:   N 
2018-12-15 01:23:29.764545: I tensorflow/core/common_runtime/gpu/gpu_device.cc:1084] Created TensorFlow device (/job:localhost/replica:0/task:0/device:GPU:0 with 10763 MB memory) -> physical GPU (device: 0, name: Tesla K80, pci bus id: 0000:08:00.0, compute capability: 3.7)
INFO:tensorflow:Restoring parameters from models/pets_s-0.9_aug-fliph-rtn/model.ckpt-497
INFO:Restoring parameters from models/pets_s-0.9_aug-fliph-rtn/model.ckpt-497
INFO:tensorflow:Running local_init_op.
INFO:Running local_init_op.
INFO:tensorflow:Done running local_init_op.
INFO:Done running local_init_op.
INFO:tensorflow:Finished evaluation at 2018-12-15-07:24:31
INFO:Finished evaluation at 2018-12-15-07:24:31
INFO:tensorflow:Saving dict for global step 497: accuracy = 0.6621061, global_step = 497, loss = 0.83901346
INFO:Saving dict for global step 497: accuracy = 0.6621061, global_step = 497, loss = 0.83901346
INFO:tensorflow:Saving 'checkpoint_path' summary for global step 497: models/pets_s-0.9_aug-fliph-rtn/model.ckpt-497
INFO:Saving 'checkpoint_path' summary for global step 497: models/pets_s-0.9_aug-fliph-rtn/model.ckpt-497
INFO:{'accuracy': 0.6621061, 'loss': 0.83901346, 'global_step': 497}
