INFO:artifice:<run 'train'>
INFO:artifice:model: model
2019-04-02 15:04:56.152432: I tensorflow/core/platform/cpu_feature_guard.cc:141] Your CPU supports instructions that this TensorFlow binary was not compiled to use: SSE4.1 SSE4.2 AVX AVX2 FMA
2019-04-02 15:04:56.385709: I tensorflow/core/common_runtime/gpu/gpu_device.cc:1432] Found device 0 with properties: 
name: Tesla K80 major: 3 minor: 7 memoryClockRate(GHz): 0.8235
pciBusID: 0000:08:00.0
totalMemory: 11.17GiB freeMemory: 11.10GiB
2019-04-02 15:04:56.388681: I tensorflow/core/common_runtime/gpu/gpu_device.cc:1511] Adding visible gpu devices: 0
2019-04-02 15:04:56.704561: I tensorflow/core/common_runtime/gpu/gpu_device.cc:982] Device interconnect StreamExecutor with strength 1 edge matrix:
2019-04-02 15:04:56.704637: I tensorflow/core/common_runtime/gpu/gpu_device.cc:988]      0 
2019-04-02 15:04:56.704648: I tensorflow/core/common_runtime/gpu/gpu_device.cc:1001] 0:   N 
2019-04-02 15:04:56.704917: I tensorflow/core/common_runtime/gpu/gpu_device.cc:1115] Created TensorFlow device (/job:localhost/replica:0/task:0/device:GPU:0 with 10758 MB memory) -> physical GPU (device: 0, name: Tesla K80, pci bus id: 0000:08:00.0, compute capability: 3.7)
INFO:artifice:initialized iterator, starting accumulation...
INFO:artifice:finished accumulation
2019-04-02 15:05:15.419176: I tensorflow/core/common_runtime/gpu/gpu_device.cc:1511] Adding visible gpu devices: 0
2019-04-02 15:05:15.422461: I tensorflow/core/common_runtime/gpu/gpu_device.cc:982] Device interconnect StreamExecutor with strength 1 edge matrix:
2019-04-02 15:05:15.422483: I tensorflow/core/common_runtime/gpu/gpu_device.cc:988]      0 
2019-04-02 15:05:15.422493: I tensorflow/core/common_runtime/gpu/gpu_device.cc:1001] 0:   N 
2019-04-02 15:05:15.422837: I tensorflow/core/common_runtime/gpu/gpu_device.cc:1115] Created TensorFlow device (/job:localhost/replica:0/task:0/device:GPU:0 with 10758 MB memory) -> physical GPU (device: 0, name: Tesla K80, pci bus id: 0000:08:00.0, compute capability: 3.7)
2019-04-02 15:05:28.295175: I tensorflow/core/kernels/data/shuffle_dataset_op.cc:98] Filling up shuffle buffer (this may take a while): 161 of 1250
2019-04-02 15:05:38.425451: I tensorflow/core/kernels/data/shuffle_dataset_op.cc:98] Filling up shuffle buffer (this may take a while): 337 of 1250
2019-04-02 15:05:48.528855: I tensorflow/core/kernels/data/shuffle_dataset_op.cc:98] Filling up shuffle buffer (this may take a while): 513 of 1250
2019-04-02 15:05:57.967819: I tensorflow/core/kernels/data/shuffle_dataset_op.cc:98] Filling up shuffle buffer (this may take a while): 673 of 1250
2019-04-02 15:06:08.373344: I tensorflow/core/kernels/data/shuffle_dataset_op.cc:98] Filling up shuffle buffer (this may take a while): 849 of 1250
2019-04-02 15:06:17.856990: I tensorflow/core/kernels/data/shuffle_dataset_op.cc:98] Filling up shuffle buffer (this may take a while): 1009 of 1250
2019-04-02 15:06:28.173875: I tensorflow/core/kernels/data/shuffle_dataset_op.cc:98] Filling up shuffle buffer (this may take a while): 1185 of 1250
2019-04-02 15:06:31.952382: I tensorflow/core/kernels/data/shuffle_dataset_op.cc:136] Shuffle buffer filled.
