Starting training...
Epoch 1/20

Epoch 00001: saving model to models/coupled_spheres_e20/hourglass/cp-0001.hdf5
 - 2294s - loss: 0.0427 - mean_absolute_error: 0.0028 - val_loss: 0.0335 - val_mean_absolute_error: 0.0035
Epoch 2/20

Epoch 00002: saving model to models/coupled_spheres_e20/hourglass/cp-0002.hdf5
 - 2169s - loss: 0.0375 - mean_absolute_error: 0.0024 - val_loss: 0.0320 - val_mean_absolute_error: 0.0017
Epoch 3/20

Epoch 00003: saving model to models/coupled_spheres_e20/hourglass/cp-0003.hdf5
 - 2165s - loss: 0.0298 - mean_absolute_error: 0.0025 - val_loss: 0.0302 - val_mean_absolute_error: 0.0024
Epoch 4/20

Epoch 00004: saving model to models/coupled_spheres_e20/hourglass/cp-0004.hdf5
 - 2165s - loss: 0.0386 - mean_absolute_error: 0.0025 - val_loss: 0.0273 - val_mean_absolute_error: 0.0022
Epoch 5/20

Epoch 00005: saving model to models/coupled_spheres_e20/hourglass/cp-0005.hdf5
 - 2159s - loss: 0.0265 - mean_absolute_error: 0.0023 - val_loss: 0.0260 - val_mean_absolute_error: 0.0025
Epoch 6/20

Epoch 00006: saving model to models/coupled_spheres_e20/hourglass/cp-0006.hdf5
 - 2107s - loss: 0.0278 - mean_absolute_error: 0.0022 - val_loss: 0.0267 - val_mean_absolute_error: 0.0016
Epoch 7/20

Epoch 00007: saving model to models/coupled_spheres_e20/hourglass/cp-0007.hdf5
 - 2109s - loss: 0.0258 - mean_absolute_error: 0.0021 - val_loss: 0.0257 - val_mean_absolute_error: 0.0015
Epoch 8/20

Epoch 00008: saving model to models/coupled_spheres_e20/hourglass/cp-0008.hdf5
 - 2134s - loss: 0.0268 - mean_absolute_error: 0.0020 - val_loss: 0.0254 - val_mean_absolute_error: 0.0014
Epoch 9/20

Epoch 00009: saving model to models/coupled_spheres_e20/hourglass/cp-0009.hdf5
 - 2152s - loss: 0.0222 - mean_absolute_error: 0.0019 - val_loss: 0.0268 - val_mean_absolute_error: 0.0016
Epoch 10/20

Epoch 00010: saving model to models/coupled_spheres_e20/hourglass/cp-0010.hdf5
 - 2153s - loss: 0.0264 - mean_absolute_error: 0.0019 - val_loss: 0.0249 - val_mean_absolute_error: 0.0014
Epoch 11/20

Epoch 00011: saving model to models/coupled_spheres_e20/hourglass/cp-0011.hdf5
 - 2150s - loss: 0.0255 - mean_absolute_error: 0.0019 - val_loss: 0.0256 - val_mean_absolute_error: 0.0023
Epoch 12/20

Epoch 00012: saving model to models/coupled_spheres_e20/hourglass/cp-0012.hdf5
 - 2150s - loss: 0.0296 - mean_absolute_error: 0.0018 - val_loss: 0.0246 - val_mean_absolute_error: 0.0014
Epoch 13/20

Epoch 00013: saving model to models/coupled_spheres_e20/hourglass/cp-0013.hdf5
 - 2154s - loss: 0.0270 - mean_absolute_error: 0.0018 - val_loss: 0.0243 - val_mean_absolute_error: 0.0013
Epoch 14/20

Epoch 00014: saving model to models/coupled_spheres_e20/hourglass/cp-0014.hdf5
 - 2154s - loss: 0.0251 - mean_absolute_error: 0.0018 - val_loss: 0.0243 - val_mean_absolute_error: 0.0013
Epoch 15/20

Epoch 00015: saving model to models/coupled_spheres_e20/hourglass/cp-0015.hdf5
 - 2159s - loss: 0.0278 - mean_absolute_error: 0.0017 - val_loss: 0.0243 - val_mean_absolute_error: 0.0015
Epoch 16/20

Epoch 00016: saving model to models/coupled_spheres_e20/hourglass/cp-0016.hdf5
 - 2162s - loss: 0.0196 - mean_absolute_error: 0.0017 - val_loss: 0.0242 - val_mean_absolute_error: 0.0018
Epoch 17/20

Epoch 00017: saving model to models/coupled_spheres_e20/hourglass/cp-0017.hdf5
 - 2161s - loss: 0.0247 - mean_absolute_error: 0.0017 - val_loss: 0.0240 - val_mean_absolute_error: 0.0012
Epoch 18/20

Epoch 00018: saving model to models/coupled_spheres_e20/hourglass/cp-0018.hdf5
 - 2163s - loss: 0.0246 - mean_absolute_error: 0.0016 - val_loss: 0.0244 - val_mean_absolute_error: 0.0014
Epoch 19/20

Epoch 00019: saving model to models/coupled_spheres_e20/hourglass/cp-0019.hdf5
 - 2162s - loss: 0.0237 - mean_absolute_error: 0.0016 - val_loss: 0.0238 - val_mean_absolute_error: 0.0012
Epoch 20/20

Epoch 00020: saving model to models/coupled_spheres_e20/hourglass/cp-0020.hdf5
 - 2160s - loss: 0.0387 - mean_absolute_error: 0.0015 - val_loss: 0.0239 - val_mean_absolute_error: 0.0014
Finished.
