Starting training...
Epoch 31/100

Epoch 00031: saving model to models/disks_100x100/proxy_u_net_ckpt.hdf5
 - 50s - loss: 0.0053 - pose_loss: 0.0042 - level_output_0_loss: 3.1450e-04 - level_output_1_loss: 3.4812e-04 - level_output_2_loss: 4.3730e-04 - pose_mean_absolute_error: 0.6469 - level_output_0_mean_absolute_error: 0.0112 - level_output_1_mean_absolute_error: 0.0077 - level_output_2_mean_absolute_error: 0.0062
Epoch 32/100

Epoch 00032: saving model to models/disks_100x100/proxy_u_net_ckpt.hdf5
 - 31s - loss: 0.0052 - pose_loss: 0.0041 - level_output_0_loss: 3.0969e-04 - level_output_1_loss: 3.4376e-04 - level_output_2_loss: 4.2854e-04 - pose_mean_absolute_error: 0.6440 - level_output_0_mean_absolute_error: 0.0111 - level_output_1_mean_absolute_error: 0.0076 - level_output_2_mean_absolute_error: 0.0060
Epoch 33/100

Epoch 00033: saving model to models/disks_100x100/proxy_u_net_ckpt.hdf5
 - 31s - loss: 0.0051 - pose_loss: 0.0040 - level_output_0_loss: 3.0197e-04 - level_output_1_loss: 3.3696e-04 - level_output_2_loss: 4.1869e-04 - pose_mean_absolute_error: 0.6422 - level_output_0_mean_absolute_error: 0.0110 - level_output_1_mean_absolute_error: 0.0075 - level_output_2_mean_absolute_error: 0.0060
Epoch 34/100

Epoch 00034: saving model to models/disks_100x100/proxy_u_net_ckpt.hdf5
 - 31s - loss: 0.0050 - pose_loss: 0.0040 - level_output_0_loss: 2.9799e-04 - level_output_1_loss: 3.3046e-04 - level_output_2_loss: 4.1125e-04 - pose_mean_absolute_error: 0.6398 - level_output_0_mean_absolute_error: 0.0109 - level_output_1_mean_absolute_error: 0.0074 - level_output_2_mean_absolute_error: 0.0059
Epoch 35/100

Epoch 00035: saving model to models/disks_100x100/proxy_u_net_ckpt.hdf5
 - 31s - loss: 0.0049 - pose_loss: 0.0039 - level_output_0_loss: 2.9116e-04 - level_output_1_loss: 3.2660e-04 - level_output_2_loss: 4.0244e-04 - pose_mean_absolute_error: 0.6380 - level_output_0_mean_absolute_error: 0.0108 - level_output_1_mean_absolute_error: 0.0074 - level_output_2_mean_absolute_error: 0.0058
Epoch 36/100

Epoch 00036: saving model to models/disks_100x100/proxy_u_net_ckpt.hdf5
 - 31s - loss: 0.0048 - pose_loss: 0.0038 - level_output_0_loss: 2.8503e-04 - level_output_1_loss: 3.1982e-04 - level_output_2_loss: 3.9357e-04 - pose_mean_absolute_error: 0.6356 - level_output_0_mean_absolute_error: 0.0107 - level_output_1_mean_absolute_error: 0.0073 - level_output_2_mean_absolute_error: 0.0057
Epoch 37/100

Epoch 00037: saving model to models/disks_100x100/proxy_u_net_ckpt.hdf5
 - 31s - loss: 0.0048 - pose_loss: 0.0038 - level_output_0_loss: 2.8496e-04 - level_output_1_loss: 3.1705e-04 - level_output_2_loss: 3.8645e-04 - pose_mean_absolute_error: 0.6341 - level_output_0_mean_absolute_error: 0.0107 - level_output_1_mean_absolute_error: 0.0072 - level_output_2_mean_absolute_error: 0.0056
Epoch 38/100

Epoch 00038: saving model to models/disks_100x100/proxy_u_net_ckpt.hdf5
 - 31s - loss: 0.0047 - pose_loss: 0.0037 - level_output_0_loss: 2.7866e-04 - level_output_1_loss: 3.1064e-04 - level_output_2_loss: 3.7925e-04 - pose_mean_absolute_error: 0.6318 - level_output_0_mean_absolute_error: 0.0106 - level_output_1_mean_absolute_error: 0.0071 - level_output_2_mean_absolute_error: 0.0055
Epoch 39/100

Epoch 00039: saving model to models/disks_100x100/proxy_u_net_ckpt.hdf5
 - 31s - loss: 0.0046 - pose_loss: 0.0037 - level_output_0_loss: 2.7268e-04 - level_output_1_loss: 3.0673e-04 - level_output_2_loss: 3.7290e-04 - pose_mean_absolute_error: 0.6302 - level_output_0_mean_absolute_error: 0.0105 - level_output_1_mean_absolute_error: 0.0071 - level_output_2_mean_absolute_error: 0.0055
Epoch 40/100

Epoch 00040: saving model to models/disks_100x100/proxy_u_net_ckpt.hdf5
 - 31s - loss: 0.0046 - pose_loss: 0.0036 - level_output_0_loss: 2.7171e-04 - level_output_1_loss: 3.0380e-04 - level_output_2_loss: 3.6590e-04 - pose_mean_absolute_error: 0.6283 - level_output_0_mean_absolute_error: 0.0105 - level_output_1_mean_absolute_error: 0.0070 - level_output_2_mean_absolute_error: 0.0054
Epoch 41/100

Epoch 00041: saving model to models/disks_100x100/proxy_u_net_ckpt.hdf5
 - 31s - loss: 0.0045 - pose_loss: 0.0035 - level_output_0_loss: 2.6829e-04 - level_output_1_loss: 2.9983e-04 - level_output_2_loss: 3.6029e-04 - pose_mean_absolute_error: 0.6263 - level_output_0_mean_absolute_error: 0.0104 - level_output_1_mean_absolute_error: 0.0070 - level_output_2_mean_absolute_error: 0.0053
Epoch 42/100

Epoch 00042: saving model to models/disks_100x100/proxy_u_net_ckpt.hdf5
 - 31s - loss: 0.0044 - pose_loss: 0.0035 - level_output_0_loss: 2.6498e-04 - level_output_1_loss: 2.9596e-04 - level_output_2_loss: 3.5435e-04 - pose_mean_absolute_error: 0.6243 - level_output_0_mean_absolute_error: 0.0103 - level_output_1_mean_absolute_error: 0.0069 - level_output_2_mean_absolute_error: 0.0053
Epoch 43/100

Epoch 00043: saving model to models/disks_100x100/proxy_u_net_ckpt.hdf5
 - 31s - loss: 0.0044 - pose_loss: 0.0034 - level_output_0_loss: 2.6321e-04 - level_output_1_loss: 2.9170e-04 - level_output_2_loss: 3.4902e-04 - pose_mean_absolute_error: 0.6227 - level_output_0_mean_absolute_error: 0.0103 - level_output_1_mean_absolute_error: 0.0069 - level_output_2_mean_absolute_error: 0.0052
Epoch 44/100

Epoch 00044: saving model to models/disks_100x100/proxy_u_net_ckpt.hdf5
 - 31s - loss: 0.0043 - pose_loss: 0.0034 - level_output_0_loss: 2.6045e-04 - level_output_1_loss: 2.8683e-04 - level_output_2_loss: 3.4276e-04 - pose_mean_absolute_error: 0.6207 - level_output_0_mean_absolute_error: 0.0103 - level_output_1_mean_absolute_error: 0.0068 - level_output_2_mean_absolute_error: 0.0052
Epoch 45/100

Epoch 00045: saving model to models/disks_100x100/proxy_u_net_ckpt.hdf5
 - 31s - loss: 0.0042 - pose_loss: 0.0034 - level_output_0_loss: 2.5682e-04 - level_output_1_loss: 2.8379e-04 - level_output_2_loss: 3.3716e-04 - pose_mean_absolute_error: 0.6186 - level_output_0_mean_absolute_error: 0.0102 - level_output_1_mean_absolute_error: 0.0067 - level_output_2_mean_absolute_error: 0.0051
Epoch 46/100

Epoch 00046: saving model to models/disks_100x100/proxy_u_net_ckpt.hdf5
 - 31s - loss: 0.0042 - pose_loss: 0.0033 - level_output_0_loss: 2.5419e-04 - level_output_1_loss: 2.8228e-04 - level_output_2_loss: 3.3367e-04 - pose_mean_absolute_error: 0.6169 - level_output_0_mean_absolute_error: 0.0102 - level_output_1_mean_absolute_error: 0.0067 - level_output_2_mean_absolute_error: 0.0050
Epoch 47/100

Epoch 00047: saving model to models/disks_100x100/proxy_u_net_ckpt.hdf5
 - 31s - loss: 0.0041 - pose_loss: 0.0033 - level_output_0_loss: 2.4836e-04 - level_output_1_loss: 2.7685e-04 - level_output_2_loss: 3.2843e-04 - pose_mean_absolute_error: 0.6146 - level_output_0_mean_absolute_error: 0.0101 - level_output_1_mean_absolute_error: 0.0066 - level_output_2_mean_absolute_error: 0.0050
Epoch 48/100

Epoch 00048: saving model to models/disks_100x100/proxy_u_net_ckpt.hdf5
 - 31s - loss: 0.0040 - pose_loss: 0.0032 - level_output_0_loss: 2.5031e-04 - level_output_1_loss: 2.7521e-04 - level_output_2_loss: 3.2355e-04 - pose_mean_absolute_error: 0.6133 - level_output_0_mean_absolute_error: 0.0101 - level_output_1_mean_absolute_error: 0.0066 - level_output_2_mean_absolute_error: 0.0050
Epoch 49/100

Epoch 00049: saving model to models/disks_100x100/proxy_u_net_ckpt.hdf5
 - 32s - loss: 0.0040 - pose_loss: 0.0032 - level_output_0_loss: 2.4824e-04 - level_output_1_loss: 2.7242e-04 - level_output_2_loss: 3.1927e-04 - pose_mean_absolute_error: 0.6121 - level_output_0_mean_absolute_error: 0.0101 - level_output_1_mean_absolute_error: 0.0065 - level_output_2_mean_absolute_error: 0.0049
Epoch 50/100

Epoch 00050: saving model to models/disks_100x100/proxy_u_net_ckpt.hdf5
 - 31s - loss: 0.0040 - pose_loss: 0.0031 - level_output_0_loss: 2.4483e-04 - level_output_1_loss: 2.6719e-04 - level_output_2_loss: 3.1418e-04 - pose_mean_absolute_error: 0.6107 - level_output_0_mean_absolute_error: 0.0100 - level_output_1_mean_absolute_error: 0.0064 - level_output_2_mean_absolute_error: 0.0048
Epoch 51/100

Epoch 00051: saving model to models/disks_100x100/proxy_u_net_ckpt.hdf5
 - 31s - loss: 0.0039 - pose_loss: 0.0031 - level_output_0_loss: 2.4042e-04 - level_output_1_loss: 2.6761e-04 - level_output_2_loss: 3.0940e-04 - pose_mean_absolute_error: 0.6096 - level_output_0_mean_absolute_error: 0.0099 - level_output_1_mean_absolute_error: 0.0064 - level_output_2_mean_absolute_error: 0.0048
Epoch 52/100

Epoch 00052: saving model to models/disks_100x100/proxy_u_net_ckpt.hdf5
 - 31s - loss: 0.0039 - pose_loss: 0.0031 - level_output_0_loss: 2.3854e-04 - level_output_1_loss: 2.6108e-04 - level_output_2_loss: 3.0456e-04 - pose_mean_absolute_error: 0.6079 - level_output_0_mean_absolute_error: 0.0099 - level_output_1_mean_absolute_error: 0.0063 - level_output_2_mean_absolute_error: 0.0048
Epoch 53/100

Epoch 00053: saving model to models/disks_100x100/proxy_u_net_ckpt.hdf5
 - 31s - loss: 0.0038 - pose_loss: 0.0030 - level_output_0_loss: 2.3691e-04 - level_output_1_loss: 2.6117e-04 - level_output_2_loss: 3.0080e-04 - pose_mean_absolute_error: 0.6062 - level_output_0_mean_absolute_error: 0.0099 - level_output_1_mean_absolute_error: 0.0063 - level_output_2_mean_absolute_error: 0.0047
Epoch 54/100

Epoch 00054: saving model to models/disks_100x100/proxy_u_net_ckpt.hdf5
 - 31s - loss: 0.0038 - pose_loss: 0.0030 - level_output_0_loss: 2.3655e-04 - level_output_1_loss: 2.5816e-04 - level_output_2_loss: 2.9701e-04 - pose_mean_absolute_error: 0.6057 - level_output_0_mean_absolute_error: 0.0098 - level_output_1_mean_absolute_error: 0.0062 - level_output_2_mean_absolute_error: 0.0047
Epoch 55/100

Epoch 00055: saving model to models/disks_100x100/proxy_u_net_ckpt.hdf5
 - 31s - loss: 0.0038 - pose_loss: 0.0030 - level_output_0_loss: 2.3257e-04 - level_output_1_loss: 2.5532e-04 - level_output_2_loss: 2.9195e-04 - pose_mean_absolute_error: 0.6051 - level_output_0_mean_absolute_error: 0.0098 - level_output_1_mean_absolute_error: 0.0062 - level_output_2_mean_absolute_error: 0.0046
Epoch 56/100

Epoch 00056: saving model to models/disks_100x100/proxy_u_net_ckpt.hdf5
 - 31s - loss: 0.0037 - pose_loss: 0.0030 - level_output_0_loss: 2.3153e-04 - level_output_1_loss: 2.5204e-04 - level_output_2_loss: 2.8809e-04 - pose_mean_absolute_error: 0.6037 - level_output_0_mean_absolute_error: 0.0098 - level_output_1_mean_absolute_error: 0.0062 - level_output_2_mean_absolute_error: 0.0046
Epoch 57/100

Epoch 00057: saving model to models/disks_100x100/proxy_u_net_ckpt.hdf5
 - 31s - loss: 0.0037 - pose_loss: 0.0029 - level_output_0_loss: 2.2989e-04 - level_output_1_loss: 2.5130e-04 - level_output_2_loss: 2.8582e-04 - pose_mean_absolute_error: 0.6023 - level_output_0_mean_absolute_error: 0.0097 - level_output_1_mean_absolute_error: 0.0061 - level_output_2_mean_absolute_error: 0.0045
Epoch 58/100

Epoch 00058: saving model to models/disks_100x100/proxy_u_net_ckpt.hdf5
 - 31s - loss: 0.0037 - pose_loss: 0.0029 - level_output_0_loss: 2.2796e-04 - level_output_1_loss: 2.4819e-04 - level_output_2_loss: 2.8025e-04 - pose_mean_absolute_error: 0.6011 - level_output_0_mean_absolute_error: 0.0097 - level_output_1_mean_absolute_error: 0.0061 - level_output_2_mean_absolute_error: 0.0045
Epoch 59/100

Epoch 00059: saving model to models/disks_100x100/proxy_u_net_ckpt.hdf5
 - 31s - loss: 0.0037 - pose_loss: 0.0029 - level_output_0_loss: 2.2554e-04 - level_output_1_loss: 2.4406e-04 - level_output_2_loss: 2.7601e-04 - pose_mean_absolute_error: 0.6003 - level_output_0_mean_absolute_error: 0.0096 - level_output_1_mean_absolute_error: 0.0060 - level_output_2_mean_absolute_error: 0.0044
Epoch 60/100

Epoch 00060: saving model to models/disks_100x100/proxy_u_net_ckpt.hdf5
 - 31s - loss: 0.0036 - pose_loss: 0.0029 - level_output_0_loss: 2.2489e-04 - level_output_1_loss: 2.4241e-04 - level_output_2_loss: 2.7377e-04 - pose_mean_absolute_error: 0.5993 - level_output_0_mean_absolute_error: 0.0096 - level_output_1_mean_absolute_error: 0.0060 - level_output_2_mean_absolute_error: 0.0044
Epoch 61/100

Epoch 00061: saving model to models/disks_100x100/proxy_u_net_ckpt.hdf5
 - 32s - loss: 0.0036 - pose_loss: 0.0028 - level_output_0_loss: 2.2441e-04 - level_output_1_loss: 2.4026e-04 - level_output_2_loss: 2.7053e-04 - pose_mean_absolute_error: 0.5985 - level_output_0_mean_absolute_error: 0.0096 - level_output_1_mean_absolute_error: 0.0060 - level_output_2_mean_absolute_error: 0.0044
Epoch 62/100

Epoch 00062: saving model to models/disks_100x100/proxy_u_net_ckpt.hdf5
 - 32s - loss: 0.0036 - pose_loss: 0.0028 - level_output_0_loss: 2.2211e-04 - level_output_1_loss: 2.3802e-04 - level_output_2_loss: 2.6746e-04 - pose_mean_absolute_error: 0.5978 - level_output_0_mean_absolute_error: 0.0096 - level_output_1_mean_absolute_error: 0.0059 - level_output_2_mean_absolute_error: 0.0044
Epoch 63/100

Epoch 00063: saving model to models/disks_100x100/proxy_u_net_ckpt.hdf5
 - 31s - loss: 0.0036 - pose_loss: 0.0028 - level_output_0_loss: 2.1906e-04 - level_output_1_loss: 2.3554e-04 - level_output_2_loss: 2.6403e-04 - pose_mean_absolute_error: 0.5962 - level_output_0_mean_absolute_error: 0.0095 - level_output_1_mean_absolute_error: 0.0059 - level_output_2_mean_absolute_error: 0.0043
Epoch 64/100

Epoch 00064: saving model to models/disks_100x100/proxy_u_net_ckpt.hdf5
 - 31s - loss: 0.0035 - pose_loss: 0.0028 - level_output_0_loss: 2.1866e-04 - level_output_1_loss: 2.3469e-04 - level_output_2_loss: 2.6194e-04 - pose_mean_absolute_error: 0.5951 - level_output_0_mean_absolute_error: 0.0095 - level_output_1_mean_absolute_error: 0.0059 - level_output_2_mean_absolute_error: 0.0043
Epoch 65/100

Epoch 00065: saving model to models/disks_100x100/proxy_u_net_ckpt.hdf5
 - 32s - loss: 0.0035 - pose_loss: 0.0028 - level_output_0_loss: 2.1637e-04 - level_output_1_loss: 2.3231e-04 - level_output_2_loss: 2.5860e-04 - pose_mean_absolute_error: 0.5949 - level_output_0_mean_absolute_error: 0.0095 - level_output_1_mean_absolute_error: 0.0059 - level_output_2_mean_absolute_error: 0.0042
Epoch 66/100

Epoch 00066: saving model to models/disks_100x100/proxy_u_net_ckpt.hdf5
 - 32s - loss: 0.0035 - pose_loss: 0.0028 - level_output_0_loss: 2.1681e-04 - level_output_1_loss: 2.3149e-04 - level_output_2_loss: 2.5700e-04 - pose_mean_absolute_error: 0.5939 - level_output_0_mean_absolute_error: 0.0095 - level_output_1_mean_absolute_error: 0.0058 - level_output_2_mean_absolute_error: 0.0042
Epoch 67/100

Epoch 00067: saving model to models/disks_100x100/proxy_u_net_ckpt.hdf5
 - 31s - loss: 0.0035 - pose_loss: 0.0028 - level_output_0_loss: 2.1410e-04 - level_output_1_loss: 2.2910e-04 - level_output_2_loss: 2.5355e-04 - pose_mean_absolute_error: 0.5921 - level_output_0_mean_absolute_error: 0.0094 - level_output_1_mean_absolute_error: 0.0058 - level_output_2_mean_absolute_error: 0.0042
Epoch 68/100

Epoch 00068: saving model to models/disks_100x100/proxy_u_net_ckpt.hdf5
 - 31s - loss: 0.0034 - pose_loss: 0.0028 - level_output_0_loss: 2.1299e-04 - level_output_1_loss: 2.2733e-04 - level_output_2_loss: 2.5114e-04 - pose_mean_absolute_error: 0.5924 - level_output_0_mean_absolute_error: 0.0094 - level_output_1_mean_absolute_error: 0.0058 - level_output_2_mean_absolute_error: 0.0042
Epoch 69/100

Epoch 00069: saving model to models/disks_100x100/proxy_u_net_ckpt.hdf5
 - 31s - loss: 0.0034 - pose_loss: 0.0027 - level_output_0_loss: 2.1114e-04 - level_output_1_loss: 2.2435e-04 - level_output_2_loss: 2.4858e-04 - pose_mean_absolute_error: 0.5905 - level_output_0_mean_absolute_error: 0.0094 - level_output_1_mean_absolute_error: 0.0057 - level_output_2_mean_absolute_error: 0.0041
Epoch 70/100

Epoch 00070: saving model to models/disks_100x100/proxy_u_net_ckpt.hdf5
 - 31s - loss: 0.0034 - pose_loss: 0.0027 - level_output_0_loss: 2.1183e-04 - level_output_1_loss: 2.2327e-04 - level_output_2_loss: 2.4631e-04 - pose_mean_absolute_error: 0.5901 - level_output_0_mean_absolute_error: 0.0094 - level_output_1_mean_absolute_error: 0.0057 - level_output_2_mean_absolute_error: 0.0041
Epoch 71/100

Epoch 00071: saving model to models/disks_100x100/proxy_u_net_ckpt.hdf5
 - 32s - loss: 0.0034 - pose_loss: 0.0027 - level_output_0_loss: 2.0826e-04 - level_output_1_loss: 2.2041e-04 - level_output_2_loss: 2.4356e-04 - pose_mean_absolute_error: 0.5891 - level_output_0_mean_absolute_error: 0.0093 - level_output_1_mean_absolute_error: 0.0057 - level_output_2_mean_absolute_error: 0.0041
Epoch 72/100

Epoch 00072: saving model to models/disks_100x100/proxy_u_net_ckpt.hdf5
 - 31s - loss: 0.0034 - pose_loss: 0.0027 - level_output_0_loss: 2.0853e-04 - level_output_1_loss: 2.1979e-04 - level_output_2_loss: 2.4219e-04 - pose_mean_absolute_error: 0.5886 - level_output_0_mean_absolute_error: 0.0093 - level_output_1_mean_absolute_error: 0.0056 - level_output_2_mean_absolute_error: 0.0040
Epoch 73/100

Epoch 00073: saving model to models/disks_100x100/proxy_u_net_ckpt.hdf5
 - 31s - loss: 0.0033 - pose_loss: 0.0027 - level_output_0_loss: 2.0646e-04 - level_output_1_loss: 2.1914e-04 - level_output_2_loss: 2.4022e-04 - pose_mean_absolute_error: 0.5877 - level_output_0_mean_absolute_error: 0.0093 - level_output_1_mean_absolute_error: 0.0056 - level_output_2_mean_absolute_error: 0.0040
Epoch 74/100

Epoch 00074: saving model to models/disks_100x100/proxy_u_net_ckpt.hdf5
 - 31s - loss: 0.0033 - pose_loss: 0.0027 - level_output_0_loss: 2.0622e-04 - level_output_1_loss: 2.1628e-04 - level_output_2_loss: 2.3751e-04 - pose_mean_absolute_error: 0.5864 - level_output_0_mean_absolute_error: 0.0093 - level_output_1_mean_absolute_error: 0.0056 - level_output_2_mean_absolute_error: 0.0040
Epoch 75/100

Epoch 00075: saving model to models/disks_100x100/proxy_u_net_ckpt.hdf5
 - 31s - loss: 0.0033 - pose_loss: 0.0027 - level_output_0_loss: 2.0403e-04 - level_output_1_loss: 2.1408e-04 - level_output_2_loss: 2.3539e-04 - pose_mean_absolute_error: 0.5855 - level_output_0_mean_absolute_error: 0.0092 - level_output_1_mean_absolute_error: 0.0056 - level_output_2_mean_absolute_error: 0.0040
Epoch 76/100

Epoch 00076: saving model to models/disks_100x100/proxy_u_net_ckpt.hdf5
 - 31s - loss: 0.0033 - pose_loss: 0.0026 - level_output_0_loss: 2.0503e-04 - level_output_1_loss: 2.1351e-04 - level_output_2_loss: 2.3358e-04 - pose_mean_absolute_error: 0.5857 - level_output_0_mean_absolute_error: 0.0093 - level_output_1_mean_absolute_error: 0.0056 - level_output_2_mean_absolute_error: 0.0040
Epoch 77/100

Epoch 00077: saving model to models/disks_100x100/proxy_u_net_ckpt.hdf5
 - 31s - loss: 0.0033 - pose_loss: 0.0026 - level_output_0_loss: 2.0198e-04 - level_output_1_loss: 2.1185e-04 - level_output_2_loss: 2.3170e-04 - pose_mean_absolute_error: 0.5838 - level_output_0_mean_absolute_error: 0.0092 - level_output_1_mean_absolute_error: 0.0055 - level_output_2_mean_absolute_error: 0.0039
Epoch 78/100

Epoch 00078: saving model to models/disks_100x100/proxy_u_net_ckpt.hdf5
 - 31s - loss: 0.0033 - pose_loss: 0.0026 - level_output_0_loss: 2.0493e-04 - level_output_1_loss: 2.1146e-04 - level_output_2_loss: 2.3022e-04 - pose_mean_absolute_error: 0.5835 - level_output_0_mean_absolute_error: 0.0092 - level_output_1_mean_absolute_error: 0.0055 - level_output_2_mean_absolute_error: 0.0039
Epoch 79/100

Epoch 00079: saving model to models/disks_100x100/proxy_u_net_ckpt.hdf5
 - 31s - loss: 0.0032 - pose_loss: 0.0026 - level_output_0_loss: 2.0266e-04 - level_output_1_loss: 2.0768e-04 - level_output_2_loss: 2.2687e-04 - pose_mean_absolute_error: 0.5827 - level_output_0_mean_absolute_error: 0.0092 - level_output_1_mean_absolute_error: 0.0055 - level_output_2_mean_absolute_error: 0.0039
Epoch 80/100

Epoch 00080: saving model to models/disks_100x100/proxy_u_net_ckpt.hdf5
 - 31s - loss: 0.0032 - pose_loss: 0.0026 - level_output_0_loss: 2.0104e-04 - level_output_1_loss: 2.0762e-04 - level_output_2_loss: 2.2630e-04 - pose_mean_absolute_error: 0.5820 - level_output_0_mean_absolute_error: 0.0092 - level_output_1_mean_absolute_error: 0.0054 - level_output_2_mean_absolute_error: 0.0039
Epoch 81/100

Epoch 00081: saving model to models/disks_100x100/proxy_u_net_ckpt.hdf5
 - 31s - loss: 0.0032 - pose_loss: 0.0026 - level_output_0_loss: 1.9942e-04 - level_output_1_loss: 2.0505e-04 - level_output_2_loss: 2.2383e-04 - pose_mean_absolute_error: 0.5814 - level_output_0_mean_absolute_error: 0.0091 - level_output_1_mean_absolute_error: 0.0054 - level_output_2_mean_absolute_error: 0.0038
Epoch 82/100

Epoch 00082: saving model to models/disks_100x100/proxy_u_net_ckpt.hdf5
 - 31s - loss: 0.0032 - pose_loss: 0.0026 - level_output_0_loss: 1.9911e-04 - level_output_1_loss: 2.0470e-04 - level_output_2_loss: 2.2361e-04 - pose_mean_absolute_error: 0.5808 - level_output_0_mean_absolute_error: 0.0091 - level_output_1_mean_absolute_error: 0.0054 - level_output_2_mean_absolute_error: 0.0038
Epoch 83/100

Epoch 00083: saving model to models/disks_100x100/proxy_u_net_ckpt.hdf5
 - 31s - loss: 0.0032 - pose_loss: 0.0026 - level_output_0_loss: 2.0165e-04 - level_output_1_loss: 2.0319e-04 - level_output_2_loss: 2.2108e-04 - pose_mean_absolute_error: 0.5793 - level_output_0_mean_absolute_error: 0.0092 - level_output_1_mean_absolute_error: 0.0054 - level_output_2_mean_absolute_error: 0.0038
Epoch 84/100

Epoch 00084: saving model to models/disks_100x100/proxy_u_net_ckpt.hdf5
 - 31s - loss: 0.0032 - pose_loss: 0.0026 - level_output_0_loss: 1.9799e-04 - level_output_1_loss: 2.0246e-04 - level_output_2_loss: 2.1989e-04 - pose_mean_absolute_error: 0.5790 - level_output_0_mean_absolute_error: 0.0091 - level_output_1_mean_absolute_error: 0.0054 - level_output_2_mean_absolute_error: 0.0038
Epoch 85/100

Epoch 00085: saving model to models/disks_100x100/proxy_u_net_ckpt.hdf5
 - 31s - loss: 0.0032 - pose_loss: 0.0025 - level_output_0_loss: 1.9641e-04 - level_output_1_loss: 2.0078e-04 - level_output_2_loss: 2.1863e-04 - pose_mean_absolute_error: 0.5788 - level_output_0_mean_absolute_error: 0.0091 - level_output_1_mean_absolute_error: 0.0054 - level_output_2_mean_absolute_error: 0.0038
Epoch 86/100

Epoch 00086: saving model to models/disks_100x100/proxy_u_net_ckpt.hdf5
 - 31s - loss: 0.0032 - pose_loss: 0.0026 - level_output_0_loss: 1.9570e-04 - level_output_1_loss: 2.0074e-04 - level_output_2_loss: 2.1691e-04 - pose_mean_absolute_error: 0.5775 - level_output_0_mean_absolute_error: 0.0091 - level_output_1_mean_absolute_error: 0.0053 - level_output_2_mean_absolute_error: 0.0038
Epoch 87/100

Epoch 00087: saving model to models/disks_100x100/proxy_u_net_ckpt.hdf5
 - 31s - loss: 0.0032 - pose_loss: 0.0025 - level_output_0_loss: 1.9482e-04 - level_output_1_loss: 2.0003e-04 - level_output_2_loss: 2.1586e-04 - pose_mean_absolute_error: 0.5769 - level_output_0_mean_absolute_error: 0.0091 - level_output_1_mean_absolute_error: 0.0053 - level_output_2_mean_absolute_error: 0.0038
Epoch 88/100

Epoch 00088: saving model to models/disks_100x100/proxy_u_net_ckpt.hdf5
 - 31s - loss: 0.0031 - pose_loss: 0.0025 - level_output_0_loss: 1.9379e-04 - level_output_1_loss: 1.9726e-04 - level_output_2_loss: 2.1355e-04 - pose_mean_absolute_error: 0.5764 - level_output_0_mean_absolute_error: 0.0090 - level_output_1_mean_absolute_error: 0.0053 - level_output_2_mean_absolute_error: 0.0037
Epoch 89/100

Epoch 00089: saving model to models/disks_100x100/proxy_u_net_ckpt.hdf5
 - 31s - loss: 0.0031 - pose_loss: 0.0025 - level_output_0_loss: 1.9305e-04 - level_output_1_loss: 1.9644e-04 - level_output_2_loss: 2.1209e-04 - pose_mean_absolute_error: 0.5761 - level_output_0_mean_absolute_error: 0.0090 - level_output_1_mean_absolute_error: 0.0053 - level_output_2_mean_absolute_error: 0.0037
Epoch 90/100

Epoch 00090: saving model to models/disks_100x100/proxy_u_net_ckpt.hdf5
 - 31s - loss: 0.0031 - pose_loss: 0.0025 - level_output_0_loss: 1.9361e-04 - level_output_1_loss: 1.9540e-04 - level_output_2_loss: 2.1121e-04 - pose_mean_absolute_error: 0.5743 - level_output_0_mean_absolute_error: 0.0090 - level_output_1_mean_absolute_error: 0.0053 - level_output_2_mean_absolute_error: 0.0037
Epoch 91/100

Epoch 00091: saving model to models/disks_100x100/proxy_u_net_ckpt.hdf5
 - 31s - loss: 0.0031 - pose_loss: 0.0025 - level_output_0_loss: 1.9066e-04 - level_output_1_loss: 1.9313e-04 - level_output_2_loss: 2.0870e-04 - pose_mean_absolute_error: 0.5742 - level_output_0_mean_absolute_error: 0.0090 - level_output_1_mean_absolute_error: 0.0052 - level_output_2_mean_absolute_error: 0.0037
Epoch 92/100

Epoch 00092: saving model to models/disks_100x100/proxy_u_net_ckpt.hdf5
 - 31s - loss: 0.0031 - pose_loss: 0.0025 - level_output_0_loss: 1.9196e-04 - level_output_1_loss: 1.9247e-04 - level_output_2_loss: 2.0773e-04 - pose_mean_absolute_error: 0.5732 - level_output_0_mean_absolute_error: 0.0090 - level_output_1_mean_absolute_error: 0.0052 - level_output_2_mean_absolute_error: 0.0037
Epoch 93/100

Epoch 00093: saving model to models/disks_100x100/proxy_u_net_ckpt.hdf5
 - 31s - loss: 0.0031 - pose_loss: 0.0025 - level_output_0_loss: 1.9040e-04 - level_output_1_loss: 1.9228e-04 - level_output_2_loss: 2.0737e-04 - pose_mean_absolute_error: 0.5730 - level_output_0_mean_absolute_error: 0.0090 - level_output_1_mean_absolute_error: 0.0052 - level_output_2_mean_absolute_error: 0.0037
Epoch 94/100

Epoch 00094: saving model to models/disks_100x100/proxy_u_net_ckpt.hdf5
 - 31s - loss: 0.0030 - pose_loss: 0.0025 - level_output_0_loss: 1.8995e-04 - level_output_1_loss: 1.8933e-04 - level_output_2_loss: 2.0510e-04 - pose_mean_absolute_error: 0.5719 - level_output_0_mean_absolute_error: 0.0089 - level_output_1_mean_absolute_error: 0.0052 - level_output_2_mean_absolute_error: 0.0036
Epoch 95/100

Epoch 00095: saving model to models/disks_100x100/proxy_u_net_ckpt.hdf5
 - 31s - loss: 0.0030 - pose_loss: 0.0025 - level_output_0_loss: 1.8765e-04 - level_output_1_loss: 1.9058e-04 - level_output_2_loss: 2.0499e-04 - pose_mean_absolute_error: 0.5716 - level_output_0_mean_absolute_error: 0.0089 - level_output_1_mean_absolute_error: 0.0052 - level_output_2_mean_absolute_error: 0.0036
Epoch 96/100

Epoch 00096: saving model to models/disks_100x100/proxy_u_net_ckpt.hdf5
 - 31s - loss: 0.0030 - pose_loss: 0.0025 - level_output_0_loss: 1.8962e-04 - level_output_1_loss: 1.8906e-04 - level_output_2_loss: 2.0335e-04 - pose_mean_absolute_error: 0.5717 - level_output_0_mean_absolute_error: 0.0090 - level_output_1_mean_absolute_error: 0.0052 - level_output_2_mean_absolute_error: 0.0036
Epoch 97/100

Epoch 00097: saving model to models/disks_100x100/proxy_u_net_ckpt.hdf5
 - 31s - loss: 0.0030 - pose_loss: 0.0024 - level_output_0_loss: 1.8606e-04 - level_output_1_loss: 1.8881e-04 - level_output_2_loss: 2.0216e-04 - pose_mean_absolute_error: 0.5703 - level_output_0_mean_absolute_error: 0.0089 - level_output_1_mean_absolute_error: 0.0052 - level_output_2_mean_absolute_error: 0.0036
Epoch 98/100

Epoch 00098: saving model to models/disks_100x100/proxy_u_net_ckpt.hdf5
 - 31s - loss: 0.0030 - pose_loss: 0.0025 - level_output_0_loss: 1.8642e-04 - level_output_1_loss: 1.8778e-04 - level_output_2_loss: 2.0099e-04 - pose_mean_absolute_error: 0.5696 - level_output_0_mean_absolute_error: 0.0089 - level_output_1_mean_absolute_error: 0.0051 - level_output_2_mean_absolute_error: 0.0036
Epoch 99/100

Epoch 00099: saving model to models/disks_100x100/proxy_u_net_ckpt.hdf5
 - 31s - loss: 0.0030 - pose_loss: 0.0024 - level_output_0_loss: 1.8703e-04 - level_output_1_loss: 1.8643e-04 - level_output_2_loss: 1.9970e-04 - pose_mean_absolute_error: 0.5696 - level_output_0_mean_absolute_error: 0.0089 - level_output_1_mean_absolute_error: 0.0051 - level_output_2_mean_absolute_error: 0.0036
Epoch 100/100

Epoch 00100: saving model to models/disks_100x100/proxy_u_net_ckpt.hdf5
 - 31s - loss: 0.0030 - pose_loss: 0.0024 - level_output_0_loss: 1.8766e-04 - level_output_1_loss: 1.8469e-04 - level_output_2_loss: 1.9837e-04 - pose_mean_absolute_error: 0.5686 - level_output_0_mean_absolute_error: 0.0089 - level_output_1_mean_absolute_error: 0.0051 - level_output_2_mean_absolute_error: 0.0036
Finished.
