Starting training...
Epoch 1/1

Epoch 00001: saving model to models/harper_spheres_tethered_augmented-active_subset100/hourglass/cp-0001.hdf5
 - 1152s - loss: 500.7408 - mean_absolute_error: 0.0472 - val_loss: 37.3751 - val_mean_absolute_error: 0.0071
Epoch 2/2

Epoch 00002: saving model to models/harper_spheres_tethered_augmented-active_subset100/hourglass/cp-0002.hdf5
 - 1134s - loss: 144.1855 - mean_absolute_error: 0.0112 - val_loss: 37.3745 - val_mean_absolute_error: 0.0060
Epoch 3/3

Epoch 00003: saving model to models/harper_spheres_tethered_augmented-active_subset100/hourglass/cp-0003.hdf5
 - 1139s - loss: 75.7489 - mean_absolute_error: 0.0093 - val_loss: 37.3748 - val_mean_absolute_error: 0.0057
Epoch 4/4

Epoch 00004: saving model to models/harper_spheres_tethered_augmented-active_subset100/hourglass/cp-0004.hdf5
 - 1139s - loss: 74.7973 - mean_absolute_error: 0.0089 - val_loss: 37.3719 - val_mean_absolute_error: 0.0050
Epoch 5/5

Epoch 00005: saving model to models/harper_spheres_tethered_augmented-active_subset100/hourglass/cp-0005.hdf5
 - 1140s - loss: 46.3072 - mean_absolute_error: 0.0083 - val_loss: 37.3693 - val_mean_absolute_error: 0.0060
Epoch 6/6

Epoch 00006: saving model to models/harper_spheres_tethered_augmented-active_subset100/hourglass/cp-0006.hdf5
 - 1142s - loss: 43.7538 - mean_absolute_error: 0.0080 - val_loss: 37.3653 - val_mean_absolute_error: 0.0053
Epoch 7/7

Epoch 00007: saving model to models/harper_spheres_tethered_augmented-active_subset100/hourglass/cp-0007.hdf5
 - 1186s - loss: 13.5623 - mean_absolute_error: 0.0079 - val_loss: 37.3605 - val_mean_absolute_error: 0.0061
Epoch 8/8

Epoch 00008: saving model to models/harper_spheres_tethered_augmented-active_subset100/hourglass/cp-0008.hdf5
 - 1149s - loss: 6.7107 - mean_absolute_error: 0.0080 - val_loss: 37.3568 - val_mean_absolute_error: 0.0084
Epoch 9/9

Epoch 00009: saving model to models/harper_spheres_tethered_augmented-active_subset100/hourglass/cp-0009.hdf5
 - 1152s - loss: 34.2538 - mean_absolute_error: 0.0094 - val_loss: 37.3551 - val_mean_absolute_error: 0.0110
Epoch 10/10

Epoch 00010: saving model to models/harper_spheres_tethered_augmented-active_subset100/hourglass/cp-0010.hdf5
 - 1141s - loss: 158.5548 - mean_absolute_error: 0.0103 - val_loss: 37.3536 - val_mean_absolute_error: 0.0111
Epoch 11/20

Epoch 00011: saving model to models/harper_spheres_tethered_augmented-active_subset100/hourglass/cp-0011.hdf5
 - 1142s - loss: 54.4331 - mean_absolute_error: 0.0106 - val_loss: 37.3514 - val_mean_absolute_error: 0.0105
Epoch 12/20

Epoch 00012: saving model to models/harper_spheres_tethered_augmented-active_subset100/hourglass/cp-0012.hdf5
 - 1142s - loss: 19.0250 - mean_absolute_error: 0.0109 - val_loss: 37.3556 - val_mean_absolute_error: 0.0106
Epoch 13/20

Epoch 00013: saving model to models/harper_spheres_tethered_augmented-active_subset100/hourglass/cp-0013.hdf5
 - 1122s - loss: 147.2161 - mean_absolute_error: 0.0114 - val_loss: 37.3592 - val_mean_absolute_error: 0.0107
Epoch 14/20

Epoch 00014: saving model to models/harper_spheres_tethered_augmented-active_subset100/hourglass/cp-0014.hdf5
 - 1122s - loss: 35.1211 - mean_absolute_error: 0.0124 - val_loss: 37.3501 - val_mean_absolute_error: 0.0104
Epoch 15/20

Epoch 00015: saving model to models/harper_spheres_tethered_augmented-active_subset100/hourglass/cp-0015.hdf5
 - 1145s - loss: 2664.7578 - mean_absolute_error: 0.0145 - val_loss: 37.3534 - val_mean_absolute_error: 0.0119
Epoch 16/20

Epoch 00016: saving model to models/harper_spheres_tethered_augmented-active_subset100/hourglass/cp-0016.hdf5
 - 1148s - loss: 73.7351 - mean_absolute_error: 0.0126 - val_loss: 37.3514 - val_mean_absolute_error: 0.0083
Epoch 17/20

Epoch 00017: saving model to models/harper_spheres_tethered_augmented-active_subset100/hourglass/cp-0017.hdf5
 - 1172s - loss: 665.2205 - mean_absolute_error: 0.0136 - val_loss: 37.3497 - val_mean_absolute_error: 0.0113
Epoch 18/20

Epoch 00018: saving model to models/harper_spheres_tethered_augmented-active_subset100/hourglass/cp-0018.hdf5
 - 1162s - loss: 18.1135 - mean_absolute_error: 0.0137 - val_loss: 37.3566 - val_mean_absolute_error: 0.0128
Epoch 19/20

Epoch 00019: saving model to models/harper_spheres_tethered_augmented-active_subset100/hourglass/cp-0019.hdf5
 - 1147s - loss: 14.1856 - mean_absolute_error: 0.0142 - val_loss: 37.3675 - val_mean_absolute_error: 0.0135
Epoch 20/20

Epoch 00020: saving model to models/harper_spheres_tethered_augmented-active_subset100/hourglass/cp-0020.hdf5
 - 1140s - loss: 46.0155 - mean_absolute_error: 0.0149 - val_loss: 37.3459 - val_mean_absolute_error: 0.0111
Finished.
