INFO:artifice:Namespace(batch_size=[4], command='visualize', cores=[-1], data_root=['data/harper_waltzing_spheres'], eager=False, epoch_size=[10000], epochs=[1], image_shape=[196, 196, 1], initial_epoch=[0], keras_verbose=[2], l2_reg=[0.0001], learning_rate=[0.1], mode=['augmented-active'], model_root=['models/harper_spheres_tethered_augmented-active_subset100'], num_candidates=[1000], num_objects=[2], output=['show'], overwrite=False, query_size=[1], regions_path=[None], show=False, splits=[0, 0, 2401], subset_size=[10], tile_shape=[196, 196, 1], verbose=[2])
WARNING:artifice:pad: loading data before model
WARNING:artifice:pad: loading data before model
WARNING:artifice:pad: loading data before model
2019-05-14 08:59:57.803392: I tensorflow/core/platform/cpu_feature_guard.cc:141] Your CPU supports instructions that this TensorFlow binary was not compiled to use: SSE4.1 SSE4.2 AVX AVX2 FMA
2019-05-14 08:59:58.243011: I tensorflow/core/common_runtime/gpu/gpu_device.cc:1432] Found device 0 with properties: 
name: Tesla K80 major: 3 minor: 7 memoryClockRate(GHz): 0.8235
pciBusID: 0000:09:00.0
totalMemory: 11.17GiB freeMemory: 11.10GiB
2019-05-14 08:59:58.243078: I tensorflow/core/common_runtime/gpu/gpu_device.cc:1511] Adding visible gpu devices: 0
2019-05-14 08:59:58.627635: I tensorflow/core/common_runtime/gpu/gpu_device.cc:982] Device interconnect StreamExecutor with strength 1 edge matrix:
2019-05-14 08:59:58.627728: I tensorflow/core/common_runtime/gpu/gpu_device.cc:988]      0 
2019-05-14 08:59:58.627741: I tensorflow/core/common_runtime/gpu/gpu_device.cc:1001] 0:   N 
2019-05-14 08:59:58.628075: I tensorflow/core/common_runtime/gpu/gpu_device.cc:1115] Created TensorFlow device (/job:localhost/replica:0/task:0/device:GPU:0 with 10758 MB memory) -> physical GPU (device: 0, name: Tesla K80, pci bus id: 0000:09:00.0, compute capability: 3.7)
INFO:artifice:initialized iterator, starting accumulation...
INFO:artifice:finished accumulation
INFO:artifice:average error: 3.55
INFO:artifice:error std: 14.47
INFO:artifice:minimum error: 0.71
INFO:artifice:maximum error: 236.50
INFO:artifice:object 0:
INFO:artifice:  average error: 3.01
INFO:artifice:  error std: 18.71
INFO:artifice:  minimum error: 0.71
INFO:artifice:  maximum error: 236.50
INFO:artifice:object 1:
INFO:artifice:  average error: 4.10
INFO:artifice:  error std: 8.24
INFO:artifice:  minimum error: 0.71
INFO:artifice:  maximum error: 192.90
INFO:artifice:saved error map to models/harper_spheres_tethered_augmented-active_subset100/harper_waltzing_spheres/regional_errors.pdf
INFO:artifice:saved peaks map to models/harper_spheres_tethered_augmented-active_subset100/harper_waltzing_spheres/regional_peaks.pdf
