INFO:artifice:Namespace(batch_size=[4], command='visualize', cores=[-1], data_root=['data/coupled_spheres'], eager=False, epoch_size=[10000], epochs=[1], image_shape=[196, 196, 1], keras_verbose=[2], l2_reg=[0.0001], learning_rate=[0.1], mode=['augmented-random'], model_root=['models/coupled_spheres_tethered_augmented-random_subset10'], num_candidates=[1000], num_objects=[2], output=['show'], overwrite=False, query_size=[1], show=False, splits=[10000, 1000, 1000], subset_size=[10], tile_shape=[196, 196, 1], verbose=[2])
WARNING:artifice:loading data before model
WARNING:artifice:pad values may be incorrect
WARNING:artifice:loading data before model
WARNING:artifice:pad values may be incorrect
WARNING:artifice:loading data before model
WARNING:artifice:pad values may be incorrect
2019-04-24 01:26:17.203098: I tensorflow/core/platform/cpu_feature_guard.cc:141] Your CPU supports instructions that this TensorFlow binary was not compiled to use: SSE4.1 SSE4.2 AVX AVX2 FMA
2019-04-24 01:26:17.967145: I tensorflow/core/common_runtime/gpu/gpu_device.cc:1432] Found device 0 with properties: 
name: Tesla K80 major: 3 minor: 7 memoryClockRate(GHz): 0.8235
pciBusID: 0000:08:00.0
totalMemory: 11.17GiB freeMemory: 11.10GiB
2019-04-24 01:26:17.967214: I tensorflow/core/common_runtime/gpu/gpu_device.cc:1511] Adding visible gpu devices: 0
2019-04-24 01:26:18.439095: I tensorflow/core/common_runtime/gpu/gpu_device.cc:982] Device interconnect StreamExecutor with strength 1 edge matrix:
2019-04-24 01:26:18.439137: I tensorflow/core/common_runtime/gpu/gpu_device.cc:988]      0 
2019-04-24 01:26:18.439151: I tensorflow/core/common_runtime/gpu/gpu_device.cc:1001] 0:   N 
2019-04-24 01:26:18.439610: I tensorflow/core/common_runtime/gpu/gpu_device.cc:1115] Created TensorFlow device (/job:localhost/replica:0/task:0/device:GPU:0 with 10758 MB memory) -> physical GPU (device: 0, name: Tesla K80, pci bus id: 0000:08:00.0, compute capability: 3.7)
INFO:artifice:initialized iterator, starting accumulation...
INFO:artifice:finished accumulation
INFO:artifice:average error: 0.53
INFO:artifice:error std: 0.27
INFO:artifice:minimum error: 0.02
INFO:artifice:maximum error: 1.92
INFO:artifice:saved error map to models/coupled_spheres_tethered_augmented-random_subset10/coupled_spheres/regional_errors.pdf
INFO:artifice:writing detections to video...
2019-04-24 01:26:20.388898: I tensorflow/core/common_runtime/gpu/gpu_device.cc:1511] Adding visible gpu devices: 0
2019-04-24 01:26:20.388931: I tensorflow/core/common_runtime/gpu/gpu_device.cc:982] Device interconnect StreamExecutor with strength 1 edge matrix:
2019-04-24 01:26:20.388943: I tensorflow/core/common_runtime/gpu/gpu_device.cc:988]      0 
2019-04-24 01:26:20.388950: I tensorflow/core/common_runtime/gpu/gpu_device.cc:1001] 0:   N 
2019-04-24 01:26:20.389210: I tensorflow/core/common_runtime/gpu/gpu_device.cc:1115] Created TensorFlow device (/job:localhost/replica:0/task:0/device:GPU:0 with 10758 MB memory) -> physical GPU (device: 0, name: Tesla K80, pci bus id: 0000:08:00.0, compute capability: 3.7)
INFO:artifice:0 / 1000
INFO:artifice:ffmpeg -y -f rawvideo -vcodec rawvideo -s 2000x1000 -pix_fmt rgba -r 30 -i - -an -b 40000k -vcodec mpeg4 models/coupled_spheres_tethered_augmented-random_subset10/coupled_spheres/detections.mp4
INFO:artifice:saved example detection to models/coupled_spheres_tethered_augmented-random_subset10/coupled_spheres/example_detection.pdf
INFO:artifice:100 / 1000
INFO:artifice:200 / 1000
INFO:artifice:300 / 1000
INFO:artifice:400 / 1000
INFO:artifice:500 / 1000
INFO:artifice:600 / 1000
INFO:artifice:700 / 1000
INFO:artifice:800 / 1000
INFO:artifice:900 / 1000
INFO:artifice:finished
INFO:artifice:wrote mp4 to models/coupled_spheres_tethered_augmented-random_subset10/coupled_spheres/detections.mp4
INFO:artifice:Namespace(batch_size=[4], command='visualize', cores=[-1], data_root=['data/coupled_spheres_tethered'], eager=False, epoch_size=[10000], epochs=[1], image_shape=[196, 196, 1], keras_verbose=[2], l2_reg=[0.0001], learning_rate=[0.1], mode=['augmented-random'], model_root=['models/coupled_spheres_tethered_augmented-random_subset10'], num_candidates=[1000], num_objects=[2], output=['show'], overwrite=False, query_size=[1], show=False, splits=[10000, 1000, 1000], subset_size=[10], tile_shape=[196, 196, 1], verbose=[2])
WARNING:artifice:loading data before model
WARNING:artifice:pad values may be incorrect
WARNING:artifice:loading data before model
WARNING:artifice:pad values may be incorrect
WARNING:artifice:loading data before model
WARNING:artifice:pad values may be incorrect
2019-04-24 01:28:45.411642: I tensorflow/core/platform/cpu_feature_guard.cc:141] Your CPU supports instructions that this TensorFlow binary was not compiled to use: SSE4.1 SSE4.2 AVX AVX2 FMA
2019-04-24 01:28:46.168417: I tensorflow/core/common_runtime/gpu/gpu_device.cc:1432] Found device 0 with properties: 
name: Tesla K80 major: 3 minor: 7 memoryClockRate(GHz): 0.8235
pciBusID: 0000:08:00.0
totalMemory: 11.17GiB freeMemory: 11.10GiB
2019-04-24 01:28:46.168508: I tensorflow/core/common_runtime/gpu/gpu_device.cc:1511] Adding visible gpu devices: 0
2019-04-24 01:28:46.639827: I tensorflow/core/common_runtime/gpu/gpu_device.cc:982] Device interconnect StreamExecutor with strength 1 edge matrix:
2019-04-24 01:28:46.639912: I tensorflow/core/common_runtime/gpu/gpu_device.cc:988]      0 
2019-04-24 01:28:46.639927: I tensorflow/core/common_runtime/gpu/gpu_device.cc:1001] 0:   N 
2019-04-24 01:28:46.640277: I tensorflow/core/common_runtime/gpu/gpu_device.cc:1115] Created TensorFlow device (/job:localhost/replica:0/task:0/device:GPU:0 with 10758 MB memory) -> physical GPU (device: 0, name: Tesla K80, pci bus id: 0000:08:00.0, compute capability: 3.7)
INFO:artifice:initialized iterator, starting accumulation...
INFO:artifice:finished accumulation
INFO:artifice:average error: 0.51
INFO:artifice:error std: 0.24
INFO:artifice:minimum error: 0.02
INFO:artifice:maximum error: 1.64
INFO:artifice:saved error map to models/coupled_spheres_tethered_augmented-random_subset10/coupled_spheres_tethered/regional_errors.pdf
INFO:artifice:writing detections to video...
2019-04-24 01:28:48.391699: I tensorflow/core/common_runtime/gpu/gpu_device.cc:1511] Adding visible gpu devices: 0
2019-04-24 01:28:48.391742: I tensorflow/core/common_runtime/gpu/gpu_device.cc:982] Device interconnect StreamExecutor with strength 1 edge matrix:
2019-04-24 01:28:48.391754: I tensorflow/core/common_runtime/gpu/gpu_device.cc:988]      0 
2019-04-24 01:28:48.391762: I tensorflow/core/common_runtime/gpu/gpu_device.cc:1001] 0:   N 
2019-04-24 01:28:48.392008: I tensorflow/core/common_runtime/gpu/gpu_device.cc:1115] Created TensorFlow device (/job:localhost/replica:0/task:0/device:GPU:0 with 10758 MB memory) -> physical GPU (device: 0, name: Tesla K80, pci bus id: 0000:08:00.0, compute capability: 3.7)
INFO:artifice:0 / 1000
INFO:artifice:ffmpeg -y -f rawvideo -vcodec rawvideo -s 2000x1000 -pix_fmt rgba -r 30 -i - -an -b 40000k -vcodec mpeg4 models/coupled_spheres_tethered_augmented-random_subset10/coupled_spheres_tethered/detections.mp4
INFO:artifice:saved example detection to models/coupled_spheres_tethered_augmented-random_subset10/coupled_spheres_tethered/example_detection.pdf
INFO:artifice:100 / 1000
INFO:artifice:200 / 1000
INFO:artifice:300 / 1000
INFO:artifice:400 / 1000
INFO:artifice:500 / 1000
INFO:artifice:600 / 1000
INFO:artifice:700 / 1000
INFO:artifice:800 / 1000
INFO:artifice:900 / 1000
INFO:artifice:finished
INFO:artifice:wrote mp4 to models/coupled_spheres_tethered_augmented-random_subset10/coupled_spheres_tethered/detections.mp4
INFO:artifice:Namespace(batch_size=[4], command='visualize', cores=[-1], data_root=['data/waltzing_spheres'], eager=False, epoch_size=[10000], epochs=[1], image_shape=[196, 196, 1], keras_verbose=[2], l2_reg=[0.0001], learning_rate=[0.1], mode=['augmented-random'], model_root=['models/coupled_spheres_tethered_augmented-random_subset10'], num_candidates=[1000], num_objects=[2], output=['show'], overwrite=False, query_size=[1], show=False, splits=[0, 0, 2041], subset_size=[10], tile_shape=[196, 196, 1], verbose=[2])
WARNING:artifice:loading data before model
WARNING:artifice:pad values may be incorrect
WARNING:artifice:loading data before model
WARNING:artifice:pad values may be incorrect
WARNING:artifice:loading data before model
WARNING:artifice:pad values may be incorrect
2019-04-24 01:31:14.138581: I tensorflow/core/platform/cpu_feature_guard.cc:141] Your CPU supports instructions that this TensorFlow binary was not compiled to use: SSE4.1 SSE4.2 AVX AVX2 FMA
2019-04-24 01:31:14.899976: I tensorflow/core/common_runtime/gpu/gpu_device.cc:1432] Found device 0 with properties: 
name: Tesla K80 major: 3 minor: 7 memoryClockRate(GHz): 0.8235
pciBusID: 0000:08:00.0
totalMemory: 11.17GiB freeMemory: 11.10GiB
2019-04-24 01:31:14.900040: I tensorflow/core/common_runtime/gpu/gpu_device.cc:1511] Adding visible gpu devices: 0
2019-04-24 01:31:15.373222: I tensorflow/core/common_runtime/gpu/gpu_device.cc:982] Device interconnect StreamExecutor with strength 1 edge matrix:
2019-04-24 01:31:15.373268: I tensorflow/core/common_runtime/gpu/gpu_device.cc:988]      0 
2019-04-24 01:31:15.373282: I tensorflow/core/common_runtime/gpu/gpu_device.cc:1001] 0:   N 
2019-04-24 01:31:15.373540: I tensorflow/core/common_runtime/gpu/gpu_device.cc:1115] Created TensorFlow device (/job:localhost/replica:0/task:0/device:GPU:0 with 10758 MB memory) -> physical GPU (device: 0, name: Tesla K80, pci bus id: 0000:08:00.0, compute capability: 3.7)
INFO:artifice:initialized iterator, starting accumulation...
INFO:artifice:finished accumulation
INFO:artifice:average error: 0.78
INFO:artifice:error std: 1.62
INFO:artifice:minimum error: 0.71
INFO:artifice:maximum error: 73.27
INFO:artifice:saved error map to models/coupled_spheres_tethered_augmented-random_subset10/waltzing_spheres/regional_errors.pdf
INFO:artifice:writing detections to video...
2019-04-24 01:31:17.727112: I tensorflow/core/common_runtime/gpu/gpu_device.cc:1511] Adding visible gpu devices: 0
2019-04-24 01:31:17.727155: I tensorflow/core/common_runtime/gpu/gpu_device.cc:982] Device interconnect StreamExecutor with strength 1 edge matrix:
2019-04-24 01:31:17.727190: I tensorflow/core/common_runtime/gpu/gpu_device.cc:988]      0 
2019-04-24 01:31:17.727198: I tensorflow/core/common_runtime/gpu/gpu_device.cc:1001] 0:   N 
2019-04-24 01:31:17.727459: I tensorflow/core/common_runtime/gpu/gpu_device.cc:1115] Created TensorFlow device (/job:localhost/replica:0/task:0/device:GPU:0 with 10758 MB memory) -> physical GPU (device: 0, name: Tesla K80, pci bus id: 0000:08:00.0, compute capability: 3.7)
INFO:artifice:0 / 2041
INFO:artifice:ffmpeg -y -f rawvideo -vcodec rawvideo -s 2000x1000 -pix_fmt rgba -r 30 -i - -an -b 40000k -vcodec mpeg4 models/coupled_spheres_tethered_augmented-random_subset10/waltzing_spheres/detections.mp4
INFO:artifice:saved example detection to models/coupled_spheres_tethered_augmented-random_subset10/waltzing_spheres/example_detection.pdf
INFO:artifice:100 / 2041
INFO:artifice:200 / 2041
INFO:artifice:300 / 2041
INFO:artifice:400 / 2041
INFO:artifice:500 / 2041
INFO:artifice:600 / 2041
INFO:artifice:700 / 2041
INFO:artifice:800 / 2041
INFO:artifice:900 / 2041
INFO:artifice:1000 / 2041
INFO:artifice:1100 / 2041
INFO:artifice:1200 / 2041
INFO:artifice:1300 / 2041
INFO:artifice:1400 / 2041
INFO:artifice:1500 / 2041
INFO:artifice:1600 / 2041
INFO:artifice:1700 / 2041
INFO:artifice:1800 / 2041
INFO:artifice:1900 / 2041
INFO:artifice:2000 / 2041
INFO:artifice:finished
INFO:artifice:wrote mp4 to models/coupled_spheres_tethered_augmented-random_subset10/waltzing_spheres/detections.mp4
