/home/killeen/.local/lib/python3.6/site-packages/h5py/__init__.py:36: FutureWarning: Conversion of the second argument of issubdtype from `float` to `np.floating` is deprecated. In future, it will be treated as `np.float64 == np.dtype(float).type`.
  from ._conv import register_converters as _register_converters
DEBUG:artifice:using Python3 sanity check.
INFO:artifice:training from experiment 'data/coupled_spheres/coupled_spheres.tfrecord'
INFO:tensorflow:Using config: {'_model_dir': 'models/experiment', '_tf_random_seed': None, '_save_summary_steps': 100, '_save_checkpoints_steps': 100, '_save_checkpoints_secs': None, '_session_config': None, '_keep_checkpoint_max': 5, '_keep_checkpoint_every_n_hours': 10000, '_log_step_count_steps': 5, '_train_distribute': None, '_device_fn': None, '_service': None, '_cluster_spec': <tensorflow.python.training.server_lib.ClusterSpec object at 0x7fe452a478d0>, '_task_type': 'worker', '_task_id': 0, '_global_id_in_cluster': 0, '_master': '', '_evaluation_master': '', '_is_chief': True, '_num_ps_replicas': 0, '_num_worker_replicas': 1}
INFO:artifice:train and evaluate...
INFO:tensorflow:Running training and evaluation locally (non-distributed).
INFO:tensorflow:Start train and evaluate loop. The evaluate will happen after 1200 secs (eval_spec.throttle_secs) or training is finished.
INFO:tensorflow:Calling model_fn.
DEBUG:artifice:images: (?, 512, 512, 1)
DEBUG:artifice:padded: (?, 704, 704, 1)
DEBUG:artifice:dn_pool1: (?, 350, 350, 64)
DEBUG:artifice:dn_pool1: (?, 173, 173, 128)
DEBUG:artifice:dn_pool3: (?, 84, 84, 256)
DEBUG:artifice:dn_pool4: (?, 40, 40, 512)
DEBUG:artifice:cropping (?, 80, 80, 512) to (72, 72)
DEBUG:artifice:up_concat5: (?, 72, 72, 1024)
DEBUG:artifice:cropping (?, 169, 169, 256) to (136, 136)
DEBUG:artifice:up_concat4: (?, 136, 136, 512)
DEBUG:artifice:cropping (?, 346, 346, 128) to (264, 264)
DEBUG:artifice:up_concat3: (?, 264, 264, 256)
DEBUG:artifice:cropping (?, 700, 700, 64) to (520, 520)
DEBUG:artifice:up_concat2: (?, 520, 520, 128)
DEBUG:artifice:logits: (?, 516, 516, 2)
DEBUG:artifice:cropping (?, 516, 516, 2) to (512, 512)
DEBUG:artifice:cropped_logits: (?, 512, 512, 2)
DEBUG:artifice:annotations_one_hot: (?, 512, 512, 2)
DEBUG:artifice:predicted_logits: (?, 512, 512, 2)
DEBUG:artifice:weights: (?, 512, 512)
INFO:tensorflow:Done calling model_fn.
INFO:tensorflow:Create CheckpointSaverHook.
INFO:tensorflow:Graph was finalized.
2019-01-10 15:19:21.113513: I tensorflow/core/platform/cpu_feature_guard.cc:141] Your CPU supports instructions that this TensorFlow binary was not compiled to use: AVX2 FMA
2019-01-10 15:19:21.329426: I tensorflow/core/common_runtime/gpu/gpu_device.cc:1392] Found device 0 with properties: 
name: Tesla K80 major: 3 minor: 7 memoryClockRate(GHz): 0.8235
pciBusID: 0000:09:00.0
totalMemory: 11.17GiB freeMemory: 11.10GiB
2019-01-10 15:19:21.329488: I tensorflow/core/common_runtime/gpu/gpu_device.cc:1471] Adding visible gpu devices: 0
2019-01-10 15:19:21.623272: I tensorflow/core/common_runtime/gpu/gpu_device.cc:952] Device interconnect StreamExecutor with strength 1 edge matrix:
2019-01-10 15:19:21.625844: I tensorflow/core/common_runtime/gpu/gpu_device.cc:958]      0 
2019-01-10 15:19:21.625866: I tensorflow/core/common_runtime/gpu/gpu_device.cc:971] 0:   N 
2019-01-10 15:19:21.626184: I tensorflow/core/common_runtime/gpu/gpu_device.cc:1084] Created TensorFlow device (/job:localhost/replica:0/task:0/device:GPU:0 with 10762 MB memory) -> physical GPU (device: 0, name: Tesla K80, pci bus id: 0000:09:00.0, compute capability: 3.7)
INFO:tensorflow:Restoring parameters from models/experiment/model.ckpt-30733
INFO:tensorflow:Running local_init_op.
INFO:tensorflow:Done running local_init_op.
INFO:tensorflow:Saving checkpoints for 30733 into models/experiment/model.ckpt.
slurmstepd-midway2-gpu01: error: *** JOB 56045992 ON midway2-gpu01 CANCELLED AT 2019-01-10T15:19:36 ***
