Starting training...
Epoch 1/20

Epoch 00001: saving model to models/coupled_spheres_augmented-random_subset100/hourglass/cp-0001.hdf5
 - 1175s - loss: 42.8107 - mean_absolute_error: 0.0333 - val_loss: 53.6802 - val_mean_absolute_error: 0.0136
Epoch 2/20

Epoch 00002: saving model to models/coupled_spheres_augmented-random_subset100/hourglass/cp-0002.hdf5
 - 1147s - loss: 18.8177 - mean_absolute_error: 0.0088 - val_loss: 53.6766 - val_mean_absolute_error: 0.0110
Epoch 3/20

Epoch 00003: saving model to models/coupled_spheres_augmented-random_subset100/hourglass/cp-0003.hdf5
 - 1146s - loss: 34.3777 - mean_absolute_error: 0.0091 - val_loss: 53.6665 - val_mean_absolute_error: 0.0093
Epoch 4/20

Epoch 00004: saving model to models/coupled_spheres_augmented-random_subset100/hourglass/cp-0004.hdf5
 - 1143s - loss: 19.6592 - mean_absolute_error: 0.0094 - val_loss: 53.6579 - val_mean_absolute_error: 0.0090
Epoch 5/20

Epoch 00005: saving model to models/coupled_spheres_augmented-random_subset100/hourglass/cp-0005.hdf5
 - 1146s - loss: 82.9413 - mean_absolute_error: 0.0098 - val_loss: 53.6478 - val_mean_absolute_error: 0.0106
Epoch 6/20

Epoch 00006: saving model to models/coupled_spheres_augmented-random_subset100/hourglass/cp-0006.hdf5
 - 1142s - loss: 63.8073 - mean_absolute_error: 0.0097 - val_loss: 53.6462 - val_mean_absolute_error: 0.0125
Epoch 7/20

Epoch 00007: saving model to models/coupled_spheres_augmented-random_subset100/hourglass/cp-0007.hdf5
 - 1146s - loss: 58.3246 - mean_absolute_error: 0.0107 - val_loss: 53.6616 - val_mean_absolute_error: 0.0140
Epoch 8/20

Epoch 00008: saving model to models/coupled_spheres_augmented-random_subset100/hourglass/cp-0008.hdf5
 - 1145s - loss: 27.4952 - mean_absolute_error: 0.0104 - val_loss: 53.6569 - val_mean_absolute_error: 0.0145
Epoch 9/20

Epoch 00009: saving model to models/coupled_spheres_augmented-random_subset100/hourglass/cp-0009.hdf5
 - 1146s - loss: 27.3904 - mean_absolute_error: 0.0109 - val_loss: 53.6539 - val_mean_absolute_error: 0.0125
Epoch 10/20

Epoch 00010: saving model to models/coupled_spheres_augmented-random_subset100/hourglass/cp-0010.hdf5
 - 1145s - loss: 19.1912 - mean_absolute_error: 0.0112 - val_loss: 53.6801 - val_mean_absolute_error: 0.0144
Epoch 11/20

Epoch 00011: saving model to models/coupled_spheres_augmented-random_subset100/hourglass/cp-0011.hdf5
 - 1145s - loss: 47.7510 - mean_absolute_error: 0.0128 - val_loss: 53.7036 - val_mean_absolute_error: 0.0173
Epoch 12/20

Epoch 00012: saving model to models/coupled_spheres_augmented-random_subset100/hourglass/cp-0012.hdf5
 - 1146s - loss: 19.6182 - mean_absolute_error: 0.0131 - val_loss: 53.6260 - val_mean_absolute_error: 0.0139
Epoch 13/20

Epoch 00013: saving model to models/coupled_spheres_augmented-random_subset100/hourglass/cp-0013.hdf5
 - 1146s - loss: 628.0749 - mean_absolute_error: 0.0140 - val_loss: 53.6452 - val_mean_absolute_error: 0.0156
Epoch 14/20

Epoch 00014: saving model to models/coupled_spheres_augmented-random_subset100/hourglass/cp-0014.hdf5
 - 1144s - loss: 50.6063 - mean_absolute_error: 0.0138 - val_loss: 53.6059 - val_mean_absolute_error: 0.0127
Epoch 15/20

Epoch 00015: saving model to models/coupled_spheres_augmented-random_subset100/hourglass/cp-0015.hdf5
 - 1146s - loss: 44.6601 - mean_absolute_error: 0.0151 - val_loss: 53.5980 - val_mean_absolute_error: 0.0113
Epoch 16/20

Epoch 00016: saving model to models/coupled_spheres_augmented-random_subset100/hourglass/cp-0016.hdf5
 - 1145s - loss: 18.3136 - mean_absolute_error: 0.0148 - val_loss: 53.6040 - val_mean_absolute_error: 0.0133
Epoch 17/20

Epoch 00017: saving model to models/coupled_spheres_augmented-random_subset100/hourglass/cp-0017.hdf5
 - 1145s - loss: 4023.5869 - mean_absolute_error: 0.0172 - val_loss: 53.5990 - val_mean_absolute_error: 0.0136
Epoch 18/20

Epoch 00018: saving model to models/coupled_spheres_augmented-random_subset100/hourglass/cp-0018.hdf5
 - 1155s - loss: 21.6582 - mean_absolute_error: 0.0153 - val_loss: 53.5888 - val_mean_absolute_error: 0.0110
Epoch 19/20

Epoch 00019: saving model to models/coupled_spheres_augmented-random_subset100/hourglass/cp-0019.hdf5
 - 1184s - loss: 1122.5838 - mean_absolute_error: 0.0152 - val_loss: 53.6072 - val_mean_absolute_error: 0.0186
Epoch 20/20

Epoch 00020: saving model to models/coupled_spheres_augmented-random_subset100/hourglass/cp-0020.hdf5
 - 1183s - loss: 619.6452 - mean_absolute_error: 0.0170 - val_loss: 53.5935 - val_mean_absolute_error: 0.0146
Finished.
