Starting training...
Epoch 1/100

Epoch 00001: saving model to models/disks/proxy_u_net_ckpt.hdf5
 - 100s - loss: 0.0938 - pose_loss: 0.0172 - output_0_loss: 0.0287 - output_1_loss: 0.0213 - output_2_loss: 0.0266 - pose_mean_absolute_error: 1.2312 - output_0_mean_absolute_error: 0.0731 - output_1_mean_absolute_error: 0.0572 - output_2_mean_absolute_error: 0.0714
Epoch 2/100

Epoch 00002: saving model to models/disks/proxy_u_net_ckpt.hdf5
 - 91s - loss: 0.0188 - pose_loss: 0.0137 - output_0_loss: 0.0030 - output_1_loss: 0.0012 - output_2_loss: 9.8630e-04 - pose_mean_absolute_error: 1.1283 - output_0_mean_absolute_error: 0.0237 - output_1_mean_absolute_error: 0.0158 - output_2_mean_absolute_error: 0.0160
Epoch 3/100

Epoch 00003: saving model to models/disks/proxy_u_net_ckpt.hdf5
 - 91s - loss: 0.0152 - pose_loss: 0.0121 - output_0_loss: 0.0015 - output_1_loss: 9.1645e-04 - output_2_loss: 7.4477e-04 - pose_mean_absolute_error: 1.0340 - output_0_mean_absolute_error: 0.0181 - output_1_mean_absolute_error: 0.0131 - output_2_mean_absolute_error: 0.0132
Epoch 4/100

Epoch 00004: saving model to models/disks/proxy_u_net_ckpt.hdf5
 - 91s - loss: 0.0131 - pose_loss: 0.0108 - output_0_loss: 8.8432e-04 - output_1_loss: 8.0400e-04 - output_2_loss: 6.2609e-04 - pose_mean_absolute_error: 0.9619 - output_0_mean_absolute_error: 0.0149 - output_1_mean_absolute_error: 0.0116 - output_2_mean_absolute_error: 0.0114
Epoch 5/100

Epoch 00005: saving model to models/disks/proxy_u_net_ckpt.hdf5
 - 91s - loss: 0.0117 - pose_loss: 0.0097 - output_0_loss: 7.0219e-04 - output_1_loss: 7.2282e-04 - output_2_loss: 5.5579e-04 - pose_mean_absolute_error: 0.9162 - output_0_mean_absolute_error: 0.0136 - output_1_mean_absolute_error: 0.0105 - output_2_mean_absolute_error: 0.0100
Epoch 6/100

Epoch 00006: saving model to models/disks/proxy_u_net_ckpt.hdf5
 - 91s - loss: 0.0107 - pose_loss: 0.0090 - output_0_loss: 5.7121e-04 - output_1_loss: 6.4737e-04 - output_2_loss: 5.1144e-04 - pose_mean_absolute_error: 0.8900 - output_0_mean_absolute_error: 0.0126 - output_1_mean_absolute_error: 0.0096 - output_2_mean_absolute_error: 0.0089
Epoch 7/100

Epoch 00007: saving model to models/disks/proxy_u_net_ckpt.hdf5
 - 91s - loss: 0.0101 - pose_loss: 0.0085 - output_0_loss: 5.0838e-04 - output_1_loss: 5.7791e-04 - output_2_loss: 4.7625e-04 - pose_mean_absolute_error: 0.8748 - output_0_mean_absolute_error: 0.0120 - output_1_mean_absolute_error: 0.0089 - output_2_mean_absolute_error: 0.0080
Epoch 8/100

Epoch 00008: saving model to models/disks/proxy_u_net_ckpt.hdf5
 - 91s - loss: 0.0096 - pose_loss: 0.0082 - output_0_loss: 4.5287e-04 - output_1_loss: 5.2536e-04 - output_2_loss: 4.5269e-04 - pose_mean_absolute_error: 0.8680 - output_0_mean_absolute_error: 0.0115 - output_1_mean_absolute_error: 0.0083 - output_2_mean_absolute_error: 0.0074
Epoch 9/100

Epoch 00009: saving model to models/disks/proxy_u_net_ckpt.hdf5
 - 92s - loss: 0.0094 - pose_loss: 0.0080 - output_0_loss: 4.2726e-04 - output_1_loss: 4.8544e-04 - output_2_loss: 4.3337e-04 - pose_mean_absolute_error: 0.8640 - output_0_mean_absolute_error: 0.0112 - output_1_mean_absolute_error: 0.0079 - output_2_mean_absolute_error: 0.0068
Epoch 10/100

Epoch 00010: saving model to models/disks/proxy_u_net_ckpt.hdf5
 - 91s - loss: 0.0092 - pose_loss: 0.0079 - output_0_loss: 3.9628e-04 - output_1_loss: 4.5373e-04 - output_2_loss: 4.1930e-04 - pose_mean_absolute_error: 0.8606 - output_0_mean_absolute_error: 0.0109 - output_1_mean_absolute_error: 0.0075 - output_2_mean_absolute_error: 0.0064
Epoch 11/100

Epoch 00011: saving model to models/disks/proxy_u_net_ckpt.hdf5
 - 91s - loss: 0.0090 - pose_loss: 0.0078 - output_0_loss: 3.8001e-04 - output_1_loss: 4.3173e-04 - output_2_loss: 4.0729e-04 - pose_mean_absolute_error: 0.8573 - output_0_mean_absolute_error: 0.0107 - output_1_mean_absolute_error: 0.0072 - output_2_mean_absolute_error: 0.0060
Epoch 12/100

Epoch 00012: saving model to models/disks/proxy_u_net_ckpt.hdf5
 - 91s - loss: 0.0089 - pose_loss: 0.0077 - output_0_loss: 3.5866e-04 - output_1_loss: 4.1233e-04 - output_2_loss: 3.9808e-04 - pose_mean_absolute_error: 0.8543 - output_0_mean_absolute_error: 0.0105 - output_1_mean_absolute_error: 0.0069 - output_2_mean_absolute_error: 0.0058
Epoch 13/100

Epoch 00013: saving model to models/disks/proxy_u_net_ckpt.hdf5
 - 91s - loss: 0.0088 - pose_loss: 0.0076 - output_0_loss: 3.5286e-04 - output_1_loss: 3.9836e-04 - output_2_loss: 3.9108e-04 - pose_mean_absolute_error: 0.8530 - output_0_mean_absolute_error: 0.0105 - output_1_mean_absolute_error: 0.0068 - output_2_mean_absolute_error: 0.0056
Epoch 14/100

Epoch 00014: saving model to models/disks/proxy_u_net_ckpt.hdf5
 - 92s - loss: 0.0086 - pose_loss: 0.0075 - output_0_loss: 3.4165e-04 - output_1_loss: 3.8592e-04 - output_2_loss: 3.8639e-04 - pose_mean_absolute_error: 0.8523 - output_0_mean_absolute_error: 0.0104 - output_1_mean_absolute_error: 0.0067 - output_2_mean_absolute_error: 0.0054
Epoch 15/100

Epoch 00015: saving model to models/disks/proxy_u_net_ckpt.hdf5
 - 91s - loss: 0.0084 - pose_loss: 0.0073 - output_0_loss: 3.5449e-04 - output_1_loss: 3.7851e-04 - output_2_loss: 3.8529e-04 - pose_mean_absolute_error: 0.8528 - output_0_mean_absolute_error: 0.0108 - output_1_mean_absolute_error: 0.0067 - output_2_mean_absolute_error: 0.0054
Epoch 16/100

Epoch 00016: saving model to models/disks/proxy_u_net_ckpt.hdf5
 - 91s - loss: 0.0080 - pose_loss: 0.0068 - output_0_loss: 4.0117e-04 - output_1_loss: 3.9047e-04 - output_2_loss: 3.9422e-04 - pose_mean_absolute_error: 0.8552 - output_0_mean_absolute_error: 0.0117 - output_1_mean_absolute_error: 0.0071 - output_2_mean_absolute_error: 0.0056
Epoch 17/100

Epoch 00017: saving model to models/disks/proxy_u_net_ckpt.hdf5
 - 91s - loss: 0.0070 - pose_loss: 0.0057 - output_0_loss: 4.6929e-04 - output_1_loss: 4.1940e-04 - output_2_loss: 4.0835e-04 - pose_mean_absolute_error: 0.8528 - output_0_mean_absolute_error: 0.0128 - output_1_mean_absolute_error: 0.0080 - output_2_mean_absolute_error: 0.0057
Epoch 18/100

Epoch 00018: saving model to models/disks/proxy_u_net_ckpt.hdf5
 - 91s - loss: 0.0062 - pose_loss: 0.0049 - output_0_loss: 4.5684e-04 - output_1_loss: 4.2899e-04 - output_2_loss: 4.0137e-04 - pose_mean_absolute_error: 0.8437 - output_0_mean_absolute_error: 0.0127 - output_1_mean_absolute_error: 0.0082 - output_2_mean_absolute_error: 0.0054
Epoch 19/100

Epoch 00019: saving model to models/disks/proxy_u_net_ckpt.hdf5
 - 91s - loss: 0.0058 - pose_loss: 0.0045 - output_0_loss: 4.2572e-04 - output_1_loss: 4.1795e-04 - output_2_loss: 3.9199e-04 - pose_mean_absolute_error: 0.8372 - output_0_mean_absolute_error: 0.0121 - output_1_mean_absolute_error: 0.0080 - output_2_mean_absolute_error: 0.0051
Epoch 20/100

Epoch 00020: saving model to models/disks/proxy_u_net_ckpt.hdf5
 - 91s - loss: 0.0055 - pose_loss: 0.0043 - output_0_loss: 3.9927e-04 - output_1_loss: 4.0299e-04 - output_2_loss: 3.8418e-04 - pose_mean_absolute_error: 0.8331 - output_0_mean_absolute_error: 0.0117 - output_1_mean_absolute_error: 0.0077 - output_2_mean_absolute_error: 0.0049
Epoch 21/100

Epoch 00021: saving model to models/disks/proxy_u_net_ckpt.hdf5
 - 91s - loss: 0.0053 - pose_loss: 0.0041 - output_0_loss: 3.8177e-04 - output_1_loss: 3.9078e-04 - output_2_loss: 3.7859e-04 - pose_mean_absolute_error: 0.8305 - output_0_mean_absolute_error: 0.0114 - output_1_mean_absolute_error: 0.0075 - output_2_mean_absolute_error: 0.0047
Epoch 22/100

Epoch 00022: saving model to models/disks/proxy_u_net_ckpt.hdf5
 - 91s - loss: 0.0051 - pose_loss: 0.0040 - output_0_loss: 3.6182e-04 - output_1_loss: 3.7881e-04 - output_2_loss: 3.7420e-04 - pose_mean_absolute_error: 0.8286 - output_0_mean_absolute_error: 0.0111 - output_1_mean_absolute_error: 0.0072 - output_2_mean_absolute_error: 0.0046
Epoch 23/100

Epoch 00023: saving model to models/disks/proxy_u_net_ckpt.hdf5
 - 91s - loss: 0.0050 - pose_loss: 0.0039 - output_0_loss: 3.5081e-04 - output_1_loss: 3.6894e-04 - output_2_loss: 3.6957e-04 - pose_mean_absolute_error: 0.8276 - output_0_mean_absolute_error: 0.0109 - output_1_mean_absolute_error: 0.0071 - output_2_mean_absolute_error: 0.0045
Epoch 24/100

Epoch 00024: saving model to models/disks/proxy_u_net_ckpt.hdf5
 - 91s - loss: 0.0049 - pose_loss: 0.0038 - output_0_loss: 3.3482e-04 - output_1_loss: 3.5904e-04 - output_2_loss: 3.6618e-04 - pose_mean_absolute_error: 0.8264 - output_0_mean_absolute_error: 0.0106 - output_1_mean_absolute_error: 0.0069 - output_2_mean_absolute_error: 0.0044
Epoch 25/100

Epoch 00025: saving model to models/disks/proxy_u_net_ckpt.hdf5
 - 91s - loss: 0.0048 - pose_loss: 0.0037 - output_0_loss: 3.3115e-04 - output_1_loss: 3.4961e-04 - output_2_loss: 3.6225e-04 - pose_mean_absolute_error: 0.8259 - output_0_mean_absolute_error: 0.0105 - output_1_mean_absolute_error: 0.0067 - output_2_mean_absolute_error: 0.0043
Epoch 26/100

Epoch 00026: saving model to models/disks/proxy_u_net_ckpt.hdf5
 - 91s - loss: 0.0047 - pose_loss: 0.0037 - output_0_loss: 3.2105e-04 - output_1_loss: 3.4177e-04 - output_2_loss: 3.5935e-04 - pose_mean_absolute_error: 0.8253 - output_0_mean_absolute_error: 0.0104 - output_1_mean_absolute_error: 0.0066 - output_2_mean_absolute_error: 0.0042
Epoch 27/100

Epoch 00027: saving model to models/disks/proxy_u_net_ckpt.hdf5
 - 91s - loss: 0.0046 - pose_loss: 0.0036 - output_0_loss: 3.1145e-04 - output_1_loss: 3.3412e-04 - output_2_loss: 3.5641e-04 - pose_mean_absolute_error: 0.8256 - output_0_mean_absolute_error: 0.0102 - output_1_mean_absolute_error: 0.0064 - output_2_mean_absolute_error: 0.0042
Epoch 28/100

Epoch 00028: saving model to models/disks/proxy_u_net_ckpt.hdf5
 - 91s - loss: 0.0045 - pose_loss: 0.0036 - output_0_loss: 3.0353e-04 - output_1_loss: 3.2529e-04 - output_2_loss: 3.5390e-04 - pose_mean_absolute_error: 0.8249 - output_0_mean_absolute_error: 0.0101 - output_1_mean_absolute_error: 0.0063 - output_2_mean_absolute_error: 0.0041
Epoch 29/100

Epoch 00029: saving model to models/disks/proxy_u_net_ckpt.hdf5
 - 91s - loss: 0.0045 - pose_loss: 0.0035 - output_0_loss: 3.0440e-04 - output_1_loss: 3.1925e-04 - output_2_loss: 3.5134e-04 - pose_mean_absolute_error: 0.8246 - output_0_mean_absolute_error: 0.0100 - output_1_mean_absolute_error: 0.0062 - output_2_mean_absolute_error: 0.0040
Epoch 30/100

Epoch 00030: saving model to models/disks/proxy_u_net_ckpt.hdf5
 - 91s - loss: 0.0044 - pose_loss: 0.0035 - output_0_loss: 2.9128e-04 - output_1_loss: 3.1151e-04 - output_2_loss: 3.4892e-04 - pose_mean_absolute_error: 0.8248 - output_0_mean_absolute_error: 0.0099 - output_1_mean_absolute_error: 0.0061 - output_2_mean_absolute_error: 0.0040
Epoch 31/100

Epoch 00031: saving model to models/disks/proxy_u_net_ckpt.hdf5
 - 91s - loss: 0.0044 - pose_loss: 0.0034 - output_0_loss: 2.8675e-04 - output_1_loss: 3.0616e-04 - output_2_loss: 3.4666e-04 - pose_mean_absolute_error: 0.8247 - output_0_mean_absolute_error: 0.0098 - output_1_mean_absolute_error: 0.0060 - output_2_mean_absolute_error: 0.0039
Epoch 32/100

Epoch 00032: saving model to models/disks/proxy_u_net_ckpt.hdf5
 - 91s - loss: 0.0043 - pose_loss: 0.0034 - output_0_loss: 2.8033e-04 - output_1_loss: 2.9970e-04 - output_2_loss: 3.4487e-04 - pose_mean_absolute_error: 0.8248 - output_0_mean_absolute_error: 0.0097 - output_1_mean_absolute_error: 0.0059 - output_2_mean_absolute_error: 0.0039
Epoch 33/100

Epoch 00033: saving model to models/disks/proxy_u_net_ckpt.hdf5
 - 91s - loss: 0.0042 - pose_loss: 0.0033 - output_0_loss: 2.7578e-04 - output_1_loss: 2.9553e-04 - output_2_loss: 3.4303e-04 - pose_mean_absolute_error: 0.8256 - output_0_mean_absolute_error: 0.0096 - output_1_mean_absolute_error: 0.0059 - output_2_mean_absolute_error: 0.0039
