INFO:artifice:Namespace(batch_size=[4], command='visualize', cores=[-1], data_root=['data/harper_waltzing_spheres'], eager=False, epoch_size=[10000], epochs=[1], image_shape=[196, 196, 1], keras_verbose=[2], l2_reg=[0.0001], learning_rate=[0.1], mode=['active'], model_root=['models/harper_spheres_tethered_active_subset100'], num_candidates=[1000], num_objects=[2], output=['show'], overwrite=False, query_size=[1], show=False, splits=[0, 0, 2401], subset_size=[10], tile_shape=[196, 196, 1], verbose=[2])
WARNING:artifice:loading data before model
WARNING:artifice:pad values may be incorrect
WARNING:artifice:loading data before model
WARNING:artifice:pad values may be incorrect
WARNING:artifice:loading data before model
WARNING:artifice:pad values may be incorrect
2019-04-29 10:35:55.630631: I tensorflow/core/platform/cpu_feature_guard.cc:141] Your CPU supports instructions that this TensorFlow binary was not compiled to use: SSE4.1 SSE4.2 AVX AVX2 FMA
2019-04-29 10:35:55.880705: I tensorflow/core/common_runtime/gpu/gpu_device.cc:1432] Found device 0 with properties: 
name: Tesla K80 major: 3 minor: 7 memoryClockRate(GHz): 0.8235
pciBusID: 0000:09:00.0
totalMemory: 11.17GiB freeMemory: 11.10GiB
2019-04-29 10:35:55.880803: I tensorflow/core/common_runtime/gpu/gpu_device.cc:1511] Adding visible gpu devices: 0
2019-04-29 10:36:04.085534: I tensorflow/core/common_runtime/gpu/gpu_device.cc:982] Device interconnect StreamExecutor with strength 1 edge matrix:
2019-04-29 10:36:04.085602: I tensorflow/core/common_runtime/gpu/gpu_device.cc:988]      0 
2019-04-29 10:36:04.085619: I tensorflow/core/common_runtime/gpu/gpu_device.cc:1001] 0:   N 
2019-04-29 10:36:04.086149: I tensorflow/core/common_runtime/gpu/gpu_device.cc:1115] Created TensorFlow device (/job:localhost/replica:0/task:0/device:GPU:0 with 10757 MB memory) -> physical GPU (device: 0, name: Tesla K80, pci bus id: 0000:09:00.0, compute capability: 3.7)
INFO:artifice:initialized iterator, starting accumulation...
INFO:artifice:finished accumulation
INFO:artifice:average error: 8.76
INFO:artifice:error std: 27.67
INFO:artifice:minimum error: 0.71
INFO:artifice:maximum error: 198.78
INFO:artifice:saved error map to models/harper_spheres_tethered_active_subset100/harper_waltzing_spheres/regional_errors.pdf
INFO:artifice:calculating object-wise loss at 0/2401
INFO:artifice:calculating object-wise loss at 100/2401
INFO:artifice:calculating object-wise loss at 200/2401
INFO:artifice:calculating object-wise loss at 300/2401
INFO:artifice:calculating object-wise loss at 400/2401
INFO:artifice:calculating object-wise loss at 500/2401
INFO:artifice:calculating object-wise loss at 600/2401
INFO:artifice:calculating object-wise loss at 700/2401
INFO:artifice:calculating object-wise loss at 800/2401
INFO:artifice:calculating object-wise loss at 900/2401
INFO:artifice:calculating object-wise loss at 1000/2401
INFO:artifice:calculating object-wise loss at 1100/2401
INFO:artifice:calculating object-wise loss at 1200/2401
INFO:artifice:calculating object-wise loss at 1300/2401
INFO:artifice:calculating object-wise loss at 1400/2401
INFO:artifice:calculating object-wise loss at 1500/2401
INFO:artifice:calculating object-wise loss at 1600/2401
INFO:artifice:calculating object-wise loss at 1700/2401
INFO:artifice:calculating object-wise loss at 1800/2401
INFO:artifice:calculating object-wise loss at 1900/2401
INFO:artifice:calculating object-wise loss at 2000/2401
INFO:artifice:calculating object-wise loss at 2100/2401
INFO:artifice:calculating object-wise loss at 2200/2401
INFO:artifice:calculating object-wise loss at 2300/2401
INFO:artifice:calculating object-wise loss at 2400/2401
INFO:artifice:saved losses map to models/harper_spheres_tethered_active_subset100/harper_waltzing_spheres/regional_losses.pdf
INFO:artifice:writing detections to video...
2019-04-29 10:40:59.661419: I tensorflow/core/common_runtime/gpu/gpu_device.cc:1511] Adding visible gpu devices: 0
2019-04-29 10:40:59.661499: I tensorflow/core/common_runtime/gpu/gpu_device.cc:982] Device interconnect StreamExecutor with strength 1 edge matrix:
2019-04-29 10:40:59.661983: I tensorflow/core/common_runtime/gpu/gpu_device.cc:988]      0 
2019-04-29 10:40:59.661996: I tensorflow/core/common_runtime/gpu/gpu_device.cc:1001] 0:   N 
2019-04-29 10:40:59.662367: I tensorflow/core/common_runtime/gpu/gpu_device.cc:1115] Created TensorFlow device (/job:localhost/replica:0/task:0/device:GPU:0 with 10757 MB memory) -> physical GPU (device: 0, name: Tesla K80, pci bus id: 0000:09:00.0, compute capability: 3.7)
INFO:artifice:0 / 2401
INFO:artifice:ffmpeg -y -f rawvideo -vcodec rawvideo -s 2000x1000 -pix_fmt rgba -r 30 -i - -an -b 40000k -vcodec mpeg4 models/harper_spheres_tethered_active_subset100/harper_waltzing_spheres/detections.mp4
INFO:artifice:saved example detection to models/harper_spheres_tethered_active_subset100/harper_waltzing_spheres/example_detection.pdf
INFO:artifice:100 / 2401
INFO:artifice:200 / 2401
INFO:artifice:300 / 2401
INFO:artifice:400 / 2401
INFO:artifice:500 / 2401
INFO:artifice:600 / 2401
INFO:artifice:700 / 2401
INFO:artifice:800 / 2401
INFO:artifice:900 / 2401
INFO:artifice:1000 / 2401
INFO:artifice:1100 / 2401
INFO:artifice:1200 / 2401
INFO:artifice:1300 / 2401
INFO:artifice:1400 / 2401
INFO:artifice:1500 / 2401
INFO:artifice:1600 / 2401
INFO:artifice:1700 / 2401
INFO:artifice:1800 / 2401
INFO:artifice:1900 / 2401
INFO:artifice:2000 / 2401
INFO:artifice:2100 / 2401
INFO:artifice:2200 / 2401
INFO:artifice:2300 / 2401
INFO:artifice:2400 / 2401
INFO:artifice:finished
INFO:artifice:wrote mp4 to models/harper_spheres_tethered_active_subset100/harper_waltzing_spheres/detections.mp4
