INFO:experiment:writing images to data/coupled_spheres/images/
INFO:experiment:writing video to data/coupled_spheres/data.mp4
INFO:experiment:Rendering scene 0 of 9000...
Traceback (most recent call last):
  File "scripts/coupled_spheres.py", line 275, in <module>
    main()
  File "scripts/coupled_spheres.py", line 271, in main
    exp.run()
  File "/project2/glk/artifice/test_utils/experiment.py", line 570, in run
    example, annotation = self.render_scene(t)
  File "/project2/glk/artifice/test_utils/experiment.py", line 516, in render_scene
    image = vap_scene.render(height=self.image_shape[0], width=self.image_shape[1])
  File "/home/killeen/.local/lib/python3.6/site-packages/vapory/vapory.py", line 102, in render
    quality, antialiasing, remove_temp)
  File "/home/killeen/.local/lib/python3.6/site-packages/vapory/io.py", line 111, in render_povstring
    os.remove(pov_file)
FileNotFoundError: [Errno 2] No such file or directory: '__temp__.pov'
INFO:artifice:<run 'convert'>
INFO:artifice:writing unlabeled set to 'data/coupled_spheres/unlabeled_set.tfrecord'...
INFO:artifice:writing 0 / 10000
Traceback (most recent call last):
  File "artifice.py", line 475, in <module>
    main()
  File "artifice.py", line 456, in main
    cmd_convert(art)
  File "artifice.py", line 232, in cmd_convert
    image_path, label = next(example_iterator)
StopIteration
