Starting training...
Epoch 1/20

Epoch 00001: saving model to models/coupled_spheres_augmented-full/hourglass/cp-0001.hdf5
 - 1142s - loss: 178.6639 - mean_absolute_error: 0.0443 - val_loss: 53.6815 - val_mean_absolute_error: 0.0071
Epoch 2/20

Epoch 00002: saving model to models/coupled_spheres_augmented-full/hourglass/cp-0002.hdf5
 - 1103s - loss: 41.0632 - mean_absolute_error: 0.0100 - val_loss: 53.6805 - val_mean_absolute_error: 0.0062
Epoch 3/20

Epoch 00003: saving model to models/coupled_spheres_augmented-full/hourglass/cp-0003.hdf5
 - 1101s - loss: 43.2009 - mean_absolute_error: 0.0087 - val_loss: 53.6753 - val_mean_absolute_error: 0.0061
Epoch 4/20

Epoch 00004: saving model to models/coupled_spheres_augmented-full/hourglass/cp-0004.hdf5
 - 1101s - loss: 110.2191 - mean_absolute_error: 0.0092 - val_loss: 53.6674 - val_mean_absolute_error: 0.0071
Epoch 5/20

Epoch 00005: saving model to models/coupled_spheres_augmented-full/hourglass/cp-0005.hdf5
 - 1101s - loss: 180.5256 - mean_absolute_error: 0.0104 - val_loss: 53.6609 - val_mean_absolute_error: 0.0080
Epoch 6/20

Epoch 00006: saving model to models/coupled_spheres_augmented-full/hourglass/cp-0006.hdf5
 - 1103s - loss: 23.0205 - mean_absolute_error: 0.0096 - val_loss: 53.6572 - val_mean_absolute_error: 0.0089
Epoch 7/20

Epoch 00007: saving model to models/coupled_spheres_augmented-full/hourglass/cp-0007.hdf5
 - 1102s - loss: 43.0774 - mean_absolute_error: 0.0095 - val_loss: 53.6481 - val_mean_absolute_error: 0.0098
Epoch 8/20

Epoch 00008: saving model to models/coupled_spheres_augmented-full/hourglass/cp-0008.hdf5
 - 1104s - loss: 87.2894 - mean_absolute_error: 0.0103 - val_loss: 53.6434 - val_mean_absolute_error: 0.0106
Epoch 9/20

Epoch 00009: saving model to models/coupled_spheres_augmented-full/hourglass/cp-0009.hdf5
 - 1101s - loss: 80.1474 - mean_absolute_error: 0.0110 - val_loss: 53.6615 - val_mean_absolute_error: 0.0136
Epoch 10/20

Epoch 00010: saving model to models/coupled_spheres_augmented-full/hourglass/cp-0010.hdf5
 - 1101s - loss: 262.6447 - mean_absolute_error: 0.0110 - val_loss: 53.6480 - val_mean_absolute_error: 0.0133
Epoch 11/20

Epoch 00011: saving model to models/coupled_spheres_augmented-full/hourglass/cp-0011.hdf5
 - 1101s - loss: 13.3972 - mean_absolute_error: 0.0112 - val_loss: 53.6526 - val_mean_absolute_error: 0.0118
Epoch 12/20

Epoch 00012: saving model to models/coupled_spheres_augmented-full/hourglass/cp-0012.hdf5
 - 1100s - loss: 3.4795 - mean_absolute_error: 0.0099 - val_loss: 53.6475 - val_mean_absolute_error: 0.0106
Epoch 13/20

Epoch 00013: saving model to models/coupled_spheres_augmented-full/hourglass/cp-0013.hdf5
 - 1100s - loss: 15.6187 - mean_absolute_error: 0.0105 - val_loss: 53.6283 - val_mean_absolute_error: 0.0104
Epoch 14/20

Epoch 00014: saving model to models/coupled_spheres_augmented-full/hourglass/cp-0014.hdf5
 - 1100s - loss: 146.3747 - mean_absolute_error: 0.0123 - val_loss: 53.6463 - val_mean_absolute_error: 0.0114
Epoch 15/20

Epoch 00015: saving model to models/coupled_spheres_augmented-full/hourglass/cp-0015.hdf5
 - 1100s - loss: 16.9859 - mean_absolute_error: 0.0116 - val_loss: 53.6068 - val_mean_absolute_error: 0.0114
Epoch 16/20

Epoch 00016: saving model to models/coupled_spheres_augmented-full/hourglass/cp-0016.hdf5
 - 1100s - loss: 28.5623 - mean_absolute_error: 0.0115 - val_loss: 53.6013 - val_mean_absolute_error: 0.0116
Epoch 17/20

Epoch 00017: saving model to models/coupled_spheres_augmented-full/hourglass/cp-0017.hdf5
 - 1100s - loss: 6.9841 - mean_absolute_error: 0.0114 - val_loss: 53.5889 - val_mean_absolute_error: 0.0111
Epoch 18/20

Epoch 00018: saving model to models/coupled_spheres_augmented-full/hourglass/cp-0018.hdf5
 - 1101s - loss: 65.5407 - mean_absolute_error: 0.0129 - val_loss: 53.5630 - val_mean_absolute_error: 0.0110
Epoch 19/20

Epoch 00019: saving model to models/coupled_spheres_augmented-full/hourglass/cp-0019.hdf5
 - 1102s - loss: 214.5165 - mean_absolute_error: 0.0137 - val_loss: 53.5524 - val_mean_absolute_error: 0.0105
Epoch 20/20

Epoch 00020: saving model to models/coupled_spheres_augmented-full/hourglass/cp-0020.hdf5
 - 1103s - loss: 48.3623 - mean_absolute_error: 0.0147 - val_loss: 53.5496 - val_mean_absolute_error: 0.0113
Finished.
