INFO:artifice:Namespace(batch_size=[4], command='visualize', cores=[-1], data_root=['data/coupled_spheres'], eager=False, epoch_size=[10000], epochs=[1], image_shape=[196, 196, 1], keras_verbose=[2], l2_reg=[0.0001], learning_rate=[0.1], mode=['random'], model_root=['models/coupled_spheres_tethered_random_subset10'], num_candidates=[1000], num_objects=[2], output=['show'], overwrite=False, query_size=[1], show=False, splits=[10000, 1000, 1000], subset_size=[10], tile_shape=[196, 196, 1], verbose=[2])
WARNING:artifice:loading data before model
WARNING:artifice:pad values may be incorrect
WARNING:artifice:loading data before model
WARNING:artifice:pad values may be incorrect
WARNING:artifice:loading data before model
WARNING:artifice:pad values may be incorrect
2019-04-24 01:36:16.392309: I tensorflow/core/platform/cpu_feature_guard.cc:141] Your CPU supports instructions that this TensorFlow binary was not compiled to use: SSE4.1 SSE4.2 AVX AVX2 FMA
2019-04-24 01:36:17.130765: I tensorflow/core/common_runtime/gpu/gpu_device.cc:1432] Found device 0 with properties: 
name: Tesla K80 major: 3 minor: 7 memoryClockRate(GHz): 0.8235
pciBusID: 0000:88:00.0
totalMemory: 11.17GiB freeMemory: 11.10GiB
2019-04-24 01:36:17.130849: I tensorflow/core/common_runtime/gpu/gpu_device.cc:1511] Adding visible gpu devices: 0
2019-04-24 01:36:17.605294: I tensorflow/core/common_runtime/gpu/gpu_device.cc:982] Device interconnect StreamExecutor with strength 1 edge matrix:
2019-04-24 01:36:17.605336: I tensorflow/core/common_runtime/gpu/gpu_device.cc:988]      0 
2019-04-24 01:36:17.605349: I tensorflow/core/common_runtime/gpu/gpu_device.cc:1001] 0:   N 
2019-04-24 01:36:17.605672: I tensorflow/core/common_runtime/gpu/gpu_device.cc:1115] Created TensorFlow device (/job:localhost/replica:0/task:0/device:GPU:0 with 10758 MB memory) -> physical GPU (device: 0, name: Tesla K80, pci bus id: 0000:88:00.0, compute capability: 3.7)
INFO:artifice:initialized iterator, starting accumulation...
INFO:artifice:finished accumulation
INFO:artifice:average error: 1.03
INFO:artifice:error std: 0.89
INFO:artifice:minimum error: 0.03
INFO:artifice:maximum error: 11.59
INFO:artifice:saved error map to models/coupled_spheres_tethered_random_subset10/coupled_spheres/regional_errors.pdf
INFO:artifice:writing detections to video...
2019-04-24 01:36:19.523541: I tensorflow/core/common_runtime/gpu/gpu_device.cc:1511] Adding visible gpu devices: 0
2019-04-24 01:36:19.523575: I tensorflow/core/common_runtime/gpu/gpu_device.cc:982] Device interconnect StreamExecutor with strength 1 edge matrix:
2019-04-24 01:36:19.523586: I tensorflow/core/common_runtime/gpu/gpu_device.cc:988]      0 
2019-04-24 01:36:19.523594: I tensorflow/core/common_runtime/gpu/gpu_device.cc:1001] 0:   N 
2019-04-24 01:36:19.523837: I tensorflow/core/common_runtime/gpu/gpu_device.cc:1115] Created TensorFlow device (/job:localhost/replica:0/task:0/device:GPU:0 with 10758 MB memory) -> physical GPU (device: 0, name: Tesla K80, pci bus id: 0000:88:00.0, compute capability: 3.7)
INFO:artifice:0 / 1000
INFO:artifice:ffmpeg -y -f rawvideo -vcodec rawvideo -s 2000x1000 -pix_fmt rgba -r 30 -i - -an -b 40000k -vcodec mpeg4 models/coupled_spheres_tethered_random_subset10/coupled_spheres/detections.mp4
INFO:artifice:saved example detection to models/coupled_spheres_tethered_random_subset10/coupled_spheres/example_detection.pdf
INFO:artifice:100 / 1000
INFO:artifice:200 / 1000
INFO:artifice:300 / 1000
INFO:artifice:400 / 1000
INFO:artifice:500 / 1000
INFO:artifice:600 / 1000
INFO:artifice:700 / 1000
INFO:artifice:800 / 1000
INFO:artifice:900 / 1000
INFO:artifice:finished
INFO:artifice:wrote mp4 to models/coupled_spheres_tethered_random_subset10/coupled_spheres/detections.mp4
INFO:artifice:Namespace(batch_size=[4], command='visualize', cores=[-1], data_root=['data/coupled_spheres_tethered'], eager=False, epoch_size=[10000], epochs=[1], image_shape=[196, 196, 1], keras_verbose=[2], l2_reg=[0.0001], learning_rate=[0.1], mode=['random'], model_root=['models/coupled_spheres_tethered_random_subset10'], num_candidates=[1000], num_objects=[2], output=['show'], overwrite=False, query_size=[1], show=False, splits=[10000, 1000, 1000], subset_size=[10], tile_shape=[196, 196, 1], verbose=[2])
WARNING:artifice:loading data before model
WARNING:artifice:pad values may be incorrect
WARNING:artifice:loading data before model
WARNING:artifice:pad values may be incorrect
WARNING:artifice:loading data before model
WARNING:artifice:pad values may be incorrect
2019-04-24 01:38:40.940461: I tensorflow/core/platform/cpu_feature_guard.cc:141] Your CPU supports instructions that this TensorFlow binary was not compiled to use: SSE4.1 SSE4.2 AVX AVX2 FMA
2019-04-24 01:38:41.808338: I tensorflow/core/common_runtime/gpu/gpu_device.cc:1432] Found device 0 with properties: 
name: Tesla K80 major: 3 minor: 7 memoryClockRate(GHz): 0.8235
pciBusID: 0000:88:00.0
totalMemory: 11.17GiB freeMemory: 11.10GiB
2019-04-24 01:38:41.808404: I tensorflow/core/common_runtime/gpu/gpu_device.cc:1511] Adding visible gpu devices: 0
2019-04-24 01:38:42.285823: I tensorflow/core/common_runtime/gpu/gpu_device.cc:982] Device interconnect StreamExecutor with strength 1 edge matrix:
2019-04-24 01:38:42.285868: I tensorflow/core/common_runtime/gpu/gpu_device.cc:988]      0 
2019-04-24 01:38:42.285883: I tensorflow/core/common_runtime/gpu/gpu_device.cc:1001] 0:   N 
2019-04-24 01:38:42.286217: I tensorflow/core/common_runtime/gpu/gpu_device.cc:1115] Created TensorFlow device (/job:localhost/replica:0/task:0/device:GPU:0 with 10758 MB memory) -> physical GPU (device: 0, name: Tesla K80, pci bus id: 0000:88:00.0, compute capability: 3.7)
INFO:artifice:initialized iterator, starting accumulation...
INFO:artifice:finished accumulation
INFO:artifice:average error: 0.95
INFO:artifice:error std: 0.76
INFO:artifice:minimum error: 0.02
INFO:artifice:maximum error: 4.16
INFO:artifice:saved error map to models/coupled_spheres_tethered_random_subset10/coupled_spheres_tethered/regional_errors.pdf
INFO:artifice:writing detections to video...
2019-04-24 01:38:43.911369: I tensorflow/core/common_runtime/gpu/gpu_device.cc:1511] Adding visible gpu devices: 0
2019-04-24 01:38:43.911406: I tensorflow/core/common_runtime/gpu/gpu_device.cc:982] Device interconnect StreamExecutor with strength 1 edge matrix:
2019-04-24 01:38:43.911418: I tensorflow/core/common_runtime/gpu/gpu_device.cc:988]      0 
2019-04-24 01:38:43.911427: I tensorflow/core/common_runtime/gpu/gpu_device.cc:1001] 0:   N 
2019-04-24 01:38:43.911696: I tensorflow/core/common_runtime/gpu/gpu_device.cc:1115] Created TensorFlow device (/job:localhost/replica:0/task:0/device:GPU:0 with 10758 MB memory) -> physical GPU (device: 0, name: Tesla K80, pci bus id: 0000:88:00.0, compute capability: 3.7)
INFO:artifice:0 / 1000
INFO:artifice:ffmpeg -y -f rawvideo -vcodec rawvideo -s 2000x1000 -pix_fmt rgba -r 30 -i - -an -b 40000k -vcodec mpeg4 models/coupled_spheres_tethered_random_subset10/coupled_spheres_tethered/detections.mp4
INFO:artifice:saved example detection to models/coupled_spheres_tethered_random_subset10/coupled_spheres_tethered/example_detection.pdf
INFO:artifice:100 / 1000
INFO:artifice:200 / 1000
INFO:artifice:300 / 1000
INFO:artifice:400 / 1000
INFO:artifice:500 / 1000
INFO:artifice:600 / 1000
INFO:artifice:700 / 1000
INFO:artifice:800 / 1000
INFO:artifice:900 / 1000
INFO:artifice:finished
INFO:artifice:wrote mp4 to models/coupled_spheres_tethered_random_subset10/coupled_spheres_tethered/detections.mp4
INFO:artifice:Namespace(batch_size=[4], command='visualize', cores=[-1], data_root=['data/waltzing_spheres'], eager=False, epoch_size=[10000], epochs=[1], image_shape=[196, 196, 1], keras_verbose=[2], l2_reg=[0.0001], learning_rate=[0.1], mode=['random'], model_root=['models/coupled_spheres_tethered_random_subset10'], num_candidates=[1000], num_objects=[2], output=['show'], overwrite=False, query_size=[1], show=False, splits=[0, 0, 2041], subset_size=[10], tile_shape=[196, 196, 1], verbose=[2])
WARNING:artifice:loading data before model
WARNING:artifice:pad values may be incorrect
WARNING:artifice:loading data before model
WARNING:artifice:pad values may be incorrect
WARNING:artifice:loading data before model
WARNING:artifice:pad values may be incorrect
2019-04-24 01:41:05.882193: I tensorflow/core/platform/cpu_feature_guard.cc:141] Your CPU supports instructions that this TensorFlow binary was not compiled to use: SSE4.1 SSE4.2 AVX AVX2 FMA
2019-04-24 01:41:06.639598: I tensorflow/core/common_runtime/gpu/gpu_device.cc:1432] Found device 0 with properties: 
name: Tesla K80 major: 3 minor: 7 memoryClockRate(GHz): 0.8235
pciBusID: 0000:88:00.0
totalMemory: 11.17GiB freeMemory: 11.10GiB
2019-04-24 01:41:06.639679: I tensorflow/core/common_runtime/gpu/gpu_device.cc:1511] Adding visible gpu devices: 0
2019-04-24 01:41:07.114529: I tensorflow/core/common_runtime/gpu/gpu_device.cc:982] Device interconnect StreamExecutor with strength 1 edge matrix:
2019-04-24 01:41:07.114573: I tensorflow/core/common_runtime/gpu/gpu_device.cc:988]      0 
2019-04-24 01:41:07.114587: I tensorflow/core/common_runtime/gpu/gpu_device.cc:1001] 0:   N 
2019-04-24 01:41:07.114913: I tensorflow/core/common_runtime/gpu/gpu_device.cc:1115] Created TensorFlow device (/job:localhost/replica:0/task:0/device:GPU:0 with 10758 MB memory) -> physical GPU (device: 0, name: Tesla K80, pci bus id: 0000:88:00.0, compute capability: 3.7)
INFO:artifice:initialized iterator, starting accumulation...
INFO:artifice:finished accumulation
INFO:artifice:average error: 1.26
INFO:artifice:error std: 2.24
INFO:artifice:minimum error: 0.71
INFO:artifice:maximum error: 73.81
INFO:artifice:saved error map to models/coupled_spheres_tethered_random_subset10/waltzing_spheres/regional_errors.pdf
INFO:artifice:writing detections to video...
2019-04-24 01:41:09.614663: I tensorflow/core/common_runtime/gpu/gpu_device.cc:1511] Adding visible gpu devices: 0
2019-04-24 01:41:09.614697: I tensorflow/core/common_runtime/gpu/gpu_device.cc:982] Device interconnect StreamExecutor with strength 1 edge matrix:
2019-04-24 01:41:09.614709: I tensorflow/core/common_runtime/gpu/gpu_device.cc:988]      0 
2019-04-24 01:41:09.614717: I tensorflow/core/common_runtime/gpu/gpu_device.cc:1001] 0:   N 
2019-04-24 01:41:09.614959: I tensorflow/core/common_runtime/gpu/gpu_device.cc:1115] Created TensorFlow device (/job:localhost/replica:0/task:0/device:GPU:0 with 10758 MB memory) -> physical GPU (device: 0, name: Tesla K80, pci bus id: 0000:88:00.0, compute capability: 3.7)
INFO:artifice:0 / 2041
INFO:artifice:ffmpeg -y -f rawvideo -vcodec rawvideo -s 2000x1000 -pix_fmt rgba -r 30 -i - -an -b 40000k -vcodec mpeg4 models/coupled_spheres_tethered_random_subset10/waltzing_spheres/detections.mp4
INFO:artifice:saved example detection to models/coupled_spheres_tethered_random_subset10/waltzing_spheres/example_detection.pdf
INFO:artifice:100 / 2041
INFO:artifice:200 / 2041
INFO:artifice:300 / 2041
INFO:artifice:400 / 2041
INFO:artifice:500 / 2041
INFO:artifice:600 / 2041
INFO:artifice:700 / 2041
INFO:artifice:800 / 2041
INFO:artifice:900 / 2041
INFO:artifice:1000 / 2041
INFO:artifice:1100 / 2041
INFO:artifice:1200 / 2041
INFO:artifice:1300 / 2041
INFO:artifice:1400 / 2041
INFO:artifice:1500 / 2041
INFO:artifice:1600 / 2041
INFO:artifice:1700 / 2041
INFO:artifice:1800 / 2041
INFO:artifice:1900 / 2041
INFO:artifice:2000 / 2041
INFO:artifice:finished
INFO:artifice:wrote mp4 to models/coupled_spheres_tethered_random_subset10/waltzing_spheres/detections.mp4
