INFO:artifice:<run 'augmented'>
INFO:artifice:model: model
2019-04-15 11:43:53.438195: I tensorflow/core/platform/cpu_feature_guard.cc:141] Your CPU supports instructions that this TensorFlow binary was not compiled to use: SSE4.1 SSE4.2 AVX AVX2 FMA
2019-04-15 11:43:53.647808: I tensorflow/core/common_runtime/gpu/gpu_device.cc:1432] Found device 0 with properties: 
name: Tesla K80 major: 3 minor: 7 memoryClockRate(GHz): 0.8235
pciBusID: 0000:89:00.0
totalMemory: 11.17GiB freeMemory: 11.10GiB
2019-04-15 11:43:53.647877: I tensorflow/core/common_runtime/gpu/gpu_device.cc:1511] Adding visible gpu devices: 0
2019-04-15 11:44:27.011160: I tensorflow/core/common_runtime/gpu/gpu_device.cc:982] Device interconnect StreamExecutor with strength 1 edge matrix:
2019-04-15 11:44:27.014089: I tensorflow/core/common_runtime/gpu/gpu_device.cc:988]      0 
2019-04-15 11:44:27.014117: I tensorflow/core/common_runtime/gpu/gpu_device.cc:1001] 0:   N 
2019-04-15 11:44:27.014533: I tensorflow/core/common_runtime/gpu/gpu_device.cc:1115] Created TensorFlow device (/job:localhost/replica:0/task:0/device:GPU:0 with 10758 MB memory) -> physical GPU (device: 0, name: Tesla K80, pci bus id: 0000:89:00.0, compute capability: 3.7)
INFO:artifice:initialized iterator, starting accumulation...
INFO:artifice:finished accumulation
2019-04-15 11:45:13.438456: I tensorflow/core/common_runtime/gpu/gpu_device.cc:1511] Adding visible gpu devices: 0
2019-04-15 11:45:13.440537: I tensorflow/core/common_runtime/gpu/gpu_device.cc:982] Device interconnect StreamExecutor with strength 1 edge matrix:
2019-04-15 11:45:13.440560: I tensorflow/core/common_runtime/gpu/gpu_device.cc:988]      0 
2019-04-15 11:45:13.440570: I tensorflow/core/common_runtime/gpu/gpu_device.cc:1001] 0:   N 
2019-04-15 11:45:13.440891: I tensorflow/core/common_runtime/gpu/gpu_device.cc:1115] Created TensorFlow device (/job:localhost/replica:0/task:0/device:GPU:0 with 10758 MB memory) -> physical GPU (device: 0, name: Tesla K80, pci bus id: 0000:89:00.0, compute capability: 3.7)
slurmstepd-midway2-gpu05: error: *** JOB 59455647 ON midway2-gpu05 CANCELLED AT 2019-04-16T03:43:48 DUE TO TIME LIMIT ***
