Starting training...
Epoch 1/20

Epoch 00001: saving model to models/coupled_spheres_labeled_e20/hourglass/cp-0001.hdf5
 - 3117s - loss: 20879.9233 - mean_absolute_error: 0.0331 - val_loss: 291.2547 - val_mean_absolute_error: 0.0022
Epoch 2/20

Epoch 00002: saving model to models/coupled_spheres_labeled_e20/hourglass/cp-0002.hdf5
 - 3086s - loss: 20879.6523 - mean_absolute_error: 0.0039 - val_loss: 291.2523 - val_mean_absolute_error: 0.0024
Epoch 3/20

Epoch 00003: saving model to models/coupled_spheres_labeled_e20/hourglass/cp-0003.hdf5
 - 3094s - loss: 20879.6486 - mean_absolute_error: 0.0036 - val_loss: 291.2501 - val_mean_absolute_error: 0.0025
Epoch 4/20

Epoch 00004: saving model to models/coupled_spheres_labeled_e20/hourglass/cp-0004.hdf5
 - 3109s - loss: 20879.6413 - mean_absolute_error: 0.0035 - val_loss: 291.2483 - val_mean_absolute_error: 0.0032
Epoch 5/20

Epoch 00005: saving model to models/coupled_spheres_labeled_e20/hourglass/cp-0005.hdf5
 - 3068s - loss: 20879.6302 - mean_absolute_error: 0.0035 - val_loss: 291.2438 - val_mean_absolute_error: 0.0036
Epoch 6/20

Epoch 00006: saving model to models/coupled_spheres_labeled_e20/hourglass/cp-0006.hdf5
 - 3115s - loss: 20879.6280 - mean_absolute_error: 0.0035 - val_loss: 291.2387 - val_mean_absolute_error: 0.0024
Epoch 7/20

Epoch 00007: saving model to models/coupled_spheres_labeled_e20/hourglass/cp-0007.hdf5
 - 3124s - loss: 20879.6290 - mean_absolute_error: 0.0037 - val_loss: 291.2323 - val_mean_absolute_error: 0.0024
Epoch 8/20

Epoch 00008: saving model to models/coupled_spheres_labeled_e20/hourglass/cp-0008.hdf5
 - 3126s - loss: 20879.6137 - mean_absolute_error: 0.0038 - val_loss: 291.2161 - val_mean_absolute_error: 0.0031
Epoch 9/20

Epoch 00009: saving model to models/coupled_spheres_labeled_e20/hourglass/cp-0009.hdf5
 - 3125s - loss: 20879.5995 - mean_absolute_error: 0.0039 - val_loss: 291.2037 - val_mean_absolute_error: 0.0024
Epoch 10/20

Epoch 00010: saving model to models/coupled_spheres_labeled_e20/hourglass/cp-0010.hdf5
 - 3124s - loss: 20879.5793 - mean_absolute_error: 0.0040 - val_loss: 291.1902 - val_mean_absolute_error: 0.0033
Epoch 11/20

Epoch 00011: saving model to models/coupled_spheres_labeled_e20/hourglass/cp-0011.hdf5
 - 3124s - loss: 20879.5426 - mean_absolute_error: 0.0040 - val_loss: 291.1803 - val_mean_absolute_error: 0.0031
Epoch 12/20

Epoch 00012: saving model to models/coupled_spheres_labeled_e20/hourglass/cp-0012.hdf5
 - 3085s - loss: 20879.5155 - mean_absolute_error: 0.0042 - val_loss: 291.1643 - val_mean_absolute_error: 0.0035
Epoch 13/20

Epoch 00013: saving model to models/coupled_spheres_labeled_e20/hourglass/cp-0013.hdf5
 - 3099s - loss: 20879.5316 - mean_absolute_error: 0.0043 - val_loss: 291.1578 - val_mean_absolute_error: 0.0040
Epoch 14/20

Epoch 00014: saving model to models/coupled_spheres_labeled_e20/hourglass/cp-0014.hdf5
 - 3027s - loss: 20879.4143 - mean_absolute_error: 0.0046 - val_loss: 291.1436 - val_mean_absolute_error: 0.0037
Epoch 15/20

Epoch 00015: saving model to models/coupled_spheres_labeled_e20/hourglass/cp-0015.hdf5
 - 3034s - loss: 20879.4734 - mean_absolute_error: 0.0047 - val_loss: 291.1252 - val_mean_absolute_error: 0.0039
Epoch 16/20

Epoch 00016: saving model to models/coupled_spheres_labeled_e20/hourglass/cp-0016.hdf5
 - 3023s - loss: 20879.4925 - mean_absolute_error: 0.0048 - val_loss: 291.1035 - val_mean_absolute_error: 0.0044
Epoch 17/20

Epoch 00017: saving model to models/coupled_spheres_labeled_e20/hourglass/cp-0017.hdf5
 - 3022s - loss: 20879.4765 - mean_absolute_error: 0.0050 - val_loss: 291.1034 - val_mean_absolute_error: 0.0036
Epoch 18/20

Epoch 00018: saving model to models/coupled_spheres_labeled_e20/hourglass/cp-0018.hdf5
 - 3021s - loss: 20879.3557 - mean_absolute_error: 0.0051 - val_loss: 291.0888 - val_mean_absolute_error: 0.0029
Epoch 19/20

Epoch 00019: saving model to models/coupled_spheres_labeled_e20/hourglass/cp-0019.hdf5
 - 3022s - loss: 20879.4063 - mean_absolute_error: 0.0052 - val_loss: 291.0907 - val_mean_absolute_error: 0.0034
Epoch 20/20

Epoch 00020: saving model to models/coupled_spheres_labeled_e20/hourglass/cp-0020.hdf5
 - 3056s - loss: 20879.3350 - mean_absolute_error: 0.0052 - val_loss: 291.0547 - val_mean_absolute_error: 0.0036
Finished.
