INFO:artifice:Namespace(batch_size=[4], command='visualize', cores=[-1], data_root=['data/coupled_spheres'], eager=False, epoch_size=[10000], epochs=[1], image_shape=[196, 196, 1], keras_verbose=[2], l2_reg=[0.0001], learning_rate=[0.1], mode=['augmented-random'], model_root=['models/coupled_spheres_tethered_augmented-random_subset100'], num_candidates=[1000], num_objects=[2], output=['show'], overwrite=False, query_size=[1], show=False, splits=[10000, 1000, 1000], subset_size=[10], tile_shape=[196, 196, 1], verbose=[2])
WARNING:artifice:loading data before model
WARNING:artifice:pad values may be incorrect
WARNING:artifice:loading data before model
WARNING:artifice:pad values may be incorrect
WARNING:artifice:loading data before model
WARNING:artifice:pad values may be incorrect
2019-04-25 14:53:02.538894: I tensorflow/core/platform/cpu_feature_guard.cc:141] Your CPU supports instructions that this TensorFlow binary was not compiled to use: SSE4.1 SSE4.2 AVX AVX2 FMA
2019-04-25 14:53:02.959436: I tensorflow/core/common_runtime/gpu/gpu_device.cc:1432] Found device 0 with properties: 
name: Tesla K80 major: 3 minor: 7 memoryClockRate(GHz): 0.8235
pciBusID: 0000:09:00.0
totalMemory: 11.17GiB freeMemory: 11.10GiB
2019-04-25 14:53:02.959526: I tensorflow/core/common_runtime/gpu/gpu_device.cc:1511] Adding visible gpu devices: 0
2019-04-25 14:53:03.350673: I tensorflow/core/common_runtime/gpu/gpu_device.cc:982] Device interconnect StreamExecutor with strength 1 edge matrix:
2019-04-25 14:53:03.350744: I tensorflow/core/common_runtime/gpu/gpu_device.cc:988]      0 
2019-04-25 14:53:03.350758: I tensorflow/core/common_runtime/gpu/gpu_device.cc:1001] 0:   N 
2019-04-25 14:53:03.351101: I tensorflow/core/common_runtime/gpu/gpu_device.cc:1115] Created TensorFlow device (/job:localhost/replica:0/task:0/device:GPU:0 with 10758 MB memory) -> physical GPU (device: 0, name: Tesla K80, pci bus id: 0000:09:00.0, compute capability: 3.7)
INFO:artifice:initialized iterator, starting accumulation...
INFO:artifice:finished accumulation
INFO:artifice:average error: 0.48
INFO:artifice:error std: 0.34
INFO:artifice:minimum error: 0.02
INFO:artifice:maximum error: 11.33
INFO:artifice:saved error map to models/coupled_spheres_tethered_augmented-random_subset100/coupled_spheres/regional_errors.pdf
INFO:artifice:writing detections to video...
2019-04-25 14:53:05.113065: I tensorflow/core/common_runtime/gpu/gpu_device.cc:1511] Adding visible gpu devices: 0
2019-04-25 14:53:05.113115: I tensorflow/core/common_runtime/gpu/gpu_device.cc:982] Device interconnect StreamExecutor with strength 1 edge matrix:
2019-04-25 14:53:05.113128: I tensorflow/core/common_runtime/gpu/gpu_device.cc:988]      0 
2019-04-25 14:53:05.113136: I tensorflow/core/common_runtime/gpu/gpu_device.cc:1001] 0:   N 
2019-04-25 14:53:05.113394: I tensorflow/core/common_runtime/gpu/gpu_device.cc:1115] Created TensorFlow device (/job:localhost/replica:0/task:0/device:GPU:0 with 10758 MB memory) -> physical GPU (device: 0, name: Tesla K80, pci bus id: 0000:09:00.0, compute capability: 3.7)
INFO:artifice:0 / 1000
INFO:artifice:ffmpeg -y -f rawvideo -vcodec rawvideo -s 2000x1000 -pix_fmt rgba -r 30 -i - -an -b 40000k -vcodec mpeg4 models/coupled_spheres_tethered_augmented-random_subset100/coupled_spheres/detections.mp4
INFO:artifice:saved example detection to models/coupled_spheres_tethered_augmented-random_subset100/coupled_spheres/example_detection.pdf
INFO:artifice:100 / 1000
INFO:artifice:200 / 1000
INFO:artifice:300 / 1000
INFO:artifice:400 / 1000
INFO:artifice:500 / 1000
INFO:artifice:600 / 1000
INFO:artifice:700 / 1000
INFO:artifice:800 / 1000
INFO:artifice:900 / 1000
INFO:artifice:finished
INFO:artifice:wrote mp4 to models/coupled_spheres_tethered_augmented-random_subset100/coupled_spheres/detections.mp4
INFO:artifice:Namespace(batch_size=[4], command='visualize', cores=[-1], data_root=['data/coupled_spheres_tethered'], eager=False, epoch_size=[10000], epochs=[1], image_shape=[196, 196, 1], keras_verbose=[2], l2_reg=[0.0001], learning_rate=[0.1], mode=['augmented-random'], model_root=['models/coupled_spheres_tethered_augmented-random_subset100'], num_candidates=[1000], num_objects=[2], output=['show'], overwrite=False, query_size=[1], show=False, splits=[10000, 1000, 1000], subset_size=[10], tile_shape=[196, 196, 1], verbose=[2])
WARNING:artifice:loading data before model
WARNING:artifice:pad values may be incorrect
WARNING:artifice:loading data before model
WARNING:artifice:pad values may be incorrect
WARNING:artifice:loading data before model
WARNING:artifice:pad values may be incorrect
2019-04-25 14:55:15.509905: I tensorflow/core/platform/cpu_feature_guard.cc:141] Your CPU supports instructions that this TensorFlow binary was not compiled to use: SSE4.1 SSE4.2 AVX AVX2 FMA
2019-04-25 14:55:15.950554: I tensorflow/core/common_runtime/gpu/gpu_device.cc:1432] Found device 0 with properties: 
name: Tesla K80 major: 3 minor: 7 memoryClockRate(GHz): 0.8235
pciBusID: 0000:09:00.0
totalMemory: 11.17GiB freeMemory: 11.10GiB
2019-04-25 14:55:15.950630: I tensorflow/core/common_runtime/gpu/gpu_device.cc:1511] Adding visible gpu devices: 0
2019-04-25 14:55:16.341784: I tensorflow/core/common_runtime/gpu/gpu_device.cc:982] Device interconnect StreamExecutor with strength 1 edge matrix:
2019-04-25 14:55:16.341851: I tensorflow/core/common_runtime/gpu/gpu_device.cc:988]      0 
2019-04-25 14:55:16.341866: I tensorflow/core/common_runtime/gpu/gpu_device.cc:1001] 0:   N 
2019-04-25 14:55:16.342207: I tensorflow/core/common_runtime/gpu/gpu_device.cc:1115] Created TensorFlow device (/job:localhost/replica:0/task:0/device:GPU:0 with 10758 MB memory) -> physical GPU (device: 0, name: Tesla K80, pci bus id: 0000:09:00.0, compute capability: 3.7)
INFO:artifice:initialized iterator, starting accumulation...
INFO:artifice:finished accumulation
INFO:artifice:average error: 0.44
INFO:artifice:error std: 0.20
INFO:artifice:minimum error: 0.02
INFO:artifice:maximum error: 2.01
INFO:artifice:saved error map to models/coupled_spheres_tethered_augmented-random_subset100/coupled_spheres_tethered/regional_errors.pdf
INFO:artifice:writing detections to video...
2019-04-25 14:55:18.082424: I tensorflow/core/common_runtime/gpu/gpu_device.cc:1511] Adding visible gpu devices: 0
2019-04-25 14:55:18.082480: I tensorflow/core/common_runtime/gpu/gpu_device.cc:982] Device interconnect StreamExecutor with strength 1 edge matrix:
2019-04-25 14:55:18.082492: I tensorflow/core/common_runtime/gpu/gpu_device.cc:988]      0 
2019-04-25 14:55:18.082501: I tensorflow/core/common_runtime/gpu/gpu_device.cc:1001] 0:   N 
2019-04-25 14:55:18.082782: I tensorflow/core/common_runtime/gpu/gpu_device.cc:1115] Created TensorFlow device (/job:localhost/replica:0/task:0/device:GPU:0 with 10758 MB memory) -> physical GPU (device: 0, name: Tesla K80, pci bus id: 0000:09:00.0, compute capability: 3.7)
INFO:artifice:0 / 1000
INFO:artifice:ffmpeg -y -f rawvideo -vcodec rawvideo -s 2000x1000 -pix_fmt rgba -r 30 -i - -an -b 40000k -vcodec mpeg4 models/coupled_spheres_tethered_augmented-random_subset100/coupled_spheres_tethered/detections.mp4
INFO:artifice:saved example detection to models/coupled_spheres_tethered_augmented-random_subset100/coupled_spheres_tethered/example_detection.pdf
INFO:artifice:100 / 1000
INFO:artifice:200 / 1000
INFO:artifice:300 / 1000
INFO:artifice:400 / 1000
INFO:artifice:500 / 1000
INFO:artifice:600 / 1000
INFO:artifice:700 / 1000
INFO:artifice:800 / 1000
INFO:artifice:900 / 1000
INFO:artifice:finished
INFO:artifice:wrote mp4 to models/coupled_spheres_tethered_augmented-random_subset100/coupled_spheres_tethered/detections.mp4
INFO:artifice:Namespace(batch_size=[4], command='visualize', cores=[-1], data_root=['data/waltzing_spheres'], eager=False, epoch_size=[10000], epochs=[1], image_shape=[196, 196, 1], keras_verbose=[2], l2_reg=[0.0001], learning_rate=[0.1], mode=['augmented-random'], model_root=['models/coupled_spheres_tethered_augmented-random_subset100'], num_candidates=[1000], num_objects=[2], output=['show'], overwrite=False, query_size=[1], show=False, splits=[0, 0, 2401], subset_size=[10], tile_shape=[196, 196, 1], verbose=[2])
WARNING:artifice:loading data before model
WARNING:artifice:pad values may be incorrect
WARNING:artifice:loading data before model
WARNING:artifice:pad values may be incorrect
WARNING:artifice:loading data before model
WARNING:artifice:pad values may be incorrect
2019-04-25 14:57:28.640299: I tensorflow/core/platform/cpu_feature_guard.cc:141] Your CPU supports instructions that this TensorFlow binary was not compiled to use: SSE4.1 SSE4.2 AVX AVX2 FMA
2019-04-25 14:57:29.055801: I tensorflow/core/common_runtime/gpu/gpu_device.cc:1432] Found device 0 with properties: 
name: Tesla K80 major: 3 minor: 7 memoryClockRate(GHz): 0.8235
pciBusID: 0000:09:00.0
totalMemory: 11.17GiB freeMemory: 11.10GiB
2019-04-25 14:57:29.055848: I tensorflow/core/common_runtime/gpu/gpu_device.cc:1511] Adding visible gpu devices: 0
2019-04-25 14:57:29.440495: I tensorflow/core/common_runtime/gpu/gpu_device.cc:982] Device interconnect StreamExecutor with strength 1 edge matrix:
2019-04-25 14:57:29.440590: I tensorflow/core/common_runtime/gpu/gpu_device.cc:988]      0 
2019-04-25 14:57:29.440604: I tensorflow/core/common_runtime/gpu/gpu_device.cc:1001] 0:   N 
2019-04-25 14:57:29.440933: I tensorflow/core/common_runtime/gpu/gpu_device.cc:1115] Created TensorFlow device (/job:localhost/replica:0/task:0/device:GPU:0 with 10758 MB memory) -> physical GPU (device: 0, name: Tesla K80, pci bus id: 0000:09:00.0, compute capability: 3.7)
INFO:artifice:initialized iterator, starting accumulation...
INFO:artifice:finished accumulation
INFO:artifice:average error: 0.76
INFO:artifice:error std: 0.48
INFO:artifice:minimum error: 0.71
INFO:artifice:maximum error: 11.77
INFO:artifice:saved error map to models/coupled_spheres_tethered_augmented-random_subset100/waltzing_spheres/regional_errors.pdf
INFO:artifice:writing detections to video...
2019-04-25 14:57:31.915982: I tensorflow/core/common_runtime/gpu/gpu_device.cc:1511] Adding visible gpu devices: 0
2019-04-25 14:57:31.916019: I tensorflow/core/common_runtime/gpu/gpu_device.cc:982] Device interconnect StreamExecutor with strength 1 edge matrix:
2019-04-25 14:57:31.916031: I tensorflow/core/common_runtime/gpu/gpu_device.cc:988]      0 
2019-04-25 14:57:31.916038: I tensorflow/core/common_runtime/gpu/gpu_device.cc:1001] 0:   N 
2019-04-25 14:57:31.916317: I tensorflow/core/common_runtime/gpu/gpu_device.cc:1115] Created TensorFlow device (/job:localhost/replica:0/task:0/device:GPU:0 with 10758 MB memory) -> physical GPU (device: 0, name: Tesla K80, pci bus id: 0000:09:00.0, compute capability: 3.7)
INFO:artifice:0 / 2401
INFO:artifice:ffmpeg -y -f rawvideo -vcodec rawvideo -s 2000x1000 -pix_fmt rgba -r 30 -i - -an -b 40000k -vcodec mpeg4 models/coupled_spheres_tethered_augmented-random_subset100/waltzing_spheres/detections.mp4
INFO:artifice:saved example detection to models/coupled_spheres_tethered_augmented-random_subset100/waltzing_spheres/example_detection.pdf
INFO:artifice:100 / 2401
INFO:artifice:200 / 2401
INFO:artifice:300 / 2401
INFO:artifice:400 / 2401
INFO:artifice:500 / 2401
INFO:artifice:600 / 2401
INFO:artifice:700 / 2401
INFO:artifice:800 / 2401
INFO:artifice:900 / 2401
INFO:artifice:1000 / 2401
INFO:artifice:1100 / 2401
INFO:artifice:1200 / 2401
INFO:artifice:1300 / 2401
INFO:artifice:1400 / 2401
INFO:artifice:1500 / 2401
INFO:artifice:1600 / 2401
INFO:artifice:1700 / 2401
INFO:artifice:1800 / 2401
INFO:artifice:1900 / 2401
INFO:artifice:2000 / 2401
INFO:artifice:2100 / 2401
INFO:artifice:2200 / 2401
INFO:artifice:2300 / 2401
INFO:artifice:2400 / 2401
INFO:artifice:finished
INFO:artifice:wrote mp4 to models/coupled_spheres_tethered_augmented-random_subset100/waltzing_spheres/detections.mp4
