INFO:artifice:Namespace(batch_size=[4], command='visualize', cores=[-1], data_root=['data/coupled_spheres'], eager=False, epoch_size=[10000], epochs=[1], image_shape=[196, 196, 1], keras_verbose=[2], l2_reg=[0.0001], learning_rate=[0.1], mode=['full'], model_root=['models/coupled_spheres_full'], num_candidates=[1000], num_objects=[2], output=['show'], overwrite=False, query_size=[1], show=False, splits=[10000, 1000, 1000], subset_size=[10], tile_shape=[196, 196, 1], verbose=[2])
WARNING:artifice:loading data before model
WARNING:artifice:pad values may be incorrect
WARNING:artifice:loading data before model
WARNING:artifice:pad values may be incorrect
WARNING:artifice:loading data before model
WARNING:artifice:pad values may be incorrect
2019-04-25 15:03:15.098858: I tensorflow/core/platform/cpu_feature_guard.cc:141] Your CPU supports instructions that this TensorFlow binary was not compiled to use: SSE4.1 SSE4.2 AVX AVX2 FMA
2019-04-25 15:03:15.847356: I tensorflow/core/common_runtime/gpu/gpu_device.cc:1432] Found device 0 with properties: 
name: Tesla K80 major: 3 minor: 7 memoryClockRate(GHz): 0.8235
pciBusID: 0000:09:00.0
totalMemory: 11.17GiB freeMemory: 11.10GiB
2019-04-25 15:03:15.847420: I tensorflow/core/common_runtime/gpu/gpu_device.cc:1511] Adding visible gpu devices: 0
2019-04-25 15:03:16.256321: I tensorflow/core/common_runtime/gpu/gpu_device.cc:982] Device interconnect StreamExecutor with strength 1 edge matrix:
2019-04-25 15:03:16.256366: I tensorflow/core/common_runtime/gpu/gpu_device.cc:988]      0 
2019-04-25 15:03:16.256381: I tensorflow/core/common_runtime/gpu/gpu_device.cc:1001] 0:   N 
2019-04-25 15:03:16.256700: I tensorflow/core/common_runtime/gpu/gpu_device.cc:1115] Created TensorFlow device (/job:localhost/replica:0/task:0/device:GPU:0 with 10758 MB memory) -> physical GPU (device: 0, name: Tesla K80, pci bus id: 0000:09:00.0, compute capability: 3.7)
INFO:artifice:initialized iterator, starting accumulation...
INFO:artifice:finished accumulation
INFO:artifice:average error: 0.51
INFO:artifice:error std: 0.42
INFO:artifice:minimum error: 0.02
INFO:artifice:maximum error: 10.55
INFO:artifice:saved error map to models/coupled_spheres_full/coupled_spheres/regional_errors.pdf
INFO:artifice:writing detections to video...
2019-04-25 15:03:19.264530: I tensorflow/core/common_runtime/gpu/gpu_device.cc:1511] Adding visible gpu devices: 0
2019-04-25 15:03:19.264564: I tensorflow/core/common_runtime/gpu/gpu_device.cc:982] Device interconnect StreamExecutor with strength 1 edge matrix:
2019-04-25 15:03:19.264576: I tensorflow/core/common_runtime/gpu/gpu_device.cc:988]      0 
2019-04-25 15:03:19.264585: I tensorflow/core/common_runtime/gpu/gpu_device.cc:1001] 0:   N 
2019-04-25 15:03:19.264827: I tensorflow/core/common_runtime/gpu/gpu_device.cc:1115] Created TensorFlow device (/job:localhost/replica:0/task:0/device:GPU:0 with 10758 MB memory) -> physical GPU (device: 0, name: Tesla K80, pci bus id: 0000:09:00.0, compute capability: 3.7)
INFO:artifice:0 / 1000
INFO:artifice:ffmpeg -y -f rawvideo -vcodec rawvideo -s 2000x1000 -pix_fmt rgba -r 30 -i - -an -b 40000k -vcodec mpeg4 models/coupled_spheres_full/coupled_spheres/detections.mp4
INFO:artifice:saved example detection to models/coupled_spheres_full/coupled_spheres/example_detection.pdf
INFO:artifice:100 / 1000
INFO:artifice:200 / 1000
INFO:artifice:300 / 1000
INFO:artifice:400 / 1000
INFO:artifice:500 / 1000
INFO:artifice:600 / 1000
INFO:artifice:700 / 1000
INFO:artifice:800 / 1000
INFO:artifice:900 / 1000
INFO:artifice:finished
INFO:artifice:wrote mp4 to models/coupled_spheres_full/coupled_spheres/detections.mp4
INFO:artifice:Namespace(batch_size=[4], command='visualize', cores=[-1], data_root=['data/coupled_spheres_tethered'], eager=False, epoch_size=[10000], epochs=[1], image_shape=[196, 196, 1], keras_verbose=[2], l2_reg=[0.0001], learning_rate=[0.1], mode=['full'], model_root=['models/coupled_spheres_full'], num_candidates=[1000], num_objects=[2], output=['show'], overwrite=False, query_size=[1], show=False, splits=[10000, 1000, 1000], subset_size=[10], tile_shape=[196, 196, 1], verbose=[2])
WARNING:artifice:loading data before model
WARNING:artifice:pad values may be incorrect
WARNING:artifice:loading data before model
WARNING:artifice:pad values may be incorrect
WARNING:artifice:loading data before model
WARNING:artifice:pad values may be incorrect
2019-04-25 15:05:32.434910: I tensorflow/core/platform/cpu_feature_guard.cc:141] Your CPU supports instructions that this TensorFlow binary was not compiled to use: SSE4.1 SSE4.2 AVX AVX2 FMA
2019-04-25 15:05:33.161908: I tensorflow/core/common_runtime/gpu/gpu_device.cc:1432] Found device 0 with properties: 
name: Tesla K80 major: 3 minor: 7 memoryClockRate(GHz): 0.8235
pciBusID: 0000:09:00.0
totalMemory: 11.17GiB freeMemory: 11.10GiB
2019-04-25 15:05:33.162001: I tensorflow/core/common_runtime/gpu/gpu_device.cc:1511] Adding visible gpu devices: 0
2019-04-25 15:05:33.570772: I tensorflow/core/common_runtime/gpu/gpu_device.cc:982] Device interconnect StreamExecutor with strength 1 edge matrix:
2019-04-25 15:05:33.570818: I tensorflow/core/common_runtime/gpu/gpu_device.cc:988]      0 
2019-04-25 15:05:33.570833: I tensorflow/core/common_runtime/gpu/gpu_device.cc:1001] 0:   N 
2019-04-25 15:05:33.571164: I tensorflow/core/common_runtime/gpu/gpu_device.cc:1115] Created TensorFlow device (/job:localhost/replica:0/task:0/device:GPU:0 with 10758 MB memory) -> physical GPU (device: 0, name: Tesla K80, pci bus id: 0000:09:00.0, compute capability: 3.7)
INFO:artifice:initialized iterator, starting accumulation...
INFO:artifice:finished accumulation
INFO:artifice:average error: 0.49
INFO:artifice:error std: 0.28
INFO:artifice:minimum error: 0.02
INFO:artifice:maximum error: 3.00
INFO:artifice:saved error map to models/coupled_spheres_full/coupled_spheres_tethered/regional_errors.pdf
INFO:artifice:writing detections to video...
2019-04-25 15:05:35.495977: I tensorflow/core/common_runtime/gpu/gpu_device.cc:1511] Adding visible gpu devices: 0
2019-04-25 15:05:35.496017: I tensorflow/core/common_runtime/gpu/gpu_device.cc:982] Device interconnect StreamExecutor with strength 1 edge matrix:
2019-04-25 15:05:35.496029: I tensorflow/core/common_runtime/gpu/gpu_device.cc:988]      0 
2019-04-25 15:05:35.496037: I tensorflow/core/common_runtime/gpu/gpu_device.cc:1001] 0:   N 
2019-04-25 15:05:35.496316: I tensorflow/core/common_runtime/gpu/gpu_device.cc:1115] Created TensorFlow device (/job:localhost/replica:0/task:0/device:GPU:0 with 10758 MB memory) -> physical GPU (device: 0, name: Tesla K80, pci bus id: 0000:09:00.0, compute capability: 3.7)
INFO:artifice:0 / 1000
INFO:artifice:ffmpeg -y -f rawvideo -vcodec rawvideo -s 2000x1000 -pix_fmt rgba -r 30 -i - -an -b 40000k -vcodec mpeg4 models/coupled_spheres_full/coupled_spheres_tethered/detections.mp4
INFO:artifice:saved example detection to models/coupled_spheres_full/coupled_spheres_tethered/example_detection.pdf
INFO:artifice:100 / 1000
INFO:artifice:200 / 1000
INFO:artifice:300 / 1000
INFO:artifice:400 / 1000
INFO:artifice:500 / 1000
INFO:artifice:600 / 1000
INFO:artifice:700 / 1000
INFO:artifice:800 / 1000
INFO:artifice:900 / 1000
INFO:artifice:finished
INFO:artifice:wrote mp4 to models/coupled_spheres_full/coupled_spheres_tethered/detections.mp4
INFO:artifice:Namespace(batch_size=[4], command='visualize', cores=[-1], data_root=['data/waltzing_spheres'], eager=False, epoch_size=[10000], epochs=[1], image_shape=[196, 196, 1], keras_verbose=[2], l2_reg=[0.0001], learning_rate=[0.1], mode=['full'], model_root=['models/coupled_spheres_full'], num_candidates=[1000], num_objects=[2], output=['show'], overwrite=False, query_size=[1], show=False, splits=[0, 0, 2401], subset_size=[10], tile_shape=[196, 196, 1], verbose=[2])
WARNING:artifice:loading data before model
WARNING:artifice:pad values may be incorrect
WARNING:artifice:loading data before model
WARNING:artifice:pad values may be incorrect
WARNING:artifice:loading data before model
WARNING:artifice:pad values may be incorrect
2019-04-25 15:07:48.270238: I tensorflow/core/platform/cpu_feature_guard.cc:141] Your CPU supports instructions that this TensorFlow binary was not compiled to use: SSE4.1 SSE4.2 AVX AVX2 FMA
2019-04-25 15:07:49.018034: I tensorflow/core/common_runtime/gpu/gpu_device.cc:1432] Found device 0 with properties: 
name: Tesla K80 major: 3 minor: 7 memoryClockRate(GHz): 0.8235
pciBusID: 0000:09:00.0
totalMemory: 11.17GiB freeMemory: 11.10GiB
2019-04-25 15:07:49.018102: I tensorflow/core/common_runtime/gpu/gpu_device.cc:1511] Adding visible gpu devices: 0
2019-04-25 15:07:49.425424: I tensorflow/core/common_runtime/gpu/gpu_device.cc:982] Device interconnect StreamExecutor with strength 1 edge matrix:
2019-04-25 15:07:49.425467: I tensorflow/core/common_runtime/gpu/gpu_device.cc:988]      0 
2019-04-25 15:07:49.425480: I tensorflow/core/common_runtime/gpu/gpu_device.cc:1001] 0:   N 
2019-04-25 15:07:49.425801: I tensorflow/core/common_runtime/gpu/gpu_device.cc:1115] Created TensorFlow device (/job:localhost/replica:0/task:0/device:GPU:0 with 10758 MB memory) -> physical GPU (device: 0, name: Tesla K80, pci bus id: 0000:09:00.0, compute capability: 3.7)
INFO:artifice:initialized iterator, starting accumulation...
INFO:artifice:finished accumulation
INFO:artifice:average error: 0.91
INFO:artifice:error std: 1.25
INFO:artifice:minimum error: 0.71
INFO:artifice:maximum error: 28.54
INFO:artifice:saved error map to models/coupled_spheres_full/waltzing_spheres/regional_errors.pdf
INFO:artifice:writing detections to video...
2019-04-25 15:07:52.387489: I tensorflow/core/common_runtime/gpu/gpu_device.cc:1511] Adding visible gpu devices: 0
2019-04-25 15:07:52.387523: I tensorflow/core/common_runtime/gpu/gpu_device.cc:982] Device interconnect StreamExecutor with strength 1 edge matrix:
2019-04-25 15:07:52.387534: I tensorflow/core/common_runtime/gpu/gpu_device.cc:988]      0 
2019-04-25 15:07:52.387542: I tensorflow/core/common_runtime/gpu/gpu_device.cc:1001] 0:   N 
2019-04-25 15:07:52.387777: I tensorflow/core/common_runtime/gpu/gpu_device.cc:1115] Created TensorFlow device (/job:localhost/replica:0/task:0/device:GPU:0 with 10758 MB memory) -> physical GPU (device: 0, name: Tesla K80, pci bus id: 0000:09:00.0, compute capability: 3.7)
INFO:artifice:0 / 2401
INFO:artifice:ffmpeg -y -f rawvideo -vcodec rawvideo -s 2000x1000 -pix_fmt rgba -r 30 -i - -an -b 40000k -vcodec mpeg4 models/coupled_spheres_full/waltzing_spheres/detections.mp4
INFO:artifice:saved example detection to models/coupled_spheres_full/waltzing_spheres/example_detection.pdf
INFO:artifice:100 / 2401
INFO:artifice:200 / 2401
INFO:artifice:300 / 2401
INFO:artifice:400 / 2401
INFO:artifice:500 / 2401
INFO:artifice:600 / 2401
INFO:artifice:700 / 2401
INFO:artifice:800 / 2401
INFO:artifice:900 / 2401
INFO:artifice:1000 / 2401
INFO:artifice:1100 / 2401
INFO:artifice:1200 / 2401
INFO:artifice:1300 / 2401
INFO:artifice:1400 / 2401
INFO:artifice:1500 / 2401
INFO:artifice:1600 / 2401
INFO:artifice:1700 / 2401
INFO:artifice:1800 / 2401
INFO:artifice:1900 / 2401
INFO:artifice:2000 / 2401
INFO:artifice:2100 / 2401
INFO:artifice:2200 / 2401
INFO:artifice:2300 / 2401
INFO:artifice:2400 / 2401
INFO:artifice:finished
INFO:artifice:wrote mp4 to models/coupled_spheres_full/waltzing_spheres/detections.mp4
