2019-08-01 15:35:18.185445: I tensorflow/core/platform/cpu_feature_guard.cc:141] Your CPU supports instructions that this TensorFlow binary was not compiled to use: SSE4.1 SSE4.2 AVX AVX2 FMA
2019-08-01 15:35:18.216199: I tensorflow/core/platform/profile_utils/cpu_utils.cc:94] CPU Frequency: 2400115000 Hz
2019-08-01 15:35:18.216338: I tensorflow/compiler/xla/service/service.cc:150] XLA service 0x55934af4e270 executing computations on platform Host. Devices:
2019-08-01 15:35:18.216365: I tensorflow/compiler/xla/service/service.cc:158]   StreamExecutor device (0): <undefined>, <undefined>
2019-08-01 15:35:18.314440: I tensorflow/compiler/xla/service/service.cc:150] XLA service 0x55934b0054c0 executing computations on platform CUDA. Devices:
2019-08-01 15:35:18.314509: I tensorflow/compiler/xla/service/service.cc:158]   StreamExecutor device (0): Tesla K80, Compute Capability 3.7
2019-08-01 15:35:18.314774: I tensorflow/core/common_runtime/gpu/gpu_device.cc:1433] Found device 0 with properties: 
name: Tesla K80 major: 3 minor: 7 memoryClockRate(GHz): 0.8235
pciBusID: 0000:88:00.0
totalMemory: 11.17GiB freeMemory: 11.11GiB
2019-08-01 15:35:18.314807: I tensorflow/core/common_runtime/gpu/gpu_device.cc:1512] Adding visible gpu devices: 0
2019-08-01 15:35:18.317051: I tensorflow/core/common_runtime/gpu/gpu_device.cc:984] Device interconnect StreamExecutor with strength 1 edge matrix:
2019-08-01 15:35:18.317078: I tensorflow/core/common_runtime/gpu/gpu_device.cc:990]      0 
2019-08-01 15:35:18.317090: I tensorflow/core/common_runtime/gpu/gpu_device.cc:1003] 0:   N 
2019-08-01 15:35:18.317261: I tensorflow/core/common_runtime/gpu/gpu_device.cc:1115] Created TensorFlow device (/device:GPU:0 with 10805 MB memory) -> physical GPU (device: 0, name: Tesla K80, pci bus id: 0000:88:00.0, compute capability: 3.7)
DEBUG:artifice:Use Python3.6 or higher.
INFO:artifice:Thu Aug  1 15:35:18 2019:
data_root: data/disks
model_root: models/disks
figs_dir: figs
----
labeled: True
num_parallel_calls: 28
----
input tile shape: [140, 140]
output shapes: [[28, 28], [52, 52], [100, 100]]
todo: other attributes
WARNING:tensorflow:From /software/Anaconda3-2018.12-el7-x86_64/envs/tf-gpu-1.13.1/lib/python3.7/site-packages/tensorflow/python/ops/resource_variable_ops.py:435: colocate_with (from tensorflow.python.framework.ops) is deprecated and will be removed in a future version.
Instructions for updating:
Colocations handled automatically by placer.
WARNING:tensorflow:From /software/Anaconda3-2018.12-el7-x86_64/envs/tf-gpu-1.13.1/lib/python3.7/site-packages/tensorflow/python/keras/layers/core.py:143: calling dropout (from tensorflow.python.ops.nn_ops) with keep_prob is deprecated and will be removed in a future version.
Instructions for updating:
Please use `rate` instead of `keep_prob`. Rate should be set to `rate = 1 - keep_prob`.
WARNING:tensorflow:From /software/Anaconda3-2018.12-el7-x86_64/envs/tf-gpu-1.13.1/lib/python3.7/site-packages/tensorflow/python/ops/losses/losses_impl.py:667: to_float (from tensorflow.python.ops.math_ops) is deprecated and will be removed in a future version.
Instructions for updating:
Use tf.cast instead.
INFO:artifice:caching this epoch...
2019-08-01 15:35:20.114417: I tensorflow/core/common_runtime/gpu/gpu_device.cc:1512] Adding visible gpu devices: 0
2019-08-01 15:35:20.114474: I tensorflow/core/common_runtime/gpu/gpu_device.cc:984] Device interconnect StreamExecutor with strength 1 edge matrix:
2019-08-01 15:35:20.114486: I tensorflow/core/common_runtime/gpu/gpu_device.cc:990]      0 
2019-08-01 15:35:20.114494: I tensorflow/core/common_runtime/gpu/gpu_device.cc:1003] 0:   N 
2019-08-01 15:35:20.114657: I tensorflow/core/common_runtime/gpu/gpu_device.cc:1115] Created TensorFlow device (/job:localhost/replica:0/task:0/device:GPU:0 with 10805 MB memory) -> physical GPU (device: 0, name: Tesla K80, pci bus id: 0000:88:00.0, compute capability: 3.7)
WARNING:tensorflow:From /software/Anaconda3-2018.12-el7-x86_64/envs/tf-gpu-1.13.1/lib/python3.7/site-packages/tensorflow/python/ops/math_ops.py:3066: to_int32 (from tensorflow.python.ops.math_ops) is deprecated and will be removed in a future version.
Instructions for updating:
Use tf.cast instead.
