Starting training...
Epoch 1/100

Epoch 00001: saving model to models/disks/sparse_u_net_ckpt.hdf5
 - 212s - loss: 0.0948 - pose_loss: 0.0179 - output_0_loss: 0.0253 - output_1_loss: 0.0222 - output_2_loss: 0.0294 - pose_mean_absolute_error: 1.1390 - output_0_mean_absolute_error: 0.0677 - output_1_mean_absolute_error: 0.0501 - output_2_mean_absolute_error: 0.0350
Epoch 2/100

Epoch 00002: saving model to models/disks/sparse_u_net_ckpt.hdf5
 - 91s - loss: 0.0213 - pose_loss: 0.0157 - output_0_loss: 0.0037 - output_1_loss: 0.0011 - output_2_loss: 7.6604e-04 - pose_mean_absolute_error: 1.1100 - output_0_mean_absolute_error: 0.0251 - output_1_mean_absolute_error: 0.0108 - output_2_mean_absolute_error: 0.0063
Epoch 3/100

Epoch 00003: saving model to models/disks/sparse_u_net_ckpt.hdf5
 - 83s - loss: 0.0187 - pose_loss: 0.0152 - output_0_loss: 0.0021 - output_1_loss: 8.7336e-04 - output_2_loss: 5.5776e-04 - pose_mean_absolute_error: 1.1060 - output_0_mean_absolute_error: 0.0198 - output_1_mean_absolute_error: 0.0095 - output_2_mean_absolute_error: 0.0051
Epoch 4/100

Epoch 00004: saving model to models/disks/sparse_u_net_ckpt.hdf5
 - 81s - loss: 0.0175 - pose_loss: 0.0150 - output_0_loss: 0.0013 - output_1_loss: 7.4228e-04 - output_2_loss: 4.7511e-04 - pose_mean_absolute_error: 1.1046 - output_0_mean_absolute_error: 0.0168 - output_1_mean_absolute_error: 0.0088 - output_2_mean_absolute_error: 0.0045
Epoch 5/100

Epoch 00005: saving model to models/disks/sparse_u_net_ckpt.hdf5
 - 80s - loss: 0.0170 - pose_loss: 0.0149 - output_0_loss: 9.8785e-04 - output_1_loss: 6.5823e-04 - output_2_loss: 4.3249e-04 - pose_mean_absolute_error: 1.1040 - output_0_mean_absolute_error: 0.0151 - output_1_mean_absolute_error: 0.0083 - output_2_mean_absolute_error: 0.0042
Epoch 6/100

Epoch 00006: saving model to models/disks/sparse_u_net_ckpt.hdf5
 - 80s - loss: 0.0167 - pose_loss: 0.0149 - output_0_loss: 7.7436e-04 - output_1_loss: 5.9695e-04 - output_2_loss: 4.0593e-04 - pose_mean_absolute_error: 1.1042 - output_0_mean_absolute_error: 0.0140 - output_1_mean_absolute_error: 0.0080 - output_2_mean_absolute_error: 0.0039
Epoch 7/100

Epoch 00007: saving model to models/disks/sparse_u_net_ckpt.hdf5
 - 79s - loss: 0.0165 - pose_loss: 0.0148 - output_0_loss: 6.6647e-04 - output_1_loss: 5.5437e-04 - output_2_loss: 3.8790e-04 - pose_mean_absolute_error: 1.1046 - output_0_mean_absolute_error: 0.0134 - output_1_mean_absolute_error: 0.0078 - output_2_mean_absolute_error: 0.0038
Epoch 8/100

Epoch 00008: saving model to models/disks/sparse_u_net_ckpt.hdf5
 - 79s - loss: 0.0162 - pose_loss: 0.0147 - output_0_loss: 6.1498e-04 - output_1_loss: 5.2073e-04 - output_2_loss: 3.7549e-04 - pose_mean_absolute_error: 1.1052 - output_0_mean_absolute_error: 0.0132 - output_1_mean_absolute_error: 0.0076 - output_2_mean_absolute_error: 0.0037
Epoch 9/100

Epoch 00009: saving model to models/disks/sparse_u_net_ckpt.hdf5
 - 79s - loss: 0.0160 - pose_loss: 0.0145 - output_0_loss: 5.9765e-04 - output_1_loss: 4.9675e-04 - output_2_loss: 3.6739e-04 - pose_mean_absolute_error: 1.1062 - output_0_mean_absolute_error: 0.0132 - output_1_mean_absolute_error: 0.0074 - output_2_mean_absolute_error: 0.0036
Epoch 10/100

Epoch 00010: saving model to models/disks/sparse_u_net_ckpt.hdf5
 - 79s - loss: 0.0157 - pose_loss: 0.0143 - output_0_loss: 6.0225e-04 - output_1_loss: 4.8150e-04 - output_2_loss: 3.6241e-04 - pose_mean_absolute_error: 1.1075 - output_0_mean_absolute_error: 0.0136 - output_1_mean_absolute_error: 0.0073 - output_2_mean_absolute_error: 0.0036
Epoch 11/100

Epoch 00011: saving model to models/disks/sparse_u_net_ckpt.hdf5
 - 79s - loss: 0.0154 - pose_loss: 0.0140 - output_0_loss: 5.9264e-04 - output_1_loss: 4.7771e-04 - output_2_loss: 3.6004e-04 - pose_mean_absolute_error: 1.1076 - output_0_mean_absolute_error: 0.0139 - output_1_mean_absolute_error: 0.0073 - output_2_mean_absolute_error: 0.0035
Epoch 12/100

Epoch 00012: saving model to models/disks/sparse_u_net_ckpt.hdf5
 - 79s - loss: 0.0151 - pose_loss: 0.0136 - output_0_loss: 6.1355e-04 - output_1_loss: 4.7316e-04 - output_2_loss: 3.5727e-04 - pose_mean_absolute_error: 1.1065 - output_0_mean_absolute_error: 0.0141 - output_1_mean_absolute_error: 0.0073 - output_2_mean_absolute_error: 0.0035
Epoch 13/100

Epoch 00013: saving model to models/disks/sparse_u_net_ckpt.hdf5
 - 79s - loss: 0.0148 - pose_loss: 0.0133 - output_0_loss: 5.9066e-04 - output_1_loss: 4.6303e-04 - output_2_loss: 3.5146e-04 - pose_mean_absolute_error: 1.1047 - output_0_mean_absolute_error: 0.0138 - output_1_mean_absolute_error: 0.0072 - output_2_mean_absolute_error: 0.0034
Epoch 14/100

Epoch 00014: saving model to models/disks/sparse_u_net_ckpt.hdf5
 - 78s - loss: 0.0145 - pose_loss: 0.0132 - output_0_loss: 5.5544e-04 - output_1_loss: 4.4947e-04 - output_2_loss: 3.4552e-04 - pose_mean_absolute_error: 1.1034 - output_0_mean_absolute_error: 0.0133 - output_1_mean_absolute_error: 0.0071 - output_2_mean_absolute_error: 0.0034
Epoch 15/100

Epoch 00015: saving model to models/disks/sparse_u_net_ckpt.hdf5
 - 79s - loss: 0.0143 - pose_loss: 0.0130 - output_0_loss: 5.2885e-04 - output_1_loss: 4.3484e-04 - output_2_loss: 3.3937e-04 - pose_mean_absolute_error: 1.1025 - output_0_mean_absolute_error: 0.0130 - output_1_mean_absolute_error: 0.0070 - output_2_mean_absolute_error: 0.0033
Epoch 16/100

Epoch 00016: saving model to models/disks/sparse_u_net_ckpt.hdf5
 - 78s - loss: 0.0142 - pose_loss: 0.0129 - output_0_loss: 5.0946e-04 - output_1_loss: 4.2203e-04 - output_2_loss: 3.3458e-04 - pose_mean_absolute_error: 1.1018 - output_0_mean_absolute_error: 0.0126 - output_1_mean_absolute_error: 0.0069 - output_2_mean_absolute_error: 0.0033
Epoch 17/100

Epoch 00017: saving model to models/disks/sparse_u_net_ckpt.hdf5
 - 78s - loss: 0.0141 - pose_loss: 0.0129 - output_0_loss: 4.5971e-04 - output_1_loss: 4.0887e-04 - output_2_loss: 3.3063e-04 - pose_mean_absolute_error: 1.1014 - output_0_mean_absolute_error: 0.0122 - output_1_mean_absolute_error: 0.0068 - output_2_mean_absolute_error: 0.0033
Epoch 18/100

Epoch 00018: saving model to models/disks/sparse_u_net_ckpt.hdf5
 - 78s - loss: 0.0140 - pose_loss: 0.0128 - output_0_loss: 4.5509e-04 - output_1_loss: 3.9654e-04 - output_2_loss: 3.2638e-04 - pose_mean_absolute_error: 1.1010 - output_0_mean_absolute_error: 0.0120 - output_1_mean_absolute_error: 0.0067 - output_2_mean_absolute_error: 0.0032
Epoch 19/100

Epoch 00019: saving model to models/disks/sparse_u_net_ckpt.hdf5
 - 78s - loss: 0.0139 - pose_loss: 0.0127 - output_0_loss: 4.5014e-04 - output_1_loss: 3.8776e-04 - output_2_loss: 3.2358e-04 - pose_mean_absolute_error: 1.1007 - output_0_mean_absolute_error: 0.0119 - output_1_mean_absolute_error: 0.0067 - output_2_mean_absolute_error: 0.0032
Epoch 20/100

Epoch 00020: saving model to models/disks/sparse_u_net_ckpt.hdf5
 - 78s - loss: 0.0138 - pose_loss: 0.0127 - output_0_loss: 4.1868e-04 - output_1_loss: 3.7737e-04 - output_2_loss: 3.2048e-04 - pose_mean_absolute_error: 1.1005 - output_0_mean_absolute_error: 0.0116 - output_1_mean_absolute_error: 0.0066 - output_2_mean_absolute_error: 0.0032
Epoch 21/100

Epoch 00021: saving model to models/disks/sparse_u_net_ckpt.hdf5
 - 78s - loss: 0.0138 - pose_loss: 0.0127 - output_0_loss: 4.1688e-04 - output_1_loss: 3.6910e-04 - output_2_loss: 3.1765e-04 - pose_mean_absolute_error: 1.1002 - output_0_mean_absolute_error: 0.0115 - output_1_mean_absolute_error: 0.0065 - output_2_mean_absolute_error: 0.0032
Epoch 22/100

Epoch 00022: saving model to models/disks/sparse_u_net_ckpt.hdf5
 - 78s - loss: 0.0137 - pose_loss: 0.0126 - output_0_loss: 4.0376e-04 - output_1_loss: 3.5934e-04 - output_2_loss: 3.1464e-04 - pose_mean_absolute_error: 1.0999 - output_0_mean_absolute_error: 0.0113 - output_1_mean_absolute_error: 0.0065 - output_2_mean_absolute_error: 0.0032
Epoch 23/100

Epoch 00023: saving model to models/disks/sparse_u_net_ckpt.hdf5
 - 78s - loss: 0.0136 - pose_loss: 0.0126 - output_0_loss: 3.8728e-04 - output_1_loss: 3.5145e-04 - output_2_loss: 3.1262e-04 - pose_mean_absolute_error: 1.0998 - output_0_mean_absolute_error: 0.0112 - output_1_mean_absolute_error: 0.0064 - output_2_mean_absolute_error: 0.0032
Epoch 24/100

Epoch 00024: saving model to models/disks/sparse_u_net_ckpt.hdf5
 - 78s - loss: 0.0136 - pose_loss: 0.0125 - output_0_loss: 3.6844e-04 - output_1_loss: 3.4332e-04 - output_2_loss: 3.1007e-04 - pose_mean_absolute_error: 1.0996 - output_0_mean_absolute_error: 0.0110 - output_1_mean_absolute_error: 0.0064 - output_2_mean_absolute_error: 0.0031
Epoch 25/100

Epoch 00025: saving model to models/disks/sparse_u_net_ckpt.hdf5
 - 78s - loss: 0.0135 - pose_loss: 0.0125 - output_0_loss: 3.7377e-04 - output_1_loss: 3.3559e-04 - output_2_loss: 3.0771e-04 - pose_mean_absolute_error: 1.0994 - output_0_mean_absolute_error: 0.0110 - output_1_mean_absolute_error: 0.0063 - output_2_mean_absolute_error: 0.0031
Epoch 26/100

Epoch 00026: saving model to models/disks/sparse_u_net_ckpt.hdf5
 - 78s - loss: 0.0135 - pose_loss: 0.0125 - output_0_loss: 3.5890e-04 - output_1_loss: 3.2828e-04 - output_2_loss: 3.0560e-04 - pose_mean_absolute_error: 1.0993 - output_0_mean_absolute_error: 0.0108 - output_1_mean_absolute_error: 0.0063 - output_2_mean_absolute_error: 0.0031
Epoch 27/100

Epoch 00027: saving model to models/disks/sparse_u_net_ckpt.hdf5
 - 78s - loss: 0.0134 - pose_loss: 0.0124 - output_0_loss: 3.6243e-04 - output_1_loss: 3.2311e-04 - output_2_loss: 3.0348e-04 - pose_mean_absolute_error: 1.0991 - output_0_mean_absolute_error: 0.0108 - output_1_mean_absolute_error: 0.0062 - output_2_mean_absolute_error: 0.0031
Epoch 28/100

Epoch 00028: saving model to models/disks/sparse_u_net_ckpt.hdf5
 - 78s - loss: 0.0134 - pose_loss: 0.0124 - output_0_loss: 3.4684e-04 - output_1_loss: 3.1623e-04 - output_2_loss: 3.0093e-04 - pose_mean_absolute_error: 1.0990 - output_0_mean_absolute_error: 0.0106 - output_1_mean_absolute_error: 0.0062 - output_2_mean_absolute_error: 0.0031
