INFO:artifice:Namespace(batch_size=[4], command='train', cores=[-1], data_root=['data/coupled_spheres_tethered'], eager=False, epoch_size=[10000], epochs=[20], image_shape=[196, 196, 1], keras_verbose=[2], l2_reg=[0.0001], learning_rate=[0.1], mode=['augmented-active'], model_root=['models/coupled_spheres_tethered_augmented-active_subset10'], num_candidates=[1000], num_objects=[2], output=['show'], overwrite=True, query_size=[1], show=False, splits=[10000, 1000, 1000], subset_size=[10], tile_shape=[196, 196, 1], verbose=[2])
INFO:artifice:model: model
DEBUG:artifice:layer:(None, 284, 284, 1) -> (None, 284, 284, 1):input_1
DEBUG:artifice:layer:(None, 284, 284, 1) -> (None, 282, 282, 64):conv2d
DEBUG:artifice:layer:(None, 282, 282, 64) -> (None, 282, 282, 64):batch_normalization
DEBUG:artifice:layer:(None, 282, 282, 64) -> (None, 282, 282, 64):activation
DEBUG:artifice:layer:(None, 282, 282, 64) -> (None, 280, 280, 64):conv2d_1
DEBUG:artifice:layer:(None, 280, 280, 64) -> (None, 280, 280, 64):batch_normalization_1
DEBUG:artifice:layer:(None, 280, 280, 64) -> (None, 280, 280, 64):activation_1
DEBUG:artifice:layer:(None, 280, 280, 64) -> (None, 140, 140, 64):max_pooling2d
DEBUG:artifice:layer:(None, 140, 140, 64) -> (None, 140, 140, 64):dropout
DEBUG:artifice:layer:(None, 140, 140, 64) -> (None, 138, 138, 64):conv2d_2
DEBUG:artifice:layer:(None, 138, 138, 64) -> (None, 138, 138, 64):batch_normalization_2
DEBUG:artifice:layer:(None, 138, 138, 64) -> (None, 138, 138, 64):activation_2
DEBUG:artifice:layer:(None, 138, 138, 64) -> (None, 136, 136, 64):conv2d_3
DEBUG:artifice:layer:(None, 136, 136, 64) -> (None, 136, 136, 64):batch_normalization_3
DEBUG:artifice:layer:(None, 136, 136, 64) -> (None, 136, 136, 64):activation_3
DEBUG:artifice:layer:(None, 136, 136, 64) -> (None, 68, 68, 64):max_pooling2d_1
DEBUG:artifice:layer:(None, 68, 68, 64) -> (None, 68, 68, 64):dropout_1
DEBUG:artifice:layer:(None, 68, 68, 64) -> (None, 66, 66, 128):conv2d_4
DEBUG:artifice:layer:(None, 66, 66, 128) -> (None, 66, 66, 128):batch_normalization_4
DEBUG:artifice:layer:(None, 66, 66, 128) -> (None, 66, 66, 128):activation_4
DEBUG:artifice:layer:(None, 66, 66, 128) -> (None, 64, 64, 128):conv2d_5
DEBUG:artifice:layer:(None, 64, 64, 128) -> (None, 64, 64, 128):batch_normalization_5
DEBUG:artifice:layer:(None, 64, 64, 128) -> (None, 64, 64, 128):activation_5
DEBUG:artifice:layer:(None, 64, 64, 128) -> (None, 32, 32, 128):max_pooling2d_2
DEBUG:artifice:layer:(None, 32, 32, 128) -> (None, 32, 32, 128):dropout_2
DEBUG:artifice:layer:(None, 32, 32, 128) -> (None, 30, 30, 128):conv2d_6
DEBUG:artifice:layer:(None, 30, 30, 128) -> (None, 30, 30, 128):batch_normalization_6
DEBUG:artifice:layer:(None, 30, 30, 128) -> (None, 30, 30, 128):activation_6
DEBUG:artifice:layer:(None, 30, 30, 128) -> (None, 28, 28, 128):conv2d_7
DEBUG:artifice:layer:(None, 28, 28, 128) -> (None, 28, 28, 128):batch_normalization_7
DEBUG:artifice:layer:(None, 64, 64, 128) -> (None, 56, 56, 128):crop
DEBUG:artifice:layer:(None, 28, 28, 128) -> (None, 28, 28, 128):activation_7
DEBUG:artifice:layer:(None, 56, 56, 128) -> (None, 56, 56, 128):dropout_3
DEBUG:artifice:layer:(None, 28, 28, 128) -> (None, 56, 56, 128):conv2d_transpose
DEBUG:artifice:layer:[(None, 56, 56, 128), (None, 56, 56, 128)] -> (None, 56, 56, 256):concatenate
DEBUG:artifice:layer:(None, 56, 56, 256) -> (None, 54, 54, 128):conv2d_8
DEBUG:artifice:layer:(None, 54, 54, 128) -> (None, 54, 54, 128):batch_normalization_8
DEBUG:artifice:layer:(None, 54, 54, 128) -> (None, 54, 54, 128):activation_8
DEBUG:artifice:layer:(None, 54, 54, 128) -> (None, 52, 52, 128):conv2d_9
DEBUG:artifice:layer:(None, 52, 52, 128) -> (None, 52, 52, 128):batch_normalization_9
DEBUG:artifice:layer:(None, 136, 136, 64) -> (None, 104, 104, 64):crop_1
DEBUG:artifice:layer:(None, 52, 52, 128) -> (None, 52, 52, 128):activation_9
DEBUG:artifice:layer:(None, 104, 104, 64) -> (None, 104, 104, 64):dropout_4
DEBUG:artifice:layer:(None, 52, 52, 128) -> (None, 104, 104, 64):conv2d_transpose_1
DEBUG:artifice:layer:[(None, 104, 104, 64), (None, 104, 104, 64)] -> (None, 104, 104, 128):concatenate_1
DEBUG:artifice:layer:(None, 104, 104, 128) -> (None, 102, 102, 64):conv2d_10
DEBUG:artifice:layer:(None, 102, 102, 64) -> (None, 102, 102, 64):batch_normalization_10
DEBUG:artifice:layer:(None, 102, 102, 64) -> (None, 102, 102, 64):activation_10
DEBUG:artifice:layer:(None, 102, 102, 64) -> (None, 100, 100, 64):conv2d_11
DEBUG:artifice:layer:(None, 100, 100, 64) -> (None, 100, 100, 64):batch_normalization_11
DEBUG:artifice:layer:(None, 280, 280, 64) -> (None, 200, 200, 64):crop_2
DEBUG:artifice:layer:(None, 100, 100, 64) -> (None, 100, 100, 64):activation_11
DEBUG:artifice:layer:(None, 200, 200, 64) -> (None, 200, 200, 64):dropout_5
DEBUG:artifice:layer:(None, 100, 100, 64) -> (None, 200, 200, 64):conv2d_transpose_2
DEBUG:artifice:layer:[(None, 200, 200, 64), (None, 200, 200, 64)] -> (None, 200, 200, 128):concatenate_2
DEBUG:artifice:layer:(None, 200, 200, 128) -> (None, 198, 198, 64):conv2d_12
DEBUG:artifice:layer:(None, 198, 198, 64) -> (None, 198, 198, 64):batch_normalization_12
DEBUG:artifice:layer:(None, 198, 198, 64) -> (None, 198, 198, 64):activation_12
DEBUG:artifice:layer:(None, 198, 198, 64) -> (None, 196, 196, 64):conv2d_13
DEBUG:artifice:layer:(None, 196, 196, 64) -> (None, 196, 196, 64):batch_normalization_13
DEBUG:artifice:layer:(None, 196, 196, 64) -> (None, 196, 196, 64):activation_13
DEBUG:artifice:layer:(None, 196, 196, 64) -> (None, 196, 196, 1):conv2d_14
DEBUG:artifice:tiled: (<tf.Tensor 'stack:0' shape=(4, ?, ?, ?) dtype=float32>, <tf.Tensor 'stack_1:0' shape=(4, 196, 196, 1) dtype=float32>)
INFO:artifice:Epoch 0/20
2019-04-23 10:19:47.840830: I tensorflow/core/platform/cpu_feature_guard.cc:141] Your CPU supports instructions that this TensorFlow binary was not compiled to use: SSE4.1 SSE4.2 AVX AVX2 FMA
2019-04-23 10:19:48.150964: I tensorflow/core/common_runtime/gpu/gpu_device.cc:1432] Found device 0 with properties: 
name: Tesla K80 major: 3 minor: 7 memoryClockRate(GHz): 0.8235
pciBusID: 0000:88:00.0
totalMemory: 11.17GiB freeMemory: 11.10GiB
2019-04-23 10:19:48.151050: I tensorflow/core/common_runtime/gpu/gpu_device.cc:1511] Adding visible gpu devices: 0
2019-04-23 10:19:48.541636: I tensorflow/core/common_runtime/gpu/gpu_device.cc:982] Device interconnect StreamExecutor with strength 1 edge matrix:
2019-04-23 10:19:48.541703: I tensorflow/core/common_runtime/gpu/gpu_device.cc:988]      0 
2019-04-23 10:19:48.541715: I tensorflow/core/common_runtime/gpu/gpu_device.cc:1001] 0:   N 
2019-04-23 10:19:48.542007: I tensorflow/core/common_runtime/gpu/gpu_device.cc:1115] Created TensorFlow device (/job:localhost/replica:0/task:0/device:GPU:0 with 10758 MB memory) -> physical GPU (device: 0, name: Tesla K80, pci bus id: 0000:88:00.0, compute capability: 3.7)
2019-04-23 10:19:50.630310: I tensorflow/core/common_runtime/gpu/gpu_device.cc:1511] Adding visible gpu devices: 0
2019-04-23 10:19:50.630378: I tensorflow/core/common_runtime/gpu/gpu_device.cc:982] Device interconnect StreamExecutor with strength 1 edge matrix:
2019-04-23 10:19:50.630393: I tensorflow/core/common_runtime/gpu/gpu_device.cc:988]      0 
2019-04-23 10:19:50.630402: I tensorflow/core/common_runtime/gpu/gpu_device.cc:1001] 0:   N 
2019-04-23 10:19:50.630676: I tensorflow/core/common_runtime/gpu/gpu_device.cc:1115] Created TensorFlow device (/job:localhost/replica:0/task:0/device:GPU:0 with 10758 MB memory) -> physical GPU (device: 0, name: Tesla K80, pci bus id: 0000:88:00.0, compute capability: 3.7)
INFO:artifice:initialized iterator, starting accumulation...
INFO:artifice:finished accumulation
DEBUG:artifice:transforming object 0...
DEBUG:artifice:transforming object 1...
DEBUG:artifice:tiled: (<tf.Tensor 'stack:0' shape=(4, 284, 284, 1) dtype=float32>, <tf.Tensor 'stack_1:0' shape=(4, 196, 196, 1) dtype=float32>)
2019-04-23 10:20:03.395765: I tensorflow/core/common_runtime/gpu/gpu_device.cc:1511] Adding visible gpu devices: 0
2019-04-23 10:20:03.395831: I tensorflow/core/common_runtime/gpu/gpu_device.cc:982] Device interconnect StreamExecutor with strength 1 edge matrix:
2019-04-23 10:20:03.395847: I tensorflow/core/common_runtime/gpu/gpu_device.cc:988]      0 
2019-04-23 10:20:03.395855: I tensorflow/core/common_runtime/gpu/gpu_device.cc:1001] 0:   N 
2019-04-23 10:20:03.396174: I tensorflow/core/common_runtime/gpu/gpu_device.cc:1115] Created TensorFlow device (/job:localhost/replica:0/task:0/device:GPU:0 with 10758 MB memory) -> physical GPU (device: 0, name: Tesla K80, pci bus id: 0000:88:00.0, compute capability: 3.7)
INFO:artifice:Epoch 1/20
INFO:artifice:predicting round 0...
DEBUG:artifice:tiled: (<tf.Tensor 'stack:0' shape=(4, ?, ?, ?) dtype=float32>, <tf.Tensor 'stack_1:0' shape=(4, 196, 196, 1) dtype=float32>)
DEBUG:artifice:predict: {np.sum(np.isnan(out))} nan values
DEBUG:artifice:tiles: (1000, 196, 196, 1)
DEBUG:artifice:tiles: (1000, 196, 196, 1), num_tiles: 1, batch_size: 4
INFO:artifice:choose query: 0 / 1000
INFO:artifice:choose query: 50 / 1000
INFO:artifice:choose query: 100 / 1000
INFO:artifice:choose query: 150 / 1000
INFO:artifice:choose query: 200 / 1000
INFO:artifice:choose query: 250 / 1000
INFO:artifice:choose query: 300 / 1000
INFO:artifice:choose query: 350 / 1000
INFO:artifice:choose query: 400 / 1000
INFO:artifice:choose query: 450 / 1000
INFO:artifice:choose query: 500 / 1000
INFO:artifice:choose query: 550 / 1000
INFO:artifice:choose query: 600 / 1000
INFO:artifice:choose query: 650 / 1000
INFO:artifice:choose query: 700 / 1000
INFO:artifice:choose query: 750 / 1000
INFO:artifice:choose query: 800 / 1000
INFO:artifice:choose query: 850 / 1000
INFO:artifice:choose query: 900 / 1000
INFO:artifice:choose query: 950 / 1000
INFO:artifice:chose query [0] with uncertainties [(0, 52061612.0)]
INFO:artifice:querying [0]...
2019-04-23 10:41:25.474554: I tensorflow/core/common_runtime/gpu/gpu_device.cc:1511] Adding visible gpu devices: 0
2019-04-23 10:41:25.474640: I tensorflow/core/common_runtime/gpu/gpu_device.cc:982] Device interconnect StreamExecutor with strength 1 edge matrix:
2019-04-23 10:41:25.474658: I tensorflow/core/common_runtime/gpu/gpu_device.cc:988]      0 
2019-04-23 10:41:25.474670: I tensorflow/core/common_runtime/gpu/gpu_device.cc:1001] 0:   N 
2019-04-23 10:41:25.474959: I tensorflow/core/common_runtime/gpu/gpu_device.cc:1115] Created TensorFlow device (/job:localhost/replica:0/task:0/device:GPU:0 with 10758 MB memory) -> physical GPU (device: 0, name: Tesla K80, pci bus id: 0000:88:00.0, compute capability: 3.7)
2019-04-23 10:41:27.238298: I tensorflow/core/common_runtime/gpu/gpu_device.cc:1511] Adding visible gpu devices: 0
2019-04-23 10:41:27.238366: I tensorflow/core/common_runtime/gpu/gpu_device.cc:982] Device interconnect StreamExecutor with strength 1 edge matrix:
2019-04-23 10:41:27.238380: I tensorflow/core/common_runtime/gpu/gpu_device.cc:988]      0 
2019-04-23 10:41:27.238388: I tensorflow/core/common_runtime/gpu/gpu_device.cc:1001] 0:   N 
2019-04-23 10:41:27.238549: I tensorflow/core/common_runtime/gpu/gpu_device.cc:1115] Created TensorFlow device (/job:localhost/replica:0/task:0/device:GPU:0 with 10758 MB memory) -> physical GPU (device: 0, name: Tesla K80, pci bus id: 0000:88:00.0, compute capability: 3.7)
INFO:artifice:initialized iterator, starting accumulation...
INFO:artifice:finished accumulation
DEBUG:artifice:transforming object 0...
DEBUG:artifice:transforming object 1...
DEBUG:artifice:tiled: (<tf.Tensor 'stack:0' shape=(4, 284, 284, 1) dtype=float32>, <tf.Tensor 'stack_1:0' shape=(4, 196, 196, 1) dtype=float32>)
INFO:artifice:Epoch 2/20
INFO:artifice:predicting round 0...
DEBUG:artifice:tiled: (<tf.Tensor 'stack:0' shape=(4, ?, ?, ?) dtype=float32>, <tf.Tensor 'stack_1:0' shape=(4, 196, 196, 1) dtype=float32>)
DEBUG:artifice:predict: {np.sum(np.isnan(out))} nan values
DEBUG:artifice:tiles: (1000, 196, 196, 1)
DEBUG:artifice:tiles: (1000, 196, 196, 1), num_tiles: 1, batch_size: 4
INFO:artifice:choose query: 0 / 1000
INFO:artifice:choose query: 50 / 1000
INFO:artifice:choose query: 100 / 1000
INFO:artifice:choose query: 150 / 1000
INFO:artifice:choose query: 200 / 1000
INFO:artifice:choose query: 250 / 1000
INFO:artifice:choose query: 300 / 1000
INFO:artifice:choose query: 350 / 1000
INFO:artifice:choose query: 400 / 1000
INFO:artifice:choose query: 450 / 1000
INFO:artifice:choose query: 500 / 1000
INFO:artifice:choose query: 550 / 1000
INFO:artifice:choose query: 600 / 1000
INFO:artifice:choose query: 650 / 1000
INFO:artifice:choose query: 700 / 1000
INFO:artifice:choose query: 750 / 1000
INFO:artifice:choose query: 800 / 1000
INFO:artifice:choose query: 850 / 1000
INFO:artifice:choose query: 900 / 1000
INFO:artifice:choose query: 950 / 1000
INFO:artifice:chose query [1189] with uncertainties [(1189, 52061588.0)]
INFO:artifice:querying [1189]...
2019-04-23 11:02:47.131650: I tensorflow/core/common_runtime/gpu/gpu_device.cc:1511] Adding visible gpu devices: 0
2019-04-23 11:02:47.131729: I tensorflow/core/common_runtime/gpu/gpu_device.cc:982] Device interconnect StreamExecutor with strength 1 edge matrix:
2019-04-23 11:02:47.131746: I tensorflow/core/common_runtime/gpu/gpu_device.cc:988]      0 
2019-04-23 11:02:47.131756: I tensorflow/core/common_runtime/gpu/gpu_device.cc:1001] 0:   N 
2019-04-23 11:02:47.132010: I tensorflow/core/common_runtime/gpu/gpu_device.cc:1115] Created TensorFlow device (/job:localhost/replica:0/task:0/device:GPU:0 with 10758 MB memory) -> physical GPU (device: 0, name: Tesla K80, pci bus id: 0000:88:00.0, compute capability: 3.7)
2019-04-23 11:02:48.964917: I tensorflow/core/common_runtime/gpu/gpu_device.cc:1511] Adding visible gpu devices: 0
2019-04-23 11:02:48.964983: I tensorflow/core/common_runtime/gpu/gpu_device.cc:982] Device interconnect StreamExecutor with strength 1 edge matrix:
2019-04-23 11:02:48.964996: I tensorflow/core/common_runtime/gpu/gpu_device.cc:988]      0 
2019-04-23 11:02:48.965005: I tensorflow/core/common_runtime/gpu/gpu_device.cc:1001] 0:   N 
2019-04-23 11:02:48.965159: I tensorflow/core/common_runtime/gpu/gpu_device.cc:1115] Created TensorFlow device (/job:localhost/replica:0/task:0/device:GPU:0 with 10758 MB memory) -> physical GPU (device: 0, name: Tesla K80, pci bus id: 0000:88:00.0, compute capability: 3.7)
INFO:artifice:initialized iterator, starting accumulation...
INFO:artifice:finished accumulation
DEBUG:artifice:transforming object 0...
DEBUG:artifice:transforming object 1...
DEBUG:artifice:tiled: (<tf.Tensor 'stack:0' shape=(4, 284, 284, 1) dtype=float32>, <tf.Tensor 'stack_1:0' shape=(4, 196, 196, 1) dtype=float32>)
INFO:artifice:Epoch 3/20
INFO:artifice:predicting round 0...
DEBUG:artifice:tiled: (<tf.Tensor 'stack:0' shape=(4, ?, ?, ?) dtype=float32>, <tf.Tensor 'stack_1:0' shape=(4, 196, 196, 1) dtype=float32>)
DEBUG:artifice:predict: {np.sum(np.isnan(out))} nan values
DEBUG:artifice:tiles: (1000, 196, 196, 1)
DEBUG:artifice:tiles: (1000, 196, 196, 1), num_tiles: 1, batch_size: 4
INFO:artifice:choose query: 0 / 1000
INFO:artifice:choose query: 50 / 1000
INFO:artifice:choose query: 100 / 1000
INFO:artifice:choose query: 150 / 1000
INFO:artifice:choose query: 200 / 1000
INFO:artifice:choose query: 250 / 1000
INFO:artifice:choose query: 300 / 1000
INFO:artifice:choose query: 350 / 1000
INFO:artifice:choose query: 400 / 1000
INFO:artifice:choose query: 450 / 1000
INFO:artifice:choose query: 500 / 1000
INFO:artifice:choose query: 550 / 1000
INFO:artifice:choose query: 600 / 1000
INFO:artifice:choose query: 650 / 1000
INFO:artifice:choose query: 700 / 1000
INFO:artifice:choose query: 750 / 1000
INFO:artifice:choose query: 800 / 1000
INFO:artifice:choose query: 850 / 1000
INFO:artifice:choose query: 900 / 1000
INFO:artifice:choose query: 950 / 1000
INFO:artifice:chose query [2759] with uncertainties [(2759, 52061588.0)]
INFO:artifice:querying [2759]...
2019-04-23 11:24:14.847471: I tensorflow/core/common_runtime/gpu/gpu_device.cc:1511] Adding visible gpu devices: 0
2019-04-23 11:24:14.847546: I tensorflow/core/common_runtime/gpu/gpu_device.cc:982] Device interconnect StreamExecutor with strength 1 edge matrix:
2019-04-23 11:24:14.847559: I tensorflow/core/common_runtime/gpu/gpu_device.cc:988]      0 
2019-04-23 11:24:14.847567: I tensorflow/core/common_runtime/gpu/gpu_device.cc:1001] 0:   N 
2019-04-23 11:24:14.847777: I tensorflow/core/common_runtime/gpu/gpu_device.cc:1115] Created TensorFlow device (/job:localhost/replica:0/task:0/device:GPU:0 with 10758 MB memory) -> physical GPU (device: 0, name: Tesla K80, pci bus id: 0000:88:00.0, compute capability: 3.7)
2019-04-23 11:24:17.116926: I tensorflow/core/common_runtime/gpu/gpu_device.cc:1511] Adding visible gpu devices: 0
2019-04-23 11:24:17.116994: I tensorflow/core/common_runtime/gpu/gpu_device.cc:982] Device interconnect StreamExecutor with strength 1 edge matrix:
2019-04-23 11:24:17.117007: I tensorflow/core/common_runtime/gpu/gpu_device.cc:988]      0 
2019-04-23 11:24:17.117016: I tensorflow/core/common_runtime/gpu/gpu_device.cc:1001] 0:   N 
2019-04-23 11:24:17.117175: I tensorflow/core/common_runtime/gpu/gpu_device.cc:1115] Created TensorFlow device (/job:localhost/replica:0/task:0/device:GPU:0 with 10758 MB memory) -> physical GPU (device: 0, name: Tesla K80, pci bus id: 0000:88:00.0, compute capability: 3.7)
INFO:artifice:initialized iterator, starting accumulation...
INFO:artifice:finished accumulation
DEBUG:artifice:transforming object 0...
DEBUG:artifice:transforming object 1...
DEBUG:artifice:tiled: (<tf.Tensor 'stack:0' shape=(4, 284, 284, 1) dtype=float32>, <tf.Tensor 'stack_1:0' shape=(4, 196, 196, 1) dtype=float32>)
INFO:artifice:Epoch 4/20
INFO:artifice:predicting round 0...
DEBUG:artifice:tiled: (<tf.Tensor 'stack:0' shape=(4, ?, ?, ?) dtype=float32>, <tf.Tensor 'stack_1:0' shape=(4, 196, 196, 1) dtype=float32>)
DEBUG:artifice:predict: {np.sum(np.isnan(out))} nan values
DEBUG:artifice:tiles: (1000, 196, 196, 1)
DEBUG:artifice:tiles: (1000, 196, 196, 1), num_tiles: 1, batch_size: 4
INFO:artifice:choose query: 0 / 1000
INFO:artifice:choose query: 50 / 1000
INFO:artifice:choose query: 100 / 1000
INFO:artifice:choose query: 150 / 1000
INFO:artifice:choose query: 200 / 1000
INFO:artifice:choose query: 250 / 1000
INFO:artifice:choose query: 300 / 1000
INFO:artifice:choose query: 350 / 1000
INFO:artifice:choose query: 400 / 1000
INFO:artifice:choose query: 450 / 1000
INFO:artifice:choose query: 500 / 1000
INFO:artifice:choose query: 550 / 1000
INFO:artifice:choose query: 600 / 1000
INFO:artifice:choose query: 650 / 1000
INFO:artifice:choose query: 700 / 1000
INFO:artifice:choose query: 750 / 1000
INFO:artifice:choose query: 800 / 1000
INFO:artifice:choose query: 850 / 1000
INFO:artifice:choose query: 900 / 1000
INFO:artifice:choose query: 950 / 1000
INFO:artifice:chose query [3025] with uncertainties [(3025, 52061588.0)]
INFO:artifice:querying [3025]...
2019-04-23 11:45:43.172095: I tensorflow/core/common_runtime/gpu/gpu_device.cc:1511] Adding visible gpu devices: 0
2019-04-23 11:45:43.172178: I tensorflow/core/common_runtime/gpu/gpu_device.cc:982] Device interconnect StreamExecutor with strength 1 edge matrix:
2019-04-23 11:45:43.172192: I tensorflow/core/common_runtime/gpu/gpu_device.cc:988]      0 
2019-04-23 11:45:43.172199: I tensorflow/core/common_runtime/gpu/gpu_device.cc:1001] 0:   N 
2019-04-23 11:45:43.172399: I tensorflow/core/common_runtime/gpu/gpu_device.cc:1115] Created TensorFlow device (/job:localhost/replica:0/task:0/device:GPU:0 with 10758 MB memory) -> physical GPU (device: 0, name: Tesla K80, pci bus id: 0000:88:00.0, compute capability: 3.7)
2019-04-23 11:45:45.440361: I tensorflow/core/common_runtime/gpu/gpu_device.cc:1511] Adding visible gpu devices: 0
2019-04-23 11:45:45.440426: I tensorflow/core/common_runtime/gpu/gpu_device.cc:982] Device interconnect StreamExecutor with strength 1 edge matrix:
2019-04-23 11:45:45.440439: I tensorflow/core/common_runtime/gpu/gpu_device.cc:988]      0 
2019-04-23 11:45:45.440447: I tensorflow/core/common_runtime/gpu/gpu_device.cc:1001] 0:   N 
2019-04-23 11:45:45.440597: I tensorflow/core/common_runtime/gpu/gpu_device.cc:1115] Created TensorFlow device (/job:localhost/replica:0/task:0/device:GPU:0 with 10758 MB memory) -> physical GPU (device: 0, name: Tesla K80, pci bus id: 0000:88:00.0, compute capability: 3.7)
INFO:artifice:initialized iterator, starting accumulation...
INFO:artifice:finished accumulation
DEBUG:artifice:transforming object 0...
DEBUG:artifice:transforming object 1...
DEBUG:artifice:tiled: (<tf.Tensor 'stack:0' shape=(4, 284, 284, 1) dtype=float32>, <tf.Tensor 'stack_1:0' shape=(4, 196, 196, 1) dtype=float32>)
INFO:artifice:Epoch 5/20
INFO:artifice:predicting round 0...
DEBUG:artifice:tiled: (<tf.Tensor 'stack:0' shape=(4, ?, ?, ?) dtype=float32>, <tf.Tensor 'stack_1:0' shape=(4, 196, 196, 1) dtype=float32>)
DEBUG:artifice:predict: {np.sum(np.isnan(out))} nan values
DEBUG:artifice:tiles: (1000, 196, 196, 1)
DEBUG:artifice:tiles: (1000, 196, 196, 1), num_tiles: 1, batch_size: 4
INFO:artifice:choose query: 0 / 1000
INFO:artifice:choose query: 50 / 1000
INFO:artifice:choose query: 100 / 1000
INFO:artifice:choose query: 150 / 1000
INFO:artifice:choose query: 200 / 1000
INFO:artifice:choose query: 250 / 1000
INFO:artifice:choose query: 300 / 1000
INFO:artifice:choose query: 350 / 1000
INFO:artifice:choose query: 400 / 1000
INFO:artifice:choose query: 450 / 1000
INFO:artifice:choose query: 500 / 1000
INFO:artifice:choose query: 550 / 1000
INFO:artifice:choose query: 600 / 1000
INFO:artifice:choose query: 650 / 1000
INFO:artifice:choose query: 700 / 1000
INFO:artifice:choose query: 750 / 1000
INFO:artifice:choose query: 800 / 1000
INFO:artifice:choose query: 850 / 1000
INFO:artifice:choose query: 900 / 1000
INFO:artifice:choose query: 950 / 1000
INFO:artifice:chose query [4855] with uncertainties [(4855, 52061580.0)]
INFO:artifice:querying [4855]...
2019-04-23 12:07:15.159971: I tensorflow/core/common_runtime/gpu/gpu_device.cc:1511] Adding visible gpu devices: 0
2019-04-23 12:07:15.160067: I tensorflow/core/common_runtime/gpu/gpu_device.cc:982] Device interconnect StreamExecutor with strength 1 edge matrix:
2019-04-23 12:07:15.160084: I tensorflow/core/common_runtime/gpu/gpu_device.cc:988]      0 
2019-04-23 12:07:15.160103: I tensorflow/core/common_runtime/gpu/gpu_device.cc:1001] 0:   N 
2019-04-23 12:07:15.160334: I tensorflow/core/common_runtime/gpu/gpu_device.cc:1115] Created TensorFlow device (/job:localhost/replica:0/task:0/device:GPU:0 with 10758 MB memory) -> physical GPU (device: 0, name: Tesla K80, pci bus id: 0000:88:00.0, compute capability: 3.7)
2019-04-23 12:07:17.215311: I tensorflow/core/common_runtime/gpu/gpu_device.cc:1511] Adding visible gpu devices: 0
2019-04-23 12:07:17.215395: I tensorflow/core/common_runtime/gpu/gpu_device.cc:982] Device interconnect StreamExecutor with strength 1 edge matrix:
2019-04-23 12:07:17.215408: I tensorflow/core/common_runtime/gpu/gpu_device.cc:988]      0 
2019-04-23 12:07:17.215416: I tensorflow/core/common_runtime/gpu/gpu_device.cc:1001] 0:   N 
2019-04-23 12:07:17.215579: I tensorflow/core/common_runtime/gpu/gpu_device.cc:1115] Created TensorFlow device (/job:localhost/replica:0/task:0/device:GPU:0 with 10758 MB memory) -> physical GPU (device: 0, name: Tesla K80, pci bus id: 0000:88:00.0, compute capability: 3.7)
INFO:artifice:initialized iterator, starting accumulation...
INFO:artifice:finished accumulation
DEBUG:artifice:transforming object 0...
DEBUG:artifice:transforming object 1...
DEBUG:artifice:tiled: (<tf.Tensor 'stack:0' shape=(4, 284, 284, 1) dtype=float32>, <tf.Tensor 'stack_1:0' shape=(4, 196, 196, 1) dtype=float32>)
INFO:artifice:Epoch 6/20
INFO:artifice:predicting round 0...
DEBUG:artifice:tiled: (<tf.Tensor 'stack:0' shape=(4, ?, ?, ?) dtype=float32>, <tf.Tensor 'stack_1:0' shape=(4, 196, 196, 1) dtype=float32>)
DEBUG:artifice:predict: {np.sum(np.isnan(out))} nan values
DEBUG:artifice:tiles: (1000, 196, 196, 1)
DEBUG:artifice:tiles: (1000, 196, 196, 1), num_tiles: 1, batch_size: 4
INFO:artifice:choose query: 0 / 1000
INFO:artifice:choose query: 50 / 1000
INFO:artifice:choose query: 100 / 1000
INFO:artifice:choose query: 150 / 1000
INFO:artifice:choose query: 200 / 1000
INFO:artifice:choose query: 250 / 1000
INFO:artifice:choose query: 300 / 1000
INFO:artifice:choose query: 350 / 1000
INFO:artifice:choose query: 400 / 1000
INFO:artifice:choose query: 450 / 1000
INFO:artifice:choose query: 500 / 1000
INFO:artifice:choose query: 550 / 1000
INFO:artifice:choose query: 600 / 1000
INFO:artifice:choose query: 650 / 1000
INFO:artifice:choose query: 700 / 1000
INFO:artifice:choose query: 750 / 1000
INFO:artifice:choose query: 800 / 1000
INFO:artifice:choose query: 850 / 1000
INFO:artifice:choose query: 900 / 1000
INFO:artifice:choose query: 950 / 1000
INFO:artifice:chose query [5159] with uncertainties [(5159, 52061556.0)]
INFO:artifice:querying [5159]...
2019-04-23 12:28:47.019563: I tensorflow/core/common_runtime/gpu/gpu_device.cc:1511] Adding visible gpu devices: 0
2019-04-23 12:28:47.019632: I tensorflow/core/common_runtime/gpu/gpu_device.cc:982] Device interconnect StreamExecutor with strength 1 edge matrix:
2019-04-23 12:28:47.019646: I tensorflow/core/common_runtime/gpu/gpu_device.cc:988]      0 
2019-04-23 12:28:47.019654: I tensorflow/core/common_runtime/gpu/gpu_device.cc:1001] 0:   N 
2019-04-23 12:28:47.019873: I tensorflow/core/common_runtime/gpu/gpu_device.cc:1115] Created TensorFlow device (/job:localhost/replica:0/task:0/device:GPU:0 with 10758 MB memory) -> physical GPU (device: 0, name: Tesla K80, pci bus id: 0000:88:00.0, compute capability: 3.7)
2019-04-23 12:28:52.379641: I tensorflow/core/common_runtime/gpu/gpu_device.cc:1511] Adding visible gpu devices: 0
2019-04-23 12:28:52.379703: I tensorflow/core/common_runtime/gpu/gpu_device.cc:982] Device interconnect StreamExecutor with strength 1 edge matrix:
2019-04-23 12:28:52.379716: I tensorflow/core/common_runtime/gpu/gpu_device.cc:988]      0 
2019-04-23 12:28:52.379724: I tensorflow/core/common_runtime/gpu/gpu_device.cc:1001] 0:   N 
2019-04-23 12:28:52.379876: I tensorflow/core/common_runtime/gpu/gpu_device.cc:1115] Created TensorFlow device (/job:localhost/replica:0/task:0/device:GPU:0 with 10758 MB memory) -> physical GPU (device: 0, name: Tesla K80, pci bus id: 0000:88:00.0, compute capability: 3.7)
INFO:artifice:initialized iterator, starting accumulation...
INFO:artifice:finished accumulation
DEBUG:artifice:transforming object 0...
DEBUG:artifice:transforming object 1...
DEBUG:artifice:tiled: (<tf.Tensor 'stack:0' shape=(4, 284, 284, 1) dtype=float32>, <tf.Tensor 'stack_1:0' shape=(4, 196, 196, 1) dtype=float32>)
INFO:artifice:Epoch 7/20
INFO:artifice:predicting round 0...
DEBUG:artifice:tiled: (<tf.Tensor 'stack:0' shape=(4, ?, ?, ?) dtype=float32>, <tf.Tensor 'stack_1:0' shape=(4, 196, 196, 1) dtype=float32>)
DEBUG:artifice:predict: {np.sum(np.isnan(out))} nan values
DEBUG:artifice:tiles: (1000, 196, 196, 1)
DEBUG:artifice:tiles: (1000, 196, 196, 1), num_tiles: 1, batch_size: 4
INFO:artifice:choose query: 0 / 1000
INFO:artifice:choose query: 50 / 1000
INFO:artifice:choose query: 100 / 1000
INFO:artifice:choose query: 150 / 1000
INFO:artifice:choose query: 200 / 1000
INFO:artifice:choose query: 250 / 1000
INFO:artifice:choose query: 300 / 1000
INFO:artifice:choose query: 350 / 1000
INFO:artifice:choose query: 400 / 1000
INFO:artifice:choose query: 450 / 1000
INFO:artifice:choose query: 500 / 1000
INFO:artifice:choose query: 550 / 1000
INFO:artifice:choose query: 600 / 1000
INFO:artifice:choose query: 650 / 1000
INFO:artifice:choose query: 700 / 1000
INFO:artifice:choose query: 750 / 1000
INFO:artifice:choose query: 800 / 1000
INFO:artifice:choose query: 850 / 1000
INFO:artifice:choose query: 900 / 1000
INFO:artifice:choose query: 950 / 1000
INFO:artifice:chose query [6474] with uncertainties [(6474, 52061530.0)]
INFO:artifice:querying [6474]...
2019-04-23 12:50:26.291027: I tensorflow/core/common_runtime/gpu/gpu_device.cc:1511] Adding visible gpu devices: 0
2019-04-23 12:50:26.291111: I tensorflow/core/common_runtime/gpu/gpu_device.cc:982] Device interconnect StreamExecutor with strength 1 edge matrix:
2019-04-23 12:50:26.291125: I tensorflow/core/common_runtime/gpu/gpu_device.cc:988]      0 
2019-04-23 12:50:26.291133: I tensorflow/core/common_runtime/gpu/gpu_device.cc:1001] 0:   N 
2019-04-23 12:50:26.291350: I tensorflow/core/common_runtime/gpu/gpu_device.cc:1115] Created TensorFlow device (/job:localhost/replica:0/task:0/device:GPU:0 with 10758 MB memory) -> physical GPU (device: 0, name: Tesla K80, pci bus id: 0000:88:00.0, compute capability: 3.7)
2019-04-23 12:50:28.866537: I tensorflow/core/common_runtime/gpu/gpu_device.cc:1511] Adding visible gpu devices: 0
2019-04-23 12:50:28.866609: I tensorflow/core/common_runtime/gpu/gpu_device.cc:982] Device interconnect StreamExecutor with strength 1 edge matrix:
2019-04-23 12:50:28.866623: I tensorflow/core/common_runtime/gpu/gpu_device.cc:988]      0 
2019-04-23 12:50:28.866631: I tensorflow/core/common_runtime/gpu/gpu_device.cc:1001] 0:   N 
2019-04-23 12:50:28.866793: I tensorflow/core/common_runtime/gpu/gpu_device.cc:1115] Created TensorFlow device (/job:localhost/replica:0/task:0/device:GPU:0 with 10758 MB memory) -> physical GPU (device: 0, name: Tesla K80, pci bus id: 0000:88:00.0, compute capability: 3.7)
INFO:artifice:initialized iterator, starting accumulation...
INFO:artifice:finished accumulation
DEBUG:artifice:transforming object 0...
DEBUG:artifice:transforming object 1...
DEBUG:artifice:tiled: (<tf.Tensor 'stack:0' shape=(4, 284, 284, 1) dtype=float32>, <tf.Tensor 'stack_1:0' shape=(4, 196, 196, 1) dtype=float32>)
INFO:artifice:Epoch 8/20
INFO:artifice:predicting round 0...
DEBUG:artifice:tiled: (<tf.Tensor 'stack:0' shape=(4, ?, ?, ?) dtype=float32>, <tf.Tensor 'stack_1:0' shape=(4, 196, 196, 1) dtype=float32>)
DEBUG:artifice:predict: {np.sum(np.isnan(out))} nan values
DEBUG:artifice:tiles: (1000, 196, 196, 1)
DEBUG:artifice:tiles: (1000, 196, 196, 1), num_tiles: 1, batch_size: 4
INFO:artifice:choose query: 0 / 1000
INFO:artifice:choose query: 50 / 1000
INFO:artifice:choose query: 100 / 1000
INFO:artifice:choose query: 150 / 1000
INFO:artifice:choose query: 200 / 1000
INFO:artifice:choose query: 250 / 1000
INFO:artifice:choose query: 300 / 1000
INFO:artifice:choose query: 350 / 1000
INFO:artifice:choose query: 400 / 1000
INFO:artifice:choose query: 450 / 1000
INFO:artifice:choose query: 500 / 1000
INFO:artifice:choose query: 550 / 1000
INFO:artifice:choose query: 600 / 1000
INFO:artifice:choose query: 650 / 1000
INFO:artifice:choose query: 700 / 1000
INFO:artifice:choose query: 750 / 1000
INFO:artifice:choose query: 800 / 1000
INFO:artifice:choose query: 850 / 1000
INFO:artifice:choose query: 900 / 1000
INFO:artifice:choose query: 950 / 1000
INFO:artifice:chose query [7413] with uncertainties [(7413, 52061524.0)]
INFO:artifice:querying [7413]...
2019-04-23 13:12:02.419122: I tensorflow/core/common_runtime/gpu/gpu_device.cc:1511] Adding visible gpu devices: 0
2019-04-23 13:12:02.419189: I tensorflow/core/common_runtime/gpu/gpu_device.cc:982] Device interconnect StreamExecutor with strength 1 edge matrix:
2019-04-23 13:12:02.419203: I tensorflow/core/common_runtime/gpu/gpu_device.cc:988]      0 
2019-04-23 13:12:02.419211: I tensorflow/core/common_runtime/gpu/gpu_device.cc:1001] 0:   N 
2019-04-23 13:12:02.419428: I tensorflow/core/common_runtime/gpu/gpu_device.cc:1115] Created TensorFlow device (/job:localhost/replica:0/task:0/device:GPU:0 with 10758 MB memory) -> physical GPU (device: 0, name: Tesla K80, pci bus id: 0000:88:00.0, compute capability: 3.7)
2019-04-23 13:12:05.034270: I tensorflow/core/common_runtime/gpu/gpu_device.cc:1511] Adding visible gpu devices: 0
2019-04-23 13:12:05.034335: I tensorflow/core/common_runtime/gpu/gpu_device.cc:982] Device interconnect StreamExecutor with strength 1 edge matrix:
2019-04-23 13:12:05.034349: I tensorflow/core/common_runtime/gpu/gpu_device.cc:988]      0 
2019-04-23 13:12:05.034357: I tensorflow/core/common_runtime/gpu/gpu_device.cc:1001] 0:   N 
2019-04-23 13:12:05.034507: I tensorflow/core/common_runtime/gpu/gpu_device.cc:1115] Created TensorFlow device (/job:localhost/replica:0/task:0/device:GPU:0 with 10758 MB memory) -> physical GPU (device: 0, name: Tesla K80, pci bus id: 0000:88:00.0, compute capability: 3.7)
INFO:artifice:initialized iterator, starting accumulation...
INFO:artifice:finished accumulation
DEBUG:artifice:transforming object 0...
DEBUG:artifice:transforming object 1...
DEBUG:artifice:tiled: (<tf.Tensor 'stack:0' shape=(4, 284, 284, 1) dtype=float32>, <tf.Tensor 'stack_1:0' shape=(4, 196, 196, 1) dtype=float32>)
INFO:artifice:Epoch 9/20
INFO:artifice:predicting round 0...
DEBUG:artifice:tiled: (<tf.Tensor 'stack:0' shape=(4, ?, ?, ?) dtype=float32>, <tf.Tensor 'stack_1:0' shape=(4, 196, 196, 1) dtype=float32>)
DEBUG:artifice:predict: {np.sum(np.isnan(out))} nan values
DEBUG:artifice:tiles: (1000, 196, 196, 1)
DEBUG:artifice:tiles: (1000, 196, 196, 1), num_tiles: 1, batch_size: 4
INFO:artifice:choose query: 0 / 1000
INFO:artifice:choose query: 50 / 1000
INFO:artifice:choose query: 100 / 1000
INFO:artifice:choose query: 150 / 1000
INFO:artifice:choose query: 200 / 1000
INFO:artifice:choose query: 250 / 1000
INFO:artifice:choose query: 300 / 1000
INFO:artifice:choose query: 350 / 1000
INFO:artifice:choose query: 400 / 1000
INFO:artifice:choose query: 450 / 1000
INFO:artifice:choose query: 500 / 1000
INFO:artifice:choose query: 550 / 1000
INFO:artifice:choose query: 600 / 1000
INFO:artifice:choose query: 650 / 1000
INFO:artifice:choose query: 700 / 1000
INFO:artifice:choose query: 750 / 1000
INFO:artifice:choose query: 800 / 1000
INFO:artifice:choose query: 850 / 1000
INFO:artifice:choose query: 900 / 1000
INFO:artifice:choose query: 950 / 1000
INFO:artifice:chose query [8220] with uncertainties [(8220, 52061510.0)]
INFO:artifice:querying [8220]...
2019-04-23 13:33:40.687980: I tensorflow/core/common_runtime/gpu/gpu_device.cc:1511] Adding visible gpu devices: 0
2019-04-23 13:33:40.688046: I tensorflow/core/common_runtime/gpu/gpu_device.cc:982] Device interconnect StreamExecutor with strength 1 edge matrix:
2019-04-23 13:33:40.688059: I tensorflow/core/common_runtime/gpu/gpu_device.cc:988]      0 
2019-04-23 13:33:40.688067: I tensorflow/core/common_runtime/gpu/gpu_device.cc:1001] 0:   N 
2019-04-23 13:33:40.688258: I tensorflow/core/common_runtime/gpu/gpu_device.cc:1115] Created TensorFlow device (/job:localhost/replica:0/task:0/device:GPU:0 with 10758 MB memory) -> physical GPU (device: 0, name: Tesla K80, pci bus id: 0000:88:00.0, compute capability: 3.7)
2019-04-23 13:33:43.286720: I tensorflow/core/common_runtime/gpu/gpu_device.cc:1511] Adding visible gpu devices: 0
2019-04-23 13:33:43.286812: I tensorflow/core/common_runtime/gpu/gpu_device.cc:982] Device interconnect StreamExecutor with strength 1 edge matrix:
2019-04-23 13:33:43.286827: I tensorflow/core/common_runtime/gpu/gpu_device.cc:988]      0 
2019-04-23 13:33:43.286835: I tensorflow/core/common_runtime/gpu/gpu_device.cc:1001] 0:   N 
2019-04-23 13:33:43.286975: I tensorflow/core/common_runtime/gpu/gpu_device.cc:1115] Created TensorFlow device (/job:localhost/replica:0/task:0/device:GPU:0 with 10758 MB memory) -> physical GPU (device: 0, name: Tesla K80, pci bus id: 0000:88:00.0, compute capability: 3.7)
INFO:artifice:initialized iterator, starting accumulation...
INFO:artifice:finished accumulation
DEBUG:artifice:transforming object 0...
DEBUG:artifice:transforming object 1...
DEBUG:artifice:tiled: (<tf.Tensor 'stack:0' shape=(4, 284, 284, 1) dtype=float32>, <tf.Tensor 'stack_1:0' shape=(4, 196, 196, 1) dtype=float32>)
DEBUG:artifice:transforming object 0...
DEBUG:artifice:transforming object 1...
DEBUG:artifice:tiled: (<tf.Tensor 'stack:0' shape=(4, 284, 284, 1) dtype=float32>, <tf.Tensor 'stack_1:0' shape=(4, 196, 196, 1) dtype=float32>)
